ARM GAS  C:\Users\Elis\AppData\Local\Temp\ccaTZuPh.s 			page 1


   1              		.syntax unified
   2              		.cpu cortex-m4
   3              		.fpu softvfp
   4              		.eabi_attribute 20, 1
   5              		.eabi_attribute 21, 1
   6              		.eabi_attribute 23, 3
   7              		.eabi_attribute 24, 1
   8              		.eabi_attribute 25, 1
   9              		.eabi_attribute 26, 1
  10              		.eabi_attribute 30, 2
  11              		.eabi_attribute 34, 1
  12              		.eabi_attribute 18, 4
  13              		.thumb
  14              		.file	"board.c"
  15              		.text
  16              	.Ltext0:
  17              		.cfi_sections	.debug_frame
  18              		.section	.text.__early_init,"ax",%progbits
  19              		.align	2
  20              		.p2align 4,,15
  21              		.global	__early_init
  22              		.thumb
  23              		.thumb_func
  24              		.type	__early_init, %function
  25              	__early_init:
  26              	.LFB118:
  27              		.file 1 "../../ugfx/boards/base/STM32F407/chibios_board/board.c"
  28              		.loc 1 54 0
  29              		.cfi_startproc
  30              		@ args = 0, pretend = 0, frame = 0
  31              		@ frame_needed = 0, uses_anonymous_args = 0
  32              		@ link register save eliminated.
  33              		.loc 1 57 0
  34              		.loc 1 56 0
  35 0000 FFF7FEBF 		b	stm32_clock_init
  36              	.LVL0:
  37              		.cfi_endproc
  38              	.LFE118:
  39              		.size	__early_init, .-__early_init
  40 0004 AFF30080 		.section	.text.sdc_lld_is_card_inserted,"ax",%progbits
  40      AFF30080 
  40      AFF30080 
  41              		.align	2
  42              		.p2align 4,,15
  43              		.global	sdc_lld_is_card_inserted
  44              		.thumb
  45              		.thumb_func
  46              		.type	sdc_lld_is_card_inserted, %function
  47              	sdc_lld_is_card_inserted:
  48              	.LFB119:
  49              		.loc 1 63 0
  50              		.cfi_startproc
  51              		@ args = 0, pretend = 0, frame = 0
  52              		@ frame_needed = 0, uses_anonymous_args = 0
  53              		@ link register save eliminated.
  54              	.LVL1:
  55              		.loc 1 68 0
ARM GAS  C:\Users\Elis\AppData\Local\Temp\ccaTZuPh.s 			page 2


  56 0000 0120     		movs	r0, #1
  57              	.LVL2:
  58 0002 7047     		bx	lr
  59              		.cfi_endproc
  60              	.LFE119:
  61              		.size	sdc_lld_is_card_inserted, .-sdc_lld_is_card_inserted
  62 0004 AFF30080 		.section	.text.sdc_lld_is_write_protected,"ax",%progbits
  62      AFF30080 
  62      AFF30080 
  63              		.align	2
  64              		.p2align 4,,15
  65              		.global	sdc_lld_is_write_protected
  66              		.thumb
  67              		.thumb_func
  68              		.type	sdc_lld_is_write_protected, %function
  69              	sdc_lld_is_write_protected:
  70              	.LFB120:
  71              		.loc 1 73 0
  72              		.cfi_startproc
  73              		@ args = 0, pretend = 0, frame = 0
  74              		@ frame_needed = 0, uses_anonymous_args = 0
  75              		@ link register save eliminated.
  76              	.LVL3:
  77              		.loc 1 78 0
  78 0000 0020     		movs	r0, #0
  79              	.LVL4:
  80 0002 7047     		bx	lr
  81              		.cfi_endproc
  82              	.LFE120:
  83              		.size	sdc_lld_is_write_protected, .-sdc_lld_is_write_protected
  84 0004 AFF30080 		.section	.text.boardInit,"ax",%progbits
  84      AFF30080 
  84      AFF30080 
  85              		.align	2
  86              		.p2align 4,,15
  87              		.global	boardInit
  88              		.thumb
  89              		.thumb_func
  90              		.type	boardInit, %function
  91              	boardInit:
  92              	.LFB121:
  93              		.loc 1 107 0
  94              		.cfi_startproc
  95              		@ args = 0, pretend = 0, frame = 0
  96              		@ frame_needed = 0, uses_anonymous_args = 0
  97              		@ link register save eliminated.
  98 0000 7047     		bx	lr
  99              		.cfi_endproc
 100              	.LFE121:
 101              		.size	boardInit, .-boardInit
 102              		.global	pal_default_config
 103 0002 00BFAFF3 		.section	.rodata.pal_default_config,"a",%progbits
 103      0080AFF3 
 103      0080AFF3 
 103      0080
 104              		.align	2
 105              		.type	pal_default_config, %object
ARM GAS  C:\Users\Elis\AppData\Local\Temp\ccaTZuPh.s 			page 3


 106              		.size	pal_default_config, 252
 107              	pal_default_config:
 108 0000 A0AAA02A 		.word	715172512
 109 0004 00000000 		.word	0
 110 0008 AFABFFFF 		.word	-21585
 111 000c 54000140 		.word	1073807444
 112 0010 FFFF0000 		.word	65535
 113 0014 00775655 		.word	1431729920
 114 0018 00AA0A00 		.word	698880
 115 001c 80200800 		.word	532608
 116 0020 40020000 		.word	576
 117 0024 FFFFFFFF 		.word	-1
 118 0028 15455155 		.word	1431389461
 119 002c FFFF0000 		.word	65535
 120 0030 00000004 		.word	67108864
 121 0034 40000000 		.word	64
 122 0038 0180AA02 		.word	44728321
 123 003c 00000000 		.word	0
 124 0040 FFFFFFFF 		.word	-1
 125 0044 54150054 		.word	1409291604
 126 0048 FFFF0000 		.word	65535
 127 004c 00000060 		.word	1610612736
 128 0050 CCCC0C00 		.word	838860
 129 0054 20010055 		.word	1426063648
 130 0058 00000000 		.word	0
 131 005c FFFFFFFF 		.word	-1
 132 0060 45505500 		.word	5591109
 133 0064 FF0F0000 		.word	4095
 134 0068 000C0000 		.word	3072
 135 006c 00000000 		.word	0
 136 0070 40000000 		.word	64
 137 0074 00000000 		.word	0
 138 0078 FFFFFFFF 		.word	-1
 139 007c 00000000 		.word	0
 140 0080 FFFF0000 		.word	65535
 141 0084 00000000 		.word	0
 142 0088 00000000 		.word	0
 143 008c 00000000 		.word	0
 144 0090 00000000 		.word	0
 145 0094 FFFFFFFF 		.word	-1
 146 0098 00000000 		.word	0
 147 009c FFFF0000 		.word	65535
 148 00a0 00000000 		.word	0
 149 00a4 00000000 		.word	0
 150 00a8 00000000 		.word	0
 151 00ac 00000000 		.word	0
 152 00b0 FFFFFFFF 		.word	-1
 153 00b4 00000000 		.word	0
 154 00b8 FFFF0000 		.word	65535
 155 00bc 00000000 		.word	0
 156 00c0 00000000 		.word	0
 157 00c4 00000000 		.word	0
 158 00c8 00000000 		.word	0
 159 00cc FFFFFFFF 		.word	-1
 160 00d0 00000000 		.word	0
 161 00d4 FFFF0000 		.word	65535
 162 00d8 00000000 		.word	0
ARM GAS  C:\Users\Elis\AppData\Local\Temp\ccaTZuPh.s 			page 4


 163 00dc 00000000 		.word	0
 164 00e0 00000000 		.word	0
 165 00e4 00000000 		.word	0
 166 00e8 FFFFFFFF 		.word	-1
 167 00ec 00000000 		.word	0
 168 00f0 FFFF0000 		.word	65535
 169 00f4 00000000 		.word	0
 170 00f8 00000000 		.word	0
 171              		.text
 172              	.Letext0:
 173              		.file 2 "c:\\chibistudio\\tools\\gnu tools arm embedded\\4.7 2014q2\\bin\\../lib/gcc/arm-none-eabi
 174              		.file 3 "../../chibios/os/ports/GCC/ARMCMx/chtypes.h"
 175              		.file 4 "../../chibios/os/kernel/include/chlists.h"
 176              		.file 5 "../../chibios/os/kernel/include/chthreads.h"
 177              		.file 6 "../../chibios/os/ports/GCC/ARMCMx/chcore_v7m.h"
 178              		.file 7 "../../chibios/os/kernel/include/chmtx.h"
 179              		.file 8 "../../chibios/os/hal/platforms/STM32F4xx/stm32f4xx.h"
 180              		.file 9 "../../chibios/os/hal/platforms/STM32F4xx/stm32_dma.h"
 181              		.file 10 "../../chibios/os/hal/include/io_block.h"
 182              		.file 11 "../../chibios/os/hal/platforms/STM32/GPIOv2/pal_lld.h"
 183              		.file 12 "../../chibios/os/hal/platforms/STM32/sdc_lld.h"
 184              		.file 13 "../../chibios/os/ports/common/ARMCMx/CMSIS/include/core_cm4.h"
 185              		.file 14 "../../chibios/os/hal/platforms/STM32F4xx/hal_lld.h"
 186              		.section	.debug_info,"",%progbits
 187              	.Ldebug_info0:
 188 0000 46090000 		.4byte	0x946
 189 0004 0200     		.2byte	0x2
 190 0006 00000000 		.4byte	.Ldebug_abbrev0
 191 000a 04       		.byte	0x4
 192 000b 01       		.uleb128 0x1
 193 000c D8020000 		.4byte	.LASF123
 194 0010 01       		.byte	0x1
 195 0011 92020000 		.4byte	.LASF124
 196 0015 EF000000 		.4byte	.LASF125
 197 0019 00000000 		.4byte	.Ldebug_ranges0+0
 198 001d 00000000 		.4byte	0
 199 0021 00000000 		.4byte	0
 200 0025 00000000 		.4byte	.Ldebug_line0
 201 0029 02       		.uleb128 0x2
 202 002a 04       		.byte	0x4
 203 002b 05       		.byte	0x5
 204 002c 696E7400 		.ascii	"int\000"
 205 0030 03       		.uleb128 0x3
 206 0031 04       		.byte	0x4
 207 0032 07       		.byte	0x7
 208 0033 C9010000 		.4byte	.LASF0
 209 0037 03       		.uleb128 0x3
 210 0038 01       		.byte	0x1
 211 0039 06       		.byte	0x6
 212 003a CC000000 		.4byte	.LASF1
 213 003e 04       		.uleb128 0x4
 214 003f F3040000 		.4byte	.LASF5
 215 0043 02       		.byte	0x2
 216 0044 2A       		.byte	0x2a
 217 0045 49000000 		.4byte	0x49
 218 0049 03       		.uleb128 0x3
 219 004a 01       		.byte	0x1
ARM GAS  C:\Users\Elis\AppData\Local\Temp\ccaTZuPh.s 			page 5


 220 004b 08       		.byte	0x8
 221 004c B0030000 		.4byte	.LASF2
 222 0050 03       		.uleb128 0x3
 223 0051 02       		.byte	0x2
 224 0052 05       		.byte	0x5
 225 0053 CD030000 		.4byte	.LASF3
 226 0057 03       		.uleb128 0x3
 227 0058 02       		.byte	0x2
 228 0059 07       		.byte	0x7
 229 005a 04020000 		.4byte	.LASF4
 230 005e 04       		.uleb128 0x4
 231 005f A8030000 		.4byte	.LASF6
 232 0063 02       		.byte	0x2
 233 0064 4F       		.byte	0x4f
 234 0065 69000000 		.4byte	0x69
 235 0069 03       		.uleb128 0x3
 236 006a 04       		.byte	0x4
 237 006b 05       		.byte	0x5
 238 006c 43010000 		.4byte	.LASF7
 239 0070 04       		.uleb128 0x4
 240 0071 36040000 		.4byte	.LASF8
 241 0075 02       		.byte	0x2
 242 0076 50       		.byte	0x50
 243 0077 7B000000 		.4byte	0x7b
 244 007b 03       		.uleb128 0x3
 245 007c 04       		.byte	0x4
 246 007d 07       		.byte	0x7
 247 007e 3F040000 		.4byte	.LASF9
 248 0082 03       		.uleb128 0x3
 249 0083 08       		.byte	0x8
 250 0084 05       		.byte	0x5
 251 0085 BE000000 		.4byte	.LASF10
 252 0089 03       		.uleb128 0x3
 253 008a 08       		.byte	0x8
 254 008b 07       		.byte	0x7
 255 008c 69000000 		.4byte	.LASF11
 256 0090 04       		.uleb128 0x4
 257 0091 E0000000 		.4byte	.LASF12
 258 0095 03       		.byte	0x3
 259 0096 2B       		.byte	0x2b
 260 0097 9B000000 		.4byte	0x9b
 261 009b 03       		.uleb128 0x3
 262 009c 01       		.byte	0x1
 263 009d 02       		.byte	0x2
 264 009e A2030000 		.4byte	.LASF13
 265 00a2 04       		.uleb128 0x4
 266 00a3 59020000 		.4byte	.LASF14
 267 00a7 03       		.byte	0x3
 268 00a8 2C       		.byte	0x2c
 269 00a9 3E000000 		.4byte	0x3e
 270 00ad 04       		.uleb128 0x4
 271 00ae 53010000 		.4byte	.LASF15
 272 00b2 03       		.byte	0x3
 273 00b3 2D       		.byte	0x2d
 274 00b4 3E000000 		.4byte	0x3e
 275 00b8 04       		.uleb128 0x4
 276 00b9 58030000 		.4byte	.LASF16
ARM GAS  C:\Users\Elis\AppData\Local\Temp\ccaTZuPh.s 			page 6


 277 00bd 03       		.byte	0x3
 278 00be 2E       		.byte	0x2e
 279 00bf 3E000000 		.4byte	0x3e
 280 00c3 04       		.uleb128 0x4
 281 00c4 28010000 		.4byte	.LASF17
 282 00c8 03       		.byte	0x3
 283 00c9 2F       		.byte	0x2f
 284 00ca 3E000000 		.4byte	0x3e
 285 00ce 04       		.uleb128 0x4
 286 00cf 93030000 		.4byte	.LASF18
 287 00d3 03       		.byte	0x3
 288 00d4 30       		.byte	0x30
 289 00d5 70000000 		.4byte	0x70
 290 00d9 04       		.uleb128 0x4
 291 00da 44020000 		.4byte	.LASF19
 292 00de 03       		.byte	0x3
 293 00df 31       		.byte	0x31
 294 00e0 5E000000 		.4byte	0x5e
 295 00e4 04       		.uleb128 0x4
 296 00e5 6D020000 		.4byte	.LASF20
 297 00e9 03       		.byte	0x3
 298 00ea 33       		.byte	0x33
 299 00eb 70000000 		.4byte	0x70
 300 00ef 04       		.uleb128 0x4
 301 00f0 80040000 		.4byte	.LASF21
 302 00f4 03       		.byte	0x3
 303 00f5 35       		.byte	0x35
 304 00f6 70000000 		.4byte	0x70
 305 00fa 04       		.uleb128 0x4
 306 00fb 8F010000 		.4byte	.LASF22
 307 00ff 04       		.byte	0x4
 308 0100 2A       		.byte	0x2a
 309 0101 05010000 		.4byte	0x105
 310 0105 05       		.uleb128 0x5
 311 0106 8F010000 		.4byte	.LASF22
 312 010a 48       		.byte	0x48
 313 010b 05       		.byte	0x5
 314 010c 5E       		.byte	0x5e
 315 010d 2A020000 		.4byte	0x22a
 316 0111 06       		.uleb128 0x6
 317 0112 03040000 		.4byte	.LASF23
 318 0116 05       		.byte	0x5
 319 0117 5F       		.byte	0x5f
 320 0118 4F020000 		.4byte	0x24f
 321 011c 02       		.byte	0x2
 322 011d 23       		.byte	0x23
 323 011e 00       		.uleb128 0
 324 011f 06       		.uleb128 0x6
 325 0120 79030000 		.4byte	.LASF24
 326 0124 05       		.byte	0x5
 327 0125 61       		.byte	0x61
 328 0126 4F020000 		.4byte	0x24f
 329 012a 02       		.byte	0x2
 330 012b 23       		.byte	0x23
 331 012c 04       		.uleb128 0x4
 332 012d 06       		.uleb128 0x6
 333 012e B7000000 		.4byte	.LASF25
ARM GAS  C:\Users\Elis\AppData\Local\Temp\ccaTZuPh.s 			page 7


 334 0132 05       		.byte	0x5
 335 0133 63       		.byte	0x63
 336 0134 CE000000 		.4byte	0xce
 337 0138 02       		.byte	0x2
 338 0139 23       		.byte	0x23
 339 013a 08       		.uleb128 0x8
 340 013b 06       		.uleb128 0x6
 341 013c 52050000 		.4byte	.LASF26
 342 0140 05       		.byte	0x5
 343 0141 64       		.byte	0x64
 344 0142 1D030000 		.4byte	0x31d
 345 0146 02       		.byte	0x2
 346 0147 23       		.byte	0x23
 347 0148 0C       		.uleb128 0xc
 348 0149 06       		.uleb128 0x6
 349 014a 65010000 		.4byte	.LASF27
 350 014e 05       		.byte	0x5
 351 014f 66       		.byte	0x66
 352 0150 4F020000 		.4byte	0x24f
 353 0154 02       		.byte	0x2
 354 0155 23       		.byte	0x23
 355 0156 10       		.uleb128 0x10
 356 0157 06       		.uleb128 0x6
 357 0158 21030000 		.4byte	.LASF28
 358 015c 05       		.byte	0x5
 359 015d 67       		.byte	0x67
 360 015e 4F020000 		.4byte	0x24f
 361 0162 02       		.byte	0x2
 362 0163 23       		.byte	0x23
 363 0164 14       		.uleb128 0x14
 364 0165 06       		.uleb128 0x6
 365 0166 0F050000 		.4byte	.LASF29
 366 016a 05       		.byte	0x5
 367 016b 6E       		.byte	0x6e
 368 016c CE030000 		.4byte	0x3ce
 369 0170 02       		.byte	0x2
 370 0171 23       		.byte	0x23
 371 0172 18       		.uleb128 0x18
 372 0173 06       		.uleb128 0x6
 373 0174 D7030000 		.4byte	.LASF30
 374 0178 05       		.byte	0x5
 375 0179 79       		.byte	0x79
 376 017a AD000000 		.4byte	0xad
 377 017e 02       		.byte	0x2
 378 017f 23       		.byte	0x23
 379 0180 1C       		.uleb128 0x1c
 380 0181 06       		.uleb128 0x6
 381 0182 C1010000 		.4byte	.LASF31
 382 0186 05       		.byte	0x5
 383 0187 7D       		.byte	0x7d
 384 0188 A2000000 		.4byte	0xa2
 385 018c 02       		.byte	0x2
 386 018d 23       		.byte	0x23
 387 018e 1D       		.uleb128 0x1d
 388 018f 06       		.uleb128 0x6
 389 0190 D8040000 		.4byte	.LASF32
 390 0194 05       		.byte	0x5
ARM GAS  C:\Users\Elis\AppData\Local\Temp\ccaTZuPh.s 			page 8


 391 0195 82       		.byte	0x82
 392 0196 B8000000 		.4byte	0xb8
 393 019a 02       		.byte	0x2
 394 019b 23       		.byte	0x23
 395 019c 1E       		.uleb128 0x1e
 396 019d 06       		.uleb128 0x6
 397 019e EB030000 		.4byte	.LASF33
 398 01a2 05       		.byte	0x5
 399 01a3 88       		.byte	0x88
 400 01a4 C3000000 		.4byte	0xc3
 401 01a8 02       		.byte	0x2
 402 01a9 23       		.byte	0x23
 403 01aa 1F       		.uleb128 0x1f
 404 01ab 06       		.uleb128 0x6
 405 01ac 28000000 		.4byte	.LASF34
 406 01b0 05       		.byte	0x5
 407 01b1 8F       		.byte	0x8f
 408 01b2 4C030000 		.4byte	0x34c
 409 01b6 02       		.byte	0x2
 410 01b7 23       		.byte	0x23
 411 01b8 20       		.uleb128 0x20
 412 01b9 07       		.uleb128 0x7
 413 01ba 705F7500 		.ascii	"p_u\000"
 414 01be 05       		.byte	0x5
 415 01bf B4       		.byte	0xb4
 416 01c0 99030000 		.4byte	0x399
 417 01c4 02       		.byte	0x2
 418 01c5 23       		.byte	0x23
 419 01c6 24       		.uleb128 0x24
 420 01c7 06       		.uleb128 0x6
 421 01c8 58050000 		.4byte	.LASF35
 422 01cc 05       		.byte	0x5
 423 01cd B9       		.byte	0xb9
 424 01ce 77020000 		.4byte	0x277
 425 01d2 02       		.byte	0x2
 426 01d3 23       		.byte	0x23
 427 01d4 28       		.uleb128 0x28
 428 01d5 06       		.uleb128 0x6
 429 01d6 DD010000 		.4byte	.LASF36
 430 01da 05       		.byte	0x5
 431 01db BF       		.byte	0xbf
 432 01dc 55020000 		.4byte	0x255
 433 01e0 02       		.byte	0x2
 434 01e1 23       		.byte	0x23
 435 01e2 2C       		.uleb128 0x2c
 436 01e3 06       		.uleb128 0x6
 437 01e4 1D050000 		.4byte	.LASF37
 438 01e8 05       		.byte	0x5
 439 01e9 C3       		.byte	0xc3
 440 01ea D9000000 		.4byte	0xd9
 441 01ee 02       		.byte	0x2
 442 01ef 23       		.byte	0x23
 443 01f0 34       		.uleb128 0x34
 444 01f1 06       		.uleb128 0x6
 445 01f2 26040000 		.4byte	.LASF38
 446 01f6 05       		.byte	0x5
 447 01f7 C9       		.byte	0xc9
ARM GAS  C:\Users\Elis\AppData\Local\Temp\ccaTZuPh.s 			page 9


 448 01f8 E4000000 		.4byte	0xe4
 449 01fc 02       		.byte	0x2
 450 01fd 23       		.byte	0x23
 451 01fe 38       		.uleb128 0x38
 452 01ff 06       		.uleb128 0x6
 453 0200 C3030000 		.4byte	.LASF39
 454 0204 05       		.byte	0x5
 455 0205 D0       		.byte	0xd0
 456 0206 E0030000 		.4byte	0x3e0
 457 020a 02       		.byte	0x2
 458 020b 23       		.byte	0x23
 459 020c 3C       		.uleb128 0x3c
 460 020d 06       		.uleb128 0x6
 461 020e 8A040000 		.4byte	.LASF40
 462 0212 05       		.byte	0x5
 463 0213 D4       		.byte	0xd4
 464 0214 CE000000 		.4byte	0xce
 465 0218 02       		.byte	0x2
 466 0219 23       		.byte	0x23
 467 021a 40       		.uleb128 0x40
 468 021b 06       		.uleb128 0x6
 469 021c D8000000 		.4byte	.LASF41
 470 0220 05       		.byte	0x5
 471 0221 DA       		.byte	0xda
 472 0222 8D020000 		.4byte	0x28d
 473 0226 02       		.byte	0x2
 474 0227 23       		.byte	0x23
 475 0228 44       		.uleb128 0x44
 476 0229 00       		.byte	0
 477 022a 08       		.uleb128 0x8
 478 022b 08       		.byte	0x8
 479 022c 04       		.byte	0x4
 480 022d 61       		.byte	0x61
 481 022e 4F020000 		.4byte	0x24f
 482 0232 06       		.uleb128 0x6
 483 0233 03040000 		.4byte	.LASF23
 484 0237 04       		.byte	0x4
 485 0238 62       		.byte	0x62
 486 0239 4F020000 		.4byte	0x24f
 487 023d 02       		.byte	0x2
 488 023e 23       		.byte	0x23
 489 023f 00       		.uleb128 0
 490 0240 06       		.uleb128 0x6
 491 0241 79030000 		.4byte	.LASF24
 492 0245 04       		.byte	0x4
 493 0246 64       		.byte	0x64
 494 0247 4F020000 		.4byte	0x24f
 495 024b 02       		.byte	0x2
 496 024c 23       		.byte	0x23
 497 024d 04       		.uleb128 0x4
 498 024e 00       		.byte	0
 499 024f 09       		.uleb128 0x9
 500 0250 04       		.byte	0x4
 501 0251 FA000000 		.4byte	0xfa
 502 0255 04       		.uleb128 0x4
 503 0256 3F030000 		.4byte	.LASF42
 504 025a 04       		.byte	0x4
ARM GAS  C:\Users\Elis\AppData\Local\Temp\ccaTZuPh.s 			page 10


 505 025b 66       		.byte	0x66
 506 025c 2A020000 		.4byte	0x22a
 507 0260 08       		.uleb128 0x8
 508 0261 04       		.byte	0x4
 509 0262 04       		.byte	0x4
 510 0263 6B       		.byte	0x6b
 511 0264 77020000 		.4byte	0x277
 512 0268 06       		.uleb128 0x6
 513 0269 03040000 		.4byte	.LASF23
 514 026d 04       		.byte	0x4
 515 026e 6D       		.byte	0x6d
 516 026f 4F020000 		.4byte	0x24f
 517 0273 02       		.byte	0x2
 518 0274 23       		.byte	0x23
 519 0275 00       		.uleb128 0
 520 0276 00       		.byte	0
 521 0277 04       		.uleb128 0x4
 522 0278 61020000 		.4byte	.LASF43
 523 027c 04       		.byte	0x4
 524 027d 70       		.byte	0x70
 525 027e 60020000 		.4byte	0x260
 526 0282 04       		.uleb128 0x4
 527 0283 76010000 		.4byte	.LASF44
 528 0287 06       		.byte	0x6
 529 0288 E5       		.byte	0xe5
 530 0289 8D020000 		.4byte	0x28d
 531 028d 0A       		.uleb128 0xa
 532 028e 04       		.byte	0x4
 533 028f 0B       		.uleb128 0xb
 534 0290 C0040000 		.4byte	.LASF45
 535 0294 24       		.byte	0x24
 536 0295 06       		.byte	0x6
 537 0296 0C01     		.2byte	0x10c
 538 0298 1D030000 		.4byte	0x31d
 539 029c 0C       		.uleb128 0xc
 540 029d 723400   		.ascii	"r4\000"
 541 02a0 06       		.byte	0x6
 542 02a1 1F01     		.2byte	0x11f
 543 02a3 82020000 		.4byte	0x282
 544 02a7 02       		.byte	0x2
 545 02a8 23       		.byte	0x23
 546 02a9 00       		.uleb128 0
 547 02aa 0C       		.uleb128 0xc
 548 02ab 723500   		.ascii	"r5\000"
 549 02ae 06       		.byte	0x6
 550 02af 2001     		.2byte	0x120
 551 02b1 82020000 		.4byte	0x282
 552 02b5 02       		.byte	0x2
 553 02b6 23       		.byte	0x23
 554 02b7 04       		.uleb128 0x4
 555 02b8 0C       		.uleb128 0xc
 556 02b9 723600   		.ascii	"r6\000"
 557 02bc 06       		.byte	0x6
 558 02bd 2101     		.2byte	0x121
 559 02bf 82020000 		.4byte	0x282
 560 02c3 02       		.byte	0x2
 561 02c4 23       		.byte	0x23
ARM GAS  C:\Users\Elis\AppData\Local\Temp\ccaTZuPh.s 			page 11


 562 02c5 08       		.uleb128 0x8
 563 02c6 0C       		.uleb128 0xc
 564 02c7 723700   		.ascii	"r7\000"
 565 02ca 06       		.byte	0x6
 566 02cb 2201     		.2byte	0x122
 567 02cd 82020000 		.4byte	0x282
 568 02d1 02       		.byte	0x2
 569 02d2 23       		.byte	0x23
 570 02d3 0C       		.uleb128 0xc
 571 02d4 0C       		.uleb128 0xc
 572 02d5 723800   		.ascii	"r8\000"
 573 02d8 06       		.byte	0x6
 574 02d9 2301     		.2byte	0x123
 575 02db 82020000 		.4byte	0x282
 576 02df 02       		.byte	0x2
 577 02e0 23       		.byte	0x23
 578 02e1 10       		.uleb128 0x10
 579 02e2 0C       		.uleb128 0xc
 580 02e3 723900   		.ascii	"r9\000"
 581 02e6 06       		.byte	0x6
 582 02e7 2401     		.2byte	0x124
 583 02e9 82020000 		.4byte	0x282
 584 02ed 02       		.byte	0x2
 585 02ee 23       		.byte	0x23
 586 02ef 14       		.uleb128 0x14
 587 02f0 0C       		.uleb128 0xc
 588 02f1 72313000 		.ascii	"r10\000"
 589 02f5 06       		.byte	0x6
 590 02f6 2501     		.2byte	0x125
 591 02f8 82020000 		.4byte	0x282
 592 02fc 02       		.byte	0x2
 593 02fd 23       		.byte	0x23
 594 02fe 18       		.uleb128 0x18
 595 02ff 0C       		.uleb128 0xc
 596 0300 72313100 		.ascii	"r11\000"
 597 0304 06       		.byte	0x6
 598 0305 2601     		.2byte	0x126
 599 0307 82020000 		.4byte	0x282
 600 030b 02       		.byte	0x2
 601 030c 23       		.byte	0x23
 602 030d 1C       		.uleb128 0x1c
 603 030e 0C       		.uleb128 0xc
 604 030f 6C7200   		.ascii	"lr\000"
 605 0312 06       		.byte	0x6
 606 0313 2701     		.2byte	0x127
 607 0315 82020000 		.4byte	0x282
 608 0319 02       		.byte	0x2
 609 031a 23       		.byte	0x23
 610 031b 20       		.uleb128 0x20
 611 031c 00       		.byte	0
 612 031d 0B       		.uleb128 0xb
 613 031e AD040000 		.4byte	.LASF46
 614 0322 04       		.byte	0x4
 615 0323 06       		.byte	0x6
 616 0324 3101     		.2byte	0x131
 617 0326 3A030000 		.4byte	0x33a
 618 032a 0C       		.uleb128 0xc
ARM GAS  C:\Users\Elis\AppData\Local\Temp\ccaTZuPh.s 			page 12


 619 032b 72313300 		.ascii	"r13\000"
 620 032f 06       		.byte	0x6
 621 0330 3201     		.2byte	0x132
 622 0332 3A030000 		.4byte	0x33a
 623 0336 02       		.byte	0x2
 624 0337 23       		.byte	0x23
 625 0338 00       		.uleb128 0
 626 0339 00       		.byte	0
 627 033a 09       		.uleb128 0x9
 628 033b 04       		.byte	0x4
 629 033c 8F020000 		.4byte	0x28f
 630 0340 0D       		.uleb128 0xd
 631 0341 70000000 		.4byte	0x70
 632 0345 03       		.uleb128 0x3
 633 0346 04       		.byte	0x4
 634 0347 07       		.byte	0x7
 635 0348 C9020000 		.4byte	.LASF47
 636 034c 0D       		.uleb128 0xd
 637 034d EF000000 		.4byte	0xef
 638 0351 05       		.uleb128 0x5
 639 0352 D2020000 		.4byte	.LASF48
 640 0356 10       		.byte	0x10
 641 0357 07       		.byte	0x7
 642 0358 2C       		.byte	0x2c
 643 0359 88030000 		.4byte	0x388
 644 035d 06       		.uleb128 0x6
 645 035e E7000000 		.4byte	.LASF49
 646 0362 07       		.byte	0x7
 647 0363 2D       		.byte	0x2d
 648 0364 55020000 		.4byte	0x255
 649 0368 02       		.byte	0x2
 650 0369 23       		.byte	0x23
 651 036a 00       		.uleb128 0
 652 036b 06       		.uleb128 0x6
 653 036c 2D050000 		.4byte	.LASF50
 654 0370 07       		.byte	0x7
 655 0371 2F       		.byte	0x2f
 656 0372 4F020000 		.4byte	0x24f
 657 0376 02       		.byte	0x2
 658 0377 23       		.byte	0x23
 659 0378 08       		.uleb128 0x8
 660 0379 06       		.uleb128 0x6
 661 037a 79040000 		.4byte	.LASF51
 662 037e 07       		.byte	0x7
 663 037f 31       		.byte	0x31
 664 0380 88030000 		.4byte	0x388
 665 0384 02       		.byte	0x2
 666 0385 23       		.byte	0x23
 667 0386 0C       		.uleb128 0xc
 668 0387 00       		.byte	0
 669 0388 09       		.uleb128 0x9
 670 0389 04       		.byte	0x4
 671 038a 51030000 		.4byte	0x351
 672 038e 04       		.uleb128 0x4
 673 038f D2020000 		.4byte	.LASF48
 674 0393 07       		.byte	0x7
 675 0394 33       		.byte	0x33
ARM GAS  C:\Users\Elis\AppData\Local\Temp\ccaTZuPh.s 			page 13


 676 0395 51030000 		.4byte	0x351
 677 0399 0E       		.uleb128 0xe
 678 039a 04       		.byte	0x4
 679 039b 05       		.byte	0x5
 680 039c 96       		.byte	0x96
 681 039d CE030000 		.4byte	0x3ce
 682 03a1 0F       		.uleb128 0xf
 683 03a2 37000000 		.4byte	.LASF52
 684 03a6 05       		.byte	0x5
 685 03a7 9D       		.byte	0x9d
 686 03a8 D9000000 		.4byte	0xd9
 687 03ac 0F       		.uleb128 0xf
 688 03ad 86000000 		.4byte	.LASF53
 689 03b1 05       		.byte	0x5
 690 03b2 A4       		.byte	0xa4
 691 03b3 D9000000 		.4byte	0xd9
 692 03b7 0F       		.uleb128 0xf
 693 03b8 08050000 		.4byte	.LASF54
 694 03bc 05       		.byte	0x5
 695 03bd AB       		.byte	0xab
 696 03be 8D020000 		.4byte	0x28d
 697 03c2 0F       		.uleb128 0xf
 698 03c3 FC030000 		.4byte	.LASF55
 699 03c7 05       		.byte	0x5
 700 03c8 B2       		.byte	0xb2
 701 03c9 E4000000 		.4byte	0xe4
 702 03cd 00       		.byte	0
 703 03ce 09       		.uleb128 0x9
 704 03cf 04       		.byte	0x4
 705 03d0 D4030000 		.4byte	0x3d4
 706 03d4 10       		.uleb128 0x10
 707 03d5 D9030000 		.4byte	0x3d9
 708 03d9 03       		.uleb128 0x3
 709 03da 01       		.byte	0x1
 710 03db 08       		.byte	0x8
 711 03dc 56040000 		.4byte	.LASF56
 712 03e0 09       		.uleb128 0x9
 713 03e1 04       		.byte	0x4
 714 03e2 8E030000 		.4byte	0x38e
 715 03e6 09       		.uleb128 0x9
 716 03e7 04       		.byte	0x4
 717 03e8 3E000000 		.4byte	0x3e
 718 03ec 09       		.uleb128 0x9
 719 03ed 04       		.byte	0x4
 720 03ee F2030000 		.4byte	0x3f2
 721 03f2 10       		.uleb128 0x10
 722 03f3 3E000000 		.4byte	0x3e
 723 03f7 11       		.uleb128 0x11
 724 03f8 70000000 		.4byte	0x70
 725 03fc 07040000 		.4byte	0x407
 726 0400 12       		.uleb128 0x12
 727 0401 45030000 		.4byte	0x345
 728 0405 03       		.byte	0x3
 729 0406 00       		.byte	0
 730 0407 0D       		.uleb128 0xd
 731 0408 5E000000 		.4byte	0x5e
 732 040c 13       		.uleb128 0x13
ARM GAS  C:\Users\Elis\AppData\Local\Temp\ccaTZuPh.s 			page 14


 733 040d 18       		.byte	0x18
 734 040e 08       		.byte	0x8
 735 040f B102     		.2byte	0x2b1
 736 0411 6F040000 		.4byte	0x46f
 737 0415 0C       		.uleb128 0xc
 738 0416 435200   		.ascii	"CR\000"
 739 0419 08       		.byte	0x8
 740 041a B302     		.2byte	0x2b3
 741 041c 40030000 		.4byte	0x340
 742 0420 02       		.byte	0x2
 743 0421 23       		.byte	0x23
 744 0422 00       		.uleb128 0
 745 0423 14       		.uleb128 0x14
 746 0424 95040000 		.4byte	.LASF57
 747 0428 08       		.byte	0x8
 748 0429 B402     		.2byte	0x2b4
 749 042b 40030000 		.4byte	0x340
 750 042f 02       		.byte	0x2
 751 0430 23       		.byte	0x23
 752 0431 04       		.uleb128 0x4
 753 0432 0C       		.uleb128 0xc
 754 0433 50415200 		.ascii	"PAR\000"
 755 0437 08       		.byte	0x8
 756 0438 B502     		.2byte	0x2b5
 757 043a 40030000 		.4byte	0x340
 758 043e 02       		.byte	0x2
 759 043f 23       		.byte	0x23
 760 0440 08       		.uleb128 0x8
 761 0441 14       		.uleb128 0x14
 762 0442 23000000 		.4byte	.LASF58
 763 0446 08       		.byte	0x8
 764 0447 B602     		.2byte	0x2b6
 765 0449 40030000 		.4byte	0x340
 766 044d 02       		.byte	0x2
 767 044e 23       		.byte	0x23
 768 044f 0C       		.uleb128 0xc
 769 0450 14       		.uleb128 0x14
 770 0451 D3040000 		.4byte	.LASF59
 771 0455 08       		.byte	0x8
 772 0456 B702     		.2byte	0x2b7
 773 0458 40030000 		.4byte	0x340
 774 045c 02       		.byte	0x2
 775 045d 23       		.byte	0x23
 776 045e 10       		.uleb128 0x10
 777 045f 0C       		.uleb128 0xc
 778 0460 46435200 		.ascii	"FCR\000"
 779 0464 08       		.byte	0x8
 780 0465 B802     		.2byte	0x2b8
 781 0467 40030000 		.4byte	0x340
 782 046b 02       		.byte	0x2
 783 046c 23       		.byte	0x23
 784 046d 14       		.uleb128 0x14
 785 046e 00       		.byte	0
 786 046f 15       		.uleb128 0x15
 787 0470 9A040000 		.4byte	.LASF60
 788 0474 08       		.byte	0x8
 789 0475 B902     		.2byte	0x2b9
ARM GAS  C:\Users\Elis\AppData\Local\Temp\ccaTZuPh.s 			page 15


 790 0477 0C040000 		.4byte	0x40c
 791 047b 08       		.uleb128 0x8
 792 047c 0C       		.byte	0xc
 793 047d 09       		.byte	0x9
 794 047e DA       		.byte	0xda
 795 047f CA040000 		.4byte	0x4ca
 796 0483 06       		.uleb128 0x6
 797 0484 5B000000 		.4byte	.LASF61
 798 0488 09       		.byte	0x9
 799 0489 DB       		.byte	0xdb
 800 048a CA040000 		.4byte	0x4ca
 801 048e 02       		.byte	0x2
 802 048f 23       		.byte	0x23
 803 0490 00       		.uleb128 0
 804 0491 06       		.uleb128 0x6
 805 0492 31040000 		.4byte	.LASF62
 806 0496 09       		.byte	0x9
 807 0497 DC       		.byte	0xdc
 808 0498 D0040000 		.4byte	0x4d0
 809 049c 02       		.byte	0x2
 810 049d 23       		.byte	0x23
 811 049e 04       		.uleb128 0x4
 812 049f 06       		.uleb128 0x6
 813 04a0 F0010000 		.4byte	.LASF63
 814 04a4 09       		.byte	0x9
 815 04a5 DD       		.byte	0xdd
 816 04a6 3E000000 		.4byte	0x3e
 817 04aa 02       		.byte	0x2
 818 04ab 23       		.byte	0x23
 819 04ac 08       		.uleb128 0x8
 820 04ad 06       		.uleb128 0x6
 821 04ae 7F010000 		.4byte	.LASF64
 822 04b2 09       		.byte	0x9
 823 04b3 DF       		.byte	0xdf
 824 04b4 3E000000 		.4byte	0x3e
 825 04b8 02       		.byte	0x2
 826 04b9 23       		.byte	0x23
 827 04ba 09       		.uleb128 0x9
 828 04bb 06       		.uleb128 0x6
 829 04bc 8F000000 		.4byte	.LASF65
 830 04c0 09       		.byte	0x9
 831 04c1 E0       		.byte	0xe0
 832 04c2 3E000000 		.4byte	0x3e
 833 04c6 02       		.byte	0x2
 834 04c7 23       		.byte	0x23
 835 04c8 0A       		.uleb128 0xa
 836 04c9 00       		.byte	0
 837 04ca 09       		.uleb128 0x9
 838 04cb 04       		.byte	0x4
 839 04cc 6F040000 		.4byte	0x46f
 840 04d0 09       		.uleb128 0x9
 841 04d1 04       		.byte	0x4
 842 04d2 40030000 		.4byte	0x340
 843 04d6 04       		.uleb128 0x4
 844 04d7 80030000 		.4byte	.LASF66
 845 04db 09       		.byte	0x9
 846 04dc E1       		.byte	0xe1
ARM GAS  C:\Users\Elis\AppData\Local\Temp\ccaTZuPh.s 			page 16


 847 04dd 7B040000 		.4byte	0x47b
 848 04e1 16       		.uleb128 0x16
 849 04e2 01       		.byte	0x1
 850 04e3 0A       		.byte	0xa
 851 04e4 33       		.byte	0x33
 852 04e5 20050000 		.4byte	0x520
 853 04e9 17       		.uleb128 0x17
 854 04ea 32010000 		.4byte	.LASF67
 855 04ee 00       		.sleb128 0
 856 04ef 17       		.uleb128 0x17
 857 04f0 5C010000 		.4byte	.LASF68
 858 04f4 01       		.sleb128 1
 859 04f5 17       		.uleb128 0x17
 860 04f6 1E020000 		.4byte	.LASF69
 861 04fa 02       		.sleb128 2
 862 04fb 17       		.uleb128 0x17
 863 04fc 4A020000 		.4byte	.LASF70
 864 0500 03       		.sleb128 3
 865 0501 17       		.uleb128 0x17
 866 0502 5B040000 		.4byte	.LASF71
 867 0506 04       		.sleb128 4
 868 0507 17       		.uleb128 0x17
 869 0508 35030000 		.4byte	.LASF72
 870 050c 05       		.sleb128 5
 871 050d 17       		.uleb128 0x17
 872 050e 86020000 		.4byte	.LASF73
 873 0512 06       		.sleb128 6
 874 0513 17       		.uleb128 0x17
 875 0514 DF030000 		.4byte	.LASF74
 876 0518 07       		.sleb128 7
 877 0519 17       		.uleb128 0x17
 878 051a 29030000 		.4byte	.LASF75
 879 051e 08       		.sleb128 8
 880 051f 00       		.byte	0
 881 0520 04       		.uleb128 0x4
 882 0521 AC000000 		.4byte	.LASF76
 883 0525 0A       		.byte	0xa
 884 0526 3D       		.byte	0x3d
 885 0527 E1040000 		.4byte	0x4e1
 886 052b 08       		.uleb128 0x8
 887 052c 08       		.byte	0x8
 888 052d 0A       		.byte	0xa
 889 052e 42       		.byte	0x42
 890 052f 50050000 		.4byte	0x550
 891 0533 06       		.uleb128 0x6
 892 0534 96010000 		.4byte	.LASF77
 893 0538 0A       		.byte	0xa
 894 0539 43       		.byte	0x43
 895 053a 70000000 		.4byte	0x70
 896 053e 02       		.byte	0x2
 897 053f 23       		.byte	0x23
 898 0540 00       		.uleb128 0
 899 0541 06       		.uleb128 0x6
 900 0542 2F000000 		.4byte	.LASF78
 901 0546 0A       		.byte	0xa
 902 0547 44       		.byte	0x44
 903 0548 70000000 		.4byte	0x70
ARM GAS  C:\Users\Elis\AppData\Local\Temp\ccaTZuPh.s 			page 17


 904 054c 02       		.byte	0x2
 905 054d 23       		.byte	0x23
 906 054e 04       		.uleb128 0x4
 907 054f 00       		.byte	0
 908 0550 04       		.uleb128 0x4
 909 0551 00000000 		.4byte	.LASF79
 910 0555 0A       		.byte	0xa
 911 0556 45       		.byte	0x45
 912 0557 2B050000 		.4byte	0x52b
 913 055b 18       		.uleb128 0x18
 914 055c 01       		.byte	0x1
 915 055d 90000000 		.4byte	0x90
 916 0561 6B050000 		.4byte	0x56b
 917 0565 19       		.uleb128 0x19
 918 0566 8D020000 		.4byte	0x28d
 919 056a 00       		.byte	0
 920 056b 09       		.uleb128 0x9
 921 056c 04       		.byte	0x4
 922 056d 5B050000 		.4byte	0x55b
 923 0571 18       		.uleb128 0x18
 924 0572 01       		.byte	0x1
 925 0573 90000000 		.4byte	0x90
 926 0577 90050000 		.4byte	0x590
 927 057b 19       		.uleb128 0x19
 928 057c 8D020000 		.4byte	0x28d
 929 0580 19       		.uleb128 0x19
 930 0581 70000000 		.4byte	0x70
 931 0585 19       		.uleb128 0x19
 932 0586 E6030000 		.4byte	0x3e6
 933 058a 19       		.uleb128 0x19
 934 058b 70000000 		.4byte	0x70
 935 058f 00       		.byte	0
 936 0590 09       		.uleb128 0x9
 937 0591 04       		.byte	0x4
 938 0592 71050000 		.4byte	0x571
 939 0596 18       		.uleb128 0x18
 940 0597 01       		.byte	0x1
 941 0598 90000000 		.4byte	0x90
 942 059c B5050000 		.4byte	0x5b5
 943 05a0 19       		.uleb128 0x19
 944 05a1 8D020000 		.4byte	0x28d
 945 05a5 19       		.uleb128 0x19
 946 05a6 70000000 		.4byte	0x70
 947 05aa 19       		.uleb128 0x19
 948 05ab EC030000 		.4byte	0x3ec
 949 05af 19       		.uleb128 0x19
 950 05b0 70000000 		.4byte	0x70
 951 05b4 00       		.byte	0
 952 05b5 09       		.uleb128 0x9
 953 05b6 04       		.byte	0x4
 954 05b7 96050000 		.4byte	0x596
 955 05bb 18       		.uleb128 0x18
 956 05bc 01       		.byte	0x1
 957 05bd 90000000 		.4byte	0x90
 958 05c1 D0050000 		.4byte	0x5d0
 959 05c5 19       		.uleb128 0x19
 960 05c6 8D020000 		.4byte	0x28d
ARM GAS  C:\Users\Elis\AppData\Local\Temp\ccaTZuPh.s 			page 18


 961 05ca 19       		.uleb128 0x19
 962 05cb D0050000 		.4byte	0x5d0
 963 05cf 00       		.byte	0
 964 05d0 09       		.uleb128 0x9
 965 05d1 04       		.byte	0x4
 966 05d2 50050000 		.4byte	0x550
 967 05d6 09       		.uleb128 0x9
 968 05d7 04       		.byte	0x4
 969 05d8 BB050000 		.4byte	0x5bb
 970 05dc 08       		.uleb128 0x8
 971 05dd 1C       		.byte	0x1c
 972 05de 0B       		.byte	0xb
 973 05df A3       		.byte	0xa3
 974 05e0 47060000 		.4byte	0x647
 975 05e4 06       		.uleb128 0x6
 976 05e5 22010000 		.4byte	.LASF80
 977 05e9 0B       		.byte	0xb
 978 05ea A5       		.byte	0xa5
 979 05eb 70000000 		.4byte	0x70
 980 05ef 02       		.byte	0x2
 981 05f0 23       		.byte	0x23
 982 05f1 00       		.uleb128 0
 983 05f2 06       		.uleb128 0x6
 984 05f3 4B000000 		.4byte	.LASF81
 985 05f7 0B       		.byte	0xb
 986 05f8 A7       		.byte	0xa7
 987 05f9 70000000 		.4byte	0x70
 988 05fd 02       		.byte	0x2
 989 05fe 23       		.byte	0x23
 990 05ff 04       		.uleb128 0x4
 991 0600 06       		.uleb128 0x6
 992 0601 E8010000 		.4byte	.LASF82
 993 0605 0B       		.byte	0xb
 994 0606 A9       		.byte	0xa9
 995 0607 70000000 		.4byte	0x70
 996 060b 02       		.byte	0x2
 997 060c 23       		.byte	0x23
 998 060d 08       		.uleb128 0x8
 999 060e 06       		.uleb128 0x6
 1000 060f 80000000 		.4byte	.LASF83
 1001 0613 0B       		.byte	0xb
 1002 0614 AB       		.byte	0xab
 1003 0615 70000000 		.4byte	0x70
 1004 0619 02       		.byte	0x2
 1005 061a 23       		.byte	0x23
 1006 061b 0C       		.uleb128 0xc
 1007 061c 07       		.uleb128 0x7
 1008 061d 6F647200 		.ascii	"odr\000"
 1009 0621 0B       		.byte	0xb
 1010 0622 AD       		.byte	0xad
 1011 0623 70000000 		.4byte	0x70
 1012 0627 02       		.byte	0x2
 1013 0628 23       		.byte	0x23
 1014 0629 10       		.uleb128 0x10
 1015 062a 06       		.uleb128 0x6
 1016 062b BE030000 		.4byte	.LASF84
 1017 062f 0B       		.byte	0xb
ARM GAS  C:\Users\Elis\AppData\Local\Temp\ccaTZuPh.s 			page 19


 1018 0630 AF       		.byte	0xaf
 1019 0631 70000000 		.4byte	0x70
 1020 0635 02       		.byte	0x2
 1021 0636 23       		.byte	0x23
 1022 0637 14       		.uleb128 0x14
 1023 0638 06       		.uleb128 0x6
 1024 0639 4C030000 		.4byte	.LASF85
 1025 063d 0B       		.byte	0xb
 1026 063e B1       		.byte	0xb1
 1027 063f 70000000 		.4byte	0x70
 1028 0643 02       		.byte	0x2
 1029 0644 23       		.byte	0x23
 1030 0645 18       		.uleb128 0x18
 1031 0646 00       		.byte	0
 1032 0647 04       		.uleb128 0x4
 1033 0648 10000000 		.4byte	.LASF86
 1034 064c 0B       		.byte	0xb
 1035 064d B2       		.byte	0xb2
 1036 064e DC050000 		.4byte	0x5dc
 1037 0652 08       		.uleb128 0x8
 1038 0653 FC       		.byte	0xfc
 1039 0654 0B       		.byte	0xb
 1040 0655 BB       		.byte	0xbb
 1041 0656 DD060000 		.4byte	0x6dd
 1042 065a 06       		.uleb128 0x6
 1043 065b F5030000 		.4byte	.LASF87
 1044 065f 0B       		.byte	0xb
 1045 0660 BE       		.byte	0xbe
 1046 0661 47060000 		.4byte	0x647
 1047 0665 02       		.byte	0x2
 1048 0666 23       		.byte	0x23
 1049 0667 00       		.uleb128 0
 1050 0668 06       		.uleb128 0x6
 1051 0669 BA010000 		.4byte	.LASF88
 1052 066d 0B       		.byte	0xb
 1053 066e C2       		.byte	0xc2
 1054 066f 47060000 		.4byte	0x647
 1055 0673 02       		.byte	0x2
 1056 0674 23       		.byte	0x23
 1057 0675 1C       		.uleb128 0x1c
 1058 0676 06       		.uleb128 0x6
 1059 0677 16050000 		.4byte	.LASF89
 1060 067b 0B       		.byte	0xb
 1061 067c C6       		.byte	0xc6
 1062 067d 47060000 		.4byte	0x647
 1063 0681 02       		.byte	0x2
 1064 0682 23       		.byte	0x23
 1065 0683 38       		.uleb128 0x38
 1066 0684 06       		.uleb128 0x6
 1067 0685 51030000 		.4byte	.LASF90
 1068 0689 0B       		.byte	0xb
 1069 068a CA       		.byte	0xca
 1070 068b 47060000 		.4byte	0x647
 1071 068f 02       		.byte	0x2
 1072 0690 23       		.byte	0x23
 1073 0691 54       		.uleb128 0x54
 1074 0692 06       		.uleb128 0x6
ARM GAS  C:\Users\Elis\AppData\Local\Temp\ccaTZuPh.s 			page 20


 1075 0693 4C010000 		.4byte	.LASF91
 1076 0697 0B       		.byte	0xb
 1077 0698 CE       		.byte	0xce
 1078 0699 47060000 		.4byte	0x647
 1079 069d 02       		.byte	0x2
 1080 069e 23       		.byte	0x23
 1081 069f 70       		.uleb128 0x70
 1082 06a0 06       		.uleb128 0x6
 1083 06a1 17020000 		.4byte	.LASF92
 1084 06a5 0B       		.byte	0xb
 1085 06a6 D2       		.byte	0xd2
 1086 06a7 47060000 		.4byte	0x647
 1087 06ab 03       		.byte	0x3
 1088 06ac 23       		.byte	0x23
 1089 06ad 8C01     		.uleb128 0x8c
 1090 06af 06       		.uleb128 0x6
 1091 06b0 79020000 		.4byte	.LASF93
 1092 06b4 0B       		.byte	0xb
 1093 06b5 D6       		.byte	0xd6
 1094 06b6 47060000 		.4byte	0x647
 1095 06ba 03       		.byte	0x3
 1096 06bb 23       		.byte	0x23
 1097 06bc A801     		.uleb128 0xa8
 1098 06be 06       		.uleb128 0x6
 1099 06bf 62000000 		.4byte	.LASF94
 1100 06c3 0B       		.byte	0xb
 1101 06c4 DA       		.byte	0xda
 1102 06c5 47060000 		.4byte	0x647
 1103 06c9 03       		.byte	0x3
 1104 06ca 23       		.byte	0x23
 1105 06cb C401     		.uleb128 0xc4
 1106 06cd 06       		.uleb128 0x6
 1107 06ce 17040000 		.4byte	.LASF95
 1108 06d2 0B       		.byte	0xb
 1109 06d3 DE       		.byte	0xde
 1110 06d4 47060000 		.4byte	0x647
 1111 06d8 03       		.byte	0x3
 1112 06d9 23       		.byte	0x23
 1113 06da E001     		.uleb128 0xe0
 1114 06dc 00       		.byte	0
 1115 06dd 04       		.uleb128 0x4
 1116 06de 23050000 		.4byte	.LASF96
 1117 06e2 0B       		.byte	0xb
 1118 06e3 E0       		.byte	0xe0
 1119 06e4 52060000 		.4byte	0x652
 1120 06e8 04       		.uleb128 0x4
 1121 06e9 B0010000 		.4byte	.LASF97
 1122 06ed 0C       		.byte	0xc
 1123 06ee BF       		.byte	0xbf
 1124 06ef 70000000 		.4byte	0x70
 1125 06f3 04       		.uleb128 0x4
 1126 06f4 B5040000 		.4byte	.LASF98
 1127 06f8 0C       		.byte	0xc
 1128 06f9 C4       		.byte	0xc4
 1129 06fa 70000000 		.4byte	0x70
 1130 06fe 04       		.uleb128 0x4
 1131 06ff 35050000 		.4byte	.LASF99
ARM GAS  C:\Users\Elis\AppData\Local\Temp\ccaTZuPh.s 			page 21


 1132 0703 0C       		.byte	0xc
 1133 0704 C9       		.byte	0xc9
 1134 0705 09070000 		.4byte	0x709
 1135 0709 05       		.uleb128 0x5
 1136 070a 35050000 		.4byte	.LASF99
 1137 070e 48       		.byte	0x48
 1138 070f 0C       		.byte	0xc
 1139 0710 E5       		.byte	0xe5
 1140 0711 C0070000 		.4byte	0x7c0
 1141 0715 07       		.uleb128 0x7
 1142 0716 766D7400 		.ascii	"vmt\000"
 1143 071a 0C       		.byte	0xc
 1144 071b E9       		.byte	0xe9
 1145 071c 5F080000 		.4byte	0x85f
 1146 0720 02       		.byte	0x2
 1147 0721 23       		.byte	0x23
 1148 0722 00       		.uleb128 0
 1149 0723 06       		.uleb128 0x6
 1150 0724 3D010000 		.4byte	.LASF100
 1151 0728 0C       		.byte	0xc
 1152 0729 EA       		.byte	0xea
 1153 072a 20050000 		.4byte	0x520
 1154 072e 02       		.byte	0x2
 1155 072f 23       		.byte	0x23
 1156 0730 04       		.uleb128 0x4
 1157 0731 07       		.uleb128 0x7
 1158 0732 63696400 		.ascii	"cid\000"
 1159 0736 0C       		.byte	0xc
 1160 0737 EA       		.byte	0xea
 1161 0738 F7030000 		.4byte	0x3f7
 1162 073c 02       		.byte	0x2
 1163 073d 23       		.byte	0x23
 1164 073e 08       		.uleb128 0x8
 1165 073f 07       		.uleb128 0x7
 1166 0740 63736400 		.ascii	"csd\000"
 1167 0744 0C       		.byte	0xc
 1168 0745 EA       		.byte	0xea
 1169 0746 F7030000 		.4byte	0x3f7
 1170 074a 02       		.byte	0x2
 1171 074b 23       		.byte	0x23
 1172 074c 18       		.uleb128 0x18
 1173 074d 06       		.uleb128 0x6
 1174 074e 52000000 		.4byte	.LASF101
 1175 0752 0C       		.byte	0xc
 1176 0753 EA       		.byte	0xea
 1177 0754 70000000 		.4byte	0x70
 1178 0758 02       		.byte	0x2
 1179 0759 23       		.byte	0x23
 1180 075a 28       		.uleb128 0x28
 1181 075b 06       		.uleb128 0x6
 1182 075c 6D040000 		.4byte	.LASF102
 1183 0760 0C       		.byte	0xc
 1184 0761 EE       		.byte	0xee
 1185 0762 6A080000 		.4byte	0x86a
 1186 0766 02       		.byte	0x2
 1187 0767 23       		.byte	0x23
 1188 0768 2C       		.uleb128 0x2c
ARM GAS  C:\Users\Elis\AppData\Local\Temp\ccaTZuPh.s 			page 22


 1189 0769 06       		.uleb128 0x6
 1190 076a 96000000 		.4byte	.LASF103
 1191 076e 0C       		.byte	0xc
 1192 076f F2       		.byte	0xf2
 1193 0770 E8060000 		.4byte	0x6e8
 1194 0774 02       		.byte	0x2
 1195 0775 23       		.byte	0x23
 1196 0776 30       		.uleb128 0x30
 1197 0777 06       		.uleb128 0x6
 1198 0778 D6010000 		.4byte	.LASF104
 1199 077c 0C       		.byte	0xc
 1200 077d F6       		.byte	0xf6
 1201 077e F3060000 		.4byte	0x6f3
 1202 0782 02       		.byte	0x2
 1203 0783 23       		.byte	0x23
 1204 0784 34       		.uleb128 0x34
 1205 0785 07       		.uleb128 0x7
 1206 0786 72636100 		.ascii	"rca\000"
 1207 078a 0C       		.byte	0xc
 1208 078b FA       		.byte	0xfa
 1209 078c 70000000 		.4byte	0x70
 1210 0790 02       		.byte	0x2
 1211 0791 23       		.byte	0x23
 1212 0792 38       		.uleb128 0x38
 1213 0793 06       		.uleb128 0x6
 1214 0794 9B030000 		.4byte	.LASF105
 1215 0798 0C       		.byte	0xc
 1216 0799 FF       		.byte	0xff
 1217 079a 4F020000 		.4byte	0x24f
 1218 079e 02       		.byte	0x2
 1219 079f 23       		.byte	0x23
 1220 07a0 3C       		.uleb128 0x3c
 1221 07a1 14       		.uleb128 0x14
 1222 07a2 00050000 		.4byte	.LASF106
 1223 07a6 0C       		.byte	0xc
 1224 07a7 0301     		.2byte	0x103
 1225 07a9 70000000 		.4byte	0x70
 1226 07ad 02       		.byte	0x2
 1227 07ae 23       		.byte	0x23
 1228 07af 40       		.uleb128 0x40
 1229 07b0 0C       		.uleb128 0xc
 1230 07b1 646D6100 		.ascii	"dma\000"
 1231 07b5 0C       		.byte	0xc
 1232 07b6 0701     		.2byte	0x107
 1233 07b8 75080000 		.4byte	0x875
 1234 07bc 02       		.byte	0x2
 1235 07bd 23       		.byte	0x23
 1236 07be 44       		.uleb128 0x44
 1237 07bf 00       		.byte	0
 1238 07c0 08       		.uleb128 0x8
 1239 07c1 04       		.byte	0x4
 1240 07c2 0C       		.byte	0xc
 1241 07c3 CF       		.byte	0xcf
 1242 07c4 D7070000 		.4byte	0x7d7
 1243 07c8 06       		.uleb128 0x6
 1244 07c9 89010000 		.4byte	.LASF107
 1245 07cd 0C       		.byte	0xc
ARM GAS  C:\Users\Elis\AppData\Local\Temp\ccaTZuPh.s 			page 23


 1246 07ce D0       		.byte	0xd0
 1247 07cf 70000000 		.4byte	0x70
 1248 07d3 02       		.byte	0x2
 1249 07d4 23       		.byte	0x23
 1250 07d5 00       		.uleb128 0
 1251 07d6 00       		.byte	0
 1252 07d7 04       		.uleb128 0x4
 1253 07d8 DF040000 		.4byte	.LASF108
 1254 07dc 0C       		.byte	0xc
 1255 07dd D1       		.byte	0xd1
 1256 07de C0070000 		.4byte	0x7c0
 1257 07e2 05       		.uleb128 0x5
 1258 07e3 0A040000 		.4byte	.LASF109
 1259 07e7 20       		.byte	0x20
 1260 07e8 0C       		.byte	0xc
 1261 07e9 DE       		.byte	0xde
 1262 07ea 5F080000 		.4byte	0x85f
 1263 07ee 06       		.uleb128 0x6
 1264 07ef C7040000 		.4byte	.LASF110
 1265 07f3 0C       		.byte	0xc
 1266 07f4 DF       		.byte	0xdf
 1267 07f5 6B050000 		.4byte	0x56b
 1268 07f9 02       		.byte	0x2
 1269 07fa 23       		.byte	0x23
 1270 07fb 00       		.uleb128 0
 1271 07fc 06       		.uleb128 0x6
 1272 07fd 3E000000 		.4byte	.LASF111
 1273 0801 0C       		.byte	0xc
 1274 0802 DF       		.byte	0xdf
 1275 0803 6B050000 		.4byte	0x56b
 1276 0807 02       		.byte	0x2
 1277 0808 23       		.byte	0x23
 1278 0809 04       		.uleb128 0x4
 1279 080a 06       		.uleb128 0x6
 1280 080b 1E040000 		.4byte	.LASF112
 1281 080f 0C       		.byte	0xc
 1282 0810 DF       		.byte	0xdf
 1283 0811 6B050000 		.4byte	0x56b
 1284 0815 02       		.byte	0x2
 1285 0816 23       		.byte	0x23
 1286 0817 08       		.uleb128 0x8
 1287 0818 06       		.uleb128 0x6
 1288 0819 17010000 		.4byte	.LASF113
 1289 081d 0C       		.byte	0xc
 1290 081e DF       		.byte	0xdf
 1291 081f 6B050000 		.4byte	0x56b
 1292 0823 02       		.byte	0x2
 1293 0824 23       		.byte	0x23
 1294 0825 0C       		.uleb128 0xc
 1295 0826 06       		.uleb128 0x6
 1296 0827 51040000 		.4byte	.LASF114
 1297 082b 0C       		.byte	0xc
 1298 082c DF       		.byte	0xdf
 1299 082d 90050000 		.4byte	0x590
 1300 0831 02       		.byte	0x2
 1301 0832 23       		.byte	0x23
 1302 0833 10       		.uleb128 0x10
ARM GAS  C:\Users\Elis\AppData\Local\Temp\ccaTZuPh.s 			page 24


 1303 0834 06       		.uleb128 0x6
 1304 0835 80020000 		.4byte	.LASF115
 1305 0839 0C       		.byte	0xc
 1306 083a DF       		.byte	0xdf
 1307 083b B5050000 		.4byte	0x5b5
 1308 083f 02       		.byte	0x2
 1309 0840 23       		.byte	0x23
 1310 0841 14       		.uleb128 0x14
 1311 0842 06       		.uleb128 0x6
 1312 0843 FB040000 		.4byte	.LASF116
 1313 0847 0C       		.byte	0xc
 1314 0848 DF       		.byte	0xdf
 1315 0849 6B050000 		.4byte	0x56b
 1316 084d 02       		.byte	0x2
 1317 084e 23       		.byte	0x23
 1318 084f 18       		.uleb128 0x18
 1319 0850 06       		.uleb128 0x6
 1320 0851 6D010000 		.4byte	.LASF117
 1321 0855 0C       		.byte	0xc
 1322 0856 DF       		.byte	0xdf
 1323 0857 D6050000 		.4byte	0x5d6
 1324 085b 02       		.byte	0x2
 1325 085c 23       		.byte	0x23
 1326 085d 1C       		.uleb128 0x1c
 1327 085e 00       		.byte	0
 1328 085f 09       		.uleb128 0x9
 1329 0860 04       		.byte	0x4
 1330 0861 65080000 		.4byte	0x865
 1331 0865 10       		.uleb128 0x10
 1332 0866 E2070000 		.4byte	0x7e2
 1333 086a 09       		.uleb128 0x9
 1334 086b 04       		.byte	0x4
 1335 086c 70080000 		.4byte	0x870
 1336 0870 10       		.uleb128 0x10
 1337 0871 D7070000 		.4byte	0x7d7
 1338 0875 09       		.uleb128 0x9
 1339 0876 04       		.byte	0x4
 1340 0877 7B080000 		.4byte	0x87b
 1341 087b 10       		.uleb128 0x10
 1342 087c D6040000 		.4byte	0x4d6
 1343 0880 1A       		.uleb128 0x1a
 1344 0881 01       		.byte	0x1
 1345 0882 F7010000 		.4byte	.LASF126
 1346 0886 01       		.byte	0x1
 1347 0887 36       		.byte	0x36
 1348 0888 01       		.byte	0x1
 1349 0889 00000000 		.4byte	.LFB118
 1350 088d 04000000 		.4byte	.LFE118
 1351 0891 02       		.byte	0x2
 1352 0892 7D       		.byte	0x7d
 1353 0893 00       		.sleb128 0
 1354 0894 01       		.byte	0x1
 1355 0895 A4080000 		.4byte	0x8a4
 1356 0899 1B       		.uleb128 0x1b
 1357 089a 04000000 		.4byte	.LVL0
 1358 089e 01       		.byte	0x1
 1359 089f 3E090000 		.4byte	0x93e
ARM GAS  C:\Users\Elis\AppData\Local\Temp\ccaTZuPh.s 			page 25


 1360 08a3 00       		.byte	0
 1361 08a4 1C       		.uleb128 0x1c
 1362 08a5 01       		.byte	0x1
 1363 08a6 60030000 		.4byte	.LASF118
 1364 08aa 01       		.byte	0x1
 1365 08ab 3F       		.byte	0x3f
 1366 08ac 01       		.byte	0x1
 1367 08ad 90000000 		.4byte	0x90
 1368 08b1 00000000 		.4byte	.LFB119
 1369 08b5 04000000 		.4byte	.LFE119
 1370 08b9 02       		.byte	0x2
 1371 08ba 7D       		.byte	0x7d
 1372 08bb 00       		.sleb128 0
 1373 08bc 01       		.byte	0x1
 1374 08bd D1080000 		.4byte	0x8d1
 1375 08c1 1D       		.uleb128 0x1d
 1376 08c2 74040000 		.4byte	.LASF120
 1377 08c6 01       		.byte	0x1
 1378 08c7 3F       		.byte	0x3f
 1379 08c8 D1080000 		.4byte	0x8d1
 1380 08cc 00000000 		.4byte	.LLST0
 1381 08d0 00       		.byte	0
 1382 08d1 09       		.uleb128 0x9
 1383 08d2 04       		.byte	0x4
 1384 08d3 FE060000 		.4byte	0x6fe
 1385 08d7 1C       		.uleb128 0x1c
 1386 08d8 01       		.byte	0x1
 1387 08d9 29020000 		.4byte	.LASF119
 1388 08dd 01       		.byte	0x1
 1389 08de 49       		.byte	0x49
 1390 08df 01       		.byte	0x1
 1391 08e0 90000000 		.4byte	0x90
 1392 08e4 00000000 		.4byte	.LFB120
 1393 08e8 04000000 		.4byte	.LFE120
 1394 08ec 02       		.byte	0x2
 1395 08ed 7D       		.byte	0x7d
 1396 08ee 00       		.sleb128 0
 1397 08ef 01       		.byte	0x1
 1398 08f0 04090000 		.4byte	0x904
 1399 08f4 1D       		.uleb128 0x1d
 1400 08f5 74040000 		.4byte	.LASF120
 1401 08f9 01       		.byte	0x1
 1402 08fa 49       		.byte	0x49
 1403 08fb D1080000 		.4byte	0x8d1
 1404 08ff 21000000 		.4byte	.LLST1
 1405 0903 00       		.byte	0
 1406 0904 1E       		.uleb128 0x1e
 1407 0905 01       		.byte	0x1
 1408 0906 E9040000 		.4byte	.LASF127
 1409 090a 01       		.byte	0x1
 1410 090b 6B       		.byte	0x6b
 1411 090c 01       		.byte	0x1
 1412 090d 00000000 		.4byte	.LFB121
 1413 0911 02000000 		.4byte	.LFE121
 1414 0915 02       		.byte	0x2
 1415 0916 7D       		.byte	0x7d
 1416 0917 00       		.sleb128 0
ARM GAS  C:\Users\Elis\AppData\Local\Temp\ccaTZuPh.s 			page 26


 1417 0918 01       		.byte	0x1
 1418 0919 1F       		.uleb128 0x1f
 1419 091a 9F000000 		.4byte	.LASF121
 1420 091e 0D       		.byte	0xd
 1421 091f 9806     		.2byte	0x698
 1422 0921 07040000 		.4byte	0x407
 1423 0925 01       		.byte	0x1
 1424 0926 01       		.byte	0x1
 1425 0927 20       		.uleb128 0x20
 1426 0928 3F050000 		.4byte	.LASF122
 1427 092c 01       		.byte	0x1
 1428 092d 1A       		.byte	0x1a
 1429 092e 39090000 		.4byte	0x939
 1430 0932 01       		.byte	0x1
 1431 0933 05       		.byte	0x5
 1432 0934 03       		.byte	0x3
 1433 0935 00000000 		.4byte	pal_default_config
 1434 0939 10       		.uleb128 0x10
 1435 093a DD060000 		.4byte	0x6dd
 1436 093e 21       		.uleb128 0x21
 1437 093f 01       		.byte	0x1
 1438 0940 9F010000 		.4byte	.LASF128
 1439 0944 0E       		.byte	0xe
 1440 0945 EA06     		.2byte	0x6ea
 1441 0947 01       		.byte	0x1
 1442 0948 01       		.byte	0x1
 1443 0949 00       		.byte	0
 1444              		.section	.debug_abbrev,"",%progbits
 1445              	.Ldebug_abbrev0:
 1446 0000 01       		.uleb128 0x1
 1447 0001 11       		.uleb128 0x11
 1448 0002 01       		.byte	0x1
 1449 0003 25       		.uleb128 0x25
 1450 0004 0E       		.uleb128 0xe
 1451 0005 13       		.uleb128 0x13
 1452 0006 0B       		.uleb128 0xb
 1453 0007 03       		.uleb128 0x3
 1454 0008 0E       		.uleb128 0xe
 1455 0009 1B       		.uleb128 0x1b
 1456 000a 0E       		.uleb128 0xe
 1457 000b 55       		.uleb128 0x55
 1458 000c 06       		.uleb128 0x6
 1459 000d 11       		.uleb128 0x11
 1460 000e 01       		.uleb128 0x1
 1461 000f 52       		.uleb128 0x52
 1462 0010 01       		.uleb128 0x1
 1463 0011 10       		.uleb128 0x10
 1464 0012 06       		.uleb128 0x6
 1465 0013 00       		.byte	0
 1466 0014 00       		.byte	0
 1467 0015 02       		.uleb128 0x2
 1468 0016 24       		.uleb128 0x24
 1469 0017 00       		.byte	0
 1470 0018 0B       		.uleb128 0xb
 1471 0019 0B       		.uleb128 0xb
 1472 001a 3E       		.uleb128 0x3e
 1473 001b 0B       		.uleb128 0xb
ARM GAS  C:\Users\Elis\AppData\Local\Temp\ccaTZuPh.s 			page 27


 1474 001c 03       		.uleb128 0x3
 1475 001d 08       		.uleb128 0x8
 1476 001e 00       		.byte	0
 1477 001f 00       		.byte	0
 1478 0020 03       		.uleb128 0x3
 1479 0021 24       		.uleb128 0x24
 1480 0022 00       		.byte	0
 1481 0023 0B       		.uleb128 0xb
 1482 0024 0B       		.uleb128 0xb
 1483 0025 3E       		.uleb128 0x3e
 1484 0026 0B       		.uleb128 0xb
 1485 0027 03       		.uleb128 0x3
 1486 0028 0E       		.uleb128 0xe
 1487 0029 00       		.byte	0
 1488 002a 00       		.byte	0
 1489 002b 04       		.uleb128 0x4
 1490 002c 16       		.uleb128 0x16
 1491 002d 00       		.byte	0
 1492 002e 03       		.uleb128 0x3
 1493 002f 0E       		.uleb128 0xe
 1494 0030 3A       		.uleb128 0x3a
 1495 0031 0B       		.uleb128 0xb
 1496 0032 3B       		.uleb128 0x3b
 1497 0033 0B       		.uleb128 0xb
 1498 0034 49       		.uleb128 0x49
 1499 0035 13       		.uleb128 0x13
 1500 0036 00       		.byte	0
 1501 0037 00       		.byte	0
 1502 0038 05       		.uleb128 0x5
 1503 0039 13       		.uleb128 0x13
 1504 003a 01       		.byte	0x1
 1505 003b 03       		.uleb128 0x3
 1506 003c 0E       		.uleb128 0xe
 1507 003d 0B       		.uleb128 0xb
 1508 003e 0B       		.uleb128 0xb
 1509 003f 3A       		.uleb128 0x3a
 1510 0040 0B       		.uleb128 0xb
 1511 0041 3B       		.uleb128 0x3b
 1512 0042 0B       		.uleb128 0xb
 1513 0043 01       		.uleb128 0x1
 1514 0044 13       		.uleb128 0x13
 1515 0045 00       		.byte	0
 1516 0046 00       		.byte	0
 1517 0047 06       		.uleb128 0x6
 1518 0048 0D       		.uleb128 0xd
 1519 0049 00       		.byte	0
 1520 004a 03       		.uleb128 0x3
 1521 004b 0E       		.uleb128 0xe
 1522 004c 3A       		.uleb128 0x3a
 1523 004d 0B       		.uleb128 0xb
 1524 004e 3B       		.uleb128 0x3b
 1525 004f 0B       		.uleb128 0xb
 1526 0050 49       		.uleb128 0x49
 1527 0051 13       		.uleb128 0x13
 1528 0052 38       		.uleb128 0x38
 1529 0053 0A       		.uleb128 0xa
 1530 0054 00       		.byte	0
ARM GAS  C:\Users\Elis\AppData\Local\Temp\ccaTZuPh.s 			page 28


 1531 0055 00       		.byte	0
 1532 0056 07       		.uleb128 0x7
 1533 0057 0D       		.uleb128 0xd
 1534 0058 00       		.byte	0
 1535 0059 03       		.uleb128 0x3
 1536 005a 08       		.uleb128 0x8
 1537 005b 3A       		.uleb128 0x3a
 1538 005c 0B       		.uleb128 0xb
 1539 005d 3B       		.uleb128 0x3b
 1540 005e 0B       		.uleb128 0xb
 1541 005f 49       		.uleb128 0x49
 1542 0060 13       		.uleb128 0x13
 1543 0061 38       		.uleb128 0x38
 1544 0062 0A       		.uleb128 0xa
 1545 0063 00       		.byte	0
 1546 0064 00       		.byte	0
 1547 0065 08       		.uleb128 0x8
 1548 0066 13       		.uleb128 0x13
 1549 0067 01       		.byte	0x1
 1550 0068 0B       		.uleb128 0xb
 1551 0069 0B       		.uleb128 0xb
 1552 006a 3A       		.uleb128 0x3a
 1553 006b 0B       		.uleb128 0xb
 1554 006c 3B       		.uleb128 0x3b
 1555 006d 0B       		.uleb128 0xb
 1556 006e 01       		.uleb128 0x1
 1557 006f 13       		.uleb128 0x13
 1558 0070 00       		.byte	0
 1559 0071 00       		.byte	0
 1560 0072 09       		.uleb128 0x9
 1561 0073 0F       		.uleb128 0xf
 1562 0074 00       		.byte	0
 1563 0075 0B       		.uleb128 0xb
 1564 0076 0B       		.uleb128 0xb
 1565 0077 49       		.uleb128 0x49
 1566 0078 13       		.uleb128 0x13
 1567 0079 00       		.byte	0
 1568 007a 00       		.byte	0
 1569 007b 0A       		.uleb128 0xa
 1570 007c 0F       		.uleb128 0xf
 1571 007d 00       		.byte	0
 1572 007e 0B       		.uleb128 0xb
 1573 007f 0B       		.uleb128 0xb
 1574 0080 00       		.byte	0
 1575 0081 00       		.byte	0
 1576 0082 0B       		.uleb128 0xb
 1577 0083 13       		.uleb128 0x13
 1578 0084 01       		.byte	0x1
 1579 0085 03       		.uleb128 0x3
 1580 0086 0E       		.uleb128 0xe
 1581 0087 0B       		.uleb128 0xb
 1582 0088 0B       		.uleb128 0xb
 1583 0089 3A       		.uleb128 0x3a
 1584 008a 0B       		.uleb128 0xb
 1585 008b 3B       		.uleb128 0x3b
 1586 008c 05       		.uleb128 0x5
 1587 008d 01       		.uleb128 0x1
ARM GAS  C:\Users\Elis\AppData\Local\Temp\ccaTZuPh.s 			page 29


 1588 008e 13       		.uleb128 0x13
 1589 008f 00       		.byte	0
 1590 0090 00       		.byte	0
 1591 0091 0C       		.uleb128 0xc
 1592 0092 0D       		.uleb128 0xd
 1593 0093 00       		.byte	0
 1594 0094 03       		.uleb128 0x3
 1595 0095 08       		.uleb128 0x8
 1596 0096 3A       		.uleb128 0x3a
 1597 0097 0B       		.uleb128 0xb
 1598 0098 3B       		.uleb128 0x3b
 1599 0099 05       		.uleb128 0x5
 1600 009a 49       		.uleb128 0x49
 1601 009b 13       		.uleb128 0x13
 1602 009c 38       		.uleb128 0x38
 1603 009d 0A       		.uleb128 0xa
 1604 009e 00       		.byte	0
 1605 009f 00       		.byte	0
 1606 00a0 0D       		.uleb128 0xd
 1607 00a1 35       		.uleb128 0x35
 1608 00a2 00       		.byte	0
 1609 00a3 49       		.uleb128 0x49
 1610 00a4 13       		.uleb128 0x13
 1611 00a5 00       		.byte	0
 1612 00a6 00       		.byte	0
 1613 00a7 0E       		.uleb128 0xe
 1614 00a8 17       		.uleb128 0x17
 1615 00a9 01       		.byte	0x1
 1616 00aa 0B       		.uleb128 0xb
 1617 00ab 0B       		.uleb128 0xb
 1618 00ac 3A       		.uleb128 0x3a
 1619 00ad 0B       		.uleb128 0xb
 1620 00ae 3B       		.uleb128 0x3b
 1621 00af 0B       		.uleb128 0xb
 1622 00b0 01       		.uleb128 0x1
 1623 00b1 13       		.uleb128 0x13
 1624 00b2 00       		.byte	0
 1625 00b3 00       		.byte	0
 1626 00b4 0F       		.uleb128 0xf
 1627 00b5 0D       		.uleb128 0xd
 1628 00b6 00       		.byte	0
 1629 00b7 03       		.uleb128 0x3
 1630 00b8 0E       		.uleb128 0xe
 1631 00b9 3A       		.uleb128 0x3a
 1632 00ba 0B       		.uleb128 0xb
 1633 00bb 3B       		.uleb128 0x3b
 1634 00bc 0B       		.uleb128 0xb
 1635 00bd 49       		.uleb128 0x49
 1636 00be 13       		.uleb128 0x13
 1637 00bf 00       		.byte	0
 1638 00c0 00       		.byte	0
 1639 00c1 10       		.uleb128 0x10
 1640 00c2 26       		.uleb128 0x26
 1641 00c3 00       		.byte	0
 1642 00c4 49       		.uleb128 0x49
 1643 00c5 13       		.uleb128 0x13
 1644 00c6 00       		.byte	0
ARM GAS  C:\Users\Elis\AppData\Local\Temp\ccaTZuPh.s 			page 30


 1645 00c7 00       		.byte	0
 1646 00c8 11       		.uleb128 0x11
 1647 00c9 01       		.uleb128 0x1
 1648 00ca 01       		.byte	0x1
 1649 00cb 49       		.uleb128 0x49
 1650 00cc 13       		.uleb128 0x13
 1651 00cd 01       		.uleb128 0x1
 1652 00ce 13       		.uleb128 0x13
 1653 00cf 00       		.byte	0
 1654 00d0 00       		.byte	0
 1655 00d1 12       		.uleb128 0x12
 1656 00d2 21       		.uleb128 0x21
 1657 00d3 00       		.byte	0
 1658 00d4 49       		.uleb128 0x49
 1659 00d5 13       		.uleb128 0x13
 1660 00d6 2F       		.uleb128 0x2f
 1661 00d7 0B       		.uleb128 0xb
 1662 00d8 00       		.byte	0
 1663 00d9 00       		.byte	0
 1664 00da 13       		.uleb128 0x13
 1665 00db 13       		.uleb128 0x13
 1666 00dc 01       		.byte	0x1
 1667 00dd 0B       		.uleb128 0xb
 1668 00de 0B       		.uleb128 0xb
 1669 00df 3A       		.uleb128 0x3a
 1670 00e0 0B       		.uleb128 0xb
 1671 00e1 3B       		.uleb128 0x3b
 1672 00e2 05       		.uleb128 0x5
 1673 00e3 01       		.uleb128 0x1
 1674 00e4 13       		.uleb128 0x13
 1675 00e5 00       		.byte	0
 1676 00e6 00       		.byte	0
 1677 00e7 14       		.uleb128 0x14
 1678 00e8 0D       		.uleb128 0xd
 1679 00e9 00       		.byte	0
 1680 00ea 03       		.uleb128 0x3
 1681 00eb 0E       		.uleb128 0xe
 1682 00ec 3A       		.uleb128 0x3a
 1683 00ed 0B       		.uleb128 0xb
 1684 00ee 3B       		.uleb128 0x3b
 1685 00ef 05       		.uleb128 0x5
 1686 00f0 49       		.uleb128 0x49
 1687 00f1 13       		.uleb128 0x13
 1688 00f2 38       		.uleb128 0x38
 1689 00f3 0A       		.uleb128 0xa
 1690 00f4 00       		.byte	0
 1691 00f5 00       		.byte	0
 1692 00f6 15       		.uleb128 0x15
 1693 00f7 16       		.uleb128 0x16
 1694 00f8 00       		.byte	0
 1695 00f9 03       		.uleb128 0x3
 1696 00fa 0E       		.uleb128 0xe
 1697 00fb 3A       		.uleb128 0x3a
 1698 00fc 0B       		.uleb128 0xb
 1699 00fd 3B       		.uleb128 0x3b
 1700 00fe 05       		.uleb128 0x5
 1701 00ff 49       		.uleb128 0x49
ARM GAS  C:\Users\Elis\AppData\Local\Temp\ccaTZuPh.s 			page 31


 1702 0100 13       		.uleb128 0x13
 1703 0101 00       		.byte	0
 1704 0102 00       		.byte	0
 1705 0103 16       		.uleb128 0x16
 1706 0104 04       		.uleb128 0x4
 1707 0105 01       		.byte	0x1
 1708 0106 0B       		.uleb128 0xb
 1709 0107 0B       		.uleb128 0xb
 1710 0108 3A       		.uleb128 0x3a
 1711 0109 0B       		.uleb128 0xb
 1712 010a 3B       		.uleb128 0x3b
 1713 010b 0B       		.uleb128 0xb
 1714 010c 01       		.uleb128 0x1
 1715 010d 13       		.uleb128 0x13
 1716 010e 00       		.byte	0
 1717 010f 00       		.byte	0
 1718 0110 17       		.uleb128 0x17
 1719 0111 28       		.uleb128 0x28
 1720 0112 00       		.byte	0
 1721 0113 03       		.uleb128 0x3
 1722 0114 0E       		.uleb128 0xe
 1723 0115 1C       		.uleb128 0x1c
 1724 0116 0D       		.uleb128 0xd
 1725 0117 00       		.byte	0
 1726 0118 00       		.byte	0
 1727 0119 18       		.uleb128 0x18
 1728 011a 15       		.uleb128 0x15
 1729 011b 01       		.byte	0x1
 1730 011c 27       		.uleb128 0x27
 1731 011d 0C       		.uleb128 0xc
 1732 011e 49       		.uleb128 0x49
 1733 011f 13       		.uleb128 0x13
 1734 0120 01       		.uleb128 0x1
 1735 0121 13       		.uleb128 0x13
 1736 0122 00       		.byte	0
 1737 0123 00       		.byte	0
 1738 0124 19       		.uleb128 0x19
 1739 0125 05       		.uleb128 0x5
 1740 0126 00       		.byte	0
 1741 0127 49       		.uleb128 0x49
 1742 0128 13       		.uleb128 0x13
 1743 0129 00       		.byte	0
 1744 012a 00       		.byte	0
 1745 012b 1A       		.uleb128 0x1a
 1746 012c 2E       		.uleb128 0x2e
 1747 012d 01       		.byte	0x1
 1748 012e 3F       		.uleb128 0x3f
 1749 012f 0C       		.uleb128 0xc
 1750 0130 03       		.uleb128 0x3
 1751 0131 0E       		.uleb128 0xe
 1752 0132 3A       		.uleb128 0x3a
 1753 0133 0B       		.uleb128 0xb
 1754 0134 3B       		.uleb128 0x3b
 1755 0135 0B       		.uleb128 0xb
 1756 0136 27       		.uleb128 0x27
 1757 0137 0C       		.uleb128 0xc
 1758 0138 11       		.uleb128 0x11
ARM GAS  C:\Users\Elis\AppData\Local\Temp\ccaTZuPh.s 			page 32


 1759 0139 01       		.uleb128 0x1
 1760 013a 12       		.uleb128 0x12
 1761 013b 01       		.uleb128 0x1
 1762 013c 40       		.uleb128 0x40
 1763 013d 0A       		.uleb128 0xa
 1764 013e 9742     		.uleb128 0x2117
 1765 0140 0C       		.uleb128 0xc
 1766 0141 01       		.uleb128 0x1
 1767 0142 13       		.uleb128 0x13
 1768 0143 00       		.byte	0
 1769 0144 00       		.byte	0
 1770 0145 1B       		.uleb128 0x1b
 1771 0146 898201   		.uleb128 0x4109
 1772 0149 00       		.byte	0
 1773 014a 11       		.uleb128 0x11
 1774 014b 01       		.uleb128 0x1
 1775 014c 9542     		.uleb128 0x2115
 1776 014e 0C       		.uleb128 0xc
 1777 014f 31       		.uleb128 0x31
 1778 0150 13       		.uleb128 0x13
 1779 0151 00       		.byte	0
 1780 0152 00       		.byte	0
 1781 0153 1C       		.uleb128 0x1c
 1782 0154 2E       		.uleb128 0x2e
 1783 0155 01       		.byte	0x1
 1784 0156 3F       		.uleb128 0x3f
 1785 0157 0C       		.uleb128 0xc
 1786 0158 03       		.uleb128 0x3
 1787 0159 0E       		.uleb128 0xe
 1788 015a 3A       		.uleb128 0x3a
 1789 015b 0B       		.uleb128 0xb
 1790 015c 3B       		.uleb128 0x3b
 1791 015d 0B       		.uleb128 0xb
 1792 015e 27       		.uleb128 0x27
 1793 015f 0C       		.uleb128 0xc
 1794 0160 49       		.uleb128 0x49
 1795 0161 13       		.uleb128 0x13
 1796 0162 11       		.uleb128 0x11
 1797 0163 01       		.uleb128 0x1
 1798 0164 12       		.uleb128 0x12
 1799 0165 01       		.uleb128 0x1
 1800 0166 40       		.uleb128 0x40
 1801 0167 0A       		.uleb128 0xa
 1802 0168 9742     		.uleb128 0x2117
 1803 016a 0C       		.uleb128 0xc
 1804 016b 01       		.uleb128 0x1
 1805 016c 13       		.uleb128 0x13
 1806 016d 00       		.byte	0
 1807 016e 00       		.byte	0
 1808 016f 1D       		.uleb128 0x1d
 1809 0170 05       		.uleb128 0x5
 1810 0171 00       		.byte	0
 1811 0172 03       		.uleb128 0x3
 1812 0173 0E       		.uleb128 0xe
 1813 0174 3A       		.uleb128 0x3a
 1814 0175 0B       		.uleb128 0xb
 1815 0176 3B       		.uleb128 0x3b
ARM GAS  C:\Users\Elis\AppData\Local\Temp\ccaTZuPh.s 			page 33


 1816 0177 0B       		.uleb128 0xb
 1817 0178 49       		.uleb128 0x49
 1818 0179 13       		.uleb128 0x13
 1819 017a 02       		.uleb128 0x2
 1820 017b 06       		.uleb128 0x6
 1821 017c 00       		.byte	0
 1822 017d 00       		.byte	0
 1823 017e 1E       		.uleb128 0x1e
 1824 017f 2E       		.uleb128 0x2e
 1825 0180 00       		.byte	0
 1826 0181 3F       		.uleb128 0x3f
 1827 0182 0C       		.uleb128 0xc
 1828 0183 03       		.uleb128 0x3
 1829 0184 0E       		.uleb128 0xe
 1830 0185 3A       		.uleb128 0x3a
 1831 0186 0B       		.uleb128 0xb
 1832 0187 3B       		.uleb128 0x3b
 1833 0188 0B       		.uleb128 0xb
 1834 0189 27       		.uleb128 0x27
 1835 018a 0C       		.uleb128 0xc
 1836 018b 11       		.uleb128 0x11
 1837 018c 01       		.uleb128 0x1
 1838 018d 12       		.uleb128 0x12
 1839 018e 01       		.uleb128 0x1
 1840 018f 40       		.uleb128 0x40
 1841 0190 0A       		.uleb128 0xa
 1842 0191 9742     		.uleb128 0x2117
 1843 0193 0C       		.uleb128 0xc
 1844 0194 00       		.byte	0
 1845 0195 00       		.byte	0
 1846 0196 1F       		.uleb128 0x1f
 1847 0197 34       		.uleb128 0x34
 1848 0198 00       		.byte	0
 1849 0199 03       		.uleb128 0x3
 1850 019a 0E       		.uleb128 0xe
 1851 019b 3A       		.uleb128 0x3a
 1852 019c 0B       		.uleb128 0xb
 1853 019d 3B       		.uleb128 0x3b
 1854 019e 05       		.uleb128 0x5
 1855 019f 49       		.uleb128 0x49
 1856 01a0 13       		.uleb128 0x13
 1857 01a1 3F       		.uleb128 0x3f
 1858 01a2 0C       		.uleb128 0xc
 1859 01a3 3C       		.uleb128 0x3c
 1860 01a4 0C       		.uleb128 0xc
 1861 01a5 00       		.byte	0
 1862 01a6 00       		.byte	0
 1863 01a7 20       		.uleb128 0x20
 1864 01a8 34       		.uleb128 0x34
 1865 01a9 00       		.byte	0
 1866 01aa 03       		.uleb128 0x3
 1867 01ab 0E       		.uleb128 0xe
 1868 01ac 3A       		.uleb128 0x3a
 1869 01ad 0B       		.uleb128 0xb
 1870 01ae 3B       		.uleb128 0x3b
 1871 01af 0B       		.uleb128 0xb
 1872 01b0 49       		.uleb128 0x49
ARM GAS  C:\Users\Elis\AppData\Local\Temp\ccaTZuPh.s 			page 34


 1873 01b1 13       		.uleb128 0x13
 1874 01b2 3F       		.uleb128 0x3f
 1875 01b3 0C       		.uleb128 0xc
 1876 01b4 02       		.uleb128 0x2
 1877 01b5 0A       		.uleb128 0xa
 1878 01b6 00       		.byte	0
 1879 01b7 00       		.byte	0
 1880 01b8 21       		.uleb128 0x21
 1881 01b9 2E       		.uleb128 0x2e
 1882 01ba 00       		.byte	0
 1883 01bb 3F       		.uleb128 0x3f
 1884 01bc 0C       		.uleb128 0xc
 1885 01bd 03       		.uleb128 0x3
 1886 01be 0E       		.uleb128 0xe
 1887 01bf 3A       		.uleb128 0x3a
 1888 01c0 0B       		.uleb128 0xb
 1889 01c1 3B       		.uleb128 0x3b
 1890 01c2 05       		.uleb128 0x5
 1891 01c3 27       		.uleb128 0x27
 1892 01c4 0C       		.uleb128 0xc
 1893 01c5 3C       		.uleb128 0x3c
 1894 01c6 0C       		.uleb128 0xc
 1895 01c7 00       		.byte	0
 1896 01c8 00       		.byte	0
 1897 01c9 00       		.byte	0
 1898              		.section	.debug_loc,"",%progbits
 1899              	.Ldebug_loc0:
 1900              	.LLST0:
 1901 0000 00000000 		.4byte	.LVL1
 1902 0004 02000000 		.4byte	.LVL2
 1903 0008 0100     		.2byte	0x1
 1904 000a 50       		.byte	0x50
 1905 000b 02000000 		.4byte	.LVL2
 1906 000f 04000000 		.4byte	.LFE119
 1907 0013 0400     		.2byte	0x4
 1908 0015 F3       		.byte	0xf3
 1909 0016 01       		.uleb128 0x1
 1910 0017 50       		.byte	0x50
 1911 0018 9F       		.byte	0x9f
 1912 0019 00000000 		.4byte	0
 1913 001d 00000000 		.4byte	0
 1914              	.LLST1:
 1915 0021 00000000 		.4byte	.LVL3
 1916 0025 02000000 		.4byte	.LVL4
 1917 0029 0100     		.2byte	0x1
 1918 002b 50       		.byte	0x50
 1919 002c 02000000 		.4byte	.LVL4
 1920 0030 04000000 		.4byte	.LFE120
 1921 0034 0400     		.2byte	0x4
 1922 0036 F3       		.byte	0xf3
 1923 0037 01       		.uleb128 0x1
 1924 0038 50       		.byte	0x50
 1925 0039 9F       		.byte	0x9f
 1926 003a 00000000 		.4byte	0
 1927 003e 00000000 		.4byte	0
 1928              		.section	.debug_aranges,"",%progbits
 1929 0000 34000000 		.4byte	0x34
ARM GAS  C:\Users\Elis\AppData\Local\Temp\ccaTZuPh.s 			page 35


 1930 0004 0200     		.2byte	0x2
 1931 0006 00000000 		.4byte	.Ldebug_info0
 1932 000a 04       		.byte	0x4
 1933 000b 00       		.byte	0
 1934 000c 0000     		.2byte	0
 1935 000e 0000     		.2byte	0
 1936 0010 00000000 		.4byte	.LFB118
 1937 0014 04000000 		.4byte	.LFE118-.LFB118
 1938 0018 00000000 		.4byte	.LFB119
 1939 001c 04000000 		.4byte	.LFE119-.LFB119
 1940 0020 00000000 		.4byte	.LFB120
 1941 0024 04000000 		.4byte	.LFE120-.LFB120
 1942 0028 00000000 		.4byte	.LFB121
 1943 002c 02000000 		.4byte	.LFE121-.LFB121
 1944 0030 00000000 		.4byte	0
 1945 0034 00000000 		.4byte	0
 1946              		.section	.debug_ranges,"",%progbits
 1947              	.Ldebug_ranges0:
 1948 0000 00000000 		.4byte	.LFB118
 1949 0004 04000000 		.4byte	.LFE118
 1950 0008 00000000 		.4byte	.LFB119
 1951 000c 04000000 		.4byte	.LFE119
 1952 0010 00000000 		.4byte	.LFB120
 1953 0014 04000000 		.4byte	.LFE120
 1954 0018 00000000 		.4byte	.LFB121
 1955 001c 02000000 		.4byte	.LFE121
 1956 0020 00000000 		.4byte	0
 1957 0024 00000000 		.4byte	0
 1958              		.section	.debug_line,"",%progbits
 1959              	.Ldebug_line0:
 1960 0000 CE020000 		.section	.debug_str,"MS",%progbits,1
 1960      02008602 
 1960      00000201 
 1960      FB0E0D00 
 1960      01010101 
 1961              	.LASF79:
 1962 0000 426C6F63 		.ascii	"BlockDeviceInfo\000"
 1962      6B446576 
 1962      69636549 
 1962      6E666F00 
 1963              	.LASF86:
 1964 0010 73746D33 		.ascii	"stm32_gpio_setup_t\000"
 1964      325F6770 
 1964      696F5F73 
 1964      65747570 
 1964      5F7400
 1965              	.LASF58:
 1966 0023 4D304152 		.ascii	"M0AR\000"
 1966      00
 1967              	.LASF34:
 1968 0028 705F7469 		.ascii	"p_time\000"
 1968      6D6500
 1969              	.LASF78:
 1970 002f 626C6B5F 		.ascii	"blk_num\000"
 1970      6E756D00 
 1971              	.LASF52:
 1972 0037 7264796D 		.ascii	"rdymsg\000"
ARM GAS  C:\Users\Elis\AppData\Local\Temp\ccaTZuPh.s 			page 36


 1972      736700
 1973              	.LASF111:
 1974 003e 69735F70 		.ascii	"is_protected\000"
 1974      726F7465 
 1974      63746564 
 1974      00
 1975              	.LASF81:
 1976 004b 6F747970 		.ascii	"otyper\000"
 1976      657200
 1977              	.LASF101:
 1978 0052 63617061 		.ascii	"capacity\000"
 1978      63697479 
 1978      00
 1979              	.LASF61:
 1980 005b 73747265 		.ascii	"stream\000"
 1980      616D00
 1981              	.LASF94:
 1982 0062 50484461 		.ascii	"PHData\000"
 1982      746100
 1983              	.LASF11:
 1984 0069 6C6F6E67 		.ascii	"long long unsigned int\000"
 1984      206C6F6E 
 1984      6720756E 
 1984      7369676E 
 1984      65642069 
 1985              	.LASF83:
 1986 0080 70757064 		.ascii	"pupdr\000"
 1986      7200
 1987              	.LASF53:
 1988 0086 65786974 		.ascii	"exitcode\000"
 1988      636F6465 
 1988      00
 1989              	.LASF65:
 1990 008f 76656374 		.ascii	"vector\000"
 1990      6F7200
 1991              	.LASF103:
 1992 0096 63617264 		.ascii	"cardmode\000"
 1992      6D6F6465 
 1992      00
 1993              	.LASF121:
 1994 009f 49544D5F 		.ascii	"ITM_RxBuffer\000"
 1994      52784275 
 1994      66666572 
 1994      00
 1995              	.LASF76:
 1996 00ac 626C6B73 		.ascii	"blkstate_t\000"
 1996      74617465 
 1996      5F7400
 1997              	.LASF25:
 1998 00b7 705F7072 		.ascii	"p_prio\000"
 1998      696F00
 1999              	.LASF10:
 2000 00be 6C6F6E67 		.ascii	"long long int\000"
 2000      206C6F6E 
 2000      6720696E 
 2000      7400
 2001              	.LASF1:
ARM GAS  C:\Users\Elis\AppData\Local\Temp\ccaTZuPh.s 			page 37


 2002 00cc 7369676E 		.ascii	"signed char\000"
 2002      65642063 
 2002      68617200 
 2003              	.LASF41:
 2004 00d8 705F6D70 		.ascii	"p_mpool\000"
 2004      6F6F6C00 
 2005              	.LASF12:
 2006 00e0 626F6F6C 		.ascii	"bool_t\000"
 2006      5F7400
 2007              	.LASF49:
 2008 00e7 6D5F7175 		.ascii	"m_queue\000"
 2008      65756500 
 2009              	.LASF125:
 2010 00ef 433A5C43 		.ascii	"C:\\ChibiStudio\\workspace26\\Mobile_phone\000"
 2010      68696269 
 2010      53747564 
 2010      696F5C77 
 2010      6F726B73 
 2011              	.LASF113:
 2012 0117 64697363 		.ascii	"disconnect\000"
 2012      6F6E6E65 
 2012      637400
 2013              	.LASF80:
 2014 0122 6D6F6465 		.ascii	"moder\000"
 2014      7200
 2015              	.LASF17:
 2016 0128 74736C69 		.ascii	"tslices_t\000"
 2016      6365735F 
 2016      7400
 2017              	.LASF67:
 2018 0132 424C4B5F 		.ascii	"BLK_UNINIT\000"
 2018      554E494E 
 2018      495400
 2019              	.LASF100:
 2020 013d 73746174 		.ascii	"state\000"
 2020      6500
 2021              	.LASF7:
 2022 0143 6C6F6E67 		.ascii	"long int\000"
 2022      20696E74 
 2022      00
 2023              	.LASF91:
 2024 014c 50454461 		.ascii	"PEData\000"
 2024      746100
 2025              	.LASF15:
 2026 0153 74737461 		.ascii	"tstate_t\000"
 2026      74655F74 
 2026      00
 2027              	.LASF68:
 2028 015c 424C4B5F 		.ascii	"BLK_STOP\000"
 2028      53544F50 
 2028      00
 2029              	.LASF27:
 2030 0165 705F6E65 		.ascii	"p_newer\000"
 2030      77657200 
 2031              	.LASF117:
 2032 016d 6765745F 		.ascii	"get_info\000"
 2032      696E666F 
ARM GAS  C:\Users\Elis\AppData\Local\Temp\ccaTZuPh.s 			page 38


 2032      00
 2033              	.LASF44:
 2034 0176 72656761 		.ascii	"regarm_t\000"
 2034      726D5F74 
 2034      00
 2035              	.LASF64:
 2036 017f 73656C66 		.ascii	"selfindex\000"
 2036      696E6465 
 2036      7800
 2037              	.LASF107:
 2038 0189 64756D6D 		.ascii	"dummy\000"
 2038      7900
 2039              	.LASF22:
 2040 018f 54687265 		.ascii	"Thread\000"
 2040      616400
 2041              	.LASF77:
 2042 0196 626C6B5F 		.ascii	"blk_size\000"
 2042      73697A65 
 2042      00
 2043              	.LASF128:
 2044 019f 73746D33 		.ascii	"stm32_clock_init\000"
 2044      325F636C 
 2044      6F636B5F 
 2044      696E6974 
 2044      00
 2045              	.LASF97:
 2046 01b0 7364636D 		.ascii	"sdcmode_t\000"
 2046      6F64655F 
 2046      7400
 2047              	.LASF88:
 2048 01ba 50424461 		.ascii	"PBData\000"
 2048      746100
 2049              	.LASF31:
 2050 01c1 705F666C 		.ascii	"p_flags\000"
 2050      61677300 
 2051              	.LASF0:
 2052 01c9 756E7369 		.ascii	"unsigned int\000"
 2052      676E6564 
 2052      20696E74 
 2052      00
 2053              	.LASF104:
 2054 01d6 6572726F 		.ascii	"errors\000"
 2054      727300
 2055              	.LASF36:
 2056 01dd 705F6D73 		.ascii	"p_msgqueue\000"
 2056      67717565 
 2056      756500
 2057              	.LASF82:
 2058 01e8 6F737065 		.ascii	"ospeedr\000"
 2058      65647200 
 2059              	.LASF63:
 2060 01f0 69736869 		.ascii	"ishift\000"
 2060      667400
 2061              	.LASF126:
 2062 01f7 5F5F6561 		.ascii	"__early_init\000"
 2062      726C795F 
 2062      696E6974 
ARM GAS  C:\Users\Elis\AppData\Local\Temp\ccaTZuPh.s 			page 39


 2062      00
 2063              	.LASF4:
 2064 0204 73686F72 		.ascii	"short unsigned int\000"
 2064      7420756E 
 2064      7369676E 
 2064      65642069 
 2064      6E7400
 2065              	.LASF92:
 2066 0217 50464461 		.ascii	"PFData\000"
 2066      746100
 2067              	.LASF69:
 2068 021e 424C4B5F 		.ascii	"BLK_ACTIVE\000"
 2068      41435449 
 2068      564500
 2069              	.LASF119:
 2070 0229 7364635F 		.ascii	"sdc_lld_is_write_protected\000"
 2070      6C6C645F 
 2070      69735F77 
 2070      72697465 
 2070      5F70726F 
 2071              	.LASF19:
 2072 0244 6D73675F 		.ascii	"msg_t\000"
 2072      7400
 2073              	.LASF70:
 2074 024a 424C4B5F 		.ascii	"BLK_CONNECTING\000"
 2074      434F4E4E 
 2074      45435449 
 2074      4E4700
 2075              	.LASF14:
 2076 0259 746D6F64 		.ascii	"tmode_t\000"
 2076      655F7400 
 2077              	.LASF43:
 2078 0261 54687265 		.ascii	"ThreadsList\000"
 2078      6164734C 
 2078      69737400 
 2079              	.LASF20:
 2080 026d 6576656E 		.ascii	"eventmask_t\000"
 2080      746D6173 
 2080      6B5F7400 
 2081              	.LASF93:
 2082 0279 50474461 		.ascii	"PGData\000"
 2082      746100
 2083              	.LASF115:
 2084 0280 77726974 		.ascii	"write\000"
 2084      6500
 2085              	.LASF73:
 2086 0286 424C4B5F 		.ascii	"BLK_READING\000"
 2086      52454144 
 2086      494E4700 
 2087              	.LASF124:
 2088 0292 2E2E2F2E 		.ascii	"../../ugfx/boards/base/STM32F407/chibios_board/boar"
 2088      2E2F7567 
 2088      66782F62 
 2088      6F617264 
 2088      732F6261 
 2089 02c5 642E6300 		.ascii	"d.c\000"
 2090              	.LASF47:
ARM GAS  C:\Users\Elis\AppData\Local\Temp\ccaTZuPh.s 			page 40


 2091 02c9 73697A65 		.ascii	"sizetype\000"
 2091      74797065 
 2091      00
 2092              	.LASF48:
 2093 02d2 4D757465 		.ascii	"Mutex\000"
 2093      7800
 2094              	.LASF123:
 2095 02d8 474E5520 		.ascii	"GNU C 4.7.4 20140401 (release) [ARM/embedded-4_7-br"
 2095      4320342E 
 2095      372E3420 
 2095      32303134 
 2095      30343031 
 2096 030b 616E6368 		.ascii	"anch revision 209195]\000"
 2096      20726576 
 2096      6973696F 
 2096      6E203230 
 2096      39313935 
 2097              	.LASF28:
 2098 0321 705F6F6C 		.ascii	"p_older\000"
 2098      64657200 
 2099              	.LASF75:
 2100 0329 424C4B5F 		.ascii	"BLK_SYNCING\000"
 2100      53594E43 
 2100      494E4700 
 2101              	.LASF72:
 2102 0335 424C4B5F 		.ascii	"BLK_READY\000"
 2102      52454144 
 2102      5900
 2103              	.LASF42:
 2104 033f 54687265 		.ascii	"ThreadsQueue\000"
 2104      61647351 
 2104      75657565 
 2104      00
 2105              	.LASF85:
 2106 034c 61667268 		.ascii	"afrh\000"
 2106      00
 2107              	.LASF90:
 2108 0351 50444461 		.ascii	"PDData\000"
 2108      746100
 2109              	.LASF16:
 2110 0358 74726566 		.ascii	"trefs_t\000"
 2110      735F7400 
 2111              	.LASF118:
 2112 0360 7364635F 		.ascii	"sdc_lld_is_card_inserted\000"
 2112      6C6C645F 
 2112      69735F63 
 2112      6172645F 
 2112      696E7365 
 2113              	.LASF24:
 2114 0379 705F7072 		.ascii	"p_prev\000"
 2114      657600
 2115              	.LASF66:
 2116 0380 73746D33 		.ascii	"stm32_dma_stream_t\000"
 2116      325F646D 
 2116      615F7374 
 2116      7265616D 
 2116      5F7400
ARM GAS  C:\Users\Elis\AppData\Local\Temp\ccaTZuPh.s 			page 41


 2117              	.LASF18:
 2118 0393 74707269 		.ascii	"tprio_t\000"
 2118      6F5F7400 
 2119              	.LASF105:
 2120 039b 74687265 		.ascii	"thread\000"
 2120      616400
 2121              	.LASF13:
 2122 03a2 5F426F6F 		.ascii	"_Bool\000"
 2122      6C00
 2123              	.LASF6:
 2124 03a8 696E7433 		.ascii	"int32_t\000"
 2124      325F7400 
 2125              	.LASF2:
 2126 03b0 756E7369 		.ascii	"unsigned char\000"
 2126      676E6564 
 2126      20636861 
 2126      7200
 2127              	.LASF84:
 2128 03be 6166726C 		.ascii	"afrl\000"
 2128      00
 2129              	.LASF39:
 2130 03c3 705F6D74 		.ascii	"p_mtxlist\000"
 2130      786C6973 
 2130      7400
 2131              	.LASF3:
 2132 03cd 73686F72 		.ascii	"short int\000"
 2132      7420696E 
 2132      7400
 2133              	.LASF30:
 2134 03d7 705F7374 		.ascii	"p_state\000"
 2134      61746500 
 2135              	.LASF74:
 2136 03df 424C4B5F 		.ascii	"BLK_WRITING\000"
 2136      57524954 
 2136      494E4700 
 2137              	.LASF33:
 2138 03eb 705F7072 		.ascii	"p_preempt\000"
 2138      65656D70 
 2138      7400
 2139              	.LASF87:
 2140 03f5 50414461 		.ascii	"PAData\000"
 2140      746100
 2141              	.LASF55:
 2142 03fc 65776D61 		.ascii	"ewmask\000"
 2142      736B00
 2143              	.LASF23:
 2144 0403 705F6E65 		.ascii	"p_next\000"
 2144      787400
 2145              	.LASF109:
 2146 040a 53444344 		.ascii	"SDCDriverVMT\000"
 2146      72697665 
 2146      72564D54 
 2146      00
 2147              	.LASF95:
 2148 0417 50494461 		.ascii	"PIData\000"
 2148      746100
 2149              	.LASF112:
ARM GAS  C:\Users\Elis\AppData\Local\Temp\ccaTZuPh.s 			page 42


 2150 041e 636F6E6E 		.ascii	"connect\000"
 2150      65637400 
 2151              	.LASF38:
 2152 0426 705F6570 		.ascii	"p_epending\000"
 2152      656E6469 
 2152      6E6700
 2153              	.LASF62:
 2154 0431 69666372 		.ascii	"ifcr\000"
 2154      00
 2155              	.LASF8:
 2156 0436 75696E74 		.ascii	"uint32_t\000"
 2156      33325F74 
 2156      00
 2157              	.LASF9:
 2158 043f 6C6F6E67 		.ascii	"long unsigned int\000"
 2158      20756E73 
 2158      69676E65 
 2158      6420696E 
 2158      7400
 2159              	.LASF114:
 2160 0451 72656164 		.ascii	"read\000"
 2160      00
 2161              	.LASF56:
 2162 0456 63686172 		.ascii	"char\000"
 2162      00
 2163              	.LASF71:
 2164 045b 424C4B5F 		.ascii	"BLK_DISCONNECTING\000"
 2164      44495343 
 2164      4F4E4E45 
 2164      4354494E 
 2164      4700
 2165              	.LASF102:
 2166 046d 636F6E66 		.ascii	"config\000"
 2166      696700
 2167              	.LASF120:
 2168 0474 73646370 		.ascii	"sdcp\000"
 2168      00
 2169              	.LASF51:
 2170 0479 6D5F6E65 		.ascii	"m_next\000"
 2170      787400
 2171              	.LASF21:
 2172 0480 73797374 		.ascii	"systime_t\000"
 2172      696D655F 
 2172      7400
 2173              	.LASF40:
 2174 048a 705F7265 		.ascii	"p_realprio\000"
 2174      616C7072 
 2174      696F00
 2175              	.LASF57:
 2176 0495 4E445452 		.ascii	"NDTR\000"
 2176      00
 2177              	.LASF60:
 2178 049a 444D415F 		.ascii	"DMA_Stream_TypeDef\000"
 2178      53747265 
 2178      616D5F54 
 2178      79706544 
 2178      656600
ARM GAS  C:\Users\Elis\AppData\Local\Temp\ccaTZuPh.s 			page 43


 2179              	.LASF46:
 2180 04ad 636F6E74 		.ascii	"context\000"
 2180      65787400 
 2181              	.LASF98:
 2182 04b5 73646366 		.ascii	"sdcflags_t\000"
 2182      6C616773 
 2182      5F7400
 2183              	.LASF45:
 2184 04c0 696E7463 		.ascii	"intctx\000"
 2184      747800
 2185              	.LASF110:
 2186 04c7 69735F69 		.ascii	"is_inserted\000"
 2186      6E736572 
 2186      74656400 
 2187              	.LASF59:
 2188 04d3 4D314152 		.ascii	"M1AR\000"
 2188      00
 2189              	.LASF32:
 2190 04d8 705F7265 		.ascii	"p_refs\000"
 2190      667300
 2191              	.LASF108:
 2192 04df 53444343 		.ascii	"SDCConfig\000"
 2192      6F6E6669 
 2192      6700
 2193              	.LASF127:
 2194 04e9 626F6172 		.ascii	"boardInit\000"
 2194      64496E69 
 2194      7400
 2195              	.LASF5:
 2196 04f3 75696E74 		.ascii	"uint8_t\000"
 2196      385F7400 
 2197              	.LASF116:
 2198 04fb 73796E63 		.ascii	"sync\000"
 2198      00
 2199              	.LASF106:
 2200 0500 646D616D 		.ascii	"dmamode\000"
 2200      6F646500 
 2201              	.LASF54:
 2202 0508 77746F62 		.ascii	"wtobjp\000"
 2202      6A7000
 2203              	.LASF29:
 2204 050f 705F6E61 		.ascii	"p_name\000"
 2204      6D6500
 2205              	.LASF89:
 2206 0516 50434461 		.ascii	"PCData\000"
 2206      746100
 2207              	.LASF37:
 2208 051d 705F6D73 		.ascii	"p_msg\000"
 2208      6700
 2209              	.LASF96:
 2210 0523 50414C43 		.ascii	"PALConfig\000"
 2210      6F6E6669 
 2210      6700
 2211              	.LASF50:
 2212 052d 6D5F6F77 		.ascii	"m_owner\000"
 2212      6E657200 
 2213              	.LASF99:
ARM GAS  C:\Users\Elis\AppData\Local\Temp\ccaTZuPh.s 			page 44


 2214 0535 53444344 		.ascii	"SDCDriver\000"
 2214      72697665 
 2214      7200
 2215              	.LASF122:
 2216 053f 70616C5F 		.ascii	"pal_default_config\000"
 2216      64656661 
 2216      756C745F 
 2216      636F6E66 
 2216      696700
 2217              	.LASF26:
 2218 0552 705F6374 		.ascii	"p_ctx\000"
 2218      7800
 2219              	.LASF35:
 2220 0558 705F7761 		.ascii	"p_waiting\000"
 2220      6974696E 
 2220      6700
 2221              		.ident	"GCC: (GNU Tools for ARM Embedded Processors) 4.7.4 20140401 (release) [ARM/embedded-4_7-br
ARM GAS  C:\Users\Elis\AppData\Local\Temp\ccaTZuPh.s 			page 45


DEFINED SYMBOLS
                            *ABS*:00000000 board.c
C:\Users\Elis\AppData\Local\Temp\ccaTZuPh.s:19     .text.__early_init:00000000 $t
C:\Users\Elis\AppData\Local\Temp\ccaTZuPh.s:25     .text.__early_init:00000000 __early_init
C:\Users\Elis\AppData\Local\Temp\ccaTZuPh.s:41     .text.sdc_lld_is_card_inserted:00000000 $t
C:\Users\Elis\AppData\Local\Temp\ccaTZuPh.s:47     .text.sdc_lld_is_card_inserted:00000000 sdc_lld_is_card_inserted
C:\Users\Elis\AppData\Local\Temp\ccaTZuPh.s:63     .text.sdc_lld_is_write_protected:00000000 $t
C:\Users\Elis\AppData\Local\Temp\ccaTZuPh.s:69     .text.sdc_lld_is_write_protected:00000000 sdc_lld_is_write_protected
C:\Users\Elis\AppData\Local\Temp\ccaTZuPh.s:85     .text.boardInit:00000000 $t
C:\Users\Elis\AppData\Local\Temp\ccaTZuPh.s:91     .text.boardInit:00000000 boardInit
C:\Users\Elis\AppData\Local\Temp\ccaTZuPh.s:107    .rodata.pal_default_config:00000000 pal_default_config
C:\Users\Elis\AppData\Local\Temp\ccaTZuPh.s:104    .rodata.pal_default_config:00000000 $d
                     .debug_frame:00000010 $d

UNDEFINED SYMBOLS
stm32_clock_init
