ARM GAS  C:\Users\Elis\AppData\Local\Temp\ccvUx7UK.s 			page 1


   1              		.syntax unified
   2              		.cpu cortex-m4
   3              		.fpu softvfp
   4              		.eabi_attribute 20, 1
   5              		.eabi_attribute 21, 1
   6              		.eabi_attribute 23, 3
   7              		.eabi_attribute 24, 1
   8              		.eabi_attribute 25, 1
   9              		.eabi_attribute 26, 1
  10              		.eabi_attribute 30, 2
  11              		.eabi_attribute 34, 1
  12              		.eabi_attribute 18, 4
  13              		.thumb
  14              		.file	"chdebug.c"
  15              		.text
  16              	.Ltext0:
  17              		.cfi_sections	.debug_frame
  18              		.section	.text.dbg_check_disable,"ax",%progbits
  19              		.align	2
  20              		.p2align 4,,15
  21              		.global	dbg_check_disable
  22              		.thumb
  23              		.thumb_func
  24              		.type	dbg_check_disable, %function
  25              	dbg_check_disable:
  26              	.LFB7:
  27              		.file 1 "../../chibios/os/kernel/src/chdebug.c"
  28              		.loc 1 81 0
  29              		.cfi_startproc
  30              		@ args = 0, pretend = 0, frame = 0
  31              		@ frame_needed = 0, uses_anonymous_args = 0
  32              		@ link register save eliminated.
  33              		.loc 1 83 0
  34 0000 054B     		ldr	r3, .L5
  35 0002 1868     		ldr	r0, [r3, #0]
  36 0004 10B9     		cbnz	r0, .L2
  37              		.loc 1 83 0 is_stmt 0 discriminator 1
  38 0006 0549     		ldr	r1, .L5+4
  39 0008 0A68     		ldr	r2, [r1, #0]
  40 000a 22B1     		cbz	r2, .L1
  41              	.L2:
  42              	.LVL0:
  43              	.LBB28:
  44              	.LBB29:
  45              		.loc 1 273 0 is_stmt 1
  46 000c 0448     		ldr	r0, .L5+8
  47 000e 054B     		ldr	r3, .L5+12
  48 0010 1860     		str	r0, [r3, #0]
  49              	.LBE29:
  50              	.LBE28:
  51              		.loc 1 85 0
  52              	.LBB31:
  53              	.LBB30:
  54              		.loc 1 274 0
  55 0012 FFF7FEBF 		b	port_halt
  56              	.LVL1:
  57              	.L1:
ARM GAS  C:\Users\Elis\AppData\Local\Temp\ccvUx7UK.s 			page 2


  58 0016 7047     		bx	lr
  59              	.L6:
  60              		.align	2
  61              	.L5:
  62 0018 00000000 		.word	.LANCHOR0
  63 001c 00000000 		.word	.LANCHOR1
  64 0020 00000000 		.word	.LC0
  65 0024 00000000 		.word	.LANCHOR2
  66              	.LBE30:
  67              	.LBE31:
  68              		.cfi_endproc
  69              	.LFE7:
  70              		.size	dbg_check_disable, .-dbg_check_disable
  71 0028 AFF30080 		.section	.text.dbg_check_suspend,"ax",%progbits
  71      AFF30080 
  72              		.align	2
  73              		.p2align 4,,15
  74              		.global	dbg_check_suspend
  75              		.thumb
  76              		.thumb_func
  77              		.type	dbg_check_suspend, %function
  78              	dbg_check_suspend:
  79              	.LFB8:
  80              		.loc 1 92 0
  81              		.cfi_startproc
  82              		@ args = 0, pretend = 0, frame = 0
  83              		@ frame_needed = 0, uses_anonymous_args = 0
  84              		@ link register save eliminated.
  85              		.loc 1 94 0
  86 0000 054B     		ldr	r3, .L10
  87 0002 1868     		ldr	r0, [r3, #0]
  88 0004 10B9     		cbnz	r0, .L8
  89              		.loc 1 94 0 is_stmt 0 discriminator 1
  90 0006 0549     		ldr	r1, .L10+4
  91 0008 0A68     		ldr	r2, [r1, #0]
  92 000a 22B1     		cbz	r2, .L7
  93              	.L8:
  94              	.LVL2:
  95              	.LBB32:
  96              	.LBB33:
  97              		.loc 1 273 0 is_stmt 1
  98 000c 0448     		ldr	r0, .L10+8
  99 000e 054B     		ldr	r3, .L10+12
 100 0010 1860     		str	r0, [r3, #0]
 101              	.LBE33:
 102              	.LBE32:
 103              		.loc 1 96 0
 104              	.LBB35:
 105              	.LBB34:
 106              		.loc 1 274 0
 107 0012 FFF7FEBF 		b	port_halt
 108              	.LVL3:
 109              	.L7:
 110 0016 7047     		bx	lr
 111              	.L11:
 112              		.align	2
 113              	.L10:
ARM GAS  C:\Users\Elis\AppData\Local\Temp\ccvUx7UK.s 			page 3


 114 0018 00000000 		.word	.LANCHOR0
 115 001c 00000000 		.word	.LANCHOR1
 116 0020 08000000 		.word	.LC1
 117 0024 00000000 		.word	.LANCHOR2
 118              	.LBE34:
 119              	.LBE35:
 120              		.cfi_endproc
 121              	.LFE8:
 122              		.size	dbg_check_suspend, .-dbg_check_suspend
 123 0028 AFF30080 		.section	.text.dbg_check_enable,"ax",%progbits
 123      AFF30080 
 124              		.align	2
 125              		.p2align 4,,15
 126              		.global	dbg_check_enable
 127              		.thumb
 128              		.thumb_func
 129              		.type	dbg_check_enable, %function
 130              	dbg_check_enable:
 131              	.LFB9:
 132              		.loc 1 103 0
 133              		.cfi_startproc
 134              		@ args = 0, pretend = 0, frame = 0
 135              		@ frame_needed = 0, uses_anonymous_args = 0
 136              		@ link register save eliminated.
 137              		.loc 1 105 0
 138 0000 054B     		ldr	r3, .L15
 139 0002 1868     		ldr	r0, [r3, #0]
 140 0004 10B9     		cbnz	r0, .L13
 141              		.loc 1 105 0 is_stmt 0 discriminator 1
 142 0006 0549     		ldr	r1, .L15+4
 143 0008 0A68     		ldr	r2, [r1, #0]
 144 000a 22B1     		cbz	r2, .L12
 145              	.L13:
 146              	.LVL4:
 147              	.LBB36:
 148              	.LBB37:
 149              		.loc 1 273 0 is_stmt 1
 150 000c 0448     		ldr	r0, .L15+8
 151 000e 054B     		ldr	r3, .L15+12
 152 0010 1860     		str	r0, [r3, #0]
 153              	.LBE37:
 154              	.LBE36:
 155              		.loc 1 107 0
 156              	.LBB39:
 157              	.LBB38:
 158              		.loc 1 274 0
 159 0012 FFF7FEBF 		b	port_halt
 160              	.LVL5:
 161              	.L12:
 162 0016 7047     		bx	lr
 163              	.L16:
 164              		.align	2
 165              	.L15:
 166 0018 00000000 		.word	.LANCHOR0
 167 001c 00000000 		.word	.LANCHOR1
 168 0020 10000000 		.word	.LC2
 169 0024 00000000 		.word	.LANCHOR2
ARM GAS  C:\Users\Elis\AppData\Local\Temp\ccvUx7UK.s 			page 4


 170              	.LBE38:
 171              	.LBE39:
 172              		.cfi_endproc
 173              	.LFE9:
 174              		.size	dbg_check_enable, .-dbg_check_enable
 175 0028 AFF30080 		.section	.text.dbg_check_lock,"ax",%progbits
 175      AFF30080 
 176              		.align	2
 177              		.p2align 4,,15
 178              		.global	dbg_check_lock
 179              		.thumb
 180              		.thumb_func
 181              		.type	dbg_check_lock, %function
 182              	dbg_check_lock:
 183              	.LFB10:
 184              		.loc 1 114 0
 185              		.cfi_startproc
 186              		@ args = 0, pretend = 0, frame = 0
 187              		@ frame_needed = 0, uses_anonymous_args = 0
 188              		.loc 1 116 0
 189 0000 074B     		ldr	r3, .L25
 190 0002 1868     		ldr	r0, [r3, #0]
 191              		.loc 1 114 0
 192 0004 10B5     		push	{r4, lr}
 193              	.LCFI0:
 194              		.cfi_def_cfa_offset 8
 195              		.cfi_offset 4, -8
 196              		.cfi_offset 14, -4
 197 0006 074C     		ldr	r4, .L25+4
 198              		.loc 1 116 0
 199 0008 08B9     		cbnz	r0, .L18
 200              		.loc 1 116 0 is_stmt 0 discriminator 1
 201 000a 2168     		ldr	r1, [r4, #0]
 202 000c 21B1     		cbz	r1, .L19
 203              	.L18:
 204              	.LVL6:
 205              	.LBB40:
 206              	.LBB41:
 207              		.loc 1 273 0 is_stmt 1
 208 000e 064A     		ldr	r2, .L25+8
 209 0010 064B     		ldr	r3, .L25+12
 210 0012 1A60     		str	r2, [r3, #0]
 211              		.loc 1 274 0
 212 0014 FFF7FEFF 		bl	port_halt
 213              	.LVL7:
 214              	.L19:
 215              	.LBE41:
 216              	.LBE40:
 217              		.loc 1 118 0
 218 0018 0120     		movs	r0, #1
 219 001a 2060     		str	r0, [r4, #0]
 220 001c 10BD     		pop	{r4, pc}
 221              	.L26:
 222 001e 00BF     		.align	2
 223              	.L25:
 224 0020 00000000 		.word	.LANCHOR0
 225 0024 00000000 		.word	.LANCHOR1
ARM GAS  C:\Users\Elis\AppData\Local\Temp\ccvUx7UK.s 			page 5


 226 0028 18000000 		.word	.LC3
 227 002c 00000000 		.word	.LANCHOR2
 228              		.cfi_endproc
 229              	.LFE10:
 230              		.size	dbg_check_lock, .-dbg_check_lock
 231              		.section	.text.dbg_check_unlock,"ax",%progbits
 232              		.align	2
 233              		.p2align 4,,15
 234              		.global	dbg_check_unlock
 235              		.thumb
 236              		.thumb_func
 237              		.type	dbg_check_unlock, %function
 238              	dbg_check_unlock:
 239              	.LFB11:
 240              		.loc 1 126 0
 241              		.cfi_startproc
 242              		@ args = 0, pretend = 0, frame = 0
 243              		@ frame_needed = 0, uses_anonymous_args = 0
 244              		.loc 1 128 0
 245 0000 084B     		ldr	r3, .L32
 246 0002 1868     		ldr	r0, [r3, #0]
 247              		.loc 1 126 0
 248 0004 10B5     		push	{r4, lr}
 249              	.LCFI1:
 250              		.cfi_def_cfa_offset 8
 251              		.cfi_offset 4, -8
 252              		.cfi_offset 14, -4
 253 0006 084C     		ldr	r4, .L32+4
 254              		.loc 1 128 0
 255 0008 28B9     		cbnz	r0, .L28
 256              		.loc 1 128 0 is_stmt 0 discriminator 1
 257 000a 2168     		ldr	r1, [r4, #0]
 258 000c 0029     		cmp	r1, #0
 259 000e 02DD     		ble	.L28
 260              	.L29:
 261              		.loc 1 130 0 is_stmt 1
 262 0010 0020     		movs	r0, #0
 263 0012 2060     		str	r0, [r4, #0]
 264 0014 10BD     		pop	{r4, pc}
 265              	.L28:
 266              	.LVL8:
 267              	.LBB42:
 268              	.LBB43:
 269              		.loc 1 273 0
 270 0016 054A     		ldr	r2, .L32+8
 271 0018 054B     		ldr	r3, .L32+12
 272 001a 1A60     		str	r2, [r3, #0]
 273              		.loc 1 274 0
 274 001c FFF7FEFF 		bl	port_halt
 275              	.LVL9:
 276 0020 F6E7     		b	.L29
 277              	.L33:
 278 0022 00BF     		.align	2
 279              	.L32:
 280 0024 00000000 		.word	.LANCHOR0
 281 0028 00000000 		.word	.LANCHOR1
 282 002c 20000000 		.word	.LC4
ARM GAS  C:\Users\Elis\AppData\Local\Temp\ccvUx7UK.s 			page 6


 283 0030 00000000 		.word	.LANCHOR2
 284              	.LBE43:
 285              	.LBE42:
 286              		.cfi_endproc
 287              	.LFE11:
 288              		.size	dbg_check_unlock, .-dbg_check_unlock
 289 0034 AFF30080 		.section	.text.dbg_check_lock_from_isr,"ax",%progbits
 289      AFF30080 
 289      AFF30080 
 290              		.align	2
 291              		.p2align 4,,15
 292              		.global	dbg_check_lock_from_isr
 293              		.thumb
 294              		.thumb_func
 295              		.type	dbg_check_lock_from_isr, %function
 296              	dbg_check_lock_from_isr:
 297              	.LFB12:
 298              		.loc 1 138 0
 299              		.cfi_startproc
 300              		@ args = 0, pretend = 0, frame = 0
 301              		@ frame_needed = 0, uses_anonymous_args = 0
 302              		.loc 1 140 0
 303 0000 074B     		ldr	r3, .L42
 304 0002 1868     		ldr	r0, [r3, #0]
 305 0004 0028     		cmp	r0, #0
 306              		.loc 1 138 0
 307 0006 10B5     		push	{r4, lr}
 308              	.LCFI2:
 309              		.cfi_def_cfa_offset 8
 310              		.cfi_offset 4, -8
 311              		.cfi_offset 14, -4
 312 0008 064C     		ldr	r4, .L42+4
 313              		.loc 1 140 0
 314 000a 01DD     		ble	.L35
 315              		.loc 1 140 0 is_stmt 0 discriminator 1
 316 000c 2168     		ldr	r1, [r4, #0]
 317 000e 21B1     		cbz	r1, .L36
 318              	.L35:
 319              	.LVL10:
 320              	.LBB44:
 321              	.LBB45:
 322              		.loc 1 273 0 is_stmt 1
 323 0010 054A     		ldr	r2, .L42+8
 324 0012 064B     		ldr	r3, .L42+12
 325 0014 1A60     		str	r2, [r3, #0]
 326              		.loc 1 274 0
 327 0016 FFF7FEFF 		bl	port_halt
 328              	.LVL11:
 329              	.L36:
 330              	.LBE45:
 331              	.LBE44:
 332              		.loc 1 142 0
 333 001a 0120     		movs	r0, #1
 334 001c 2060     		str	r0, [r4, #0]
 335 001e 10BD     		pop	{r4, pc}
 336              	.L43:
 337              		.align	2
ARM GAS  C:\Users\Elis\AppData\Local\Temp\ccvUx7UK.s 			page 7


 338              	.L42:
 339 0020 00000000 		.word	.LANCHOR0
 340 0024 00000000 		.word	.LANCHOR1
 341 0028 28000000 		.word	.LC5
 342 002c 00000000 		.word	.LANCHOR2
 343              		.cfi_endproc
 344              	.LFE12:
 345              		.size	dbg_check_lock_from_isr, .-dbg_check_lock_from_isr
 346              		.section	.text.dbg_check_unlock_from_isr,"ax",%progbits
 347              		.align	2
 348              		.p2align 4,,15
 349              		.global	dbg_check_unlock_from_isr
 350              		.thumb
 351              		.thumb_func
 352              		.type	dbg_check_unlock_from_isr, %function
 353              	dbg_check_unlock_from_isr:
 354              	.LFB13:
 355              		.loc 1 150 0
 356              		.cfi_startproc
 357              		@ args = 0, pretend = 0, frame = 0
 358              		@ frame_needed = 0, uses_anonymous_args = 0
 359              		.loc 1 152 0
 360 0000 084B     		ldr	r3, .L49
 361 0002 1868     		ldr	r0, [r3, #0]
 362 0004 0028     		cmp	r0, #0
 363              		.loc 1 150 0
 364 0006 10B5     		push	{r4, lr}
 365              	.LCFI3:
 366              		.cfi_def_cfa_offset 8
 367              		.cfi_offset 4, -8
 368              		.cfi_offset 14, -4
 369 0008 074C     		ldr	r4, .L49+4
 370              		.loc 1 152 0
 371 000a 05DD     		ble	.L45
 372              		.loc 1 152 0 is_stmt 0 discriminator 1
 373 000c 2168     		ldr	r1, [r4, #0]
 374 000e 0029     		cmp	r1, #0
 375 0010 02DD     		ble	.L45
 376              	.L46:
 377              		.loc 1 154 0 is_stmt 1
 378 0012 0020     		movs	r0, #0
 379 0014 2060     		str	r0, [r4, #0]
 380 0016 10BD     		pop	{r4, pc}
 381              	.L45:
 382              	.LVL12:
 383              	.LBB46:
 384              	.LBB47:
 385              		.loc 1 273 0
 386 0018 044A     		ldr	r2, .L49+8
 387 001a 054B     		ldr	r3, .L49+12
 388 001c 1A60     		str	r2, [r3, #0]
 389              		.loc 1 274 0
 390 001e FFF7FEFF 		bl	port_halt
 391              	.LVL13:
 392 0022 F6E7     		b	.L46
 393              	.L50:
 394              		.align	2
ARM GAS  C:\Users\Elis\AppData\Local\Temp\ccvUx7UK.s 			page 8


 395              	.L49:
 396 0024 00000000 		.word	.LANCHOR0
 397 0028 00000000 		.word	.LANCHOR1
 398 002c 30000000 		.word	.LC6
 399 0030 00000000 		.word	.LANCHOR2
 400              	.LBE47:
 401              	.LBE46:
 402              		.cfi_endproc
 403              	.LFE13:
 404              		.size	dbg_check_unlock_from_isr, .-dbg_check_unlock_from_isr
 405 0034 AFF30080 		.section	.text.dbg_check_enter_isr,"ax",%progbits
 405      AFF30080 
 405      AFF30080 
 406              		.align	2
 407              		.p2align 4,,15
 408              		.global	dbg_check_enter_isr
 409              		.thumb
 410              		.thumb_func
 411              		.type	dbg_check_enter_isr, %function
 412              	dbg_check_enter_isr:
 413              	.LFB14:
 414              		.loc 1 162 0
 415              		.cfi_startproc
 416              		@ args = 0, pretend = 0, frame = 0
 417              		@ frame_needed = 0, uses_anonymous_args = 0
 418 0000 10B5     		push	{r4, lr}
 419              	.LCFI4:
 420              		.cfi_def_cfa_offset 8
 421              		.cfi_offset 4, -8
 422              		.cfi_offset 14, -4
 423              	.LBB48:
 424              		.loc 1 164 0
 425 0002 2023     		movs	r3, #32
 426              	.LVL14:
 427              	@ 164 "../../chibios/os/kernel/src/chdebug.c" 1
 428 0004 83F31188 		msr     BASEPRI, r3
 429              	@ 0 "" 2
 430              	.LVL15:
 431              		.thumb
 432              	.LBE48:
 433              		.loc 1 165 0
 434 0008 094C     		ldr	r4, .L57
 435 000a 2168     		ldr	r1, [r4, #0]
 436 000c 0029     		cmp	r1, #0
 437 000e 02DB     		blt	.L52
 438              		.loc 1 165 0 is_stmt 0 discriminator 1
 439 0010 084A     		ldr	r2, .L57+4
 440 0012 1068     		ldr	r0, [r2, #0]
 441 0014 28B1     		cbz	r0, .L53
 442              	.L52:
 443              	.LVL16:
 444              	.LBB49:
 445              	.LBB50:
 446              		.loc 1 273 0 is_stmt 1
 447 0016 0849     		ldr	r1, .L57+8
 448 0018 084B     		ldr	r3, .L57+12
 449              	.LVL17:
ARM GAS  C:\Users\Elis\AppData\Local\Temp\ccvUx7UK.s 			page 9


 450 001a 1960     		str	r1, [r3, #0]
 451              		.loc 1 274 0
 452 001c FFF7FEFF 		bl	port_halt
 453              	.LVL18:
 454 0020 2168     		ldr	r1, [r4, #0]
 455              	.LVL19:
 456              	.L53:
 457              	.LBE50:
 458              	.LBE49:
 459              		.loc 1 167 0
 460 0022 4A1C     		adds	r2, r1, #1
 461 0024 2260     		str	r2, [r4, #0]
 462              	.LBB51:
 463              		.loc 1 168 0
 464 0026 0023     		movs	r3, #0
 465              	.LVL20:
 466              	@ 168 "../../chibios/os/kernel/src/chdebug.c" 1
 467 0028 83F31188 		msr     BASEPRI, r3
 468              	@ 0 "" 2
 469              	.LVL21:
 470              		.thumb
 471 002c 10BD     		pop	{r4, pc}
 472              	.L58:
 473 002e 00BF     		.align	2
 474              	.L57:
 475 0030 00000000 		.word	.LANCHOR0
 476 0034 00000000 		.word	.LANCHOR1
 477 0038 38000000 		.word	.LC7
 478 003c 00000000 		.word	.LANCHOR2
 479              	.LBE51:
 480              		.cfi_endproc
 481              	.LFE14:
 482              		.size	dbg_check_enter_isr, .-dbg_check_enter_isr
 483              		.section	.text.dbg_check_leave_isr,"ax",%progbits
 484              		.align	2
 485              		.p2align 4,,15
 486              		.global	dbg_check_leave_isr
 487              		.thumb
 488              		.thumb_func
 489              		.type	dbg_check_leave_isr, %function
 490              	dbg_check_leave_isr:
 491              	.LFB15:
 492              		.loc 1 176 0
 493              		.cfi_startproc
 494              		@ args = 0, pretend = 0, frame = 0
 495              		@ frame_needed = 0, uses_anonymous_args = 0
 496 0000 10B5     		push	{r4, lr}
 497              	.LCFI5:
 498              		.cfi_def_cfa_offset 8
 499              		.cfi_offset 4, -8
 500              		.cfi_offset 14, -4
 501              	.LBB52:
 502              		.loc 1 178 0
 503 0002 2023     		movs	r3, #32
 504              	.LVL22:
 505              	@ 178 "../../chibios/os/kernel/src/chdebug.c" 1
 506 0004 83F31188 		msr     BASEPRI, r3
ARM GAS  C:\Users\Elis\AppData\Local\Temp\ccvUx7UK.s 			page 10


 507              	@ 0 "" 2
 508              	.LVL23:
 509              		.thumb
 510              	.LBE52:
 511              		.loc 1 179 0
 512 0008 094C     		ldr	r4, .L65
 513 000a 2168     		ldr	r1, [r4, #0]
 514 000c 0029     		cmp	r1, #0
 515 000e 02DD     		ble	.L60
 516              		.loc 1 179 0 is_stmt 0 discriminator 1
 517 0010 084A     		ldr	r2, .L65+4
 518 0012 1068     		ldr	r0, [r2, #0]
 519 0014 28B1     		cbz	r0, .L61
 520              	.L60:
 521              	.LVL24:
 522              	.LBB53:
 523              	.LBB54:
 524              		.loc 1 273 0 is_stmt 1
 525 0016 0849     		ldr	r1, .L65+8
 526 0018 084B     		ldr	r3, .L65+12
 527              	.LVL25:
 528 001a 1960     		str	r1, [r3, #0]
 529              		.loc 1 274 0
 530 001c FFF7FEFF 		bl	port_halt
 531              	.LVL26:
 532 0020 2168     		ldr	r1, [r4, #0]
 533              	.LVL27:
 534              	.L61:
 535              	.LBE54:
 536              	.LBE53:
 537              		.loc 1 181 0
 538 0022 4A1E     		subs	r2, r1, #1
 539 0024 2260     		str	r2, [r4, #0]
 540              	.LBB55:
 541              		.loc 1 182 0
 542 0026 0023     		movs	r3, #0
 543              	.LVL28:
 544              	@ 182 "../../chibios/os/kernel/src/chdebug.c" 1
 545 0028 83F31188 		msr     BASEPRI, r3
 546              	@ 0 "" 2
 547              	.LVL29:
 548              		.thumb
 549 002c 10BD     		pop	{r4, pc}
 550              	.L66:
 551 002e 00BF     		.align	2
 552              	.L65:
 553 0030 00000000 		.word	.LANCHOR0
 554 0034 00000000 		.word	.LANCHOR1
 555 0038 40000000 		.word	.LC8
 556 003c 00000000 		.word	.LANCHOR2
 557              	.LBE55:
 558              		.cfi_endproc
 559              	.LFE15:
 560              		.size	dbg_check_leave_isr, .-dbg_check_leave_isr
 561              		.section	.text.chDbgCheckClassI,"ax",%progbits
 562              		.align	2
 563              		.p2align 4,,15
ARM GAS  C:\Users\Elis\AppData\Local\Temp\ccvUx7UK.s 			page 11


 564              		.global	chDbgCheckClassI
 565              		.thumb
 566              		.thumb_func
 567              		.type	chDbgCheckClassI, %function
 568              	chDbgCheckClassI:
 569              	.LFB16:
 570              		.loc 1 193 0
 571              		.cfi_startproc
 572              		@ args = 0, pretend = 0, frame = 0
 573              		@ frame_needed = 0, uses_anonymous_args = 0
 574              		@ link register save eliminated.
 575              		.loc 1 195 0
 576 0000 064B     		ldr	r3, .L70
 577 0002 1868     		ldr	r0, [r3, #0]
 578 0004 0028     		cmp	r0, #0
 579 0006 04DB     		blt	.L68
 580              		.loc 1 195 0 is_stmt 0 discriminator 1
 581 0008 0549     		ldr	r1, .L70+4
 582 000a 0A68     		ldr	r2, [r1, #0]
 583 000c 002A     		cmp	r2, #0
 584 000e 00DD     		ble	.L68
 585 0010 7047     		bx	lr
 586              	.L68:
 587              	.LVL30:
 588              	.LBB56:
 589              	.LBB57:
 590              		.loc 1 273 0 is_stmt 1
 591 0012 0448     		ldr	r0, .L70+8
 592 0014 044B     		ldr	r3, .L70+12
 593 0016 1860     		str	r0, [r3, #0]
 594              	.LBE57:
 595              	.LBE56:
 596              		.loc 1 197 0
 597              	.LBB59:
 598              	.LBB58:
 599              		.loc 1 274 0
 600 0018 FFF7FEBF 		b	port_halt
 601              	.LVL31:
 602              	.L71:
 603              		.align	2
 604              	.L70:
 605 001c 00000000 		.word	.LANCHOR0
 606 0020 00000000 		.word	.LANCHOR1
 607 0024 48000000 		.word	.LC9
 608 0028 00000000 		.word	.LANCHOR2
 609              	.LBE58:
 610              	.LBE59:
 611              		.cfi_endproc
 612              	.LFE16:
 613              		.size	chDbgCheckClassI, .-chDbgCheckClassI
 614 002c AFF30080 		.section	.text.chDbgCheckClassS,"ax",%progbits
 615              		.align	2
 616              		.p2align 4,,15
 617              		.global	chDbgCheckClassS
 618              		.thumb
 619              		.thumb_func
 620              		.type	chDbgCheckClassS, %function
ARM GAS  C:\Users\Elis\AppData\Local\Temp\ccvUx7UK.s 			page 12


 621              	chDbgCheckClassS:
 622              	.LFB17:
 623              		.loc 1 207 0
 624              		.cfi_startproc
 625              		@ args = 0, pretend = 0, frame = 0
 626              		@ frame_needed = 0, uses_anonymous_args = 0
 627              		@ link register save eliminated.
 628              		.loc 1 209 0
 629 0000 064B     		ldr	r3, .L75
 630 0002 1868     		ldr	r0, [r3, #0]
 631 0004 20B9     		cbnz	r0, .L73
 632              		.loc 1 209 0 is_stmt 0 discriminator 1
 633 0006 0649     		ldr	r1, .L75+4
 634 0008 0A68     		ldr	r2, [r1, #0]
 635 000a 002A     		cmp	r2, #0
 636 000c 00DD     		ble	.L73
 637 000e 7047     		bx	lr
 638              	.L73:
 639              	.LVL32:
 640              	.LBB60:
 641              	.LBB61:
 642              		.loc 1 273 0 is_stmt 1
 643 0010 0448     		ldr	r0, .L75+8
 644 0012 054B     		ldr	r3, .L75+12
 645 0014 1860     		str	r0, [r3, #0]
 646              	.LBE61:
 647              	.LBE60:
 648              		.loc 1 211 0
 649              	.LBB63:
 650              	.LBB62:
 651              		.loc 1 274 0
 652 0016 FFF7FEBF 		b	port_halt
 653              	.LVL33:
 654              	.L76:
 655 001a 00BF     		.align	2
 656              	.L75:
 657 001c 00000000 		.word	.LANCHOR0
 658 0020 00000000 		.word	.LANCHOR1
 659 0024 50000000 		.word	.LC10
 660 0028 00000000 		.word	.LANCHOR2
 661              	.LBE62:
 662              	.LBE63:
 663              		.cfi_endproc
 664              	.LFE17:
 665              		.size	chDbgCheckClassS, .-chDbgCheckClassS
 666 002c AFF30080 		.section	.text.chDbgPanic,"ax",%progbits
 667              		.align	2
 668              		.p2align 4,,15
 669              		.global	chDbgPanic
 670              		.thumb
 671              		.thumb_func
 672              		.type	chDbgPanic, %function
 673              	chDbgPanic:
 674              	.LFB18:
 675              		.loc 1 271 0
 676              		.cfi_startproc
 677              		@ args = 0, pretend = 0, frame = 0
ARM GAS  C:\Users\Elis\AppData\Local\Temp\ccvUx7UK.s 			page 13


 678              		@ frame_needed = 0, uses_anonymous_args = 0
 679              		@ link register save eliminated.
 680              	.LVL34:
 681              		.loc 1 273 0
 682 0000 40F20003 		movw	r3, #:lower16:.LANCHOR2
 683 0004 C0F20003 		movt	r3, #:upper16:.LANCHOR2
 684 0008 1860     		str	r0, [r3, #0]
 685              		.loc 1 275 0
 686              		.loc 1 274 0
 687 000a FFF7FEBF 		b	port_halt
 688              	.LVL35:
 689              		.cfi_endproc
 690              	.LFE18:
 691              		.size	chDbgPanic, .-chDbgPanic
 692              		.global	dbg_panic_msg
 693              		.global	dbg_lock_cnt
 694              		.global	dbg_isr_cnt
 695 000e 00BF     		.section	.bss.dbg_isr_cnt,"aw",%nobits
 696              		.align	2
 697              		.set	.LANCHOR0,. + 0
 698              		.type	dbg_isr_cnt, %object
 699              		.size	dbg_isr_cnt, 4
 700              	dbg_isr_cnt:
 701 0000 00000000 		.space	4
 702              		.section	.rodata.str1.4,"aMS",%progbits,1
 703              		.align	2
 704              	.LC0:
 705 0000 53562331 		.ascii	"SV#1\000"
 705      00
 706 0005 000000   		.space	3
 707              	.LC1:
 708 0008 53562332 		.ascii	"SV#2\000"
 708      00
 709 000d 000000   		.space	3
 710              	.LC2:
 711 0010 53562333 		.ascii	"SV#3\000"
 711      00
 712 0015 000000   		.space	3
 713              	.LC3:
 714 0018 53562334 		.ascii	"SV#4\000"
 714      00
 715 001d 000000   		.space	3
 716              	.LC4:
 717 0020 53562335 		.ascii	"SV#5\000"
 717      00
 718 0025 000000   		.space	3
 719              	.LC5:
 720 0028 53562336 		.ascii	"SV#6\000"
 720      00
 721 002d 000000   		.space	3
 722              	.LC6:
 723 0030 53562337 		.ascii	"SV#7\000"
 723      00
 724 0035 000000   		.space	3
 725              	.LC7:
 726 0038 53562338 		.ascii	"SV#8\000"
 726      00
ARM GAS  C:\Users\Elis\AppData\Local\Temp\ccvUx7UK.s 			page 14


 727 003d 000000   		.space	3
 728              	.LC8:
 729 0040 53562339 		.ascii	"SV#9\000"
 729      00
 730 0045 000000   		.space	3
 731              	.LC9:
 732 0048 53562331 		.ascii	"SV#10\000"
 732      3000
 733 004e 0000     		.space	2
 734              	.LC10:
 735 0050 53562331 		.ascii	"SV#11\000"
 735      3100
 736 0056 0000     		.section	.bss.dbg_lock_cnt,"aw",%nobits
 737              		.align	2
 738              		.set	.LANCHOR1,. + 0
 739              		.type	dbg_lock_cnt, %object
 740              		.size	dbg_lock_cnt, 4
 741              	dbg_lock_cnt:
 742 0000 00000000 		.space	4
 743              		.section	.bss.dbg_panic_msg,"aw",%nobits
 744              		.align	2
 745              		.set	.LANCHOR2,. + 0
 746              		.type	dbg_panic_msg, %object
 747              		.size	dbg_panic_msg, 4
 748              	dbg_panic_msg:
 749 0000 00000000 		.space	4
 750              		.text
 751              	.Letext0:
 752              		.file 2 "c:\\chibistudio\\tools\\gnu tools arm embedded\\4.7 2014q2\\bin\\../lib/gcc/arm-none-eabi
 753              		.file 3 "../../chibios/os/ports/GCC/ARMCMx/chtypes.h"
 754              		.file 4 "../../chibios/os/ports/GCC/ARMCMx/chcore_v7m.h"
 755              		.section	.debug_info,"",%progbits
 756              	.Ldebug_info0:
 757 0000 53040000 		.4byte	0x453
 758 0004 0200     		.2byte	0x2
 759 0006 00000000 		.4byte	.Ldebug_abbrev0
 760 000a 04       		.byte	0x4
 761 000b 01       		.uleb128 0x1
 762 000c 81010000 		.4byte	.LASF29
 763 0010 01       		.byte	0x1
 764 0011 EC010000 		.4byte	.LASF30
 765 0015 4B000000 		.4byte	.LASF31
 766 0019 78000000 		.4byte	.Ldebug_ranges0+0x78
 767 001d 00000000 		.4byte	0
 768 0021 00000000 		.4byte	0
 769 0025 00000000 		.4byte	.Ldebug_line0
 770 0029 02       		.uleb128 0x2
 771 002a 04       		.byte	0x4
 772 002b 05       		.byte	0x5
 773 002c 696E7400 		.ascii	"int\000"
 774 0030 03       		.uleb128 0x3
 775 0031 04       		.byte	0x4
 776 0032 07       		.byte	0x7
 777 0033 05010000 		.4byte	.LASF0
 778 0037 03       		.uleb128 0x3
 779 0038 01       		.byte	0x1
 780 0039 06       		.byte	0x6
ARM GAS  C:\Users\Elis\AppData\Local\Temp\ccvUx7UK.s 			page 15


 781 003a 35020000 		.4byte	.LASF1
 782 003e 03       		.uleb128 0x3
 783 003f 01       		.byte	0x1
 784 0040 08       		.byte	0x8
 785 0041 AA000000 		.4byte	.LASF2
 786 0045 03       		.uleb128 0x3
 787 0046 02       		.byte	0x2
 788 0047 05       		.byte	0x5
 789 0048 E2010000 		.4byte	.LASF3
 790 004c 03       		.uleb128 0x3
 791 004d 02       		.byte	0x2
 792 004e 07       		.byte	0x7
 793 004f D8000000 		.4byte	.LASF4
 794 0053 04       		.uleb128 0x4
 795 0054 5D010000 		.4byte	.LASF6
 796 0058 02       		.byte	0x2
 797 0059 4F       		.byte	0x4f
 798 005a 5E000000 		.4byte	0x5e
 799 005e 03       		.uleb128 0x3
 800 005f 04       		.byte	0x4
 801 0060 05       		.byte	0x5
 802 0061 2C020000 		.4byte	.LASF5
 803 0065 04       		.uleb128 0x4
 804 0066 23020000 		.4byte	.LASF7
 805 006a 02       		.byte	0x2
 806 006b 50       		.byte	0x50
 807 006c 70000000 		.4byte	0x70
 808 0070 03       		.uleb128 0x3
 809 0071 04       		.byte	0x4
 810 0072 07       		.byte	0x7
 811 0073 C6000000 		.4byte	.LASF8
 812 0077 03       		.uleb128 0x3
 813 0078 08       		.byte	0x8
 814 0079 05       		.byte	0x5
 815 007a 6E010000 		.4byte	.LASF9
 816 007e 03       		.uleb128 0x3
 817 007f 08       		.byte	0x8
 818 0080 07       		.byte	0x7
 819 0081 1E010000 		.4byte	.LASF10
 820 0085 03       		.uleb128 0x3
 821 0086 01       		.byte	0x1
 822 0087 02       		.byte	0x2
 823 0088 20000000 		.4byte	.LASF11
 824 008c 04       		.uleb128 0x4
 825 008d 4D010000 		.4byte	.LASF12
 826 0091 03       		.byte	0x3
 827 0092 36       		.byte	0x36
 828 0093 53000000 		.4byte	0x53
 829 0097 03       		.uleb128 0x3
 830 0098 04       		.byte	0x4
 831 0099 07       		.byte	0x7
 832 009a 65010000 		.4byte	.LASF13
 833 009e 05       		.uleb128 0x5
 834 009f 04       		.byte	0x4
 835 00a0 A4000000 		.4byte	0xa4
 836 00a4 06       		.uleb128 0x6
 837 00a5 A9000000 		.4byte	0xa9
ARM GAS  C:\Users\Elis\AppData\Local\Temp\ccvUx7UK.s 			page 16


 838 00a9 03       		.uleb128 0x3
 839 00aa 01       		.byte	0x1
 840 00ab 08       		.byte	0x8
 841 00ac 7C010000 		.4byte	.LASF14
 842 00b0 07       		.uleb128 0x7
 843 00b1 01       		.byte	0x1
 844 00b2 CA010000 		.4byte	.LASF32
 845 00b6 01       		.byte	0x1
 846 00b7 0F01     		.2byte	0x10f
 847 00b9 01       		.byte	0x1
 848 00ba 01       		.byte	0x1
 849 00bb CC000000 		.4byte	0xcc
 850 00bf 08       		.uleb128 0x8
 851 00c0 6D736700 		.ascii	"msg\000"
 852 00c4 01       		.byte	0x1
 853 00c5 0F01     		.2byte	0x10f
 854 00c7 9E000000 		.4byte	0x9e
 855 00cb 00       		.byte	0
 856 00cc 09       		.uleb128 0x9
 857 00cd 01       		.byte	0x1
 858 00ce 41020000 		.4byte	.LASF15
 859 00d2 01       		.byte	0x1
 860 00d3 51       		.byte	0x51
 861 00d4 01       		.byte	0x1
 862 00d5 00000000 		.4byte	.LFB7
 863 00d9 28000000 		.4byte	.LFE7
 864 00dd 02       		.byte	0x2
 865 00de 7D       		.byte	0x7d
 866 00df 00       		.sleb128 0
 867 00e0 01       		.byte	0x1
 868 00e1 09010000 		.4byte	0x109
 869 00e5 0A       		.uleb128 0xa
 870 00e6 B0000000 		.4byte	0xb0
 871 00ea 0C000000 		.4byte	.LBB28
 872 00ee 00000000 		.4byte	.Ldebug_ranges0+0
 873 00f2 01       		.byte	0x1
 874 00f3 54       		.byte	0x54
 875 00f4 0B       		.uleb128 0xb
 876 00f5 BF000000 		.4byte	0xbf
 877 00f9 00000000 		.4byte	.LLST0
 878 00fd 0C       		.uleb128 0xc
 879 00fe 16000000 		.4byte	.LVL1
 880 0102 01       		.byte	0x1
 881 0103 4B040000 		.4byte	0x44b
 882 0107 00       		.byte	0
 883 0108 00       		.byte	0
 884 0109 09       		.uleb128 0x9
 885 010a 01       		.byte	0x1
 886 010b 98000000 		.4byte	.LASF16
 887 010f 01       		.byte	0x1
 888 0110 5C       		.byte	0x5c
 889 0111 01       		.byte	0x1
 890 0112 00000000 		.4byte	.LFB8
 891 0116 28000000 		.4byte	.LFE8
 892 011a 02       		.byte	0x2
 893 011b 7D       		.byte	0x7d
 894 011c 00       		.sleb128 0
ARM GAS  C:\Users\Elis\AppData\Local\Temp\ccvUx7UK.s 			page 17


 895 011d 01       		.byte	0x1
 896 011e 46010000 		.4byte	0x146
 897 0122 0A       		.uleb128 0xa
 898 0123 B0000000 		.4byte	0xb0
 899 0127 0C000000 		.4byte	.LBB32
 900 012b 18000000 		.4byte	.Ldebug_ranges0+0x18
 901 012f 01       		.byte	0x1
 902 0130 5F       		.byte	0x5f
 903 0131 0B       		.uleb128 0xb
 904 0132 BF000000 		.4byte	0xbf
 905 0136 18000000 		.4byte	.LLST1
 906 013a 0C       		.uleb128 0xc
 907 013b 16000000 		.4byte	.LVL3
 908 013f 01       		.byte	0x1
 909 0140 4B040000 		.4byte	0x44b
 910 0144 00       		.byte	0
 911 0145 00       		.byte	0
 912 0146 09       		.uleb128 0x9
 913 0147 01       		.byte	0x1
 914 0148 12020000 		.4byte	.LASF17
 915 014c 01       		.byte	0x1
 916 014d 67       		.byte	0x67
 917 014e 01       		.byte	0x1
 918 014f 00000000 		.4byte	.LFB9
 919 0153 28000000 		.4byte	.LFE9
 920 0157 02       		.byte	0x2
 921 0158 7D       		.byte	0x7d
 922 0159 00       		.sleb128 0
 923 015a 01       		.byte	0x1
 924 015b 83010000 		.4byte	0x183
 925 015f 0A       		.uleb128 0xa
 926 0160 B0000000 		.4byte	0xb0
 927 0164 0C000000 		.4byte	.LBB36
 928 0168 30000000 		.4byte	.Ldebug_ranges0+0x30
 929 016c 01       		.byte	0x1
 930 016d 6A       		.byte	0x6a
 931 016e 0B       		.uleb128 0xb
 932 016f BF000000 		.4byte	0xbf
 933 0173 30000000 		.4byte	.LLST2
 934 0177 0C       		.uleb128 0xc
 935 0178 16000000 		.4byte	.LVL5
 936 017c 01       		.byte	0x1
 937 017d 4B040000 		.4byte	0x44b
 938 0181 00       		.byte	0
 939 0182 00       		.byte	0
 940 0183 0D       		.uleb128 0xd
 941 0184 01       		.byte	0x1
 942 0185 11000000 		.4byte	.LASF18
 943 0189 01       		.byte	0x1
 944 018a 72       		.byte	0x72
 945 018b 01       		.byte	0x1
 946 018c 00000000 		.4byte	.LFB10
 947 0190 30000000 		.4byte	.LFE10
 948 0194 48000000 		.4byte	.LLST3
 949 0198 01       		.byte	0x1
 950 0199 C0010000 		.4byte	0x1c0
 951 019d 0E       		.uleb128 0xe
ARM GAS  C:\Users\Elis\AppData\Local\Temp\ccvUx7UK.s 			page 18


 952 019e B0000000 		.4byte	0xb0
 953 01a2 0E000000 		.4byte	.LBB40
 954 01a6 18000000 		.4byte	.LBE40
 955 01aa 01       		.byte	0x1
 956 01ab 75       		.byte	0x75
 957 01ac 0B       		.uleb128 0xb
 958 01ad BF000000 		.4byte	0xbf
 959 01b1 68000000 		.4byte	.LLST4
 960 01b5 0F       		.uleb128 0xf
 961 01b6 18000000 		.4byte	.LVL7
 962 01ba 4B040000 		.4byte	0x44b
 963 01be 00       		.byte	0
 964 01bf 00       		.byte	0
 965 01c0 0D       		.uleb128 0xd
 966 01c1 01       		.byte	0x1
 967 01c2 00000000 		.4byte	.LASF19
 968 01c6 01       		.byte	0x1
 969 01c7 7E       		.byte	0x7e
 970 01c8 01       		.byte	0x1
 971 01c9 00000000 		.4byte	.LFB11
 972 01cd 34000000 		.4byte	.LFE11
 973 01d1 80000000 		.4byte	.LLST5
 974 01d5 01       		.byte	0x1
 975 01d6 00020000 		.4byte	0x200
 976 01da 0E       		.uleb128 0xe
 977 01db B0000000 		.4byte	0xb0
 978 01df 16000000 		.4byte	.LBB42
 979 01e3 34000000 		.4byte	.LBE42
 980 01e7 01       		.byte	0x1
 981 01e8 81       		.byte	0x81
 982 01e9 10       		.uleb128 0x10
 983 01ea BF000000 		.4byte	0xbf
 984 01ee 06       		.byte	0x6
 985 01ef 03       		.byte	0x3
 986 01f0 20000000 		.4byte	.LC4
 987 01f4 9F       		.byte	0x9f
 988 01f5 0F       		.uleb128 0xf
 989 01f6 20000000 		.4byte	.LVL9
 990 01fa 4B040000 		.4byte	0x44b
 991 01fe 00       		.byte	0
 992 01ff 00       		.byte	0
 993 0200 0D       		.uleb128 0xd
 994 0201 01       		.byte	0x1
 995 0202 35010000 		.4byte	.LASF20
 996 0206 01       		.byte	0x1
 997 0207 8A       		.byte	0x8a
 998 0208 01       		.byte	0x1
 999 0209 00000000 		.4byte	.LFB12
 1000 020d 30000000 		.4byte	.LFE12
 1001 0211 A0000000 		.4byte	.LLST6
 1002 0215 01       		.byte	0x1
 1003 0216 3D020000 		.4byte	0x23d
 1004 021a 0E       		.uleb128 0xe
 1005 021b B0000000 		.4byte	0xb0
 1006 021f 10000000 		.4byte	.LBB44
 1007 0223 1A000000 		.4byte	.LBE44
 1008 0227 01       		.byte	0x1
ARM GAS  C:\Users\Elis\AppData\Local\Temp\ccvUx7UK.s 			page 19


 1009 0228 8D       		.byte	0x8d
 1010 0229 0B       		.uleb128 0xb
 1011 022a BF000000 		.4byte	0xbf
 1012 022e C0000000 		.4byte	.LLST7
 1013 0232 0F       		.uleb128 0xf
 1014 0233 1A000000 		.4byte	.LVL11
 1015 0237 4B040000 		.4byte	0x44b
 1016 023b 00       		.byte	0
 1017 023c 00       		.byte	0
 1018 023d 0D       		.uleb128 0xd
 1019 023e 01       		.byte	0x1
 1020 023f EB000000 		.4byte	.LASF21
 1021 0243 01       		.byte	0x1
 1022 0244 96       		.byte	0x96
 1023 0245 01       		.byte	0x1
 1024 0246 00000000 		.4byte	.LFB13
 1025 024a 34000000 		.4byte	.LFE13
 1026 024e D8000000 		.4byte	.LLST8
 1027 0252 01       		.byte	0x1
 1028 0253 7D020000 		.4byte	0x27d
 1029 0257 0E       		.uleb128 0xe
 1030 0258 B0000000 		.4byte	0xb0
 1031 025c 18000000 		.4byte	.LBB46
 1032 0260 34000000 		.4byte	.LBE46
 1033 0264 01       		.byte	0x1
 1034 0265 99       		.byte	0x99
 1035 0266 10       		.uleb128 0x10
 1036 0267 BF000000 		.4byte	0xbf
 1037 026b 06       		.byte	0x6
 1038 026c 03       		.byte	0x3
 1039 026d 30000000 		.4byte	.LC6
 1040 0271 9F       		.byte	0x9f
 1041 0272 0F       		.uleb128 0xf
 1042 0273 22000000 		.4byte	.LVL13
 1043 0277 4B040000 		.4byte	0x44b
 1044 027b 00       		.byte	0
 1045 027c 00       		.byte	0
 1046 027d 0D       		.uleb128 0xd
 1047 027e 01       		.byte	0x1
 1048 027f 73000000 		.4byte	.LASF22
 1049 0283 01       		.byte	0x1
 1050 0284 A2       		.byte	0xa2
 1051 0285 01       		.byte	0x1
 1052 0286 00000000 		.4byte	.LFB14
 1053 028a 40000000 		.4byte	.LFE14
 1054 028e F8000000 		.4byte	.LLST9
 1055 0292 01       		.byte	0x1
 1056 0293 F4020000 		.4byte	0x2f4
 1057 0297 11       		.uleb128 0x11
 1058 0298 02000000 		.4byte	.LBB48
 1059 029c 08000000 		.4byte	.LBE48
 1060 02a0 B4020000 		.4byte	0x2b4
 1061 02a4 12       		.uleb128 0x12
 1062 02a5 746D7000 		.ascii	"tmp\000"
 1063 02a9 01       		.byte	0x1
 1064 02aa A4       		.byte	0xa4
 1065 02ab 65000000 		.4byte	0x65
ARM GAS  C:\Users\Elis\AppData\Local\Temp\ccvUx7UK.s 			page 20


 1066 02af 18010000 		.4byte	.LLST10
 1067 02b3 00       		.byte	0
 1068 02b4 13       		.uleb128 0x13
 1069 02b5 B0000000 		.4byte	0xb0
 1070 02b9 16000000 		.4byte	.LBB49
 1071 02bd 22000000 		.4byte	.LBE49
 1072 02c1 01       		.byte	0x1
 1073 02c2 A6       		.byte	0xa6
 1074 02c3 DA020000 		.4byte	0x2da
 1075 02c7 0B       		.uleb128 0xb
 1076 02c8 BF000000 		.4byte	0xbf
 1077 02cc 36010000 		.4byte	.LLST11
 1078 02d0 0F       		.uleb128 0xf
 1079 02d1 20000000 		.4byte	.LVL18
 1080 02d5 4B040000 		.4byte	0x44b
 1081 02d9 00       		.byte	0
 1082 02da 14       		.uleb128 0x14
 1083 02db 26000000 		.4byte	.LBB51
 1084 02df 40000000 		.4byte	.LBE51
 1085 02e3 12       		.uleb128 0x12
 1086 02e4 746D7000 		.ascii	"tmp\000"
 1087 02e8 01       		.byte	0x1
 1088 02e9 A8       		.byte	0xa8
 1089 02ea 65000000 		.4byte	0x65
 1090 02ee 4E010000 		.4byte	.LLST12
 1091 02f2 00       		.byte	0
 1092 02f3 00       		.byte	0
 1093 02f4 0D       		.uleb128 0xd
 1094 02f5 01       		.byte	0x1
 1095 02f6 26000000 		.4byte	.LASF23
 1096 02fa 01       		.byte	0x1
 1097 02fb B0       		.byte	0xb0
 1098 02fc 01       		.byte	0x1
 1099 02fd 00000000 		.4byte	.LFB15
 1100 0301 40000000 		.4byte	.LFE15
 1101 0305 61010000 		.4byte	.LLST13
 1102 0309 01       		.byte	0x1
 1103 030a 6B030000 		.4byte	0x36b
 1104 030e 11       		.uleb128 0x11
 1105 030f 02000000 		.4byte	.LBB52
 1106 0313 08000000 		.4byte	.LBE52
 1107 0317 2B030000 		.4byte	0x32b
 1108 031b 12       		.uleb128 0x12
 1109 031c 746D7000 		.ascii	"tmp\000"
 1110 0320 01       		.byte	0x1
 1111 0321 B2       		.byte	0xb2
 1112 0322 65000000 		.4byte	0x65
 1113 0326 81010000 		.4byte	.LLST14
 1114 032a 00       		.byte	0
 1115 032b 13       		.uleb128 0x13
 1116 032c B0000000 		.4byte	0xb0
 1117 0330 16000000 		.4byte	.LBB53
 1118 0334 22000000 		.4byte	.LBE53
 1119 0338 01       		.byte	0x1
 1120 0339 B4       		.byte	0xb4
 1121 033a 51030000 		.4byte	0x351
 1122 033e 0B       		.uleb128 0xb
ARM GAS  C:\Users\Elis\AppData\Local\Temp\ccvUx7UK.s 			page 21


 1123 033f BF000000 		.4byte	0xbf
 1124 0343 9F010000 		.4byte	.LLST15
 1125 0347 0F       		.uleb128 0xf
 1126 0348 20000000 		.4byte	.LVL26
 1127 034c 4B040000 		.4byte	0x44b
 1128 0350 00       		.byte	0
 1129 0351 14       		.uleb128 0x14
 1130 0352 26000000 		.4byte	.LBB55
 1131 0356 40000000 		.4byte	.LBE55
 1132 035a 12       		.uleb128 0x12
 1133 035b 746D7000 		.ascii	"tmp\000"
 1134 035f 01       		.byte	0x1
 1135 0360 B6       		.byte	0xb6
 1136 0361 65000000 		.4byte	0x65
 1137 0365 B7010000 		.4byte	.LLST16
 1138 0369 00       		.byte	0
 1139 036a 00       		.byte	0
 1140 036b 09       		.uleb128 0x9
 1141 036c 01       		.byte	0x1
 1142 036d 3A000000 		.4byte	.LASF24
 1143 0371 01       		.byte	0x1
 1144 0372 C1       		.byte	0xc1
 1145 0373 01       		.byte	0x1
 1146 0374 00000000 		.4byte	.LFB16
 1147 0378 2C000000 		.4byte	.LFE16
 1148 037c 02       		.byte	0x2
 1149 037d 7D       		.byte	0x7d
 1150 037e 00       		.sleb128 0
 1151 037f 01       		.byte	0x1
 1152 0380 AB030000 		.4byte	0x3ab
 1153 0384 0A       		.uleb128 0xa
 1154 0385 B0000000 		.4byte	0xb0
 1155 0389 12000000 		.4byte	.LBB56
 1156 038d 48000000 		.4byte	.Ldebug_ranges0+0x48
 1157 0391 01       		.byte	0x1
 1158 0392 C4       		.byte	0xc4
 1159 0393 10       		.uleb128 0x10
 1160 0394 BF000000 		.4byte	0xbf
 1161 0398 06       		.byte	0x6
 1162 0399 03       		.byte	0x3
 1163 039a 48000000 		.4byte	.LC9
 1164 039e 9F       		.byte	0x9f
 1165 039f 0C       		.uleb128 0xc
 1166 03a0 1C000000 		.4byte	.LVL31
 1167 03a4 01       		.byte	0x1
 1168 03a5 4B040000 		.4byte	0x44b
 1169 03a9 00       		.byte	0
 1170 03aa 00       		.byte	0
 1171 03ab 09       		.uleb128 0x9
 1172 03ac 01       		.byte	0x1
 1173 03ad 87000000 		.4byte	.LASF25
 1174 03b1 01       		.byte	0x1
 1175 03b2 CF       		.byte	0xcf
 1176 03b3 01       		.byte	0x1
 1177 03b4 00000000 		.4byte	.LFB17
 1178 03b8 2C000000 		.4byte	.LFE17
 1179 03bc 02       		.byte	0x2
ARM GAS  C:\Users\Elis\AppData\Local\Temp\ccvUx7UK.s 			page 22


 1180 03bd 7D       		.byte	0x7d
 1181 03be 00       		.sleb128 0
 1182 03bf 01       		.byte	0x1
 1183 03c0 EB030000 		.4byte	0x3eb
 1184 03c4 0A       		.uleb128 0xa
 1185 03c5 B0000000 		.4byte	0xb0
 1186 03c9 10000000 		.4byte	.LBB60
 1187 03cd 60000000 		.4byte	.Ldebug_ranges0+0x60
 1188 03d1 01       		.byte	0x1
 1189 03d2 D2       		.byte	0xd2
 1190 03d3 10       		.uleb128 0x10
 1191 03d4 BF000000 		.4byte	0xbf
 1192 03d8 06       		.byte	0x6
 1193 03d9 03       		.byte	0x3
 1194 03da 50000000 		.4byte	.LC10
 1195 03de 9F       		.byte	0x9f
 1196 03df 0C       		.uleb128 0xc
 1197 03e0 1A000000 		.4byte	.LVL33
 1198 03e4 01       		.byte	0x1
 1199 03e5 4B040000 		.4byte	0x44b
 1200 03e9 00       		.byte	0
 1201 03ea 00       		.byte	0
 1202 03eb 15       		.uleb128 0x15
 1203 03ec B0000000 		.4byte	0xb0
 1204 03f0 00000000 		.4byte	.LFB18
 1205 03f4 0E000000 		.4byte	.LFE18
 1206 03f8 02       		.byte	0x2
 1207 03f9 7D       		.byte	0x7d
 1208 03fa 00       		.sleb128 0
 1209 03fb 01       		.byte	0x1
 1210 03fc 14040000 		.4byte	0x414
 1211 0400 0B       		.uleb128 0xb
 1212 0401 BF000000 		.4byte	0xbf
 1213 0405 CA010000 		.4byte	.LLST17
 1214 0409 0C       		.uleb128 0xc
 1215 040a 0E000000 		.4byte	.LVL35
 1216 040e 01       		.byte	0x1
 1217 040f 4B040000 		.4byte	0x44b
 1218 0413 00       		.byte	0
 1219 0414 16       		.uleb128 0x16
 1220 0415 12010000 		.4byte	.LASF26
 1221 0419 01       		.byte	0x1
 1222 041a 45       		.byte	0x45
 1223 041b 8C000000 		.4byte	0x8c
 1224 041f 01       		.byte	0x1
 1225 0420 05       		.byte	0x5
 1226 0421 03       		.byte	0x3
 1227 0422 00000000 		.4byte	dbg_isr_cnt
 1228 0426 16       		.uleb128 0x16
 1229 0427 D5010000 		.4byte	.LASF27
 1230 042b 01       		.byte	0x1
 1231 042c 4A       		.byte	0x4a
 1232 042d 8C000000 		.4byte	0x8c
 1233 0431 01       		.byte	0x1
 1234 0432 05       		.byte	0x5
 1235 0433 03       		.byte	0x3
 1236 0434 00000000 		.4byte	dbg_lock_cnt
ARM GAS  C:\Users\Elis\AppData\Local\Temp\ccvUx7UK.s 			page 23


 1237 0438 17       		.uleb128 0x17
 1238 0439 B8000000 		.4byte	.LASF28
 1239 043d 01       		.byte	0x1
 1240 043e 0801     		.2byte	0x108
 1241 0440 9E000000 		.4byte	0x9e
 1242 0444 01       		.byte	0x1
 1243 0445 05       		.byte	0x5
 1244 0446 03       		.byte	0x3
 1245 0447 00000000 		.4byte	dbg_panic_msg
 1246 044b 18       		.uleb128 0x18
 1247 044c 01       		.byte	0x1
 1248 044d 53010000 		.4byte	.LASF33
 1249 0451 04       		.byte	0x4
 1250 0452 0102     		.2byte	0x201
 1251 0454 01       		.byte	0x1
 1252 0455 01       		.byte	0x1
 1253 0456 00       		.byte	0
 1254              		.section	.debug_abbrev,"",%progbits
 1255              	.Ldebug_abbrev0:
 1256 0000 01       		.uleb128 0x1
 1257 0001 11       		.uleb128 0x11
 1258 0002 01       		.byte	0x1
 1259 0003 25       		.uleb128 0x25
 1260 0004 0E       		.uleb128 0xe
 1261 0005 13       		.uleb128 0x13
 1262 0006 0B       		.uleb128 0xb
 1263 0007 03       		.uleb128 0x3
 1264 0008 0E       		.uleb128 0xe
 1265 0009 1B       		.uleb128 0x1b
 1266 000a 0E       		.uleb128 0xe
 1267 000b 55       		.uleb128 0x55
 1268 000c 06       		.uleb128 0x6
 1269 000d 11       		.uleb128 0x11
 1270 000e 01       		.uleb128 0x1
 1271 000f 52       		.uleb128 0x52
 1272 0010 01       		.uleb128 0x1
 1273 0011 10       		.uleb128 0x10
 1274 0012 06       		.uleb128 0x6
 1275 0013 00       		.byte	0
 1276 0014 00       		.byte	0
 1277 0015 02       		.uleb128 0x2
 1278 0016 24       		.uleb128 0x24
 1279 0017 00       		.byte	0
 1280 0018 0B       		.uleb128 0xb
 1281 0019 0B       		.uleb128 0xb
 1282 001a 3E       		.uleb128 0x3e
 1283 001b 0B       		.uleb128 0xb
 1284 001c 03       		.uleb128 0x3
 1285 001d 08       		.uleb128 0x8
 1286 001e 00       		.byte	0
 1287 001f 00       		.byte	0
 1288 0020 03       		.uleb128 0x3
 1289 0021 24       		.uleb128 0x24
 1290 0022 00       		.byte	0
 1291 0023 0B       		.uleb128 0xb
 1292 0024 0B       		.uleb128 0xb
 1293 0025 3E       		.uleb128 0x3e
ARM GAS  C:\Users\Elis\AppData\Local\Temp\ccvUx7UK.s 			page 24


 1294 0026 0B       		.uleb128 0xb
 1295 0027 03       		.uleb128 0x3
 1296 0028 0E       		.uleb128 0xe
 1297 0029 00       		.byte	0
 1298 002a 00       		.byte	0
 1299 002b 04       		.uleb128 0x4
 1300 002c 16       		.uleb128 0x16
 1301 002d 00       		.byte	0
 1302 002e 03       		.uleb128 0x3
 1303 002f 0E       		.uleb128 0xe
 1304 0030 3A       		.uleb128 0x3a
 1305 0031 0B       		.uleb128 0xb
 1306 0032 3B       		.uleb128 0x3b
 1307 0033 0B       		.uleb128 0xb
 1308 0034 49       		.uleb128 0x49
 1309 0035 13       		.uleb128 0x13
 1310 0036 00       		.byte	0
 1311 0037 00       		.byte	0
 1312 0038 05       		.uleb128 0x5
 1313 0039 0F       		.uleb128 0xf
 1314 003a 00       		.byte	0
 1315 003b 0B       		.uleb128 0xb
 1316 003c 0B       		.uleb128 0xb
 1317 003d 49       		.uleb128 0x49
 1318 003e 13       		.uleb128 0x13
 1319 003f 00       		.byte	0
 1320 0040 00       		.byte	0
 1321 0041 06       		.uleb128 0x6
 1322 0042 26       		.uleb128 0x26
 1323 0043 00       		.byte	0
 1324 0044 49       		.uleb128 0x49
 1325 0045 13       		.uleb128 0x13
 1326 0046 00       		.byte	0
 1327 0047 00       		.byte	0
 1328 0048 07       		.uleb128 0x7
 1329 0049 2E       		.uleb128 0x2e
 1330 004a 01       		.byte	0x1
 1331 004b 3F       		.uleb128 0x3f
 1332 004c 0C       		.uleb128 0xc
 1333 004d 03       		.uleb128 0x3
 1334 004e 0E       		.uleb128 0xe
 1335 004f 3A       		.uleb128 0x3a
 1336 0050 0B       		.uleb128 0xb
 1337 0051 3B       		.uleb128 0x3b
 1338 0052 05       		.uleb128 0x5
 1339 0053 27       		.uleb128 0x27
 1340 0054 0C       		.uleb128 0xc
 1341 0055 20       		.uleb128 0x20
 1342 0056 0B       		.uleb128 0xb
 1343 0057 01       		.uleb128 0x1
 1344 0058 13       		.uleb128 0x13
 1345 0059 00       		.byte	0
 1346 005a 00       		.byte	0
 1347 005b 08       		.uleb128 0x8
 1348 005c 05       		.uleb128 0x5
 1349 005d 00       		.byte	0
 1350 005e 03       		.uleb128 0x3
ARM GAS  C:\Users\Elis\AppData\Local\Temp\ccvUx7UK.s 			page 25


 1351 005f 08       		.uleb128 0x8
 1352 0060 3A       		.uleb128 0x3a
 1353 0061 0B       		.uleb128 0xb
 1354 0062 3B       		.uleb128 0x3b
 1355 0063 05       		.uleb128 0x5
 1356 0064 49       		.uleb128 0x49
 1357 0065 13       		.uleb128 0x13
 1358 0066 00       		.byte	0
 1359 0067 00       		.byte	0
 1360 0068 09       		.uleb128 0x9
 1361 0069 2E       		.uleb128 0x2e
 1362 006a 01       		.byte	0x1
 1363 006b 3F       		.uleb128 0x3f
 1364 006c 0C       		.uleb128 0xc
 1365 006d 03       		.uleb128 0x3
 1366 006e 0E       		.uleb128 0xe
 1367 006f 3A       		.uleb128 0x3a
 1368 0070 0B       		.uleb128 0xb
 1369 0071 3B       		.uleb128 0x3b
 1370 0072 0B       		.uleb128 0xb
 1371 0073 27       		.uleb128 0x27
 1372 0074 0C       		.uleb128 0xc
 1373 0075 11       		.uleb128 0x11
 1374 0076 01       		.uleb128 0x1
 1375 0077 12       		.uleb128 0x12
 1376 0078 01       		.uleb128 0x1
 1377 0079 40       		.uleb128 0x40
 1378 007a 0A       		.uleb128 0xa
 1379 007b 9742     		.uleb128 0x2117
 1380 007d 0C       		.uleb128 0xc
 1381 007e 01       		.uleb128 0x1
 1382 007f 13       		.uleb128 0x13
 1383 0080 00       		.byte	0
 1384 0081 00       		.byte	0
 1385 0082 0A       		.uleb128 0xa
 1386 0083 1D       		.uleb128 0x1d
 1387 0084 01       		.byte	0x1
 1388 0085 31       		.uleb128 0x31
 1389 0086 13       		.uleb128 0x13
 1390 0087 52       		.uleb128 0x52
 1391 0088 01       		.uleb128 0x1
 1392 0089 55       		.uleb128 0x55
 1393 008a 06       		.uleb128 0x6
 1394 008b 58       		.uleb128 0x58
 1395 008c 0B       		.uleb128 0xb
 1396 008d 59       		.uleb128 0x59
 1397 008e 0B       		.uleb128 0xb
 1398 008f 00       		.byte	0
 1399 0090 00       		.byte	0
 1400 0091 0B       		.uleb128 0xb
 1401 0092 05       		.uleb128 0x5
 1402 0093 00       		.byte	0
 1403 0094 31       		.uleb128 0x31
 1404 0095 13       		.uleb128 0x13
 1405 0096 02       		.uleb128 0x2
 1406 0097 06       		.uleb128 0x6
 1407 0098 00       		.byte	0
ARM GAS  C:\Users\Elis\AppData\Local\Temp\ccvUx7UK.s 			page 26


 1408 0099 00       		.byte	0
 1409 009a 0C       		.uleb128 0xc
 1410 009b 898201   		.uleb128 0x4109
 1411 009e 00       		.byte	0
 1412 009f 11       		.uleb128 0x11
 1413 00a0 01       		.uleb128 0x1
 1414 00a1 9542     		.uleb128 0x2115
 1415 00a3 0C       		.uleb128 0xc
 1416 00a4 31       		.uleb128 0x31
 1417 00a5 13       		.uleb128 0x13
 1418 00a6 00       		.byte	0
 1419 00a7 00       		.byte	0
 1420 00a8 0D       		.uleb128 0xd
 1421 00a9 2E       		.uleb128 0x2e
 1422 00aa 01       		.byte	0x1
 1423 00ab 3F       		.uleb128 0x3f
 1424 00ac 0C       		.uleb128 0xc
 1425 00ad 03       		.uleb128 0x3
 1426 00ae 0E       		.uleb128 0xe
 1427 00af 3A       		.uleb128 0x3a
 1428 00b0 0B       		.uleb128 0xb
 1429 00b1 3B       		.uleb128 0x3b
 1430 00b2 0B       		.uleb128 0xb
 1431 00b3 27       		.uleb128 0x27
 1432 00b4 0C       		.uleb128 0xc
 1433 00b5 11       		.uleb128 0x11
 1434 00b6 01       		.uleb128 0x1
 1435 00b7 12       		.uleb128 0x12
 1436 00b8 01       		.uleb128 0x1
 1437 00b9 40       		.uleb128 0x40
 1438 00ba 06       		.uleb128 0x6
 1439 00bb 9742     		.uleb128 0x2117
 1440 00bd 0C       		.uleb128 0xc
 1441 00be 01       		.uleb128 0x1
 1442 00bf 13       		.uleb128 0x13
 1443 00c0 00       		.byte	0
 1444 00c1 00       		.byte	0
 1445 00c2 0E       		.uleb128 0xe
 1446 00c3 1D       		.uleb128 0x1d
 1447 00c4 01       		.byte	0x1
 1448 00c5 31       		.uleb128 0x31
 1449 00c6 13       		.uleb128 0x13
 1450 00c7 11       		.uleb128 0x11
 1451 00c8 01       		.uleb128 0x1
 1452 00c9 12       		.uleb128 0x12
 1453 00ca 01       		.uleb128 0x1
 1454 00cb 58       		.uleb128 0x58
 1455 00cc 0B       		.uleb128 0xb
 1456 00cd 59       		.uleb128 0x59
 1457 00ce 0B       		.uleb128 0xb
 1458 00cf 00       		.byte	0
 1459 00d0 00       		.byte	0
 1460 00d1 0F       		.uleb128 0xf
 1461 00d2 898201   		.uleb128 0x4109
 1462 00d5 00       		.byte	0
 1463 00d6 11       		.uleb128 0x11
 1464 00d7 01       		.uleb128 0x1
ARM GAS  C:\Users\Elis\AppData\Local\Temp\ccvUx7UK.s 			page 27


 1465 00d8 31       		.uleb128 0x31
 1466 00d9 13       		.uleb128 0x13
 1467 00da 00       		.byte	0
 1468 00db 00       		.byte	0
 1469 00dc 10       		.uleb128 0x10
 1470 00dd 05       		.uleb128 0x5
 1471 00de 00       		.byte	0
 1472 00df 31       		.uleb128 0x31
 1473 00e0 13       		.uleb128 0x13
 1474 00e1 02       		.uleb128 0x2
 1475 00e2 0A       		.uleb128 0xa
 1476 00e3 00       		.byte	0
 1477 00e4 00       		.byte	0
 1478 00e5 11       		.uleb128 0x11
 1479 00e6 0B       		.uleb128 0xb
 1480 00e7 01       		.byte	0x1
 1481 00e8 11       		.uleb128 0x11
 1482 00e9 01       		.uleb128 0x1
 1483 00ea 12       		.uleb128 0x12
 1484 00eb 01       		.uleb128 0x1
 1485 00ec 01       		.uleb128 0x1
 1486 00ed 13       		.uleb128 0x13
 1487 00ee 00       		.byte	0
 1488 00ef 00       		.byte	0
 1489 00f0 12       		.uleb128 0x12
 1490 00f1 34       		.uleb128 0x34
 1491 00f2 00       		.byte	0
 1492 00f3 03       		.uleb128 0x3
 1493 00f4 08       		.uleb128 0x8
 1494 00f5 3A       		.uleb128 0x3a
 1495 00f6 0B       		.uleb128 0xb
 1496 00f7 3B       		.uleb128 0x3b
 1497 00f8 0B       		.uleb128 0xb
 1498 00f9 49       		.uleb128 0x49
 1499 00fa 13       		.uleb128 0x13
 1500 00fb 02       		.uleb128 0x2
 1501 00fc 06       		.uleb128 0x6
 1502 00fd 00       		.byte	0
 1503 00fe 00       		.byte	0
 1504 00ff 13       		.uleb128 0x13
 1505 0100 1D       		.uleb128 0x1d
 1506 0101 01       		.byte	0x1
 1507 0102 31       		.uleb128 0x31
 1508 0103 13       		.uleb128 0x13
 1509 0104 11       		.uleb128 0x11
 1510 0105 01       		.uleb128 0x1
 1511 0106 12       		.uleb128 0x12
 1512 0107 01       		.uleb128 0x1
 1513 0108 58       		.uleb128 0x58
 1514 0109 0B       		.uleb128 0xb
 1515 010a 59       		.uleb128 0x59
 1516 010b 0B       		.uleb128 0xb
 1517 010c 01       		.uleb128 0x1
 1518 010d 13       		.uleb128 0x13
 1519 010e 00       		.byte	0
 1520 010f 00       		.byte	0
 1521 0110 14       		.uleb128 0x14
ARM GAS  C:\Users\Elis\AppData\Local\Temp\ccvUx7UK.s 			page 28


 1522 0111 0B       		.uleb128 0xb
 1523 0112 01       		.byte	0x1
 1524 0113 11       		.uleb128 0x11
 1525 0114 01       		.uleb128 0x1
 1526 0115 12       		.uleb128 0x12
 1527 0116 01       		.uleb128 0x1
 1528 0117 00       		.byte	0
 1529 0118 00       		.byte	0
 1530 0119 15       		.uleb128 0x15
 1531 011a 2E       		.uleb128 0x2e
 1532 011b 01       		.byte	0x1
 1533 011c 31       		.uleb128 0x31
 1534 011d 13       		.uleb128 0x13
 1535 011e 11       		.uleb128 0x11
 1536 011f 01       		.uleb128 0x1
 1537 0120 12       		.uleb128 0x12
 1538 0121 01       		.uleb128 0x1
 1539 0122 40       		.uleb128 0x40
 1540 0123 0A       		.uleb128 0xa
 1541 0124 9742     		.uleb128 0x2117
 1542 0126 0C       		.uleb128 0xc
 1543 0127 01       		.uleb128 0x1
 1544 0128 13       		.uleb128 0x13
 1545 0129 00       		.byte	0
 1546 012a 00       		.byte	0
 1547 012b 16       		.uleb128 0x16
 1548 012c 34       		.uleb128 0x34
 1549 012d 00       		.byte	0
 1550 012e 03       		.uleb128 0x3
 1551 012f 0E       		.uleb128 0xe
 1552 0130 3A       		.uleb128 0x3a
 1553 0131 0B       		.uleb128 0xb
 1554 0132 3B       		.uleb128 0x3b
 1555 0133 0B       		.uleb128 0xb
 1556 0134 49       		.uleb128 0x49
 1557 0135 13       		.uleb128 0x13
 1558 0136 3F       		.uleb128 0x3f
 1559 0137 0C       		.uleb128 0xc
 1560 0138 02       		.uleb128 0x2
 1561 0139 0A       		.uleb128 0xa
 1562 013a 00       		.byte	0
 1563 013b 00       		.byte	0
 1564 013c 17       		.uleb128 0x17
 1565 013d 34       		.uleb128 0x34
 1566 013e 00       		.byte	0
 1567 013f 03       		.uleb128 0x3
 1568 0140 0E       		.uleb128 0xe
 1569 0141 3A       		.uleb128 0x3a
 1570 0142 0B       		.uleb128 0xb
 1571 0143 3B       		.uleb128 0x3b
 1572 0144 05       		.uleb128 0x5
 1573 0145 49       		.uleb128 0x49
 1574 0146 13       		.uleb128 0x13
 1575 0147 3F       		.uleb128 0x3f
 1576 0148 0C       		.uleb128 0xc
 1577 0149 02       		.uleb128 0x2
 1578 014a 0A       		.uleb128 0xa
ARM GAS  C:\Users\Elis\AppData\Local\Temp\ccvUx7UK.s 			page 29


 1579 014b 00       		.byte	0
 1580 014c 00       		.byte	0
 1581 014d 18       		.uleb128 0x18
 1582 014e 2E       		.uleb128 0x2e
 1583 014f 00       		.byte	0
 1584 0150 3F       		.uleb128 0x3f
 1585 0151 0C       		.uleb128 0xc
 1586 0152 03       		.uleb128 0x3
 1587 0153 0E       		.uleb128 0xe
 1588 0154 3A       		.uleb128 0x3a
 1589 0155 0B       		.uleb128 0xb
 1590 0156 3B       		.uleb128 0x3b
 1591 0157 05       		.uleb128 0x5
 1592 0158 27       		.uleb128 0x27
 1593 0159 0C       		.uleb128 0xc
 1594 015a 3C       		.uleb128 0x3c
 1595 015b 0C       		.uleb128 0xc
 1596 015c 00       		.byte	0
 1597 015d 00       		.byte	0
 1598 015e 00       		.byte	0
 1599              		.section	.debug_loc,"",%progbits
 1600              	.Ldebug_loc0:
 1601              	.LLST0:
 1602 0000 0C000000 		.4byte	.LVL0
 1603 0004 16000000 		.4byte	.LVL1
 1604 0008 0600     		.2byte	0x6
 1605 000a 03       		.byte	0x3
 1606 000b 00000000 		.4byte	.LC0
 1607 000f 9F       		.byte	0x9f
 1608 0010 00000000 		.4byte	0
 1609 0014 00000000 		.4byte	0
 1610              	.LLST1:
 1611 0018 0C000000 		.4byte	.LVL2
 1612 001c 16000000 		.4byte	.LVL3
 1613 0020 0600     		.2byte	0x6
 1614 0022 03       		.byte	0x3
 1615 0023 08000000 		.4byte	.LC1
 1616 0027 9F       		.byte	0x9f
 1617 0028 00000000 		.4byte	0
 1618 002c 00000000 		.4byte	0
 1619              	.LLST2:
 1620 0030 0C000000 		.4byte	.LVL4
 1621 0034 16000000 		.4byte	.LVL5
 1622 0038 0600     		.2byte	0x6
 1623 003a 03       		.byte	0x3
 1624 003b 10000000 		.4byte	.LC2
 1625 003f 9F       		.byte	0x9f
 1626 0040 00000000 		.4byte	0
 1627 0044 00000000 		.4byte	0
 1628              	.LLST3:
 1629 0048 00000000 		.4byte	.LFB10
 1630 004c 06000000 		.4byte	.LCFI0
 1631 0050 0200     		.2byte	0x2
 1632 0052 7D       		.byte	0x7d
 1633 0053 00       		.sleb128 0
 1634 0054 06000000 		.4byte	.LCFI0
 1635 0058 30000000 		.4byte	.LFE10
ARM GAS  C:\Users\Elis\AppData\Local\Temp\ccvUx7UK.s 			page 30


 1636 005c 0200     		.2byte	0x2
 1637 005e 7D       		.byte	0x7d
 1638 005f 08       		.sleb128 8
 1639 0060 00000000 		.4byte	0
 1640 0064 00000000 		.4byte	0
 1641              	.LLST4:
 1642 0068 0E000000 		.4byte	.LVL6
 1643 006c 18000000 		.4byte	.LVL7
 1644 0070 0600     		.2byte	0x6
 1645 0072 03       		.byte	0x3
 1646 0073 18000000 		.4byte	.LC3
 1647 0077 9F       		.byte	0x9f
 1648 0078 00000000 		.4byte	0
 1649 007c 00000000 		.4byte	0
 1650              	.LLST5:
 1651 0080 00000000 		.4byte	.LFB11
 1652 0084 06000000 		.4byte	.LCFI1
 1653 0088 0200     		.2byte	0x2
 1654 008a 7D       		.byte	0x7d
 1655 008b 00       		.sleb128 0
 1656 008c 06000000 		.4byte	.LCFI1
 1657 0090 34000000 		.4byte	.LFE11
 1658 0094 0200     		.2byte	0x2
 1659 0096 7D       		.byte	0x7d
 1660 0097 08       		.sleb128 8
 1661 0098 00000000 		.4byte	0
 1662 009c 00000000 		.4byte	0
 1663              	.LLST6:
 1664 00a0 00000000 		.4byte	.LFB12
 1665 00a4 08000000 		.4byte	.LCFI2
 1666 00a8 0200     		.2byte	0x2
 1667 00aa 7D       		.byte	0x7d
 1668 00ab 00       		.sleb128 0
 1669 00ac 08000000 		.4byte	.LCFI2
 1670 00b0 30000000 		.4byte	.LFE12
 1671 00b4 0200     		.2byte	0x2
 1672 00b6 7D       		.byte	0x7d
 1673 00b7 08       		.sleb128 8
 1674 00b8 00000000 		.4byte	0
 1675 00bc 00000000 		.4byte	0
 1676              	.LLST7:
 1677 00c0 10000000 		.4byte	.LVL10
 1678 00c4 1A000000 		.4byte	.LVL11
 1679 00c8 0600     		.2byte	0x6
 1680 00ca 03       		.byte	0x3
 1681 00cb 28000000 		.4byte	.LC5
 1682 00cf 9F       		.byte	0x9f
 1683 00d0 00000000 		.4byte	0
 1684 00d4 00000000 		.4byte	0
 1685              	.LLST8:
 1686 00d8 00000000 		.4byte	.LFB13
 1687 00dc 08000000 		.4byte	.LCFI3
 1688 00e0 0200     		.2byte	0x2
 1689 00e2 7D       		.byte	0x7d
 1690 00e3 00       		.sleb128 0
 1691 00e4 08000000 		.4byte	.LCFI3
 1692 00e8 34000000 		.4byte	.LFE13
ARM GAS  C:\Users\Elis\AppData\Local\Temp\ccvUx7UK.s 			page 31


 1693 00ec 0200     		.2byte	0x2
 1694 00ee 7D       		.byte	0x7d
 1695 00ef 08       		.sleb128 8
 1696 00f0 00000000 		.4byte	0
 1697 00f4 00000000 		.4byte	0
 1698              	.LLST9:
 1699 00f8 00000000 		.4byte	.LFB14
 1700 00fc 02000000 		.4byte	.LCFI4
 1701 0100 0200     		.2byte	0x2
 1702 0102 7D       		.byte	0x7d
 1703 0103 00       		.sleb128 0
 1704 0104 02000000 		.4byte	.LCFI4
 1705 0108 40000000 		.4byte	.LFE14
 1706 010c 0200     		.2byte	0x2
 1707 010e 7D       		.byte	0x7d
 1708 010f 08       		.sleb128 8
 1709 0110 00000000 		.4byte	0
 1710 0114 00000000 		.4byte	0
 1711              	.LLST10:
 1712 0118 08000000 		.4byte	.LVL15
 1713 011c 1A000000 		.4byte	.LVL17
 1714 0120 0100     		.2byte	0x1
 1715 0122 53       		.byte	0x53
 1716 0123 22000000 		.4byte	.LVL19
 1717 0127 28000000 		.4byte	.LVL20
 1718 012b 0100     		.2byte	0x1
 1719 012d 53       		.byte	0x53
 1720 012e 00000000 		.4byte	0
 1721 0132 00000000 		.4byte	0
 1722              	.LLST11:
 1723 0136 16000000 		.4byte	.LVL16
 1724 013a 22000000 		.4byte	.LVL19
 1725 013e 0600     		.2byte	0x6
 1726 0140 03       		.byte	0x3
 1727 0141 38000000 		.4byte	.LC7
 1728 0145 9F       		.byte	0x9f
 1729 0146 00000000 		.4byte	0
 1730 014a 00000000 		.4byte	0
 1731              	.LLST12:
 1732 014e 2C000000 		.4byte	.LVL21
 1733 0152 40000000 		.4byte	.LFE14
 1734 0156 0100     		.2byte	0x1
 1735 0158 53       		.byte	0x53
 1736 0159 00000000 		.4byte	0
 1737 015d 00000000 		.4byte	0
 1738              	.LLST13:
 1739 0161 00000000 		.4byte	.LFB15
 1740 0165 02000000 		.4byte	.LCFI5
 1741 0169 0200     		.2byte	0x2
 1742 016b 7D       		.byte	0x7d
 1743 016c 00       		.sleb128 0
 1744 016d 02000000 		.4byte	.LCFI5
 1745 0171 40000000 		.4byte	.LFE15
 1746 0175 0200     		.2byte	0x2
 1747 0177 7D       		.byte	0x7d
 1748 0178 08       		.sleb128 8
 1749 0179 00000000 		.4byte	0
ARM GAS  C:\Users\Elis\AppData\Local\Temp\ccvUx7UK.s 			page 32


 1750 017d 00000000 		.4byte	0
 1751              	.LLST14:
 1752 0181 08000000 		.4byte	.LVL23
 1753 0185 1A000000 		.4byte	.LVL25
 1754 0189 0100     		.2byte	0x1
 1755 018b 53       		.byte	0x53
 1756 018c 22000000 		.4byte	.LVL27
 1757 0190 28000000 		.4byte	.LVL28
 1758 0194 0100     		.2byte	0x1
 1759 0196 53       		.byte	0x53
 1760 0197 00000000 		.4byte	0
 1761 019b 00000000 		.4byte	0
 1762              	.LLST15:
 1763 019f 16000000 		.4byte	.LVL24
 1764 01a3 22000000 		.4byte	.LVL27
 1765 01a7 0600     		.2byte	0x6
 1766 01a9 03       		.byte	0x3
 1767 01aa 40000000 		.4byte	.LC8
 1768 01ae 9F       		.byte	0x9f
 1769 01af 00000000 		.4byte	0
 1770 01b3 00000000 		.4byte	0
 1771              	.LLST16:
 1772 01b7 2C000000 		.4byte	.LVL29
 1773 01bb 40000000 		.4byte	.LFE15
 1774 01bf 0100     		.2byte	0x1
 1775 01c1 53       		.byte	0x53
 1776 01c2 00000000 		.4byte	0
 1777 01c6 00000000 		.4byte	0
 1778              	.LLST17:
 1779 01ca 00000000 		.4byte	.LVL34
 1780 01ce 0D000000 		.4byte	.LVL35-1
 1781 01d2 0100     		.2byte	0x1
 1782 01d4 50       		.byte	0x50
 1783 01d5 0D000000 		.4byte	.LVL35-1
 1784 01d9 0E000000 		.4byte	.LFE18
 1785 01dd 0400     		.2byte	0x4
 1786 01df F3       		.byte	0xf3
 1787 01e0 01       		.uleb128 0x1
 1788 01e1 50       		.byte	0x50
 1789 01e2 9F       		.byte	0x9f
 1790 01e3 00000000 		.4byte	0
 1791 01e7 00000000 		.4byte	0
 1792              		.section	.debug_aranges,"",%progbits
 1793 0000 74000000 		.4byte	0x74
 1794 0004 0200     		.2byte	0x2
 1795 0006 00000000 		.4byte	.Ldebug_info0
 1796 000a 04       		.byte	0x4
 1797 000b 00       		.byte	0
 1798 000c 0000     		.2byte	0
 1799 000e 0000     		.2byte	0
 1800 0010 00000000 		.4byte	.LFB7
 1801 0014 28000000 		.4byte	.LFE7-.LFB7
 1802 0018 00000000 		.4byte	.LFB8
 1803 001c 28000000 		.4byte	.LFE8-.LFB8
 1804 0020 00000000 		.4byte	.LFB9
 1805 0024 28000000 		.4byte	.LFE9-.LFB9
 1806 0028 00000000 		.4byte	.LFB10
ARM GAS  C:\Users\Elis\AppData\Local\Temp\ccvUx7UK.s 			page 33


 1807 002c 30000000 		.4byte	.LFE10-.LFB10
 1808 0030 00000000 		.4byte	.LFB11
 1809 0034 34000000 		.4byte	.LFE11-.LFB11
 1810 0038 00000000 		.4byte	.LFB12
 1811 003c 30000000 		.4byte	.LFE12-.LFB12
 1812 0040 00000000 		.4byte	.LFB13
 1813 0044 34000000 		.4byte	.LFE13-.LFB13
 1814 0048 00000000 		.4byte	.LFB14
 1815 004c 40000000 		.4byte	.LFE14-.LFB14
 1816 0050 00000000 		.4byte	.LFB15
 1817 0054 40000000 		.4byte	.LFE15-.LFB15
 1818 0058 00000000 		.4byte	.LFB16
 1819 005c 2C000000 		.4byte	.LFE16-.LFB16
 1820 0060 00000000 		.4byte	.LFB17
 1821 0064 2C000000 		.4byte	.LFE17-.LFB17
 1822 0068 00000000 		.4byte	.LFB18
 1823 006c 0E000000 		.4byte	.LFE18-.LFB18
 1824 0070 00000000 		.4byte	0
 1825 0074 00000000 		.4byte	0
 1826              		.section	.debug_ranges,"",%progbits
 1827              	.Ldebug_ranges0:
 1828 0000 0C000000 		.4byte	.LBB28
 1829 0004 12000000 		.4byte	.LBE28
 1830 0008 12000000 		.4byte	.LBB31
 1831 000c 28000000 		.4byte	.LBE31
 1832 0010 00000000 		.4byte	0
 1833 0014 00000000 		.4byte	0
 1834 0018 0C000000 		.4byte	.LBB32
 1835 001c 12000000 		.4byte	.LBE32
 1836 0020 12000000 		.4byte	.LBB35
 1837 0024 28000000 		.4byte	.LBE35
 1838 0028 00000000 		.4byte	0
 1839 002c 00000000 		.4byte	0
 1840 0030 0C000000 		.4byte	.LBB36
 1841 0034 12000000 		.4byte	.LBE36
 1842 0038 12000000 		.4byte	.LBB39
 1843 003c 28000000 		.4byte	.LBE39
 1844 0040 00000000 		.4byte	0
 1845 0044 00000000 		.4byte	0
 1846 0048 12000000 		.4byte	.LBB56
 1847 004c 18000000 		.4byte	.LBE56
 1848 0050 18000000 		.4byte	.LBB59
 1849 0054 2C000000 		.4byte	.LBE59
 1850 0058 00000000 		.4byte	0
 1851 005c 00000000 		.4byte	0
 1852 0060 10000000 		.4byte	.LBB60
 1853 0064 16000000 		.4byte	.LBE60
 1854 0068 16000000 		.4byte	.LBB63
 1855 006c 2C000000 		.4byte	.LBE63
 1856 0070 00000000 		.4byte	0
 1857 0074 00000000 		.4byte	0
 1858 0078 00000000 		.4byte	.LFB7
 1859 007c 28000000 		.4byte	.LFE7
 1860 0080 00000000 		.4byte	.LFB8
 1861 0084 28000000 		.4byte	.LFE8
 1862 0088 00000000 		.4byte	.LFB9
 1863 008c 28000000 		.4byte	.LFE9
ARM GAS  C:\Users\Elis\AppData\Local\Temp\ccvUx7UK.s 			page 34


 1864 0090 00000000 		.4byte	.LFB10
 1865 0094 30000000 		.4byte	.LFE10
 1866 0098 00000000 		.4byte	.LFB11
 1867 009c 34000000 		.4byte	.LFE11
 1868 00a0 00000000 		.4byte	.LFB12
 1869 00a4 30000000 		.4byte	.LFE12
 1870 00a8 00000000 		.4byte	.LFB13
 1871 00ac 34000000 		.4byte	.LFE13
 1872 00b0 00000000 		.4byte	.LFB14
 1873 00b4 40000000 		.4byte	.LFE14
 1874 00b8 00000000 		.4byte	.LFB15
 1875 00bc 40000000 		.4byte	.LFE15
 1876 00c0 00000000 		.4byte	.LFB16
 1877 00c4 2C000000 		.4byte	.LFE16
 1878 00c8 00000000 		.4byte	.LFB17
 1879 00cc 2C000000 		.4byte	.LFE17
 1880 00d0 00000000 		.4byte	.LFB18
 1881 00d4 0E000000 		.4byte	.LFE18
 1882 00d8 00000000 		.4byte	0
 1883 00dc 00000000 		.4byte	0
 1884              		.section	.debug_line,"",%progbits
 1885              	.Ldebug_line0:
 1886 0000 9A020000 		.section	.debug_str,"MS",%progbits,1
 1886      02000301 
 1886      00000201 
 1886      FB0E0D00 
 1886      01010101 
 1887              	.LASF19:
 1888 0000 6462675F 		.ascii	"dbg_check_unlock\000"
 1888      63686563 
 1888      6B5F756E 
 1888      6C6F636B 
 1888      00
 1889              	.LASF18:
 1890 0011 6462675F 		.ascii	"dbg_check_lock\000"
 1890      63686563 
 1890      6B5F6C6F 
 1890      636B00
 1891              	.LASF11:
 1892 0020 5F426F6F 		.ascii	"_Bool\000"
 1892      6C00
 1893              	.LASF23:
 1894 0026 6462675F 		.ascii	"dbg_check_leave_isr\000"
 1894      63686563 
 1894      6B5F6C65 
 1894      6176655F 
 1894      69737200 
 1895              	.LASF24:
 1896 003a 63684462 		.ascii	"chDbgCheckClassI\000"
 1896      67436865 
 1896      636B436C 
 1896      61737349 
 1896      00
 1897              	.LASF31:
 1898 004b 433A5C43 		.ascii	"C:\\ChibiStudio\\workspace26\\Mobile_phone\000"
 1898      68696269 
 1898      53747564 
ARM GAS  C:\Users\Elis\AppData\Local\Temp\ccvUx7UK.s 			page 35


 1898      696F5C77 
 1898      6F726B73 
 1899              	.LASF22:
 1900 0073 6462675F 		.ascii	"dbg_check_enter_isr\000"
 1900      63686563 
 1900      6B5F656E 
 1900      7465725F 
 1900      69737200 
 1901              	.LASF25:
 1902 0087 63684462 		.ascii	"chDbgCheckClassS\000"
 1902      67436865 
 1902      636B436C 
 1902      61737353 
 1902      00
 1903              	.LASF16:
 1904 0098 6462675F 		.ascii	"dbg_check_suspend\000"
 1904      63686563 
 1904      6B5F7375 
 1904      7370656E 
 1904      6400
 1905              	.LASF2:
 1906 00aa 756E7369 		.ascii	"unsigned char\000"
 1906      676E6564 
 1906      20636861 
 1906      7200
 1907              	.LASF28:
 1908 00b8 6462675F 		.ascii	"dbg_panic_msg\000"
 1908      70616E69 
 1908      635F6D73 
 1908      6700
 1909              	.LASF8:
 1910 00c6 6C6F6E67 		.ascii	"long unsigned int\000"
 1910      20756E73 
 1910      69676E65 
 1910      6420696E 
 1910      7400
 1911              	.LASF4:
 1912 00d8 73686F72 		.ascii	"short unsigned int\000"
 1912      7420756E 
 1912      7369676E 
 1912      65642069 
 1912      6E7400
 1913              	.LASF21:
 1914 00eb 6462675F 		.ascii	"dbg_check_unlock_from_isr\000"
 1914      63686563 
 1914      6B5F756E 
 1914      6C6F636B 
 1914      5F66726F 
 1915              	.LASF0:
 1916 0105 756E7369 		.ascii	"unsigned int\000"
 1916      676E6564 
 1916      20696E74 
 1916      00
 1917              	.LASF26:
 1918 0112 6462675F 		.ascii	"dbg_isr_cnt\000"
 1918      6973725F 
 1918      636E7400 
ARM GAS  C:\Users\Elis\AppData\Local\Temp\ccvUx7UK.s 			page 36


 1919              	.LASF10:
 1920 011e 6C6F6E67 		.ascii	"long long unsigned int\000"
 1920      206C6F6E 
 1920      6720756E 
 1920      7369676E 
 1920      65642069 
 1921              	.LASF20:
 1922 0135 6462675F 		.ascii	"dbg_check_lock_from_isr\000"
 1922      63686563 
 1922      6B5F6C6F 
 1922      636B5F66 
 1922      726F6D5F 
 1923              	.LASF12:
 1924 014d 636E745F 		.ascii	"cnt_t\000"
 1924      7400
 1925              	.LASF33:
 1926 0153 706F7274 		.ascii	"port_halt\000"
 1926      5F68616C 
 1926      7400
 1927              	.LASF6:
 1928 015d 696E7433 		.ascii	"int32_t\000"
 1928      325F7400 
 1929              	.LASF13:
 1930 0165 73697A65 		.ascii	"sizetype\000"
 1930      74797065 
 1930      00
 1931              	.LASF9:
 1932 016e 6C6F6E67 		.ascii	"long long int\000"
 1932      206C6F6E 
 1932      6720696E 
 1932      7400
 1933              	.LASF14:
 1934 017c 63686172 		.ascii	"char\000"
 1934      00
 1935              	.LASF29:
 1936 0181 474E5520 		.ascii	"GNU C 4.7.4 20140401 (release) [ARM/embedded-4_7-br"
 1936      4320342E 
 1936      372E3420 
 1936      32303134 
 1936      30343031 
 1937 01b4 616E6368 		.ascii	"anch revision 209195]\000"
 1937      20726576 
 1937      6973696F 
 1937      6E203230 
 1937      39313935 
 1938              	.LASF32:
 1939 01ca 63684462 		.ascii	"chDbgPanic\000"
 1939      6750616E 
 1939      696300
 1940              	.LASF27:
 1941 01d5 6462675F 		.ascii	"dbg_lock_cnt\000"
 1941      6C6F636B 
 1941      5F636E74 
 1941      00
 1942              	.LASF3:
 1943 01e2 73686F72 		.ascii	"short int\000"
 1943      7420696E 
ARM GAS  C:\Users\Elis\AppData\Local\Temp\ccvUx7UK.s 			page 37


 1943      7400
 1944              	.LASF30:
 1945 01ec 2E2E2F2E 		.ascii	"../../chibios/os/kernel/src/chdebug.c\000"
 1945      2E2F6368 
 1945      6962696F 
 1945      732F6F73 
 1945      2F6B6572 
 1946              	.LASF17:
 1947 0212 6462675F 		.ascii	"dbg_check_enable\000"
 1947      63686563 
 1947      6B5F656E 
 1947      61626C65 
 1947      00
 1948              	.LASF7:
 1949 0223 75696E74 		.ascii	"uint32_t\000"
 1949      33325F74 
 1949      00
 1950              	.LASF5:
 1951 022c 6C6F6E67 		.ascii	"long int\000"
 1951      20696E74 
 1951      00
 1952              	.LASF1:
 1953 0235 7369676E 		.ascii	"signed char\000"
 1953      65642063 
 1953      68617200 
 1954              	.LASF15:
 1955 0241 6462675F 		.ascii	"dbg_check_disable\000"
 1955      63686563 
 1955      6B5F6469 
 1955      7361626C 
 1955      6500
 1956              		.ident	"GCC: (GNU Tools for ARM Embedded Processors) 4.7.4 20140401 (release) [ARM/embedded-4_7-br
ARM GAS  C:\Users\Elis\AppData\Local\Temp\ccvUx7UK.s 			page 38


DEFINED SYMBOLS
                            *ABS*:00000000 chdebug.c
C:\Users\Elis\AppData\Local\Temp\ccvUx7UK.s:19     .text.dbg_check_disable:00000000 $t
C:\Users\Elis\AppData\Local\Temp\ccvUx7UK.s:25     .text.dbg_check_disable:00000000 dbg_check_disable
C:\Users\Elis\AppData\Local\Temp\ccvUx7UK.s:62     .text.dbg_check_disable:00000018 $d
C:\Users\Elis\AppData\Local\Temp\ccvUx7UK.s:72     .text.dbg_check_suspend:00000000 $t
C:\Users\Elis\AppData\Local\Temp\ccvUx7UK.s:78     .text.dbg_check_suspend:00000000 dbg_check_suspend
C:\Users\Elis\AppData\Local\Temp\ccvUx7UK.s:114    .text.dbg_check_suspend:00000018 $d
C:\Users\Elis\AppData\Local\Temp\ccvUx7UK.s:124    .text.dbg_check_enable:00000000 $t
C:\Users\Elis\AppData\Local\Temp\ccvUx7UK.s:130    .text.dbg_check_enable:00000000 dbg_check_enable
C:\Users\Elis\AppData\Local\Temp\ccvUx7UK.s:166    .text.dbg_check_enable:00000018 $d
C:\Users\Elis\AppData\Local\Temp\ccvUx7UK.s:176    .text.dbg_check_lock:00000000 $t
C:\Users\Elis\AppData\Local\Temp\ccvUx7UK.s:182    .text.dbg_check_lock:00000000 dbg_check_lock
C:\Users\Elis\AppData\Local\Temp\ccvUx7UK.s:224    .text.dbg_check_lock:00000020 $d
C:\Users\Elis\AppData\Local\Temp\ccvUx7UK.s:232    .text.dbg_check_unlock:00000000 $t
C:\Users\Elis\AppData\Local\Temp\ccvUx7UK.s:238    .text.dbg_check_unlock:00000000 dbg_check_unlock
C:\Users\Elis\AppData\Local\Temp\ccvUx7UK.s:280    .text.dbg_check_unlock:00000024 $d
C:\Users\Elis\AppData\Local\Temp\ccvUx7UK.s:290    .text.dbg_check_lock_from_isr:00000000 $t
C:\Users\Elis\AppData\Local\Temp\ccvUx7UK.s:296    .text.dbg_check_lock_from_isr:00000000 dbg_check_lock_from_isr
C:\Users\Elis\AppData\Local\Temp\ccvUx7UK.s:339    .text.dbg_check_lock_from_isr:00000020 $d
C:\Users\Elis\AppData\Local\Temp\ccvUx7UK.s:347    .text.dbg_check_unlock_from_isr:00000000 $t
C:\Users\Elis\AppData\Local\Temp\ccvUx7UK.s:353    .text.dbg_check_unlock_from_isr:00000000 dbg_check_unlock_from_isr
C:\Users\Elis\AppData\Local\Temp\ccvUx7UK.s:396    .text.dbg_check_unlock_from_isr:00000024 $d
C:\Users\Elis\AppData\Local\Temp\ccvUx7UK.s:406    .text.dbg_check_enter_isr:00000000 $t
C:\Users\Elis\AppData\Local\Temp\ccvUx7UK.s:412    .text.dbg_check_enter_isr:00000000 dbg_check_enter_isr
C:\Users\Elis\AppData\Local\Temp\ccvUx7UK.s:475    .text.dbg_check_enter_isr:00000030 $d
C:\Users\Elis\AppData\Local\Temp\ccvUx7UK.s:484    .text.dbg_check_leave_isr:00000000 $t
C:\Users\Elis\AppData\Local\Temp\ccvUx7UK.s:490    .text.dbg_check_leave_isr:00000000 dbg_check_leave_isr
C:\Users\Elis\AppData\Local\Temp\ccvUx7UK.s:553    .text.dbg_check_leave_isr:00000030 $d
C:\Users\Elis\AppData\Local\Temp\ccvUx7UK.s:562    .text.chDbgCheckClassI:00000000 $t
C:\Users\Elis\AppData\Local\Temp\ccvUx7UK.s:568    .text.chDbgCheckClassI:00000000 chDbgCheckClassI
C:\Users\Elis\AppData\Local\Temp\ccvUx7UK.s:605    .text.chDbgCheckClassI:0000001c $d
C:\Users\Elis\AppData\Local\Temp\ccvUx7UK.s:615    .text.chDbgCheckClassS:00000000 $t
C:\Users\Elis\AppData\Local\Temp\ccvUx7UK.s:621    .text.chDbgCheckClassS:00000000 chDbgCheckClassS
C:\Users\Elis\AppData\Local\Temp\ccvUx7UK.s:657    .text.chDbgCheckClassS:0000001c $d
C:\Users\Elis\AppData\Local\Temp\ccvUx7UK.s:667    .text.chDbgPanic:00000000 $t
C:\Users\Elis\AppData\Local\Temp\ccvUx7UK.s:673    .text.chDbgPanic:00000000 chDbgPanic
C:\Users\Elis\AppData\Local\Temp\ccvUx7UK.s:745    .bss.dbg_panic_msg:00000000 .LANCHOR2
C:\Users\Elis\AppData\Local\Temp\ccvUx7UK.s:748    .bss.dbg_panic_msg:00000000 dbg_panic_msg
C:\Users\Elis\AppData\Local\Temp\ccvUx7UK.s:741    .bss.dbg_lock_cnt:00000000 dbg_lock_cnt
C:\Users\Elis\AppData\Local\Temp\ccvUx7UK.s:700    .bss.dbg_isr_cnt:00000000 dbg_isr_cnt
C:\Users\Elis\AppData\Local\Temp\ccvUx7UK.s:696    .bss.dbg_isr_cnt:00000000 $d
C:\Users\Elis\AppData\Local\Temp\ccvUx7UK.s:703    .rodata.str1.4:00000000 $d
C:\Users\Elis\AppData\Local\Temp\ccvUx7UK.s:737    .bss.dbg_lock_cnt:00000000 $d
C:\Users\Elis\AppData\Local\Temp\ccvUx7UK.s:744    .bss.dbg_panic_msg:00000000 $d
                     .debug_frame:00000010 $d
C:\Users\Elis\AppData\Local\Temp\ccvUx7UK.s:71     .text.dbg_check_disable:00000028 $t
C:\Users\Elis\AppData\Local\Temp\ccvUx7UK.s:123    .text.dbg_check_suspend:00000028 $t
C:\Users\Elis\AppData\Local\Temp\ccvUx7UK.s:175    .text.dbg_check_enable:00000028 $t
C:\Users\Elis\AppData\Local\Temp\ccvUx7UK.s:289    .text.dbg_check_unlock:00000034 $t
C:\Users\Elis\AppData\Local\Temp\ccvUx7UK.s:405    .text.dbg_check_unlock_from_isr:00000034 $t
C:\Users\Elis\AppData\Local\Temp\ccvUx7UK.s:614    .text.chDbgCheckClassI:0000002c $t
C:\Users\Elis\AppData\Local\Temp\ccvUx7UK.s:666    .text.chDbgCheckClassS:0000002c $t

UNDEFINED SYMBOLS
port_halt
