ARM GAS  C:\Users\Elis\AppData\Local\Temp\ccUOdoBI.s 			page 1


   1              		.syntax unified
   2              		.cpu cortex-m4
   3              		.fpu softvfp
   4              		.eabi_attribute 20, 1
   5              		.eabi_attribute 21, 1
   6              		.eabi_attribute 23, 3
   7              		.eabi_attribute 24, 1
   8              		.eabi_attribute 25, 1
   9              		.eabi_attribute 26, 1
  10              		.eabi_attribute 30, 2
  11              		.eabi_attribute 34, 1
  12              		.eabi_attribute 18, 4
  13              		.thumb
  14              		.file	"chmsg.c"
  15              		.text
  16              	.Ltext0:
  17              		.cfi_sections	.debug_frame
  18              		.section	.text.chMsgSend,"ax",%progbits
  19              		.align	2
  20              		.p2align 4,,15
  21              		.global	chMsgSend
  22              		.thumb
  23              		.thumb_func
  24              		.type	chMsgSend, %function
  25              	chMsgSend:
  26              	.LFB7:
  27              		.file 1 "../../chibios/os/kernel/src/chmsg.c"
  28              		.loc 1 75 0
  29              		.cfi_startproc
  30              		@ args = 0, pretend = 0, frame = 0
  31              		@ frame_needed = 0, uses_anonymous_args = 0
  32              	.LVL0:
  33              		.loc 1 76 0
  34 0000 124B     		ldr	r3, .L5
  35              		.loc 1 75 0
  36 0002 70B5     		push	{r4, r5, r6, lr}
  37              	.LCFI0:
  38              		.cfi_def_cfa_offset 16
  39              		.cfi_offset 4, -16
  40              		.cfi_offset 5, -12
  41              		.cfi_offset 6, -8
  42              		.cfi_offset 14, -4
  43              		.loc 1 76 0
  44 0004 9C69     		ldr	r4, [r3, #24]
  45              	.LVL1:
  46              		.loc 1 75 0
  47 0006 0546     		mov	r5, r0
  48 0008 0E46     		mov	r6, r1
  49              	.LBB10:
  50              		.loc 1 80 0
  51 000a 2023     		movs	r3, #32
  52              	.LVL2:
  53              	@ 80 "../../chibios/os/kernel/src/chmsg.c" 1
  54 000c 83F31188 		msr     BASEPRI, r3
  55              	@ 0 "" 2
  56              	.LVL3:
  57              		.thumb
ARM GAS  C:\Users\Elis\AppData\Local\Temp\ccUOdoBI.s 			page 2


  58              	.LBE10:
  59 0010 FFF7FEFF 		bl	dbg_check_lock
  60              	.LVL4:
  61              		.loc 1 82 0
  62 0014 05F12C02 		add	r2, r5, #44
  63 0018 6262     		str	r2, [r4, #36]
  64              	.LVL5:
  65              		.loc 1 84 0
  66 001a 297F     		ldrb	r1, [r5, #28]	@ zero_extendqisi2
  67              	.LBB11:
  68              	.LBB12:
  69              		.file 2 "../../chibios/os/kernel/include/chinline.h"
  70              		.loc 2 55 0
  71 001c 286B     		ldr	r0, [r5, #48]
  72              		.loc 2 54 0
  73 001e 2260     		str	r2, [r4, #0]
  74              	.LBE12:
  75              	.LBE11:
  76              		.loc 1 84 0
  77 0020 0C29     		cmp	r1, #12
  78              		.loc 1 81 0
  79 0022 6663     		str	r6, [r4, #52]
  80              	.LBB14:
  81              	.LBB13:
  82              		.loc 2 55 0
  83 0024 6060     		str	r0, [r4, #4]
  84              		.loc 2 56 0
  85 0026 2C63     		str	r4, [r5, #48]
  86 0028 0460     		str	r4, [r0, #0]
  87              	.LBE13:
  88              	.LBE14:
  89              		.loc 1 84 0
  90 002a 0AD0     		beq	.L4
  91              	.LVL6:
  92              	.L2:
  93              		.loc 1 86 0
  94 002c 0A20     		movs	r0, #10
  95 002e FFF7FEFF 		bl	chSchGoSleepS
  96              	.LVL7:
  97              		.loc 1 87 0
  98 0032 646A     		ldr	r4, [r4, #36]
  99              	.LVL8:
 100              		.loc 1 88 0
 101 0034 FFF7FEFF 		bl	dbg_check_unlock
 102              	.LVL9:
 103              	.LBB15:
 104 0038 0023     		movs	r3, #0
 105              	.LVL10:
 106              	@ 88 "../../chibios/os/kernel/src/chmsg.c" 1
 107 003a 83F31188 		msr     BASEPRI, r3
 108              	@ 0 "" 2
 109              	.LVL11:
 110              		.thumb
 111              	.LBE15:
 112              		.loc 1 90 0
 113 003e 2046     		mov	r0, r4
 114 0040 70BD     		pop	{r4, r5, r6, pc}
ARM GAS  C:\Users\Elis\AppData\Local\Temp\ccUOdoBI.s 			page 3


 115              	.LVL12:
 116              	.L4:
 117              		.loc 1 85 0
 118 0042 2846     		mov	r0, r5
 119 0044 FFF7FEFF 		bl	chSchReadyI
 120              	.LVL13:
 121 0048 F0E7     		b	.L2
 122              	.L6:
 123 004a 00BF     		.align	2
 124              	.L5:
 125 004c 00000000 		.word	rlist
 126              		.cfi_endproc
 127              	.LFE7:
 128              		.size	chMsgSend, .-chMsgSend
 129              		.section	.text.chMsgWait,"ax",%progbits
 130              		.align	2
 131              		.p2align 4,,15
 132              		.global	chMsgWait
 133              		.thumb
 134              		.thumb_func
 135              		.type	chMsgWait, %function
 136              	chMsgWait:
 137              	.LFB8:
 138              		.loc 1 106 0
 139              		.cfi_startproc
 140              		@ args = 0, pretend = 0, frame = 0
 141              		@ frame_needed = 0, uses_anonymous_args = 0
 142 0000 38B5     		push	{r3, r4, r5, lr}
 143              	.LCFI1:
 144              		.cfi_def_cfa_offset 16
 145              		.cfi_offset 3, -16
 146              		.cfi_offset 4, -12
 147              		.cfi_offset 5, -8
 148              		.cfi_offset 14, -4
 149              	.LBB16:
 150              		.loc 1 109 0
 151 0002 2023     		movs	r3, #32
 152              	.LVL14:
 153              	@ 109 "../../chibios/os/kernel/src/chmsg.c" 1
 154 0004 83F31188 		msr     BASEPRI, r3
 155              	@ 0 "" 2
 156              	.LVL15:
 157              		.thumb
 158              	.LBE16:
 159              		.loc 1 110 0
 160 0008 0E4D     		ldr	r5, .L10
 161              		.loc 1 109 0
 162 000a FFF7FEFF 		bl	dbg_check_lock
 163              	.LVL16:
 164              		.loc 1 110 0
 165 000e AA69     		ldr	r2, [r5, #24]
 166 0010 1346     		mov	r3, r2
 167 0012 53F82C4F 		ldr	r4, [r3, #44]!
 168 0016 9C42     		cmp	r4, r3
 169 0018 0BD0     		beq	.L9
 170              	.L8:
 171              	.LVL17:
ARM GAS  C:\Users\Elis\AppData\Local\Temp\ccUOdoBI.s 			page 4


 172              	.LBB17:
 173              	.LBB18:
 174              		.loc 2 62 0
 175 001a 2168     		ldr	r1, [r4, #0]
 176              	.LBE18:
 177              	.LBE17:
 178              		.loc 1 113 0
 179 001c 0B20     		movs	r0, #11
 180              	.LBB20:
 181              	.LBB19:
 182              		.loc 2 62 0
 183 001e D162     		str	r1, [r2, #44]
 184 0020 4B60     		str	r3, [r1, #4]
 185              	.LBE19:
 186              	.LBE20:
 187              		.loc 1 113 0
 188 0022 2077     		strb	r0, [r4, #28]
 189              		.loc 1 114 0
 190 0024 FFF7FEFF 		bl	dbg_check_unlock
 191              	.LVL18:
 192              	.LBB21:
 193 0028 0023     		movs	r3, #0
 194              	.LVL19:
 195              	@ 114 "../../chibios/os/kernel/src/chmsg.c" 1
 196 002a 83F31188 		msr     BASEPRI, r3
 197              	@ 0 "" 2
 198              	.LVL20:
 199              		.thumb
 200              	.LBE21:
 201              		.loc 1 116 0
 202 002e 2046     		mov	r0, r4
 203 0030 38BD     		pop	{r3, r4, r5, pc}
 204              	.LVL21:
 205              	.L9:
 206              		.loc 1 111 0
 207 0032 0C20     		movs	r0, #12
 208 0034 FFF7FEFF 		bl	chSchGoSleepS
 209              	.LVL22:
 210 0038 AA69     		ldr	r2, [r5, #24]
 211 003a 1346     		mov	r3, r2
 212 003c 53F82C4F 		ldr	r4, [r3, #44]!
 213 0040 EBE7     		b	.L8
 214              	.L11:
 215 0042 00BF     		.align	2
 216              	.L10:
 217 0044 00000000 		.word	rlist
 218              		.cfi_endproc
 219              	.LFE8:
 220              		.size	chMsgWait, .-chMsgWait
 221 0048 AFF30080 		.section	.text.chMsgRelease,"ax",%progbits
 221      AFF30080 
 222              		.align	2
 223              		.p2align 4,,15
 224              		.global	chMsgRelease
 225              		.thumb
 226              		.thumb_func
 227              		.type	chMsgRelease, %function
ARM GAS  C:\Users\Elis\AppData\Local\Temp\ccUOdoBI.s 			page 5


 228              	chMsgRelease:
 229              	.LFB9:
 230              		.loc 1 128 0
 231              		.cfi_startproc
 232              		@ args = 0, pretend = 0, frame = 0
 233              		@ frame_needed = 0, uses_anonymous_args = 0
 234              	.LVL23:
 235 0000 38B5     		push	{r3, r4, r5, lr}
 236              	.LCFI2:
 237              		.cfi_def_cfa_offset 16
 238              		.cfi_offset 3, -16
 239              		.cfi_offset 4, -12
 240              		.cfi_offset 5, -8
 241              		.cfi_offset 14, -4
 242              		.loc 1 128 0
 243 0002 0546     		mov	r5, r0
 244 0004 0C46     		mov	r4, r1
 245              	.LBB22:
 246              		.loc 1 130 0
 247 0006 2023     		movs	r3, #32
 248              	.LVL24:
 249              	@ 130 "../../chibios/os/kernel/src/chmsg.c" 1
 250 0008 83F31188 		msr     BASEPRI, r3
 251              	@ 0 "" 2
 252              	.LVL25:
 253              		.thumb
 254              	.LBE22:
 255 000c FFF7FEFF 		bl	dbg_check_lock
 256              	.LVL26:
 257              		.loc 1 133 0
 258 0010 2846     		mov	r0, r5
 259 0012 2146     		mov	r1, r4
 260 0014 FFF7FEFF 		bl	chSchWakeupS
 261              	.LVL27:
 262              		.loc 1 134 0
 263 0018 FFF7FEFF 		bl	dbg_check_unlock
 264              	.LVL28:
 265              	.LBB23:
 266 001c 0023     		movs	r3, #0
 267              	.LVL29:
 268              	@ 134 "../../chibios/os/kernel/src/chmsg.c" 1
 269 001e 83F31188 		msr     BASEPRI, r3
 270              	@ 0 "" 2
 271              	.LVL30:
 272              		.thumb
 273 0022 38BD     		pop	{r3, r4, r5, pc}
 274              	.LBE23:
 275              		.cfi_endproc
 276              	.LFE9:
 277              		.size	chMsgRelease, .-chMsgRelease
 278 0024 AFF30080 		.text
 278      AFF30080 
 278      AFF30080 
 279              	.Letext0:
 280              		.file 3 "c:\\chibistudio\\tools\\gnu tools arm embedded\\4.7 2014q2\\bin\\../lib/gcc/arm-none-eabi
 281              		.file 4 "../../chibios/os/ports/GCC/ARMCMx/chtypes.h"
 282              		.file 5 "../../chibios/os/kernel/include/chlists.h"
ARM GAS  C:\Users\Elis\AppData\Local\Temp\ccUOdoBI.s 			page 6


 283              		.file 6 "../../chibios/os/kernel/include/chthreads.h"
 284              		.file 7 "../../chibios/os/ports/GCC/ARMCMx/chcore_v7m.h"
 285              		.file 8 "../../chibios/os/kernel/include/chschd.h"
 286              		.file 9 "../../chibios/os/kernel/include/chmtx.h"
 287              		.file 10 "../../chibios/os/kernel/include/chdebug.h"
 288              		.section	.debug_info,"",%progbits
 289              	.Ldebug_info0:
 290 0000 1B070000 		.4byte	0x71b
 291 0004 0200     		.2byte	0x2
 292 0006 00000000 		.4byte	.Ldebug_abbrev0
 293 000a 04       		.byte	0x4
 294 000b 01       		.uleb128 0x1
 295 000c 50010000 		.4byte	.LASF67
 296 0010 01       		.byte	0x1
 297 0011 37020000 		.4byte	.LASF68
 298 0015 7A000000 		.4byte	.LASF69
 299 0019 48000000 		.4byte	.Ldebug_ranges0+0x48
 300 001d 00000000 		.4byte	0
 301 0021 00000000 		.4byte	0
 302 0025 00000000 		.4byte	.Ldebug_line0
 303 0029 02       		.uleb128 0x2
 304 002a 04       		.byte	0x4
 305 002b 05       		.byte	0x5
 306 002c 696E7400 		.ascii	"int\000"
 307 0030 03       		.uleb128 0x3
 308 0031 04       		.byte	0x4
 309 0032 07       		.byte	0x7
 310 0033 E1000000 		.4byte	.LASF0
 311 0037 03       		.uleb128 0x3
 312 0038 01       		.byte	0x1
 313 0039 06       		.byte	0x6
 314 003a 5E000000 		.4byte	.LASF1
 315 003e 04       		.uleb128 0x4
 316 003f 2F030000 		.4byte	.LASF5
 317 0043 03       		.byte	0x3
 318 0044 2A       		.byte	0x2a
 319 0045 49000000 		.4byte	0x49
 320 0049 03       		.uleb128 0x3
 321 004a 01       		.byte	0x1
 322 004b 08       		.byte	0x8
 323 004c FC010000 		.4byte	.LASF2
 324 0050 03       		.uleb128 0x3
 325 0051 02       		.byte	0x2
 326 0052 05       		.byte	0x5
 327 0053 14020000 		.4byte	.LASF3
 328 0057 03       		.uleb128 0x3
 329 0058 02       		.byte	0x2
 330 0059 07       		.byte	0x7
 331 005a 08010000 		.4byte	.LASF4
 332 005e 04       		.uleb128 0x4
 333 005f F4010000 		.4byte	.LASF6
 334 0063 03       		.byte	0x3
 335 0064 4F       		.byte	0x4f
 336 0065 69000000 		.4byte	0x69
 337 0069 03       		.uleb128 0x3
 338 006a 04       		.byte	0x4
 339 006b 05       		.byte	0x5
ARM GAS  C:\Users\Elis\AppData\Local\Temp\ccUOdoBI.s 			page 7


 340 006c AC000000 		.4byte	.LASF7
 341 0070 04       		.uleb128 0x4
 342 0071 9E020000 		.4byte	.LASF8
 343 0075 03       		.byte	0x3
 344 0076 50       		.byte	0x50
 345 0077 7B000000 		.4byte	0x7b
 346 007b 03       		.uleb128 0x3
 347 007c 04       		.byte	0x4
 348 007d 07       		.byte	0x7
 349 007e EE000000 		.4byte	.LASF9
 350 0082 03       		.uleb128 0x3
 351 0083 08       		.byte	0x8
 352 0084 05       		.byte	0x5
 353 0085 50000000 		.4byte	.LASF10
 354 0089 03       		.uleb128 0x3
 355 008a 08       		.byte	0x8
 356 008b 07       		.byte	0x7
 357 008c 29000000 		.4byte	.LASF11
 358 0090 03       		.uleb128 0x3
 359 0091 01       		.byte	0x1
 360 0092 02       		.byte	0x2
 361 0093 EE010000 		.4byte	.LASF12
 362 0097 04       		.uleb128 0x4
 363 0098 21010000 		.4byte	.LASF13
 364 009c 04       		.byte	0x4
 365 009d 2C       		.byte	0x2c
 366 009e 3E000000 		.4byte	0x3e
 367 00a2 04       		.uleb128 0x4
 368 00a3 BF000000 		.4byte	.LASF14
 369 00a7 04       		.byte	0x4
 370 00a8 2D       		.byte	0x2d
 371 00a9 3E000000 		.4byte	0x3e
 372 00ad 04       		.uleb128 0x4
 373 00ae D7010000 		.4byte	.LASF15
 374 00b2 04       		.byte	0x4
 375 00b3 2E       		.byte	0x2e
 376 00b4 3E000000 		.4byte	0x3e
 377 00b8 04       		.uleb128 0x4
 378 00b9 A2000000 		.4byte	.LASF16
 379 00bd 04       		.byte	0x4
 380 00be 2F       		.byte	0x2f
 381 00bf 3E000000 		.4byte	0x3e
 382 00c3 04       		.uleb128 0x4
 383 00c4 E6010000 		.4byte	.LASF17
 384 00c8 04       		.byte	0x4
 385 00c9 30       		.byte	0x30
 386 00ca 70000000 		.4byte	0x70
 387 00ce 04       		.uleb128 0x4
 388 00cf 1B010000 		.4byte	.LASF18
 389 00d3 04       		.byte	0x4
 390 00d4 31       		.byte	0x31
 391 00d5 5E000000 		.4byte	0x5e
 392 00d9 04       		.uleb128 0x4
 393 00da 35010000 		.4byte	.LASF19
 394 00de 04       		.byte	0x4
 395 00df 33       		.byte	0x33
 396 00e0 70000000 		.4byte	0x70
ARM GAS  C:\Users\Elis\AppData\Local\Temp\ccUOdoBI.s 			page 8


 397 00e4 04       		.uleb128 0x4
 398 00e5 D3020000 		.4byte	.LASF20
 399 00e9 04       		.byte	0x4
 400 00ea 35       		.byte	0x35
 401 00eb 70000000 		.4byte	0x70
 402 00ef 04       		.uleb128 0x4
 403 00f0 71020000 		.4byte	.LASF21
 404 00f4 05       		.byte	0x5
 405 00f5 2A       		.byte	0x2a
 406 00f6 FA000000 		.4byte	0xfa
 407 00fa 05       		.uleb128 0x5
 408 00fb 71020000 		.4byte	.LASF21
 409 00ff 48       		.byte	0x48
 410 0100 06       		.byte	0x6
 411 0101 5E       		.byte	0x5e
 412 0102 1F020000 		.4byte	0x21f
 413 0106 06       		.uleb128 0x6
 414 0107 62020000 		.4byte	.LASF22
 415 010b 06       		.byte	0x6
 416 010c 5F       		.byte	0x5f
 417 010d 44020000 		.4byte	0x244
 418 0111 02       		.byte	0x2
 419 0112 23       		.byte	0x23
 420 0113 00       		.uleb128 0
 421 0114 06       		.uleb128 0x6
 422 0115 DF010000 		.4byte	.LASF23
 423 0119 06       		.byte	0x6
 424 011a 61       		.byte	0x61
 425 011b 44020000 		.4byte	0x244
 426 011f 02       		.byte	0x2
 427 0120 23       		.byte	0x23
 428 0121 04       		.uleb128 0x4
 429 0122 06       		.uleb128 0x6
 430 0123 49000000 		.4byte	.LASF24
 431 0127 06       		.byte	0x6
 432 0128 63       		.byte	0x63
 433 0129 C3000000 		.4byte	0xc3
 434 012d 02       		.byte	0x2
 435 012e 23       		.byte	0x23
 436 012f 08       		.uleb128 0x8
 437 0130 06       		.uleb128 0x6
 438 0131 4D030000 		.4byte	.LASF25
 439 0135 06       		.byte	0x6
 440 0136 64       		.byte	0x64
 441 0137 12030000 		.4byte	0x312
 442 013b 02       		.byte	0x2
 443 013c 23       		.byte	0x23
 444 013d 0C       		.uleb128 0xc
 445 013e 06       		.uleb128 0x6
 446 013f C8000000 		.4byte	.LASF26
 447 0143 06       		.byte	0x6
 448 0144 66       		.byte	0x66
 449 0145 44020000 		.4byte	0x244
 450 0149 02       		.byte	0x2
 451 014a 23       		.byte	0x23
 452 014b 10       		.uleb128 0x10
 453 014c 06       		.uleb128 0x6
ARM GAS  C:\Users\Elis\AppData\Local\Temp\ccUOdoBI.s 			page 9


 454 014d 99010000 		.4byte	.LASF27
 455 0151 06       		.byte	0x6
 456 0152 67       		.byte	0x67
 457 0153 44020000 		.4byte	0x244
 458 0157 02       		.byte	0x2
 459 0158 23       		.byte	0x23
 460 0159 14       		.uleb128 0x14
 461 015a 06       		.uleb128 0x6
 462 015b 3E030000 		.4byte	.LASF28
 463 015f 06       		.byte	0x6
 464 0160 6E       		.byte	0x6e
 465 0161 26040000 		.4byte	0x426
 466 0165 02       		.byte	0x2
 467 0166 23       		.byte	0x23
 468 0167 18       		.uleb128 0x18
 469 0168 06       		.uleb128 0x6
 470 0169 1E020000 		.4byte	.LASF29
 471 016d 06       		.byte	0x6
 472 016e 79       		.byte	0x79
 473 016f A2000000 		.4byte	0xa2
 474 0173 02       		.byte	0x2
 475 0174 23       		.byte	0x23
 476 0175 1C       		.uleb128 0x1c
 477 0176 06       		.uleb128 0x6
 478 0177 69020000 		.4byte	.LASF30
 479 017b 06       		.byte	0x6
 480 017c 7D       		.byte	0x7d
 481 017d 97000000 		.4byte	0x97
 482 0181 02       		.byte	0x2
 483 0182 23       		.byte	0x23
 484 0183 1D       		.uleb128 0x1d
 485 0184 06       		.uleb128 0x6
 486 0185 18030000 		.4byte	.LASF31
 487 0189 06       		.byte	0x6
 488 018a 82       		.byte	0x82
 489 018b AD000000 		.4byte	0xad
 490 018f 02       		.byte	0x2
 491 0190 23       		.byte	0x23
 492 0191 1E       		.uleb128 0x1e
 493 0192 06       		.uleb128 0x6
 494 0193 26020000 		.4byte	.LASF32
 495 0197 06       		.byte	0x6
 496 0198 88       		.byte	0x88
 497 0199 B8000000 		.4byte	0xb8
 498 019d 02       		.byte	0x2
 499 019e 23       		.byte	0x23
 500 019f 1F       		.uleb128 0x1f
 501 01a0 06       		.uleb128 0x6
 502 01a1 E8020000 		.4byte	.LASF33
 503 01a5 06       		.byte	0x6
 504 01a6 8F       		.byte	0x8f
 505 01a7 3C030000 		.4byte	0x33c
 506 01ab 02       		.byte	0x2
 507 01ac 23       		.byte	0x23
 508 01ad 20       		.uleb128 0x20
 509 01ae 07       		.uleb128 0x7
 510 01af 705F7500 		.ascii	"p_u\000"
ARM GAS  C:\Users\Elis\AppData\Local\Temp\ccUOdoBI.s 			page 10


 511 01b3 06       		.byte	0x6
 512 01b4 B4       		.byte	0xb4
 513 01b5 F1030000 		.4byte	0x3f1
 514 01b9 02       		.byte	0x2
 515 01ba 23       		.byte	0x23
 516 01bb 24       		.uleb128 0x24
 517 01bc 06       		.uleb128 0x6
 518 01bd 53030000 		.4byte	.LASF34
 519 01c1 06       		.byte	0x6
 520 01c2 B9       		.byte	0xb9
 521 01c3 6C020000 		.4byte	0x26c
 522 01c7 02       		.byte	0x2
 523 01c8 23       		.byte	0x23
 524 01c9 28       		.uleb128 0x28
 525 01ca 06       		.uleb128 0x6
 526 01cb F6020000 		.4byte	.LASF35
 527 01cf 06       		.byte	0x6
 528 01d0 BF       		.byte	0xbf
 529 01d1 4A020000 		.4byte	0x24a
 530 01d5 02       		.byte	0x2
 531 01d6 23       		.byte	0x23
 532 01d7 2C       		.uleb128 0x2c
 533 01d8 06       		.uleb128 0x6
 534 01d9 00000000 		.4byte	.LASF36
 535 01dd 06       		.byte	0x6
 536 01de C3       		.byte	0xc3
 537 01df CE000000 		.4byte	0xce
 538 01e3 02       		.byte	0x2
 539 01e4 23       		.byte	0x23
 540 01e5 34       		.uleb128 0x34
 541 01e6 06       		.uleb128 0x6
 542 01e7 93020000 		.4byte	.LASF37
 543 01eb 06       		.byte	0x6
 544 01ec C9       		.byte	0xc9
 545 01ed D9000000 		.4byte	0xd9
 546 01f1 02       		.byte	0x2
 547 01f2 23       		.byte	0x23
 548 01f3 38       		.uleb128 0x38
 549 01f4 06       		.uleb128 0x6
 550 01f5 0A020000 		.4byte	.LASF38
 551 01f9 06       		.byte	0x6
 552 01fa D0       		.byte	0xd0
 553 01fb 38040000 		.4byte	0x438
 554 01ff 02       		.byte	0x2
 555 0200 23       		.byte	0x23
 556 0201 3C       		.uleb128 0x3c
 557 0202 06       		.uleb128 0x6
 558 0203 DD020000 		.4byte	.LASF39
 559 0207 06       		.byte	0x6
 560 0208 D4       		.byte	0xd4
 561 0209 C3000000 		.4byte	0xc3
 562 020d 02       		.byte	0x2
 563 020e 23       		.byte	0x23
 564 020f 40       		.uleb128 0x40
 565 0210 06       		.uleb128 0x6
 566 0211 6A000000 		.4byte	.LASF40
 567 0215 06       		.byte	0x6
ARM GAS  C:\Users\Elis\AppData\Local\Temp\ccUOdoBI.s 			page 11


 568 0216 DA       		.byte	0xda
 569 0217 82020000 		.4byte	0x282
 570 021b 02       		.byte	0x2
 571 021c 23       		.byte	0x23
 572 021d 44       		.uleb128 0x44
 573 021e 00       		.byte	0
 574 021f 08       		.uleb128 0x8
 575 0220 08       		.byte	0x8
 576 0221 05       		.byte	0x5
 577 0222 61       		.byte	0x61
 578 0223 44020000 		.4byte	0x244
 579 0227 06       		.uleb128 0x6
 580 0228 62020000 		.4byte	.LASF22
 581 022c 05       		.byte	0x5
 582 022d 62       		.byte	0x62
 583 022e 44020000 		.4byte	0x244
 584 0232 02       		.byte	0x2
 585 0233 23       		.byte	0x23
 586 0234 00       		.uleb128 0
 587 0235 06       		.uleb128 0x6
 588 0236 DF010000 		.4byte	.LASF23
 589 023a 05       		.byte	0x5
 590 023b 64       		.byte	0x64
 591 023c 44020000 		.4byte	0x244
 592 0240 02       		.byte	0x2
 593 0241 23       		.byte	0x23
 594 0242 04       		.uleb128 0x4
 595 0243 00       		.byte	0
 596 0244 09       		.uleb128 0x9
 597 0245 04       		.byte	0x4
 598 0246 EF000000 		.4byte	0xef
 599 024a 04       		.uleb128 0x4
 600 024b A7010000 		.4byte	.LASF41
 601 024f 05       		.byte	0x5
 602 0250 66       		.byte	0x66
 603 0251 1F020000 		.4byte	0x21f
 604 0255 08       		.uleb128 0x8
 605 0256 04       		.byte	0x4
 606 0257 05       		.byte	0x5
 607 0258 6B       		.byte	0x6b
 608 0259 6C020000 		.4byte	0x26c
 609 025d 06       		.uleb128 0x6
 610 025e 62020000 		.4byte	.LASF22
 611 0262 05       		.byte	0x5
 612 0263 6D       		.byte	0x6d
 613 0264 44020000 		.4byte	0x244
 614 0268 02       		.byte	0x2
 615 0269 23       		.byte	0x23
 616 026a 00       		.uleb128 0
 617 026b 00       		.byte	0
 618 026c 04       		.uleb128 0x4
 619 026d 29010000 		.4byte	.LASF42
 620 0271 05       		.byte	0x5
 621 0272 70       		.byte	0x70
 622 0273 55020000 		.4byte	0x255
 623 0277 04       		.uleb128 0x4
 624 0278 D8000000 		.4byte	.LASF43
ARM GAS  C:\Users\Elis\AppData\Local\Temp\ccUOdoBI.s 			page 12


 625 027c 07       		.byte	0x7
 626 027d E5       		.byte	0xe5
 627 027e 82020000 		.4byte	0x282
 628 0282 0A       		.uleb128 0xa
 629 0283 04       		.byte	0x4
 630 0284 0B       		.uleb128 0xb
 631 0285 EF020000 		.4byte	.LASF44
 632 0289 24       		.byte	0x24
 633 028a 07       		.byte	0x7
 634 028b 0C01     		.2byte	0x10c
 635 028d 12030000 		.4byte	0x312
 636 0291 0C       		.uleb128 0xc
 637 0292 723400   		.ascii	"r4\000"
 638 0295 07       		.byte	0x7
 639 0296 1F01     		.2byte	0x11f
 640 0298 77020000 		.4byte	0x277
 641 029c 02       		.byte	0x2
 642 029d 23       		.byte	0x23
 643 029e 00       		.uleb128 0
 644 029f 0C       		.uleb128 0xc
 645 02a0 723500   		.ascii	"r5\000"
 646 02a3 07       		.byte	0x7
 647 02a4 2001     		.2byte	0x120
 648 02a6 77020000 		.4byte	0x277
 649 02aa 02       		.byte	0x2
 650 02ab 23       		.byte	0x23
 651 02ac 04       		.uleb128 0x4
 652 02ad 0C       		.uleb128 0xc
 653 02ae 723600   		.ascii	"r6\000"
 654 02b1 07       		.byte	0x7
 655 02b2 2101     		.2byte	0x121
 656 02b4 77020000 		.4byte	0x277
 657 02b8 02       		.byte	0x2
 658 02b9 23       		.byte	0x23
 659 02ba 08       		.uleb128 0x8
 660 02bb 0C       		.uleb128 0xc
 661 02bc 723700   		.ascii	"r7\000"
 662 02bf 07       		.byte	0x7
 663 02c0 2201     		.2byte	0x122
 664 02c2 77020000 		.4byte	0x277
 665 02c6 02       		.byte	0x2
 666 02c7 23       		.byte	0x23
 667 02c8 0C       		.uleb128 0xc
 668 02c9 0C       		.uleb128 0xc
 669 02ca 723800   		.ascii	"r8\000"
 670 02cd 07       		.byte	0x7
 671 02ce 2301     		.2byte	0x123
 672 02d0 77020000 		.4byte	0x277
 673 02d4 02       		.byte	0x2
 674 02d5 23       		.byte	0x23
 675 02d6 10       		.uleb128 0x10
 676 02d7 0C       		.uleb128 0xc
 677 02d8 723900   		.ascii	"r9\000"
 678 02db 07       		.byte	0x7
 679 02dc 2401     		.2byte	0x124
 680 02de 77020000 		.4byte	0x277
 681 02e2 02       		.byte	0x2
ARM GAS  C:\Users\Elis\AppData\Local\Temp\ccUOdoBI.s 			page 13


 682 02e3 23       		.byte	0x23
 683 02e4 14       		.uleb128 0x14
 684 02e5 0C       		.uleb128 0xc
 685 02e6 72313000 		.ascii	"r10\000"
 686 02ea 07       		.byte	0x7
 687 02eb 2501     		.2byte	0x125
 688 02ed 77020000 		.4byte	0x277
 689 02f1 02       		.byte	0x2
 690 02f2 23       		.byte	0x23
 691 02f3 18       		.uleb128 0x18
 692 02f4 0C       		.uleb128 0xc
 693 02f5 72313100 		.ascii	"r11\000"
 694 02f9 07       		.byte	0x7
 695 02fa 2601     		.2byte	0x126
 696 02fc 77020000 		.4byte	0x277
 697 0300 02       		.byte	0x2
 698 0301 23       		.byte	0x23
 699 0302 1C       		.uleb128 0x1c
 700 0303 0C       		.uleb128 0xc
 701 0304 6C7200   		.ascii	"lr\000"
 702 0307 07       		.byte	0x7
 703 0308 2701     		.2byte	0x127
 704 030a 77020000 		.4byte	0x277
 705 030e 02       		.byte	0x2
 706 030f 23       		.byte	0x23
 707 0310 20       		.uleb128 0x20
 708 0311 00       		.byte	0
 709 0312 0B       		.uleb128 0xb
 710 0313 00010000 		.4byte	.LASF45
 711 0317 04       		.byte	0x4
 712 0318 07       		.byte	0x7
 713 0319 3101     		.2byte	0x131
 714 031b 2F030000 		.4byte	0x32f
 715 031f 0C       		.uleb128 0xc
 716 0320 72313300 		.ascii	"r13\000"
 717 0324 07       		.byte	0x7
 718 0325 3201     		.2byte	0x132
 719 0327 2F030000 		.4byte	0x32f
 720 032b 02       		.byte	0x2
 721 032c 23       		.byte	0x23
 722 032d 00       		.uleb128 0
 723 032e 00       		.byte	0
 724 032f 09       		.uleb128 0x9
 725 0330 04       		.byte	0x4
 726 0331 84020000 		.4byte	0x284
 727 0335 03       		.uleb128 0x3
 728 0336 04       		.byte	0x4
 729 0337 07       		.byte	0x7
 730 0338 47010000 		.4byte	.LASF46
 731 033c 0D       		.uleb128 0xd
 732 033d E4000000 		.4byte	0xe4
 733 0341 08       		.uleb128 0x8
 734 0342 1C       		.byte	0x1c
 735 0343 08       		.byte	0x8
 736 0344 5E       		.byte	0x5e
 737 0345 9E030000 		.4byte	0x39e
 738 0349 06       		.uleb128 0x6
ARM GAS  C:\Users\Elis\AppData\Local\Temp\ccUOdoBI.s 			page 14


 739 034a A7020000 		.4byte	.LASF47
 740 034e 08       		.byte	0x8
 741 034f 5F       		.byte	0x5f
 742 0350 4A020000 		.4byte	0x24a
 743 0354 02       		.byte	0x2
 744 0355 23       		.byte	0x23
 745 0356 00       		.uleb128 0
 746 0357 06       		.uleb128 0x6
 747 0358 30020000 		.4byte	.LASF48
 748 035c 08       		.byte	0x8
 749 035d 60       		.byte	0x60
 750 035e C3000000 		.4byte	0xc3
 751 0362 02       		.byte	0x2
 752 0363 23       		.byte	0x23
 753 0364 08       		.uleb128 0x8
 754 0365 06       		.uleb128 0x6
 755 0366 A1010000 		.4byte	.LASF49
 756 036a 08       		.byte	0x8
 757 036b 62       		.byte	0x62
 758 036c 12030000 		.4byte	0x312
 759 0370 02       		.byte	0x2
 760 0371 23       		.byte	0x23
 761 0372 0C       		.uleb128 0xc
 762 0373 06       		.uleb128 0x6
 763 0374 D0000000 		.4byte	.LASF50
 764 0378 08       		.byte	0x8
 765 0379 65       		.byte	0x65
 766 037a 44020000 		.4byte	0x244
 767 037e 02       		.byte	0x2
 768 037f 23       		.byte	0x23
 769 0380 10       		.uleb128 0x10
 770 0381 06       		.uleb128 0x6
 771 0382 BE010000 		.4byte	.LASF51
 772 0386 08       		.byte	0x8
 773 0387 66       		.byte	0x66
 774 0388 44020000 		.4byte	0x244
 775 038c 02       		.byte	0x2
 776 038d 23       		.byte	0x23
 777 038e 14       		.uleb128 0x14
 778 038f 06       		.uleb128 0x6
 779 0390 B4010000 		.4byte	.LASF52
 780 0394 08       		.byte	0x8
 781 0395 69       		.byte	0x69
 782 0396 44020000 		.4byte	0x244
 783 039a 02       		.byte	0x2
 784 039b 23       		.byte	0x23
 785 039c 18       		.uleb128 0x18
 786 039d 00       		.byte	0
 787 039e 04       		.uleb128 0x4
 788 039f 1F030000 		.4byte	.LASF53
 789 03a3 08       		.byte	0x8
 790 03a4 6B       		.byte	0x6b
 791 03a5 41030000 		.4byte	0x341
 792 03a9 05       		.uleb128 0x5
 793 03aa 41010000 		.4byte	.LASF54
 794 03ae 10       		.byte	0x10
 795 03af 09       		.byte	0x9
ARM GAS  C:\Users\Elis\AppData\Local\Temp\ccUOdoBI.s 			page 15


 796 03b0 2C       		.byte	0x2c
 797 03b1 E0030000 		.4byte	0x3e0
 798 03b5 06       		.uleb128 0x6
 799 03b6 72000000 		.4byte	.LASF55
 800 03ba 09       		.byte	0x9
 801 03bb 2D       		.byte	0x2d
 802 03bc 4A020000 		.4byte	0x24a
 803 03c0 02       		.byte	0x2
 804 03c1 23       		.byte	0x23
 805 03c2 00       		.uleb128 0
 806 03c3 06       		.uleb128 0x6
 807 03c4 45030000 		.4byte	.LASF56
 808 03c8 09       		.byte	0x9
 809 03c9 2F       		.byte	0x2f
 810 03ca 44020000 		.4byte	0x244
 811 03ce 02       		.byte	0x2
 812 03cf 23       		.byte	0x23
 813 03d0 08       		.uleb128 0x8
 814 03d1 06       		.uleb128 0x6
 815 03d2 CC020000 		.4byte	.LASF57
 816 03d6 09       		.byte	0x9
 817 03d7 31       		.byte	0x31
 818 03d8 E0030000 		.4byte	0x3e0
 819 03dc 02       		.byte	0x2
 820 03dd 23       		.byte	0x23
 821 03de 0C       		.uleb128 0xc
 822 03df 00       		.byte	0
 823 03e0 09       		.uleb128 0x9
 824 03e1 04       		.byte	0x4
 825 03e2 A9030000 		.4byte	0x3a9
 826 03e6 04       		.uleb128 0x4
 827 03e7 41010000 		.4byte	.LASF54
 828 03eb 09       		.byte	0x9
 829 03ec 33       		.byte	0x33
 830 03ed A9030000 		.4byte	0x3a9
 831 03f1 0E       		.uleb128 0xe
 832 03f2 04       		.byte	0x4
 833 03f3 06       		.byte	0x6
 834 03f4 96       		.byte	0x96
 835 03f5 26040000 		.4byte	0x426
 836 03f9 0F       		.uleb128 0xf
 837 03fa 13000000 		.4byte	.LASF58
 838 03fe 06       		.byte	0x6
 839 03ff 9D       		.byte	0x9d
 840 0400 CE000000 		.4byte	0xce
 841 0404 0F       		.uleb128 0xf
 842 0405 40000000 		.4byte	.LASF59
 843 0409 06       		.byte	0x6
 844 040a A4       		.byte	0xa4
 845 040b CE000000 		.4byte	0xce
 846 040f 0F       		.uleb128 0xf
 847 0410 37030000 		.4byte	.LASF60
 848 0414 06       		.byte	0x6
 849 0415 AB       		.byte	0xab
 850 0416 82020000 		.4byte	0x282
 851 041a 0F       		.uleb128 0xf
 852 041b 5B020000 		.4byte	.LASF61
ARM GAS  C:\Users\Elis\AppData\Local\Temp\ccUOdoBI.s 			page 16


 853 041f 06       		.byte	0x6
 854 0420 B2       		.byte	0xb2
 855 0421 D9000000 		.4byte	0xd9
 856 0425 00       		.byte	0
 857 0426 09       		.uleb128 0x9
 858 0427 04       		.byte	0x4
 859 0428 2C040000 		.4byte	0x42c
 860 042c 10       		.uleb128 0x10
 861 042d 31040000 		.4byte	0x431
 862 0431 03       		.uleb128 0x3
 863 0432 01       		.byte	0x1
 864 0433 08       		.byte	0x8
 865 0434 BB020000 		.4byte	.LASF62
 866 0438 09       		.uleb128 0x9
 867 0439 04       		.byte	0x4
 868 043a E6030000 		.4byte	0x3e6
 869 043e 11       		.uleb128 0x11
 870 043f 06000000 		.4byte	.LASF70
 871 0443 02       		.byte	0x2
 872 0444 34       		.byte	0x34
 873 0445 01       		.byte	0x1
 874 0446 03       		.byte	0x3
 875 0447 61040000 		.4byte	0x461
 876 044b 12       		.uleb128 0x12
 877 044c 747000   		.ascii	"tp\000"
 878 044f 02       		.byte	0x2
 879 0450 34       		.byte	0x34
 880 0451 44020000 		.4byte	0x244
 881 0455 12       		.uleb128 0x12
 882 0456 74717000 		.ascii	"tqp\000"
 883 045a 02       		.byte	0x2
 884 045b 34       		.byte	0x34
 885 045c 61040000 		.4byte	0x461
 886 0460 00       		.byte	0
 887 0461 09       		.uleb128 0x9
 888 0462 04       		.byte	0x4
 889 0463 4A020000 		.4byte	0x24a
 890 0467 13       		.uleb128 0x13
 891 0468 C0020000 		.4byte	.LASF71
 892 046c 02       		.byte	0x2
 893 046d 3B       		.byte	0x3b
 894 046e 01       		.byte	0x1
 895 046f 44020000 		.4byte	0x244
 896 0473 03       		.byte	0x3
 897 0474 8E040000 		.4byte	0x48e
 898 0478 12       		.uleb128 0x12
 899 0479 74717000 		.ascii	"tqp\000"
 900 047d 02       		.byte	0x2
 901 047e 3B       		.byte	0x3b
 902 047f 61040000 		.4byte	0x461
 903 0483 14       		.uleb128 0x14
 904 0484 747000   		.ascii	"tp\000"
 905 0487 02       		.byte	0x2
 906 0488 3C       		.byte	0x3c
 907 0489 44020000 		.4byte	0x244
 908 048d 00       		.byte	0
 909 048e 15       		.uleb128 0x15
ARM GAS  C:\Users\Elis\AppData\Local\Temp\ccUOdoBI.s 			page 17


 910 048f 01       		.byte	0x1
 911 0490 B5000000 		.4byte	.LASF63
 912 0494 01       		.byte	0x1
 913 0495 4B       		.byte	0x4b
 914 0496 01       		.byte	0x1
 915 0497 CE000000 		.4byte	0xce
 916 049b 00000000 		.4byte	.LFB7
 917 049f 50000000 		.4byte	.LFE7
 918 04a3 00000000 		.4byte	.LLST0
 919 04a7 01       		.byte	0x1
 920 04a8 6E050000 		.4byte	0x56e
 921 04ac 16       		.uleb128 0x16
 922 04ad 747000   		.ascii	"tp\000"
 923 04b0 01       		.byte	0x1
 924 04b1 4B       		.byte	0x4b
 925 04b2 44020000 		.4byte	0x244
 926 04b6 20000000 		.4byte	.LLST1
 927 04ba 16       		.uleb128 0x16
 928 04bb 6D736700 		.ascii	"msg\000"
 929 04bf 01       		.byte	0x1
 930 04c0 4B       		.byte	0x4b
 931 04c1 CE000000 		.4byte	0xce
 932 04c5 3E000000 		.4byte	.LLST2
 933 04c9 17       		.uleb128 0x17
 934 04ca 63747000 		.ascii	"ctp\000"
 935 04ce 01       		.byte	0x1
 936 04cf 4C       		.byte	0x4c
 937 04d0 44020000 		.4byte	0x244
 938 04d4 72000000 		.4byte	.LLST3
 939 04d8 18       		.uleb128 0x18
 940 04d9 0A000000 		.4byte	.LBB10
 941 04dd 10000000 		.4byte	.LBE10
 942 04e1 F5040000 		.4byte	0x4f5
 943 04e5 17       		.uleb128 0x17
 944 04e6 746D7000 		.ascii	"tmp\000"
 945 04ea 01       		.byte	0x1
 946 04eb 50       		.byte	0x50
 947 04ec 70000000 		.4byte	0x70
 948 04f0 90000000 		.4byte	.LLST4
 949 04f4 00       		.byte	0
 950 04f5 19       		.uleb128 0x19
 951 04f6 3E040000 		.4byte	0x43e
 952 04fa 1C000000 		.4byte	.LBB11
 953 04fe 00000000 		.4byte	.Ldebug_ranges0+0
 954 0502 01       		.byte	0x1
 955 0503 53       		.byte	0x53
 956 0504 1B050000 		.4byte	0x51b
 957 0508 1A       		.uleb128 0x1a
 958 0509 55040000 		.4byte	0x455
 959 050d A3000000 		.4byte	.LLST5
 960 0511 1A       		.uleb128 0x1a
 961 0512 4B040000 		.4byte	0x44b
 962 0516 DB000000 		.4byte	.LLST6
 963 051a 00       		.byte	0
 964 051b 18       		.uleb128 0x18
 965 051c 38000000 		.4byte	.LBB15
 966 0520 3E000000 		.4byte	.LBE15
ARM GAS  C:\Users\Elis\AppData\Local\Temp\ccUOdoBI.s 			page 18


 967 0524 38050000 		.4byte	0x538
 968 0528 17       		.uleb128 0x17
 969 0529 746D7000 		.ascii	"tmp\000"
 970 052d 01       		.byte	0x1
 971 052e 58       		.byte	0x58
 972 052f 70000000 		.4byte	0x70
 973 0533 F9000000 		.4byte	.LLST7
 974 0537 00       		.byte	0
 975 0538 1B       		.uleb128 0x1b
 976 0539 14000000 		.4byte	.LVL4
 977 053d C9060000 		.4byte	0x6c9
 978 0541 1C       		.uleb128 0x1c
 979 0542 32000000 		.4byte	.LVL7
 980 0546 D3060000 		.4byte	0x6d3
 981 054a 54050000 		.4byte	0x554
 982 054e 1D       		.uleb128 0x1d
 983 054f 01       		.byte	0x1
 984 0550 50       		.byte	0x50
 985 0551 01       		.byte	0x1
 986 0552 3A       		.byte	0x3a
 987 0553 00       		.byte	0
 988 0554 1B       		.uleb128 0x1b
 989 0555 38000000 		.4byte	.LVL9
 990 0559 E7060000 		.4byte	0x6e7
 991 055d 1E       		.uleb128 0x1e
 992 055e 48000000 		.4byte	.LVL13
 993 0562 F1060000 		.4byte	0x6f1
 994 0566 1D       		.uleb128 0x1d
 995 0567 01       		.byte	0x1
 996 0568 50       		.byte	0x50
 997 0569 02       		.byte	0x2
 998 056a 75       		.byte	0x75
 999 056b 00       		.sleb128 0
 1000 056c 00       		.byte	0
 1001 056d 00       		.byte	0
 1002 056e 15       		.uleb128 0x15
 1003 056f 01       		.byte	0x1
 1004 0570 0E030000 		.4byte	.LASF64
 1005 0574 01       		.byte	0x1
 1006 0575 6A       		.byte	0x6a
 1007 0576 01       		.byte	0x1
 1008 0577 44020000 		.4byte	0x244
 1009 057b 00000000 		.4byte	.LFB8
 1010 057f 48000000 		.4byte	.LFE8
 1011 0583 0C010000 		.4byte	.LLST8
 1012 0587 01       		.byte	0x1
 1013 0588 1E060000 		.4byte	0x61e
 1014 058c 14       		.uleb128 0x14
 1015 058d 747000   		.ascii	"tp\000"
 1016 0590 01       		.byte	0x1
 1017 0591 6B       		.byte	0x6b
 1018 0592 44020000 		.4byte	0x244
 1019 0596 18       		.uleb128 0x18
 1020 0597 02000000 		.4byte	.LBB16
 1021 059b 08000000 		.4byte	.LBE16
 1022 059f B3050000 		.4byte	0x5b3
 1023 05a3 17       		.uleb128 0x17
ARM GAS  C:\Users\Elis\AppData\Local\Temp\ccUOdoBI.s 			page 19


 1024 05a4 746D7000 		.ascii	"tmp\000"
 1025 05a8 01       		.byte	0x1
 1026 05a9 6D       		.byte	0x6d
 1027 05aa 70000000 		.4byte	0x70
 1028 05ae 2C010000 		.4byte	.LLST9
 1029 05b2 00       		.byte	0
 1030 05b3 19       		.uleb128 0x19
 1031 05b4 67040000 		.4byte	0x467
 1032 05b8 1A000000 		.4byte	.LBB17
 1033 05bc 18000000 		.4byte	.Ldebug_ranges0+0x18
 1034 05c0 01       		.byte	0x1
 1035 05c1 70       		.byte	0x70
 1036 05c2 DF050000 		.4byte	0x5df
 1037 05c6 1A       		.uleb128 0x1a
 1038 05c7 78040000 		.4byte	0x478
 1039 05cb 3F010000 		.4byte	.LLST10
 1040 05cf 1F       		.uleb128 0x1f
 1041 05d0 30000000 		.4byte	.Ldebug_ranges0+0x30
 1042 05d4 20       		.uleb128 0x20
 1043 05d5 83040000 		.4byte	0x483
 1044 05d9 54010000 		.4byte	.LLST11
 1045 05dd 00       		.byte	0
 1046 05de 00       		.byte	0
 1047 05df 18       		.uleb128 0x18
 1048 05e0 28000000 		.4byte	.LBB21
 1049 05e4 2E000000 		.4byte	.LBE21
 1050 05e8 FC050000 		.4byte	0x5fc
 1051 05ec 17       		.uleb128 0x17
 1052 05ed 746D7000 		.ascii	"tmp\000"
 1053 05f1 01       		.byte	0x1
 1054 05f2 72       		.byte	0x72
 1055 05f3 70000000 		.4byte	0x70
 1056 05f7 67010000 		.4byte	.LLST12
 1057 05fb 00       		.byte	0
 1058 05fc 1B       		.uleb128 0x1b
 1059 05fd 0E000000 		.4byte	.LVL16
 1060 0601 C9060000 		.4byte	0x6c9
 1061 0605 1B       		.uleb128 0x1b
 1062 0606 28000000 		.4byte	.LVL18
 1063 060a E7060000 		.4byte	0x6e7
 1064 060e 1E       		.uleb128 0x1e
 1065 060f 38000000 		.4byte	.LVL22
 1066 0613 D3060000 		.4byte	0x6d3
 1067 0617 1D       		.uleb128 0x1d
 1068 0618 01       		.byte	0x1
 1069 0619 50       		.byte	0x50
 1070 061a 01       		.byte	0x1
 1071 061b 3C       		.byte	0x3c
 1072 061c 00       		.byte	0
 1073 061d 00       		.byte	0
 1074 061e 21       		.uleb128 0x21
 1075 061f 01       		.byte	0x1
 1076 0620 78020000 		.4byte	.LASF72
 1077 0624 01       		.byte	0x1
 1078 0625 80       		.byte	0x80
 1079 0626 01       		.byte	0x1
 1080 0627 00000000 		.4byte	.LFB9
ARM GAS  C:\Users\Elis\AppData\Local\Temp\ccUOdoBI.s 			page 20


 1081 062b 24000000 		.4byte	.LFE9
 1082 062f 7A010000 		.4byte	.LLST13
 1083 0633 01       		.byte	0x1
 1084 0634 BC060000 		.4byte	0x6bc
 1085 0638 16       		.uleb128 0x16
 1086 0639 747000   		.ascii	"tp\000"
 1087 063c 01       		.byte	0x1
 1088 063d 80       		.byte	0x80
 1089 063e 44020000 		.4byte	0x244
 1090 0642 9A010000 		.4byte	.LLST14
 1091 0646 16       		.uleb128 0x16
 1092 0647 6D736700 		.ascii	"msg\000"
 1093 064b 01       		.byte	0x1
 1094 064c 80       		.byte	0x80
 1095 064d CE000000 		.4byte	0xce
 1096 0651 B8010000 		.4byte	.LLST15
 1097 0655 18       		.uleb128 0x18
 1098 0656 06000000 		.4byte	.LBB22
 1099 065a 0C000000 		.4byte	.LBE22
 1100 065e 72060000 		.4byte	0x672
 1101 0662 17       		.uleb128 0x17
 1102 0663 746D7000 		.ascii	"tmp\000"
 1103 0667 01       		.byte	0x1
 1104 0668 82       		.byte	0x82
 1105 0669 70000000 		.4byte	0x70
 1106 066d D6010000 		.4byte	.LLST16
 1107 0671 00       		.byte	0
 1108 0672 18       		.uleb128 0x18
 1109 0673 1C000000 		.4byte	.LBB23
 1110 0677 24000000 		.4byte	.LBE23
 1111 067b 8F060000 		.4byte	0x68f
 1112 067f 17       		.uleb128 0x17
 1113 0680 746D7000 		.ascii	"tmp\000"
 1114 0684 01       		.byte	0x1
 1115 0685 86       		.byte	0x86
 1116 0686 70000000 		.4byte	0x70
 1117 068a E9010000 		.4byte	.LLST17
 1118 068e 00       		.byte	0
 1119 068f 1B       		.uleb128 0x1b
 1120 0690 10000000 		.4byte	.LVL26
 1121 0694 C9060000 		.4byte	0x6c9
 1122 0698 1C       		.uleb128 0x1c
 1123 0699 18000000 		.4byte	.LVL27
 1124 069d 09070000 		.4byte	0x709
 1125 06a1 B2060000 		.4byte	0x6b2
 1126 06a5 1D       		.uleb128 0x1d
 1127 06a6 01       		.byte	0x1
 1128 06a7 51       		.byte	0x51
 1129 06a8 02       		.byte	0x2
 1130 06a9 74       		.byte	0x74
 1131 06aa 00       		.sleb128 0
 1132 06ab 1D       		.uleb128 0x1d
 1133 06ac 01       		.byte	0x1
 1134 06ad 50       		.byte	0x50
 1135 06ae 02       		.byte	0x2
 1136 06af 75       		.byte	0x75
 1137 06b0 00       		.sleb128 0
ARM GAS  C:\Users\Elis\AppData\Local\Temp\ccUOdoBI.s 			page 21


 1138 06b1 00       		.byte	0
 1139 06b2 1B       		.uleb128 0x1b
 1140 06b3 1C000000 		.4byte	.LVL28
 1141 06b7 E7060000 		.4byte	0x6e7
 1142 06bb 00       		.byte	0
 1143 06bc 22       		.uleb128 0x22
 1144 06bd 29030000 		.4byte	.LASF73
 1145 06c1 08       		.byte	0x8
 1146 06c2 6F       		.byte	0x6f
 1147 06c3 9E030000 		.4byte	0x39e
 1148 06c7 01       		.byte	0x1
 1149 06c8 01       		.byte	0x1
 1150 06c9 23       		.uleb128 0x23
 1151 06ca 01       		.byte	0x1
 1152 06cb 1A000000 		.4byte	.LASF65
 1153 06cf 0A       		.byte	0xa
 1154 06d0 E7       		.byte	0xe7
 1155 06d1 01       		.byte	0x1
 1156 06d2 01       		.byte	0x1
 1157 06d3 24       		.uleb128 0x24
 1158 06d4 01       		.byte	0x1
 1159 06d5 85020000 		.4byte	.LASF74
 1160 06d9 08       		.byte	0x8
 1161 06da 93       		.byte	0x93
 1162 06db 01       		.byte	0x1
 1163 06dc 01       		.byte	0x1
 1164 06dd E7060000 		.4byte	0x6e7
 1165 06e1 25       		.uleb128 0x25
 1166 06e2 A2000000 		.4byte	0xa2
 1167 06e6 00       		.byte	0
 1168 06e7 23       		.uleb128 0x23
 1169 06e8 01       		.byte	0x1
 1170 06e9 C6010000 		.4byte	.LASF66
 1171 06ed 0A       		.byte	0xa
 1172 06ee E8       		.byte	0xe8
 1173 06ef 01       		.byte	0x1
 1174 06f0 01       		.byte	0x1
 1175 06f1 26       		.uleb128 0x26
 1176 06f2 01       		.byte	0x1
 1177 06f3 AF020000 		.4byte	.LASF75
 1178 06f7 08       		.byte	0x8
 1179 06f8 90       		.byte	0x90
 1180 06f9 01       		.byte	0x1
 1181 06fa 44020000 		.4byte	0x244
 1182 06fe 01       		.byte	0x1
 1183 06ff 09070000 		.4byte	0x709
 1184 0703 25       		.uleb128 0x25
 1185 0704 44020000 		.4byte	0x244
 1186 0708 00       		.byte	0
 1187 0709 27       		.uleb128 0x27
 1188 070a 01       		.byte	0x1
 1189 070b 01030000 		.4byte	.LASF76
 1190 070f 08       		.byte	0x8
 1191 0710 99       		.byte	0x99
 1192 0711 01       		.byte	0x1
 1193 0712 01       		.byte	0x1
 1194 0713 25       		.uleb128 0x25
ARM GAS  C:\Users\Elis\AppData\Local\Temp\ccUOdoBI.s 			page 22


 1195 0714 44020000 		.4byte	0x244
 1196 0718 25       		.uleb128 0x25
 1197 0719 CE000000 		.4byte	0xce
 1198 071d 00       		.byte	0
 1199 071e 00       		.byte	0
 1200              		.section	.debug_abbrev,"",%progbits
 1201              	.Ldebug_abbrev0:
 1202 0000 01       		.uleb128 0x1
 1203 0001 11       		.uleb128 0x11
 1204 0002 01       		.byte	0x1
 1205 0003 25       		.uleb128 0x25
 1206 0004 0E       		.uleb128 0xe
 1207 0005 13       		.uleb128 0x13
 1208 0006 0B       		.uleb128 0xb
 1209 0007 03       		.uleb128 0x3
 1210 0008 0E       		.uleb128 0xe
 1211 0009 1B       		.uleb128 0x1b
 1212 000a 0E       		.uleb128 0xe
 1213 000b 55       		.uleb128 0x55
 1214 000c 06       		.uleb128 0x6
 1215 000d 11       		.uleb128 0x11
 1216 000e 01       		.uleb128 0x1
 1217 000f 52       		.uleb128 0x52
 1218 0010 01       		.uleb128 0x1
 1219 0011 10       		.uleb128 0x10
 1220 0012 06       		.uleb128 0x6
 1221 0013 00       		.byte	0
 1222 0014 00       		.byte	0
 1223 0015 02       		.uleb128 0x2
 1224 0016 24       		.uleb128 0x24
 1225 0017 00       		.byte	0
 1226 0018 0B       		.uleb128 0xb
 1227 0019 0B       		.uleb128 0xb
 1228 001a 3E       		.uleb128 0x3e
 1229 001b 0B       		.uleb128 0xb
 1230 001c 03       		.uleb128 0x3
 1231 001d 08       		.uleb128 0x8
 1232 001e 00       		.byte	0
 1233 001f 00       		.byte	0
 1234 0020 03       		.uleb128 0x3
 1235 0021 24       		.uleb128 0x24
 1236 0022 00       		.byte	0
 1237 0023 0B       		.uleb128 0xb
 1238 0024 0B       		.uleb128 0xb
 1239 0025 3E       		.uleb128 0x3e
 1240 0026 0B       		.uleb128 0xb
 1241 0027 03       		.uleb128 0x3
 1242 0028 0E       		.uleb128 0xe
 1243 0029 00       		.byte	0
 1244 002a 00       		.byte	0
 1245 002b 04       		.uleb128 0x4
 1246 002c 16       		.uleb128 0x16
 1247 002d 00       		.byte	0
 1248 002e 03       		.uleb128 0x3
 1249 002f 0E       		.uleb128 0xe
 1250 0030 3A       		.uleb128 0x3a
 1251 0031 0B       		.uleb128 0xb
ARM GAS  C:\Users\Elis\AppData\Local\Temp\ccUOdoBI.s 			page 23


 1252 0032 3B       		.uleb128 0x3b
 1253 0033 0B       		.uleb128 0xb
 1254 0034 49       		.uleb128 0x49
 1255 0035 13       		.uleb128 0x13
 1256 0036 00       		.byte	0
 1257 0037 00       		.byte	0
 1258 0038 05       		.uleb128 0x5
 1259 0039 13       		.uleb128 0x13
 1260 003a 01       		.byte	0x1
 1261 003b 03       		.uleb128 0x3
 1262 003c 0E       		.uleb128 0xe
 1263 003d 0B       		.uleb128 0xb
 1264 003e 0B       		.uleb128 0xb
 1265 003f 3A       		.uleb128 0x3a
 1266 0040 0B       		.uleb128 0xb
 1267 0041 3B       		.uleb128 0x3b
 1268 0042 0B       		.uleb128 0xb
 1269 0043 01       		.uleb128 0x1
 1270 0044 13       		.uleb128 0x13
 1271 0045 00       		.byte	0
 1272 0046 00       		.byte	0
 1273 0047 06       		.uleb128 0x6
 1274 0048 0D       		.uleb128 0xd
 1275 0049 00       		.byte	0
 1276 004a 03       		.uleb128 0x3
 1277 004b 0E       		.uleb128 0xe
 1278 004c 3A       		.uleb128 0x3a
 1279 004d 0B       		.uleb128 0xb
 1280 004e 3B       		.uleb128 0x3b
 1281 004f 0B       		.uleb128 0xb
 1282 0050 49       		.uleb128 0x49
 1283 0051 13       		.uleb128 0x13
 1284 0052 38       		.uleb128 0x38
 1285 0053 0A       		.uleb128 0xa
 1286 0054 00       		.byte	0
 1287 0055 00       		.byte	0
 1288 0056 07       		.uleb128 0x7
 1289 0057 0D       		.uleb128 0xd
 1290 0058 00       		.byte	0
 1291 0059 03       		.uleb128 0x3
 1292 005a 08       		.uleb128 0x8
 1293 005b 3A       		.uleb128 0x3a
 1294 005c 0B       		.uleb128 0xb
 1295 005d 3B       		.uleb128 0x3b
 1296 005e 0B       		.uleb128 0xb
 1297 005f 49       		.uleb128 0x49
 1298 0060 13       		.uleb128 0x13
 1299 0061 38       		.uleb128 0x38
 1300 0062 0A       		.uleb128 0xa
 1301 0063 00       		.byte	0
 1302 0064 00       		.byte	0
 1303 0065 08       		.uleb128 0x8
 1304 0066 13       		.uleb128 0x13
 1305 0067 01       		.byte	0x1
 1306 0068 0B       		.uleb128 0xb
 1307 0069 0B       		.uleb128 0xb
 1308 006a 3A       		.uleb128 0x3a
ARM GAS  C:\Users\Elis\AppData\Local\Temp\ccUOdoBI.s 			page 24


 1309 006b 0B       		.uleb128 0xb
 1310 006c 3B       		.uleb128 0x3b
 1311 006d 0B       		.uleb128 0xb
 1312 006e 01       		.uleb128 0x1
 1313 006f 13       		.uleb128 0x13
 1314 0070 00       		.byte	0
 1315 0071 00       		.byte	0
 1316 0072 09       		.uleb128 0x9
 1317 0073 0F       		.uleb128 0xf
 1318 0074 00       		.byte	0
 1319 0075 0B       		.uleb128 0xb
 1320 0076 0B       		.uleb128 0xb
 1321 0077 49       		.uleb128 0x49
 1322 0078 13       		.uleb128 0x13
 1323 0079 00       		.byte	0
 1324 007a 00       		.byte	0
 1325 007b 0A       		.uleb128 0xa
 1326 007c 0F       		.uleb128 0xf
 1327 007d 00       		.byte	0
 1328 007e 0B       		.uleb128 0xb
 1329 007f 0B       		.uleb128 0xb
 1330 0080 00       		.byte	0
 1331 0081 00       		.byte	0
 1332 0082 0B       		.uleb128 0xb
 1333 0083 13       		.uleb128 0x13
 1334 0084 01       		.byte	0x1
 1335 0085 03       		.uleb128 0x3
 1336 0086 0E       		.uleb128 0xe
 1337 0087 0B       		.uleb128 0xb
 1338 0088 0B       		.uleb128 0xb
 1339 0089 3A       		.uleb128 0x3a
 1340 008a 0B       		.uleb128 0xb
 1341 008b 3B       		.uleb128 0x3b
 1342 008c 05       		.uleb128 0x5
 1343 008d 01       		.uleb128 0x1
 1344 008e 13       		.uleb128 0x13
 1345 008f 00       		.byte	0
 1346 0090 00       		.byte	0
 1347 0091 0C       		.uleb128 0xc
 1348 0092 0D       		.uleb128 0xd
 1349 0093 00       		.byte	0
 1350 0094 03       		.uleb128 0x3
 1351 0095 08       		.uleb128 0x8
 1352 0096 3A       		.uleb128 0x3a
 1353 0097 0B       		.uleb128 0xb
 1354 0098 3B       		.uleb128 0x3b
 1355 0099 05       		.uleb128 0x5
 1356 009a 49       		.uleb128 0x49
 1357 009b 13       		.uleb128 0x13
 1358 009c 38       		.uleb128 0x38
 1359 009d 0A       		.uleb128 0xa
 1360 009e 00       		.byte	0
 1361 009f 00       		.byte	0
 1362 00a0 0D       		.uleb128 0xd
 1363 00a1 35       		.uleb128 0x35
 1364 00a2 00       		.byte	0
 1365 00a3 49       		.uleb128 0x49
ARM GAS  C:\Users\Elis\AppData\Local\Temp\ccUOdoBI.s 			page 25


 1366 00a4 13       		.uleb128 0x13
 1367 00a5 00       		.byte	0
 1368 00a6 00       		.byte	0
 1369 00a7 0E       		.uleb128 0xe
 1370 00a8 17       		.uleb128 0x17
 1371 00a9 01       		.byte	0x1
 1372 00aa 0B       		.uleb128 0xb
 1373 00ab 0B       		.uleb128 0xb
 1374 00ac 3A       		.uleb128 0x3a
 1375 00ad 0B       		.uleb128 0xb
 1376 00ae 3B       		.uleb128 0x3b
 1377 00af 0B       		.uleb128 0xb
 1378 00b0 01       		.uleb128 0x1
 1379 00b1 13       		.uleb128 0x13
 1380 00b2 00       		.byte	0
 1381 00b3 00       		.byte	0
 1382 00b4 0F       		.uleb128 0xf
 1383 00b5 0D       		.uleb128 0xd
 1384 00b6 00       		.byte	0
 1385 00b7 03       		.uleb128 0x3
 1386 00b8 0E       		.uleb128 0xe
 1387 00b9 3A       		.uleb128 0x3a
 1388 00ba 0B       		.uleb128 0xb
 1389 00bb 3B       		.uleb128 0x3b
 1390 00bc 0B       		.uleb128 0xb
 1391 00bd 49       		.uleb128 0x49
 1392 00be 13       		.uleb128 0x13
 1393 00bf 00       		.byte	0
 1394 00c0 00       		.byte	0
 1395 00c1 10       		.uleb128 0x10
 1396 00c2 26       		.uleb128 0x26
 1397 00c3 00       		.byte	0
 1398 00c4 49       		.uleb128 0x49
 1399 00c5 13       		.uleb128 0x13
 1400 00c6 00       		.byte	0
 1401 00c7 00       		.byte	0
 1402 00c8 11       		.uleb128 0x11
 1403 00c9 2E       		.uleb128 0x2e
 1404 00ca 01       		.byte	0x1
 1405 00cb 03       		.uleb128 0x3
 1406 00cc 0E       		.uleb128 0xe
 1407 00cd 3A       		.uleb128 0x3a
 1408 00ce 0B       		.uleb128 0xb
 1409 00cf 3B       		.uleb128 0x3b
 1410 00d0 0B       		.uleb128 0xb
 1411 00d1 27       		.uleb128 0x27
 1412 00d2 0C       		.uleb128 0xc
 1413 00d3 20       		.uleb128 0x20
 1414 00d4 0B       		.uleb128 0xb
 1415 00d5 01       		.uleb128 0x1
 1416 00d6 13       		.uleb128 0x13
 1417 00d7 00       		.byte	0
 1418 00d8 00       		.byte	0
 1419 00d9 12       		.uleb128 0x12
 1420 00da 05       		.uleb128 0x5
 1421 00db 00       		.byte	0
 1422 00dc 03       		.uleb128 0x3
ARM GAS  C:\Users\Elis\AppData\Local\Temp\ccUOdoBI.s 			page 26


 1423 00dd 08       		.uleb128 0x8
 1424 00de 3A       		.uleb128 0x3a
 1425 00df 0B       		.uleb128 0xb
 1426 00e0 3B       		.uleb128 0x3b
 1427 00e1 0B       		.uleb128 0xb
 1428 00e2 49       		.uleb128 0x49
 1429 00e3 13       		.uleb128 0x13
 1430 00e4 00       		.byte	0
 1431 00e5 00       		.byte	0
 1432 00e6 13       		.uleb128 0x13
 1433 00e7 2E       		.uleb128 0x2e
 1434 00e8 01       		.byte	0x1
 1435 00e9 03       		.uleb128 0x3
 1436 00ea 0E       		.uleb128 0xe
 1437 00eb 3A       		.uleb128 0x3a
 1438 00ec 0B       		.uleb128 0xb
 1439 00ed 3B       		.uleb128 0x3b
 1440 00ee 0B       		.uleb128 0xb
 1441 00ef 27       		.uleb128 0x27
 1442 00f0 0C       		.uleb128 0xc
 1443 00f1 49       		.uleb128 0x49
 1444 00f2 13       		.uleb128 0x13
 1445 00f3 20       		.uleb128 0x20
 1446 00f4 0B       		.uleb128 0xb
 1447 00f5 01       		.uleb128 0x1
 1448 00f6 13       		.uleb128 0x13
 1449 00f7 00       		.byte	0
 1450 00f8 00       		.byte	0
 1451 00f9 14       		.uleb128 0x14
 1452 00fa 34       		.uleb128 0x34
 1453 00fb 00       		.byte	0
 1454 00fc 03       		.uleb128 0x3
 1455 00fd 08       		.uleb128 0x8
 1456 00fe 3A       		.uleb128 0x3a
 1457 00ff 0B       		.uleb128 0xb
 1458 0100 3B       		.uleb128 0x3b
 1459 0101 0B       		.uleb128 0xb
 1460 0102 49       		.uleb128 0x49
 1461 0103 13       		.uleb128 0x13
 1462 0104 00       		.byte	0
 1463 0105 00       		.byte	0
 1464 0106 15       		.uleb128 0x15
 1465 0107 2E       		.uleb128 0x2e
 1466 0108 01       		.byte	0x1
 1467 0109 3F       		.uleb128 0x3f
 1468 010a 0C       		.uleb128 0xc
 1469 010b 03       		.uleb128 0x3
 1470 010c 0E       		.uleb128 0xe
 1471 010d 3A       		.uleb128 0x3a
 1472 010e 0B       		.uleb128 0xb
 1473 010f 3B       		.uleb128 0x3b
 1474 0110 0B       		.uleb128 0xb
 1475 0111 27       		.uleb128 0x27
 1476 0112 0C       		.uleb128 0xc
 1477 0113 49       		.uleb128 0x49
 1478 0114 13       		.uleb128 0x13
 1479 0115 11       		.uleb128 0x11
ARM GAS  C:\Users\Elis\AppData\Local\Temp\ccUOdoBI.s 			page 27


 1480 0116 01       		.uleb128 0x1
 1481 0117 12       		.uleb128 0x12
 1482 0118 01       		.uleb128 0x1
 1483 0119 40       		.uleb128 0x40
 1484 011a 06       		.uleb128 0x6
 1485 011b 9742     		.uleb128 0x2117
 1486 011d 0C       		.uleb128 0xc
 1487 011e 01       		.uleb128 0x1
 1488 011f 13       		.uleb128 0x13
 1489 0120 00       		.byte	0
 1490 0121 00       		.byte	0
 1491 0122 16       		.uleb128 0x16
 1492 0123 05       		.uleb128 0x5
 1493 0124 00       		.byte	0
 1494 0125 03       		.uleb128 0x3
 1495 0126 08       		.uleb128 0x8
 1496 0127 3A       		.uleb128 0x3a
 1497 0128 0B       		.uleb128 0xb
 1498 0129 3B       		.uleb128 0x3b
 1499 012a 0B       		.uleb128 0xb
 1500 012b 49       		.uleb128 0x49
 1501 012c 13       		.uleb128 0x13
 1502 012d 02       		.uleb128 0x2
 1503 012e 06       		.uleb128 0x6
 1504 012f 00       		.byte	0
 1505 0130 00       		.byte	0
 1506 0131 17       		.uleb128 0x17
 1507 0132 34       		.uleb128 0x34
 1508 0133 00       		.byte	0
 1509 0134 03       		.uleb128 0x3
 1510 0135 08       		.uleb128 0x8
 1511 0136 3A       		.uleb128 0x3a
 1512 0137 0B       		.uleb128 0xb
 1513 0138 3B       		.uleb128 0x3b
 1514 0139 0B       		.uleb128 0xb
 1515 013a 49       		.uleb128 0x49
 1516 013b 13       		.uleb128 0x13
 1517 013c 02       		.uleb128 0x2
 1518 013d 06       		.uleb128 0x6
 1519 013e 00       		.byte	0
 1520 013f 00       		.byte	0
 1521 0140 18       		.uleb128 0x18
 1522 0141 0B       		.uleb128 0xb
 1523 0142 01       		.byte	0x1
 1524 0143 11       		.uleb128 0x11
 1525 0144 01       		.uleb128 0x1
 1526 0145 12       		.uleb128 0x12
 1527 0146 01       		.uleb128 0x1
 1528 0147 01       		.uleb128 0x1
 1529 0148 13       		.uleb128 0x13
 1530 0149 00       		.byte	0
 1531 014a 00       		.byte	0
 1532 014b 19       		.uleb128 0x19
 1533 014c 1D       		.uleb128 0x1d
 1534 014d 01       		.byte	0x1
 1535 014e 31       		.uleb128 0x31
 1536 014f 13       		.uleb128 0x13
ARM GAS  C:\Users\Elis\AppData\Local\Temp\ccUOdoBI.s 			page 28


 1537 0150 52       		.uleb128 0x52
 1538 0151 01       		.uleb128 0x1
 1539 0152 55       		.uleb128 0x55
 1540 0153 06       		.uleb128 0x6
 1541 0154 58       		.uleb128 0x58
 1542 0155 0B       		.uleb128 0xb
 1543 0156 59       		.uleb128 0x59
 1544 0157 0B       		.uleb128 0xb
 1545 0158 01       		.uleb128 0x1
 1546 0159 13       		.uleb128 0x13
 1547 015a 00       		.byte	0
 1548 015b 00       		.byte	0
 1549 015c 1A       		.uleb128 0x1a
 1550 015d 05       		.uleb128 0x5
 1551 015e 00       		.byte	0
 1552 015f 31       		.uleb128 0x31
 1553 0160 13       		.uleb128 0x13
 1554 0161 02       		.uleb128 0x2
 1555 0162 06       		.uleb128 0x6
 1556 0163 00       		.byte	0
 1557 0164 00       		.byte	0
 1558 0165 1B       		.uleb128 0x1b
 1559 0166 898201   		.uleb128 0x4109
 1560 0169 00       		.byte	0
 1561 016a 11       		.uleb128 0x11
 1562 016b 01       		.uleb128 0x1
 1563 016c 31       		.uleb128 0x31
 1564 016d 13       		.uleb128 0x13
 1565 016e 00       		.byte	0
 1566 016f 00       		.byte	0
 1567 0170 1C       		.uleb128 0x1c
 1568 0171 898201   		.uleb128 0x4109
 1569 0174 01       		.byte	0x1
 1570 0175 11       		.uleb128 0x11
 1571 0176 01       		.uleb128 0x1
 1572 0177 31       		.uleb128 0x31
 1573 0178 13       		.uleb128 0x13
 1574 0179 01       		.uleb128 0x1
 1575 017a 13       		.uleb128 0x13
 1576 017b 00       		.byte	0
 1577 017c 00       		.byte	0
 1578 017d 1D       		.uleb128 0x1d
 1579 017e 8A8201   		.uleb128 0x410a
 1580 0181 00       		.byte	0
 1581 0182 02       		.uleb128 0x2
 1582 0183 0A       		.uleb128 0xa
 1583 0184 9142     		.uleb128 0x2111
 1584 0186 0A       		.uleb128 0xa
 1585 0187 00       		.byte	0
 1586 0188 00       		.byte	0
 1587 0189 1E       		.uleb128 0x1e
 1588 018a 898201   		.uleb128 0x4109
 1589 018d 01       		.byte	0x1
 1590 018e 11       		.uleb128 0x11
 1591 018f 01       		.uleb128 0x1
 1592 0190 31       		.uleb128 0x31
 1593 0191 13       		.uleb128 0x13
ARM GAS  C:\Users\Elis\AppData\Local\Temp\ccUOdoBI.s 			page 29


 1594 0192 00       		.byte	0
 1595 0193 00       		.byte	0
 1596 0194 1F       		.uleb128 0x1f
 1597 0195 0B       		.uleb128 0xb
 1598 0196 01       		.byte	0x1
 1599 0197 55       		.uleb128 0x55
 1600 0198 06       		.uleb128 0x6
 1601 0199 00       		.byte	0
 1602 019a 00       		.byte	0
 1603 019b 20       		.uleb128 0x20
 1604 019c 34       		.uleb128 0x34
 1605 019d 00       		.byte	0
 1606 019e 31       		.uleb128 0x31
 1607 019f 13       		.uleb128 0x13
 1608 01a0 02       		.uleb128 0x2
 1609 01a1 06       		.uleb128 0x6
 1610 01a2 00       		.byte	0
 1611 01a3 00       		.byte	0
 1612 01a4 21       		.uleb128 0x21
 1613 01a5 2E       		.uleb128 0x2e
 1614 01a6 01       		.byte	0x1
 1615 01a7 3F       		.uleb128 0x3f
 1616 01a8 0C       		.uleb128 0xc
 1617 01a9 03       		.uleb128 0x3
 1618 01aa 0E       		.uleb128 0xe
 1619 01ab 3A       		.uleb128 0x3a
 1620 01ac 0B       		.uleb128 0xb
 1621 01ad 3B       		.uleb128 0x3b
 1622 01ae 0B       		.uleb128 0xb
 1623 01af 27       		.uleb128 0x27
 1624 01b0 0C       		.uleb128 0xc
 1625 01b1 11       		.uleb128 0x11
 1626 01b2 01       		.uleb128 0x1
 1627 01b3 12       		.uleb128 0x12
 1628 01b4 01       		.uleb128 0x1
 1629 01b5 40       		.uleb128 0x40
 1630 01b6 06       		.uleb128 0x6
 1631 01b7 9742     		.uleb128 0x2117
 1632 01b9 0C       		.uleb128 0xc
 1633 01ba 01       		.uleb128 0x1
 1634 01bb 13       		.uleb128 0x13
 1635 01bc 00       		.byte	0
 1636 01bd 00       		.byte	0
 1637 01be 22       		.uleb128 0x22
 1638 01bf 34       		.uleb128 0x34
 1639 01c0 00       		.byte	0
 1640 01c1 03       		.uleb128 0x3
 1641 01c2 0E       		.uleb128 0xe
 1642 01c3 3A       		.uleb128 0x3a
 1643 01c4 0B       		.uleb128 0xb
 1644 01c5 3B       		.uleb128 0x3b
 1645 01c6 0B       		.uleb128 0xb
 1646 01c7 49       		.uleb128 0x49
 1647 01c8 13       		.uleb128 0x13
 1648 01c9 3F       		.uleb128 0x3f
 1649 01ca 0C       		.uleb128 0xc
 1650 01cb 3C       		.uleb128 0x3c
ARM GAS  C:\Users\Elis\AppData\Local\Temp\ccUOdoBI.s 			page 30


 1651 01cc 0C       		.uleb128 0xc
 1652 01cd 00       		.byte	0
 1653 01ce 00       		.byte	0
 1654 01cf 23       		.uleb128 0x23
 1655 01d0 2E       		.uleb128 0x2e
 1656 01d1 00       		.byte	0
 1657 01d2 3F       		.uleb128 0x3f
 1658 01d3 0C       		.uleb128 0xc
 1659 01d4 03       		.uleb128 0x3
 1660 01d5 0E       		.uleb128 0xe
 1661 01d6 3A       		.uleb128 0x3a
 1662 01d7 0B       		.uleb128 0xb
 1663 01d8 3B       		.uleb128 0x3b
 1664 01d9 0B       		.uleb128 0xb
 1665 01da 27       		.uleb128 0x27
 1666 01db 0C       		.uleb128 0xc
 1667 01dc 3C       		.uleb128 0x3c
 1668 01dd 0C       		.uleb128 0xc
 1669 01de 00       		.byte	0
 1670 01df 00       		.byte	0
 1671 01e0 24       		.uleb128 0x24
 1672 01e1 2E       		.uleb128 0x2e
 1673 01e2 01       		.byte	0x1
 1674 01e3 3F       		.uleb128 0x3f
 1675 01e4 0C       		.uleb128 0xc
 1676 01e5 03       		.uleb128 0x3
 1677 01e6 0E       		.uleb128 0xe
 1678 01e7 3A       		.uleb128 0x3a
 1679 01e8 0B       		.uleb128 0xb
 1680 01e9 3B       		.uleb128 0x3b
 1681 01ea 0B       		.uleb128 0xb
 1682 01eb 27       		.uleb128 0x27
 1683 01ec 0C       		.uleb128 0xc
 1684 01ed 3C       		.uleb128 0x3c
 1685 01ee 0C       		.uleb128 0xc
 1686 01ef 01       		.uleb128 0x1
 1687 01f0 13       		.uleb128 0x13
 1688 01f1 00       		.byte	0
 1689 01f2 00       		.byte	0
 1690 01f3 25       		.uleb128 0x25
 1691 01f4 05       		.uleb128 0x5
 1692 01f5 00       		.byte	0
 1693 01f6 49       		.uleb128 0x49
 1694 01f7 13       		.uleb128 0x13
 1695 01f8 00       		.byte	0
 1696 01f9 00       		.byte	0
 1697 01fa 26       		.uleb128 0x26
 1698 01fb 2E       		.uleb128 0x2e
 1699 01fc 01       		.byte	0x1
 1700 01fd 3F       		.uleb128 0x3f
 1701 01fe 0C       		.uleb128 0xc
 1702 01ff 03       		.uleb128 0x3
 1703 0200 0E       		.uleb128 0xe
 1704 0201 3A       		.uleb128 0x3a
 1705 0202 0B       		.uleb128 0xb
 1706 0203 3B       		.uleb128 0x3b
 1707 0204 0B       		.uleb128 0xb
ARM GAS  C:\Users\Elis\AppData\Local\Temp\ccUOdoBI.s 			page 31


 1708 0205 27       		.uleb128 0x27
 1709 0206 0C       		.uleb128 0xc
 1710 0207 49       		.uleb128 0x49
 1711 0208 13       		.uleb128 0x13
 1712 0209 3C       		.uleb128 0x3c
 1713 020a 0C       		.uleb128 0xc
 1714 020b 01       		.uleb128 0x1
 1715 020c 13       		.uleb128 0x13
 1716 020d 00       		.byte	0
 1717 020e 00       		.byte	0
 1718 020f 27       		.uleb128 0x27
 1719 0210 2E       		.uleb128 0x2e
 1720 0211 01       		.byte	0x1
 1721 0212 3F       		.uleb128 0x3f
 1722 0213 0C       		.uleb128 0xc
 1723 0214 03       		.uleb128 0x3
 1724 0215 0E       		.uleb128 0xe
 1725 0216 3A       		.uleb128 0x3a
 1726 0217 0B       		.uleb128 0xb
 1727 0218 3B       		.uleb128 0x3b
 1728 0219 0B       		.uleb128 0xb
 1729 021a 27       		.uleb128 0x27
 1730 021b 0C       		.uleb128 0xc
 1731 021c 3C       		.uleb128 0x3c
 1732 021d 0C       		.uleb128 0xc
 1733 021e 00       		.byte	0
 1734 021f 00       		.byte	0
 1735 0220 00       		.byte	0
 1736              		.section	.debug_loc,"",%progbits
 1737              	.Ldebug_loc0:
 1738              	.LLST0:
 1739 0000 00000000 		.4byte	.LFB7
 1740 0004 04000000 		.4byte	.LCFI0
 1741 0008 0200     		.2byte	0x2
 1742 000a 7D       		.byte	0x7d
 1743 000b 00       		.sleb128 0
 1744 000c 04000000 		.4byte	.LCFI0
 1745 0010 50000000 		.4byte	.LFE7
 1746 0014 0200     		.2byte	0x2
 1747 0016 7D       		.byte	0x7d
 1748 0017 10       		.sleb128 16
 1749 0018 00000000 		.4byte	0
 1750 001c 00000000 		.4byte	0
 1751              	.LLST1:
 1752 0020 00000000 		.4byte	.LVL0
 1753 0024 13000000 		.4byte	.LVL4-1
 1754 0028 0100     		.2byte	0x1
 1755 002a 50       		.byte	0x50
 1756 002b 13000000 		.4byte	.LVL4-1
 1757 002f 50000000 		.4byte	.LFE7
 1758 0033 0100     		.2byte	0x1
 1759 0035 55       		.byte	0x55
 1760 0036 00000000 		.4byte	0
 1761 003a 00000000 		.4byte	0
 1762              	.LLST2:
 1763 003e 00000000 		.4byte	.LVL0
 1764 0042 13000000 		.4byte	.LVL4-1
ARM GAS  C:\Users\Elis\AppData\Local\Temp\ccUOdoBI.s 			page 32


 1765 0046 0100     		.2byte	0x1
 1766 0048 51       		.byte	0x51
 1767 0049 13000000 		.4byte	.LVL4-1
 1768 004d 34000000 		.4byte	.LVL8
 1769 0051 0100     		.2byte	0x1
 1770 0053 56       		.byte	0x56
 1771 0054 34000000 		.4byte	.LVL8
 1772 0058 42000000 		.4byte	.LVL12
 1773 005c 0100     		.2byte	0x1
 1774 005e 54       		.byte	0x54
 1775 005f 42000000 		.4byte	.LVL12
 1776 0063 50000000 		.4byte	.LFE7
 1777 0067 0100     		.2byte	0x1
 1778 0069 56       		.byte	0x56
 1779 006a 00000000 		.4byte	0
 1780 006e 00000000 		.4byte	0
 1781              	.LLST3:
 1782 0072 06000000 		.4byte	.LVL1
 1783 0076 34000000 		.4byte	.LVL8
 1784 007a 0100     		.2byte	0x1
 1785 007c 54       		.byte	0x54
 1786 007d 42000000 		.4byte	.LVL12
 1787 0081 50000000 		.4byte	.LFE7
 1788 0085 0100     		.2byte	0x1
 1789 0087 54       		.byte	0x54
 1790 0088 00000000 		.4byte	0
 1791 008c 00000000 		.4byte	0
 1792              	.LLST4:
 1793 0090 10000000 		.4byte	.LVL3
 1794 0094 13000000 		.4byte	.LVL4-1
 1795 0098 0100     		.2byte	0x1
 1796 009a 53       		.byte	0x53
 1797 009b 00000000 		.4byte	0
 1798 009f 00000000 		.4byte	0
 1799              	.LLST5:
 1800 00a3 1A000000 		.4byte	.LVL5
 1801 00a7 2C000000 		.4byte	.LVL6
 1802 00ab 0100     		.2byte	0x1
 1803 00ad 52       		.byte	0x52
 1804 00ae 2C000000 		.4byte	.LVL6
 1805 00b2 42000000 		.4byte	.LVL12
 1806 00b6 0300     		.2byte	0x3
 1807 00b8 75       		.byte	0x75
 1808 00b9 2C       		.sleb128 44
 1809 00ba 9F       		.byte	0x9f
 1810 00bb 42000000 		.4byte	.LVL12
 1811 00bf 47000000 		.4byte	.LVL13-1
 1812 00c3 0100     		.2byte	0x1
 1813 00c5 52       		.byte	0x52
 1814 00c6 47000000 		.4byte	.LVL13-1
 1815 00ca 50000000 		.4byte	.LFE7
 1816 00ce 0300     		.2byte	0x3
 1817 00d0 75       		.byte	0x75
 1818 00d1 2C       		.sleb128 44
 1819 00d2 9F       		.byte	0x9f
 1820 00d3 00000000 		.4byte	0
 1821 00d7 00000000 		.4byte	0
ARM GAS  C:\Users\Elis\AppData\Local\Temp\ccUOdoBI.s 			page 33


 1822              	.LLST6:
 1823 00db 1A000000 		.4byte	.LVL5
 1824 00df 34000000 		.4byte	.LVL8
 1825 00e3 0100     		.2byte	0x1
 1826 00e5 54       		.byte	0x54
 1827 00e6 42000000 		.4byte	.LVL12
 1828 00ea 50000000 		.4byte	.LFE7
 1829 00ee 0100     		.2byte	0x1
 1830 00f0 54       		.byte	0x54
 1831 00f1 00000000 		.4byte	0
 1832 00f5 00000000 		.4byte	0
 1833              	.LLST7:
 1834 00f9 3E000000 		.4byte	.LVL11
 1835 00fd 42000000 		.4byte	.LVL12
 1836 0101 0100     		.2byte	0x1
 1837 0103 53       		.byte	0x53
 1838 0104 00000000 		.4byte	0
 1839 0108 00000000 		.4byte	0
 1840              	.LLST8:
 1841 010c 00000000 		.4byte	.LFB8
 1842 0110 02000000 		.4byte	.LCFI1
 1843 0114 0200     		.2byte	0x2
 1844 0116 7D       		.byte	0x7d
 1845 0117 00       		.sleb128 0
 1846 0118 02000000 		.4byte	.LCFI1
 1847 011c 48000000 		.4byte	.LFE8
 1848 0120 0200     		.2byte	0x2
 1849 0122 7D       		.byte	0x7d
 1850 0123 10       		.sleb128 16
 1851 0124 00000000 		.4byte	0
 1852 0128 00000000 		.4byte	0
 1853              	.LLST9:
 1854 012c 08000000 		.4byte	.LVL15
 1855 0130 0D000000 		.4byte	.LVL16-1
 1856 0134 0100     		.2byte	0x1
 1857 0136 53       		.byte	0x53
 1858 0137 00000000 		.4byte	0
 1859 013b 00000000 		.4byte	0
 1860              	.LLST10:
 1861 013f 1A000000 		.4byte	.LVL17
 1862 0143 27000000 		.4byte	.LVL18-1
 1863 0147 0300     		.2byte	0x3
 1864 0149 72       		.byte	0x72
 1865 014a 2C       		.sleb128 44
 1866 014b 9F       		.byte	0x9f
 1867 014c 00000000 		.4byte	0
 1868 0150 00000000 		.4byte	0
 1869              	.LLST11:
 1870 0154 1A000000 		.4byte	.LVL17
 1871 0158 32000000 		.4byte	.LVL21
 1872 015c 0100     		.2byte	0x1
 1873 015e 54       		.byte	0x54
 1874 015f 00000000 		.4byte	0
 1875 0163 00000000 		.4byte	0
 1876              	.LLST12:
 1877 0167 2E000000 		.4byte	.LVL20
 1878 016b 32000000 		.4byte	.LVL21
ARM GAS  C:\Users\Elis\AppData\Local\Temp\ccUOdoBI.s 			page 34


 1879 016f 0100     		.2byte	0x1
 1880 0171 53       		.byte	0x53
 1881 0172 00000000 		.4byte	0
 1882 0176 00000000 		.4byte	0
 1883              	.LLST13:
 1884 017a 00000000 		.4byte	.LFB9
 1885 017e 02000000 		.4byte	.LCFI2
 1886 0182 0200     		.2byte	0x2
 1887 0184 7D       		.byte	0x7d
 1888 0185 00       		.sleb128 0
 1889 0186 02000000 		.4byte	.LCFI2
 1890 018a 24000000 		.4byte	.LFE9
 1891 018e 0200     		.2byte	0x2
 1892 0190 7D       		.byte	0x7d
 1893 0191 10       		.sleb128 16
 1894 0192 00000000 		.4byte	0
 1895 0196 00000000 		.4byte	0
 1896              	.LLST14:
 1897 019a 00000000 		.4byte	.LVL23
 1898 019e 0F000000 		.4byte	.LVL26-1
 1899 01a2 0100     		.2byte	0x1
 1900 01a4 50       		.byte	0x50
 1901 01a5 0F000000 		.4byte	.LVL26-1
 1902 01a9 24000000 		.4byte	.LFE9
 1903 01ad 0100     		.2byte	0x1
 1904 01af 55       		.byte	0x55
 1905 01b0 00000000 		.4byte	0
 1906 01b4 00000000 		.4byte	0
 1907              	.LLST15:
 1908 01b8 00000000 		.4byte	.LVL23
 1909 01bc 0F000000 		.4byte	.LVL26-1
 1910 01c0 0100     		.2byte	0x1
 1911 01c2 51       		.byte	0x51
 1912 01c3 0F000000 		.4byte	.LVL26-1
 1913 01c7 24000000 		.4byte	.LFE9
 1914 01cb 0100     		.2byte	0x1
 1915 01cd 54       		.byte	0x54
 1916 01ce 00000000 		.4byte	0
 1917 01d2 00000000 		.4byte	0
 1918              	.LLST16:
 1919 01d6 0C000000 		.4byte	.LVL25
 1920 01da 0F000000 		.4byte	.LVL26-1
 1921 01de 0100     		.2byte	0x1
 1922 01e0 53       		.byte	0x53
 1923 01e1 00000000 		.4byte	0
 1924 01e5 00000000 		.4byte	0
 1925              	.LLST17:
 1926 01e9 22000000 		.4byte	.LVL30
 1927 01ed 24000000 		.4byte	.LFE9
 1928 01f1 0100     		.2byte	0x1
 1929 01f3 53       		.byte	0x53
 1930 01f4 00000000 		.4byte	0
 1931 01f8 00000000 		.4byte	0
 1932              		.section	.debug_aranges,"",%progbits
 1933 0000 2C000000 		.4byte	0x2c
 1934 0004 0200     		.2byte	0x2
 1935 0006 00000000 		.4byte	.Ldebug_info0
ARM GAS  C:\Users\Elis\AppData\Local\Temp\ccUOdoBI.s 			page 35


 1936 000a 04       		.byte	0x4
 1937 000b 00       		.byte	0
 1938 000c 0000     		.2byte	0
 1939 000e 0000     		.2byte	0
 1940 0010 00000000 		.4byte	.LFB7
 1941 0014 50000000 		.4byte	.LFE7-.LFB7
 1942 0018 00000000 		.4byte	.LFB8
 1943 001c 48000000 		.4byte	.LFE8-.LFB8
 1944 0020 00000000 		.4byte	.LFB9
 1945 0024 24000000 		.4byte	.LFE9-.LFB9
 1946 0028 00000000 		.4byte	0
 1947 002c 00000000 		.4byte	0
 1948              		.section	.debug_ranges,"",%progbits
 1949              	.Ldebug_ranges0:
 1950 0000 1C000000 		.4byte	.LBB11
 1951 0004 20000000 		.4byte	.LBE11
 1952 0008 24000000 		.4byte	.LBB14
 1953 000c 2A000000 		.4byte	.LBE14
 1954 0010 00000000 		.4byte	0
 1955 0014 00000000 		.4byte	0
 1956 0018 1A000000 		.4byte	.LBB17
 1957 001c 1C000000 		.4byte	.LBE17
 1958 0020 1E000000 		.4byte	.LBB20
 1959 0024 22000000 		.4byte	.LBE20
 1960 0028 00000000 		.4byte	0
 1961 002c 00000000 		.4byte	0
 1962 0030 1A000000 		.4byte	.LBB18
 1963 0034 1C000000 		.4byte	.LBE18
 1964 0038 1E000000 		.4byte	.LBB19
 1965 003c 22000000 		.4byte	.LBE19
 1966 0040 00000000 		.4byte	0
 1967 0044 00000000 		.4byte	0
 1968 0048 00000000 		.4byte	.LFB7
 1969 004c 50000000 		.4byte	.LFE7
 1970 0050 00000000 		.4byte	.LFB8
 1971 0054 48000000 		.4byte	.LFE8
 1972 0058 00000000 		.4byte	.LFB9
 1973 005c 24000000 		.4byte	.LFE9
 1974 0060 00000000 		.4byte	0
 1975 0064 00000000 		.4byte	0
 1976              		.section	.debug_line,"",%progbits
 1977              	.Ldebug_line0:
 1978 0000 E7010000 		.section	.debug_str,"MS",%progbits,1
 1978      02006F01 
 1978      00000201 
 1978      FB0E0D00 
 1978      01010101 
 1979              	.LASF36:
 1980 0000 705F6D73 		.ascii	"p_msg\000"
 1980      6700
 1981              	.LASF70:
 1982 0006 71756575 		.ascii	"queue_insert\000"
 1982      655F696E 
 1982      73657274 
 1982      00
 1983              	.LASF58:
 1984 0013 7264796D 		.ascii	"rdymsg\000"
ARM GAS  C:\Users\Elis\AppData\Local\Temp\ccUOdoBI.s 			page 36


 1984      736700
 1985              	.LASF65:
 1986 001a 6462675F 		.ascii	"dbg_check_lock\000"
 1986      63686563 
 1986      6B5F6C6F 
 1986      636B00
 1987              	.LASF11:
 1988 0029 6C6F6E67 		.ascii	"long long unsigned int\000"
 1988      206C6F6E 
 1988      6720756E 
 1988      7369676E 
 1988      65642069 
 1989              	.LASF59:
 1990 0040 65786974 		.ascii	"exitcode\000"
 1990      636F6465 
 1990      00
 1991              	.LASF24:
 1992 0049 705F7072 		.ascii	"p_prio\000"
 1992      696F00
 1993              	.LASF10:
 1994 0050 6C6F6E67 		.ascii	"long long int\000"
 1994      206C6F6E 
 1994      6720696E 
 1994      7400
 1995              	.LASF1:
 1996 005e 7369676E 		.ascii	"signed char\000"
 1996      65642063 
 1996      68617200 
 1997              	.LASF40:
 1998 006a 705F6D70 		.ascii	"p_mpool\000"
 1998      6F6F6C00 
 1999              	.LASF55:
 2000 0072 6D5F7175 		.ascii	"m_queue\000"
 2000      65756500 
 2001              	.LASF69:
 2002 007a 433A5C43 		.ascii	"C:\\ChibiStudio\\workspace26\\Mobile_phone\000"
 2002      68696269 
 2002      53747564 
 2002      696F5C77 
 2002      6F726B73 
 2003              	.LASF16:
 2004 00a2 74736C69 		.ascii	"tslices_t\000"
 2004      6365735F 
 2004      7400
 2005              	.LASF7:
 2006 00ac 6C6F6E67 		.ascii	"long int\000"
 2006      20696E74 
 2006      00
 2007              	.LASF63:
 2008 00b5 63684D73 		.ascii	"chMsgSend\000"
 2008      6753656E 
 2008      6400
 2009              	.LASF14:
 2010 00bf 74737461 		.ascii	"tstate_t\000"
 2010      74655F74 
 2010      00
 2011              	.LASF26:
ARM GAS  C:\Users\Elis\AppData\Local\Temp\ccUOdoBI.s 			page 37


 2012 00c8 705F6E65 		.ascii	"p_newer\000"
 2012      77657200 
 2013              	.LASF50:
 2014 00d0 725F6E65 		.ascii	"r_newer\000"
 2014      77657200 
 2015              	.LASF43:
 2016 00d8 72656761 		.ascii	"regarm_t\000"
 2016      726D5F74 
 2016      00
 2017              	.LASF0:
 2018 00e1 756E7369 		.ascii	"unsigned int\000"
 2018      676E6564 
 2018      20696E74 
 2018      00
 2019              	.LASF9:
 2020 00ee 6C6F6E67 		.ascii	"long unsigned int\000"
 2020      20756E73 
 2020      69676E65 
 2020      6420696E 
 2020      7400
 2021              	.LASF45:
 2022 0100 636F6E74 		.ascii	"context\000"
 2022      65787400 
 2023              	.LASF4:
 2024 0108 73686F72 		.ascii	"short unsigned int\000"
 2024      7420756E 
 2024      7369676E 
 2024      65642069 
 2024      6E7400
 2025              	.LASF18:
 2026 011b 6D73675F 		.ascii	"msg_t\000"
 2026      7400
 2027              	.LASF13:
 2028 0121 746D6F64 		.ascii	"tmode_t\000"
 2028      655F7400 
 2029              	.LASF42:
 2030 0129 54687265 		.ascii	"ThreadsList\000"
 2030      6164734C 
 2030      69737400 
 2031              	.LASF19:
 2032 0135 6576656E 		.ascii	"eventmask_t\000"
 2032      746D6173 
 2032      6B5F7400 
 2033              	.LASF54:
 2034 0141 4D757465 		.ascii	"Mutex\000"
 2034      7800
 2035              	.LASF46:
 2036 0147 73697A65 		.ascii	"sizetype\000"
 2036      74797065 
 2036      00
 2037              	.LASF67:
 2038 0150 474E5520 		.ascii	"GNU C 4.7.4 20140401 (release) [ARM/embedded-4_7-br"
 2038      4320342E 
 2038      372E3420 
 2038      32303134 
 2038      30343031 
 2039 0183 616E6368 		.ascii	"anch revision 209195]\000"
ARM GAS  C:\Users\Elis\AppData\Local\Temp\ccUOdoBI.s 			page 38


 2039      20726576 
 2039      6973696F 
 2039      6E203230 
 2039      39313935 
 2040              	.LASF27:
 2041 0199 705F6F6C 		.ascii	"p_older\000"
 2041      64657200 
 2042              	.LASF49:
 2043 01a1 725F6374 		.ascii	"r_ctx\000"
 2043      7800
 2044              	.LASF41:
 2045 01a7 54687265 		.ascii	"ThreadsQueue\000"
 2045      61647351 
 2045      75657565 
 2045      00
 2046              	.LASF52:
 2047 01b4 725F6375 		.ascii	"r_current\000"
 2047      7272656E 
 2047      7400
 2048              	.LASF51:
 2049 01be 725F6F6C 		.ascii	"r_older\000"
 2049      64657200 
 2050              	.LASF66:
 2051 01c6 6462675F 		.ascii	"dbg_check_unlock\000"
 2051      63686563 
 2051      6B5F756E 
 2051      6C6F636B 
 2051      00
 2052              	.LASF15:
 2053 01d7 74726566 		.ascii	"trefs_t\000"
 2053      735F7400 
 2054              	.LASF23:
 2055 01df 705F7072 		.ascii	"p_prev\000"
 2055      657600
 2056              	.LASF17:
 2057 01e6 74707269 		.ascii	"tprio_t\000"
 2057      6F5F7400 
 2058              	.LASF12:
 2059 01ee 5F426F6F 		.ascii	"_Bool\000"
 2059      6C00
 2060              	.LASF6:
 2061 01f4 696E7433 		.ascii	"int32_t\000"
 2061      325F7400 
 2062              	.LASF2:
 2063 01fc 756E7369 		.ascii	"unsigned char\000"
 2063      676E6564 
 2063      20636861 
 2063      7200
 2064              	.LASF38:
 2065 020a 705F6D74 		.ascii	"p_mtxlist\000"
 2065      786C6973 
 2065      7400
 2066              	.LASF3:
 2067 0214 73686F72 		.ascii	"short int\000"
 2067      7420696E 
 2067      7400
 2068              	.LASF29:
ARM GAS  C:\Users\Elis\AppData\Local\Temp\ccUOdoBI.s 			page 39


 2069 021e 705F7374 		.ascii	"p_state\000"
 2069      61746500 
 2070              	.LASF32:
 2071 0226 705F7072 		.ascii	"p_preempt\000"
 2071      65656D70 
 2071      7400
 2072              	.LASF48:
 2073 0230 725F7072 		.ascii	"r_prio\000"
 2073      696F00
 2074              	.LASF68:
 2075 0237 2E2E2F2E 		.ascii	"../../chibios/os/kernel/src/chmsg.c\000"
 2075      2E2F6368 
 2075      6962696F 
 2075      732F6F73 
 2075      2F6B6572 
 2076              	.LASF61:
 2077 025b 65776D61 		.ascii	"ewmask\000"
 2077      736B00
 2078              	.LASF22:
 2079 0262 705F6E65 		.ascii	"p_next\000"
 2079      787400
 2080              	.LASF30:
 2081 0269 705F666C 		.ascii	"p_flags\000"
 2081      61677300 
 2082              	.LASF21:
 2083 0271 54687265 		.ascii	"Thread\000"
 2083      616400
 2084              	.LASF72:
 2085 0278 63684D73 		.ascii	"chMsgRelease\000"
 2085      6752656C 
 2085      65617365 
 2085      00
 2086              	.LASF74:
 2087 0285 63685363 		.ascii	"chSchGoSleepS\000"
 2087      68476F53 
 2087      6C656570 
 2087      5300
 2088              	.LASF37:
 2089 0293 705F6570 		.ascii	"p_epending\000"
 2089      656E6469 
 2089      6E6700
 2090              	.LASF8:
 2091 029e 75696E74 		.ascii	"uint32_t\000"
 2091      33325F74 
 2091      00
 2092              	.LASF47:
 2093 02a7 725F7175 		.ascii	"r_queue\000"
 2093      65756500 
 2094              	.LASF75:
 2095 02af 63685363 		.ascii	"chSchReadyI\000"
 2095      68526561 
 2095      64794900 
 2096              	.LASF62:
 2097 02bb 63686172 		.ascii	"char\000"
 2097      00
 2098              	.LASF71:
 2099 02c0 6669666F 		.ascii	"fifo_remove\000"
ARM GAS  C:\Users\Elis\AppData\Local\Temp\ccUOdoBI.s 			page 40


 2099      5F72656D 
 2099      6F766500 
 2100              	.LASF57:
 2101 02cc 6D5F6E65 		.ascii	"m_next\000"
 2101      787400
 2102              	.LASF20:
 2103 02d3 73797374 		.ascii	"systime_t\000"
 2103      696D655F 
 2103      7400
 2104              	.LASF39:
 2105 02dd 705F7265 		.ascii	"p_realprio\000"
 2105      616C7072 
 2105      696F00
 2106              	.LASF33:
 2107 02e8 705F7469 		.ascii	"p_time\000"
 2107      6D6500
 2108              	.LASF44:
 2109 02ef 696E7463 		.ascii	"intctx\000"
 2109      747800
 2110              	.LASF35:
 2111 02f6 705F6D73 		.ascii	"p_msgqueue\000"
 2111      67717565 
 2111      756500
 2112              	.LASF76:
 2113 0301 63685363 		.ascii	"chSchWakeupS\000"
 2113      6857616B 
 2113      65757053 
 2113      00
 2114              	.LASF64:
 2115 030e 63684D73 		.ascii	"chMsgWait\000"
 2115      67576169 
 2115      7400
 2116              	.LASF31:
 2117 0318 705F7265 		.ascii	"p_refs\000"
 2117      667300
 2118              	.LASF53:
 2119 031f 52656164 		.ascii	"ReadyList\000"
 2119      794C6973 
 2119      7400
 2120              	.LASF73:
 2121 0329 726C6973 		.ascii	"rlist\000"
 2121      7400
 2122              	.LASF5:
 2123 032f 75696E74 		.ascii	"uint8_t\000"
 2123      385F7400 
 2124              	.LASF60:
 2125 0337 77746F62 		.ascii	"wtobjp\000"
 2125      6A7000
 2126              	.LASF28:
 2127 033e 705F6E61 		.ascii	"p_name\000"
 2127      6D6500
 2128              	.LASF56:
 2129 0345 6D5F6F77 		.ascii	"m_owner\000"
 2129      6E657200 
 2130              	.LASF25:
 2131 034d 705F6374 		.ascii	"p_ctx\000"
 2131      7800
ARM GAS  C:\Users\Elis\AppData\Local\Temp\ccUOdoBI.s 			page 41


 2132              	.LASF34:
 2133 0353 705F7761 		.ascii	"p_waiting\000"
 2133      6974696E 
 2133      6700
 2134              		.ident	"GCC: (GNU Tools for ARM Embedded Processors) 4.7.4 20140401 (release) [ARM/embedded-4_7-br
ARM GAS  C:\Users\Elis\AppData\Local\Temp\ccUOdoBI.s 			page 42


DEFINED SYMBOLS
                            *ABS*:00000000 chmsg.c
C:\Users\Elis\AppData\Local\Temp\ccUOdoBI.s:19     .text.chMsgSend:00000000 $t
C:\Users\Elis\AppData\Local\Temp\ccUOdoBI.s:25     .text.chMsgSend:00000000 chMsgSend
C:\Users\Elis\AppData\Local\Temp\ccUOdoBI.s:125    .text.chMsgSend:0000004c $d
C:\Users\Elis\AppData\Local\Temp\ccUOdoBI.s:130    .text.chMsgWait:00000000 $t
C:\Users\Elis\AppData\Local\Temp\ccUOdoBI.s:136    .text.chMsgWait:00000000 chMsgWait
C:\Users\Elis\AppData\Local\Temp\ccUOdoBI.s:217    .text.chMsgWait:00000044 $d
C:\Users\Elis\AppData\Local\Temp\ccUOdoBI.s:222    .text.chMsgRelease:00000000 $t
C:\Users\Elis\AppData\Local\Temp\ccUOdoBI.s:228    .text.chMsgRelease:00000000 chMsgRelease
                     .debug_frame:00000010 $d
C:\Users\Elis\AppData\Local\Temp\ccUOdoBI.s:221    .text.chMsgWait:00000048 $t

UNDEFINED SYMBOLS
dbg_check_lock
chSchGoSleepS
dbg_check_unlock
chSchReadyI
rlist
chSchWakeupS
