ARM GAS  C:\Users\Elis\AppData\Local\Temp\cczy1XNK.s 			page 1


   1              		.syntax unified
   2              		.cpu cortex-m4
   3              		.fpu softvfp
   4              		.eabi_attribute 20, 1
   5              		.eabi_attribute 21, 1
   6              		.eabi_attribute 23, 3
   7              		.eabi_attribute 24, 1
   8              		.eabi_attribute 25, 1
   9              		.eabi_attribute 26, 1
  10              		.eabi_attribute 30, 2
  11              		.eabi_attribute 34, 1
  12              		.eabi_attribute 18, 4
  13              		.thumb
  14              		.file	"chsys.c"
  15              		.text
  16              	.Ltext0:
  17              		.cfi_sections	.debug_frame
  18              		.section	.text._idle_thread,"ax",%progbits
  19              		.align	2
  20              		.p2align 4,,15
  21              		.global	_idle_thread
  22              		.thumb
  23              		.thumb_func
  24              		.type	_idle_thread, %function
  25              	_idle_thread:
  26              	.LFB7:
  27              		.file 1 "../../chibios/os/kernel/src/chsys.c"
  28              		.loc 1 61 0
  29              		.cfi_startproc
  30              		@ args = 0, pretend = 0, frame = 0
  31              		@ frame_needed = 0, uses_anonymous_args = 0
  32              		@ link register save eliminated.
  33              	.LVL0:
  34              		.loc 1 64 0
  35 0000 024B     		ldr	r3, .L4
  36 0002 034A     		ldr	r2, .L4+4
  37 0004 9869     		ldr	r0, [r3, #24]
  38              	.LVL1:
  39 0006 8261     		str	r2, [r0, #24]
  40              	.L2:
  41 0008 FEE7     		b	.L2
  42              	.L5:
  43 000a 00BF     		.align	2
  44              	.L4:
  45 000c 00000000 		.word	rlist
  46 0010 00000000 		.word	.LC0
  47              		.cfi_endproc
  48              	.LFE7:
  49              		.size	_idle_thread, .-_idle_thread
  50 0014 AFF30080 		.section	.text.chSysInit,"ax",%progbits
  50      AFF30080 
  50      AFF30080 
  51              		.align	2
  52              		.p2align 4,,15
  53              		.global	chSysInit
  54              		.thumb
  55              		.thumb_func
ARM GAS  C:\Users\Elis\AppData\Local\Temp\cczy1XNK.s 			page 2


  56              		.type	chSysInit, %function
  57              	chSysInit:
  58              	.LFB8:
  59              		.loc 1 84 0
  60              		.cfi_startproc
  61              		@ args = 0, pretend = 0, frame = 0
  62              		@ frame_needed = 0, uses_anonymous_args = 0
  63 0000 30B5     		push	{r4, r5, lr}
  64              	.LCFI0:
  65              		.cfi_def_cfa_offset 12
  66              		.cfi_offset 4, -12
  67              		.cfi_offset 5, -8
  68              		.cfi_offset 14, -4
  69 0002 83B0     		sub	sp, sp, #12
  70              	.LCFI1:
  71              		.cfi_def_cfa_offset 24
  72              		.loc 1 90 0
  73 0004 FFF7FEFF 		bl	_port_init
  74              	.LVL2:
  75              		.loc 1 91 0
  76 0008 FFF7FEFF 		bl	_scheduler_init
  77              	.LVL3:
  78              		.loc 1 92 0
  79 000c FFF7FEFF 		bl	_vt_init
  80              	.LVL4:
  81              		.loc 1 94 0
  82 0010 FFF7FEFF 		bl	_core_init
  83              	.LVL5:
  84              		.loc 1 97 0
  85 0014 FFF7FEFF 		bl	_heap_init
  86              	.LVL6:
  87              		.loc 1 104 0
  88 0018 40F20000 		movw	r0, #:lower16:.LANCHOR0
  89 001c 4021     		movs	r1, #64
  90 001e C0F20000 		movt	r0, #:upper16:.LANCHOR0
  91 0022 FFF7FEFF 		bl	_thread_init
  92              	.LVL7:
  93 0026 40F20004 		movw	r4, #:lower16:rlist
  94 002a C0F20004 		movt	r4, #:upper16:rlist
  95              		.loc 1 105 0
  96 002e 0125     		movs	r5, #1
  97 0030 0577     		strb	r5, [r0, #28]
  98              		.loc 1 104 0
  99 0032 A061     		str	r0, [r4, #24]
 100              		.loc 1 111 0
 101 0034 FFF7FEFF 		bl	dbg_check_enable
 102              	.LVL8:
 103              	.LBB2:
 104 0038 0023     		movs	r3, #0
 105              	.LVL9:
 106              	@ 111 "../../chibios/os/kernel/src/chsys.c" 1
 107 003a 83F31188 		msr     BASEPRI, r3                    
 108 003e 62B6     		cpsie   i
 109              	@ 0 "" 2
 110              	.LVL10:
 111              		.thumb
 112              	.LBE2:
ARM GAS  C:\Users\Elis\AppData\Local\Temp\cczy1XNK.s 			page 3


 113              		.loc 1 115 0
 114 0040 40F20001 		movw	r1, #:lower16:ch_debug
 115 0044 A269     		ldr	r2, [r4, #24]
 116 0046 C0F20001 		movt	r1, #:upper16:ch_debug
 117 004a 9161     		str	r1, [r2, #24]
 118              		.loc 1 121 0
 119 004c 40F20000 		movw	r0, #:lower16:.LANCHOR1
 120 0050 0093     		str	r3, [sp, #0]
 121 0052 40F20003 		movw	r3, #:lower16:_idle_thread
 122              	.LVL11:
 123 0056 E021     		movs	r1, #224
 124 0058 2A46     		mov	r2, r5
 125 005a C0F20003 		movt	r3, #:upper16:_idle_thread
 126 005e C0F20000 		movt	r0, #:upper16:.LANCHOR1
 127 0062 FFF7FEFF 		bl	chThdCreateStatic
 128              	.LVL12:
 129              		.loc 1 124 0
 130 0066 03B0     		add	sp, sp, #12
 131 0068 30BD     		pop	{r4, r5, pc}
 132              		.cfi_endproc
 133              	.LFE8:
 134              		.size	chSysInit, .-chSysInit
 135 006a 00BFAFF3 		.section	.text.chSysTimerHandlerI,"ax",%progbits
 135      0080
 136              		.align	2
 137              		.p2align 4,,15
 138              		.global	chSysTimerHandlerI
 139              		.thumb
 140              		.thumb_func
 141              		.type	chSysTimerHandlerI, %function
 142              	chSysTimerHandlerI:
 143              	.LFB9:
 144              		.loc 1 137 0
 145              		.cfi_startproc
 146              		@ args = 0, pretend = 0, frame = 0
 147              		@ frame_needed = 0, uses_anonymous_args = 0
 148 0000 F8B5     		push	{r3, r4, r5, r6, r7, lr}
 149              	.LCFI2:
 150              		.cfi_def_cfa_offset 24
 151              		.cfi_offset 3, -24
 152              		.cfi_offset 4, -20
 153              		.cfi_offset 5, -16
 154              		.cfi_offset 6, -12
 155              		.cfi_offset 7, -8
 156              		.cfi_offset 14, -4
 157              		.loc 1 139 0
 158 0002 FFF7FEFF 		bl	chDbgCheckClassI
 159              	.LVL13:
 160              		.loc 1 143 0
 161 0006 154B     		ldr	r3, .L20
 162 0008 9869     		ldr	r0, [r3, #24]
 163 000a C27F     		ldrb	r2, [r0, #31]	@ zero_extendqisi2
 164 000c 0AB1     		cbz	r2, .L8
 165              		.loc 1 145 0
 166 000e 511E     		subs	r1, r2, #1
 167 0010 C177     		strb	r1, [r0, #31]
 168              	.L8:
ARM GAS  C:\Users\Elis\AppData\Local\Temp\cczy1XNK.s 			page 4


 169              		.loc 1 148 0
 170 0012 046A     		ldr	r4, [r0, #32]
 171              		.loc 1 150 0
 172 0014 124D     		ldr	r5, .L20+4
 173              		.loc 1 148 0
 174 0016 631C     		adds	r3, r4, #1
 175 0018 0362     		str	r3, [r0, #32]
 176              		.loc 1 150 0
 177 001a E868     		ldr	r0, [r5, #12]
 178 001c 2C68     		ldr	r4, [r5, #0]
 179 001e 421C     		adds	r2, r0, #1
 180 0020 AC42     		cmp	r4, r5
 181 0022 EA60     		str	r2, [r5, #12]
 182 0024 18D0     		beq	.L7
 183              	.LBB3:
 184              		.loc 1 150 0 is_stmt 0 discriminator 1
 185 0026 A768     		ldr	r7, [r4, #8]
 186 0028 013F     		subs	r7, r7, #1
 187 002a A760     		str	r7, [r4, #8]
 188              	.LVL14:
 189 002c A7B9     		cbnz	r7, .L7
 190              	.L16:
 191              	.LBB4:
 192              		.loc 1 150 0 discriminator 3
 193 002e 2168     		ldr	r1, [r4, #0]
 194 0030 E668     		ldr	r6, [r4, #12]
 195              	.LVL15:
 196 0032 4D60     		str	r5, [r1, #4]
 197 0034 E760     		str	r7, [r4, #12]
 198 0036 2960     		str	r1, [r5, #0]
 199 0038 FFF7FEFF 		bl	dbg_check_unlock_from_isr
 200              	.LVL16:
 201              	.LBB5:
 202 003c 0023     		movs	r3, #0
 203              	.LVL17:
 204              	@ 150 "../../chibios/os/kernel/src/chsys.c" 1
 205 003e 83F31188 		msr     BASEPRI, r3
 206              	@ 0 "" 2
 207              	.LVL18:
 208              		.thumb
 209              	.LBE5:
 210 0042 2069     		ldr	r0, [r4, #16]
 211 0044 B047     		blx	r6
 212              	.LVL19:
 213              	.LBB6:
 214 0046 2023     		movs	r3, #32
 215              	.LVL20:
 216              	@ 150 "../../chibios/os/kernel/src/chsys.c" 1
 217 0048 83F31188 		msr     BASEPRI, r3
 218              	@ 0 "" 2
 219              	.LVL21:
 220              		.thumb
 221              	.LBE6:
 222 004c FFF7FEFF 		bl	dbg_check_lock_from_isr
 223              	.LVL22:
 224              	.LBE4:
 225 0050 2C68     		ldr	r4, [r5, #0]
ARM GAS  C:\Users\Elis\AppData\Local\Temp\cczy1XNK.s 			page 5


 226              	.LVL23:
 227 0052 A368     		ldr	r3, [r4, #8]
 228 0054 002B     		cmp	r3, #0
 229 0056 EAD0     		beq	.L16
 230              	.LVL24:
 231              	.L7:
 232 0058 F8BD     		pop	{r3, r4, r5, r6, r7, pc}
 233              	.L21:
 234 005a 00BF     		.align	2
 235              	.L20:
 236 005c 00000000 		.word	rlist
 237 0060 00000000 		.word	vtlist
 238              	.LBE3:
 239              		.cfi_endproc
 240              	.LFE9:
 241              		.size	chSysTimerHandlerI, .-chSysTimerHandlerI
 242              		.global	_idle_thread_wa
 243 0064 AFF30080 		.section	.bss._idle_thread_wa,"aw",%nobits
 243      AFF30080 
 243      AFF30080 
 244              		.align	3
 245              		.set	.LANCHOR1,. + 0
 246              		.type	_idle_thread_wa, %object
 247              		.size	_idle_thread_wa, 224
 248              	_idle_thread_wa:
 249 0000 00000000 		.space	224
 249      00000000 
 249      00000000 
 249      00000000 
 249      00000000 
 250              		.section	.rodata.str1.4,"aMS",%progbits,1
 251              		.align	2
 252              	.LC0:
 253 0000 69646C65 		.ascii	"idle\000"
 253      00
 254 0005 000000   		.section	.bss.mainthread.4800,"aw",%nobits
 255              		.align	2
 256              		.set	.LANCHOR0,. + 0
 257              		.type	mainthread.4800, %object
 258              		.size	mainthread.4800, 72
 259              	mainthread.4800:
 260 0000 00000000 		.space	72
 260      00000000 
 260      00000000 
 260      00000000 
 260      00000000 
 261              		.text
 262              	.Letext0:
 263              		.file 2 "c:\\chibistudio\\tools\\gnu tools arm embedded\\4.7 2014q2\\bin\\../lib/gcc/arm-none-eabi
 264              		.file 3 "c:\\chibistudio\\tools\\gnu tools arm embedded\\4.7 2014q2\\bin\\../lib/gcc/arm-none-eabi
 265              		.file 4 "../../chibios/os/ports/GCC/ARMCMx/chtypes.h"
 266              		.file 5 "../../chibios/os/kernel/include/chlists.h"
 267              		.file 6 "../../chibios/os/kernel/include/chthreads.h"
 268              		.file 7 "../../chibios/os/ports/GCC/ARMCMx/chcore_v7m.h"
 269              		.file 8 "../../chibios/os/kernel/include/chvt.h"
 270              		.file 9 "../../chibios/os/kernel/include/chschd.h"
 271              		.file 10 "../../chibios/os/kernel/include/chmtx.h"
ARM GAS  C:\Users\Elis\AppData\Local\Temp\cczy1XNK.s 			page 6


 272              		.file 11 "../../chibios/os/kernel/include/chregistry.h"
 273              		.file 12 "../../chibios/os/kernel/include/chmemcore.h"
 274              		.file 13 "../../chibios/os/kernel/include/chheap.h"
 275              		.file 14 "../../chibios/os/kernel/include/chdebug.h"
 276              		.section	.debug_info,"",%progbits
 277              	.Ldebug_info0:
 278 0000 07090000 		.4byte	0x907
 279 0004 0200     		.2byte	0x2
 280 0006 00000000 		.4byte	.Ldebug_abbrev0
 281 000a 04       		.byte	0x4
 282 000b 01       		.uleb128 0x1
 283 000c AC020000 		.4byte	.LASF115
 284 0010 01       		.byte	0x1
 285 0011 51030000 		.4byte	.LASF116
 286 0015 0A010000 		.4byte	.LASF117
 287 0019 00000000 		.4byte	.Ldebug_ranges0+0
 288 001d 00000000 		.4byte	0
 289 0021 00000000 		.4byte	0
 290 0025 00000000 		.4byte	.Ldebug_line0
 291 0029 02       		.uleb128 0x2
 292 002a 04       		.byte	0x4
 293 002b 05       		.byte	0x5
 294 002c 696E7400 		.ascii	"int\000"
 295 0030 03       		.uleb128 0x3
 296 0031 1B000000 		.4byte	.LASF2
 297 0035 02       		.byte	0x2
 298 0036 D5       		.byte	0xd5
 299 0037 3B000000 		.4byte	0x3b
 300 003b 04       		.uleb128 0x4
 301 003c 04       		.byte	0x4
 302 003d 07       		.byte	0x7
 303 003e A7010000 		.4byte	.LASF0
 304 0042 04       		.uleb128 0x4
 305 0043 01       		.byte	0x1
 306 0044 06       		.byte	0x6
 307 0045 B7000000 		.4byte	.LASF1
 308 0049 03       		.uleb128 0x3
 309 004a D1040000 		.4byte	.LASF3
 310 004e 03       		.byte	0x3
 311 004f 2A       		.byte	0x2a
 312 0050 54000000 		.4byte	0x54
 313 0054 04       		.uleb128 0x4
 314 0055 01       		.byte	0x1
 315 0056 08       		.byte	0x8
 316 0057 8B030000 		.4byte	.LASF4
 317 005b 04       		.uleb128 0x4
 318 005c 02       		.byte	0x2
 319 005d 05       		.byte	0x5
 320 005e AE030000 		.4byte	.LASF5
 321 0062 03       		.uleb128 0x3
 322 0063 4E010000 		.4byte	.LASF6
 323 0067 03       		.byte	0x3
 324 0068 36       		.byte	0x36
 325 0069 6D000000 		.4byte	0x6d
 326 006d 04       		.uleb128 0x4
 327 006e 02       		.byte	0x2
 328 006f 07       		.byte	0x7
ARM GAS  C:\Users\Elis\AppData\Local\Temp\cczy1XNK.s 			page 7


 329 0070 FA010000 		.4byte	.LASF7
 330 0074 03       		.uleb128 0x3
 331 0075 83030000 		.4byte	.LASF8
 332 0079 03       		.byte	0x3
 333 007a 4F       		.byte	0x4f
 334 007b 7F000000 		.4byte	0x7f
 335 007f 04       		.uleb128 0x4
 336 0080 04       		.byte	0x4
 337 0081 05       		.byte	0x5
 338 0082 3C010000 		.4byte	.LASF9
 339 0086 03       		.uleb128 0x3
 340 0087 21040000 		.4byte	.LASF10
 341 008b 03       		.byte	0x3
 342 008c 50       		.byte	0x50
 343 008d 91000000 		.4byte	0x91
 344 0091 04       		.uleb128 0x4
 345 0092 04       		.byte	0x4
 346 0093 07       		.byte	0x7
 347 0094 C9010000 		.4byte	.LASF11
 348 0098 04       		.uleb128 0x4
 349 0099 08       		.byte	0x8
 350 009a 05       		.byte	0x5
 351 009b A9000000 		.4byte	.LASF12
 352 009f 03       		.uleb128 0x3
 353 00a0 29000000 		.4byte	.LASF13
 354 00a4 03       		.byte	0x3
 355 00a5 78       		.byte	0x78
 356 00a6 AA000000 		.4byte	0xaa
 357 00aa 04       		.uleb128 0x4
 358 00ab 08       		.byte	0x8
 359 00ac 07       		.byte	0x7
 360 00ad 4C000000 		.4byte	.LASF14
 361 00b1 04       		.uleb128 0x4
 362 00b2 01       		.byte	0x1
 363 00b3 02       		.byte	0x2
 364 00b4 7D030000 		.4byte	.LASF15
 365 00b8 03       		.uleb128 0x3
 366 00b9 24020000 		.4byte	.LASF16
 367 00bd 04       		.byte	0x4
 368 00be 2C       		.byte	0x2c
 369 00bf 49000000 		.4byte	0x49
 370 00c3 03       		.uleb128 0x3
 371 00c4 45010000 		.4byte	.LASF17
 372 00c8 04       		.byte	0x4
 373 00c9 2D       		.byte	0x2d
 374 00ca 49000000 		.4byte	0x49
 375 00ce 03       		.uleb128 0x3
 376 00cf 37030000 		.4byte	.LASF18
 377 00d3 04       		.byte	0x4
 378 00d4 2E       		.byte	0x2e
 379 00d5 49000000 		.4byte	0x49
 380 00d9 03       		.uleb128 0x3
 381 00da 32010000 		.4byte	.LASF19
 382 00de 04       		.byte	0x4
 383 00df 2F       		.byte	0x2f
 384 00e0 49000000 		.4byte	0x49
 385 00e4 03       		.uleb128 0x3
ARM GAS  C:\Users\Elis\AppData\Local\Temp\cczy1XNK.s 			page 8


 386 00e5 75030000 		.4byte	.LASF20
 387 00e9 04       		.byte	0x4
 388 00ea 30       		.byte	0x30
 389 00eb 86000000 		.4byte	0x86
 390 00ef 03       		.uleb128 0x3
 391 00f0 0D020000 		.4byte	.LASF21
 392 00f4 04       		.byte	0x4
 393 00f5 31       		.byte	0x31
 394 00f6 74000000 		.4byte	0x74
 395 00fa 03       		.uleb128 0x3
 396 00fb 38020000 		.4byte	.LASF22
 397 00ff 04       		.byte	0x4
 398 0100 33       		.byte	0x33
 399 0101 86000000 		.4byte	0x86
 400 0105 03       		.uleb128 0x3
 401 0106 57040000 		.4byte	.LASF23
 402 010a 04       		.byte	0x4
 403 010b 35       		.byte	0x35
 404 010c 86000000 		.4byte	0x86
 405 0110 03       		.uleb128 0x3
 406 0111 02040000 		.4byte	.LASF24
 407 0115 05       		.byte	0x5
 408 0116 2A       		.byte	0x2a
 409 0117 1B010000 		.4byte	0x11b
 410 011b 05       		.uleb128 0x5
 411 011c 02040000 		.4byte	.LASF24
 412 0120 48       		.byte	0x48
 413 0121 06       		.byte	0x6
 414 0122 5E       		.byte	0x5e
 415 0123 40020000 		.4byte	0x240
 416 0127 06       		.uleb128 0x6
 417 0128 E4030000 		.4byte	.LASF25
 418 012c 06       		.byte	0x6
 419 012d 5F       		.byte	0x5f
 420 012e 65020000 		.4byte	0x265
 421 0132 02       		.byte	0x2
 422 0133 23       		.byte	0x23
 423 0134 00       		.uleb128 0
 424 0135 06       		.uleb128 0x6
 425 0136 4A030000 		.4byte	.LASF26
 426 013a 06       		.byte	0x6
 427 013b 61       		.byte	0x61
 428 013c 65020000 		.4byte	0x265
 429 0140 02       		.byte	0x2
 430 0141 23       		.byte	0x23
 431 0142 04       		.uleb128 0x4
 432 0143 06       		.uleb128 0x6
 433 0144 85000000 		.4byte	.LASF27
 434 0148 06       		.byte	0x6
 435 0149 63       		.byte	0x63
 436 014a E4000000 		.4byte	0xe4
 437 014e 02       		.byte	0x2
 438 014f 23       		.byte	0x23
 439 0150 08       		.uleb128 0x8
 440 0151 06       		.uleb128 0x6
 441 0152 2F050000 		.4byte	.LASF28
 442 0156 06       		.byte	0x6
ARM GAS  C:\Users\Elis\AppData\Local\Temp\cczy1XNK.s 			page 9


 443 0157 64       		.byte	0x64
 444 0158 3E030000 		.4byte	0x33e
 445 015c 02       		.byte	0x2
 446 015d 23       		.byte	0x23
 447 015e 0C       		.uleb128 0xc
 448 015f 06       		.uleb128 0x6
 449 0160 61010000 		.4byte	.LASF29
 450 0164 06       		.byte	0x6
 451 0165 66       		.byte	0x66
 452 0166 65020000 		.4byte	0x265
 453 016a 02       		.byte	0x2
 454 016b 23       		.byte	0x23
 455 016c 10       		.uleb128 0x10
 456 016d 06       		.uleb128 0x6
 457 016e F5020000 		.4byte	.LASF30
 458 0172 06       		.byte	0x6
 459 0173 67       		.byte	0x67
 460 0174 65020000 		.4byte	0x265
 461 0178 02       		.byte	0x2
 462 0179 23       		.byte	0x23
 463 017a 14       		.uleb128 0x14
 464 017b 06       		.uleb128 0x6
 465 017c 03050000 		.4byte	.LASF31
 466 0180 06       		.byte	0x6
 467 0181 6E       		.byte	0x6e
 468 0182 1F050000 		.4byte	0x51f
 469 0186 02       		.byte	0x2
 470 0187 23       		.byte	0x23
 471 0188 18       		.uleb128 0x18
 472 0189 06       		.uleb128 0x6
 473 018a B8030000 		.4byte	.LASF32
 474 018e 06       		.byte	0x6
 475 018f 79       		.byte	0x79
 476 0190 C3000000 		.4byte	0xc3
 477 0194 02       		.byte	0x2
 478 0195 23       		.byte	0x23
 479 0196 1C       		.uleb128 0x1c
 480 0197 06       		.uleb128 0x6
 481 0198 FA030000 		.4byte	.LASF33
 482 019c 06       		.byte	0x6
 483 019d 7D       		.byte	0x7d
 484 019e B8000000 		.4byte	0xb8
 485 01a2 02       		.byte	0x2
 486 01a3 23       		.byte	0x23
 487 01a4 1D       		.uleb128 0x1d
 488 01a5 06       		.uleb128 0x6
 489 01a6 BA040000 		.4byte	.LASF34
 490 01aa 06       		.byte	0x6
 491 01ab 82       		.byte	0x82
 492 01ac CE000000 		.4byte	0xce
 493 01b0 02       		.byte	0x2
 494 01b1 23       		.byte	0x23
 495 01b2 1E       		.uleb128 0x1e
 496 01b3 06       		.uleb128 0x6
 497 01b4 C0030000 		.4byte	.LASF35
 498 01b8 06       		.byte	0x6
 499 01b9 88       		.byte	0x88
ARM GAS  C:\Users\Elis\AppData\Local\Temp\cczy1XNK.s 			page 10


 500 01ba D9000000 		.4byte	0xd9
 501 01be 02       		.byte	0x2
 502 01bf 23       		.byte	0x23
 503 01c0 1F       		.uleb128 0x1f
 504 01c1 06       		.uleb128 0x6
 505 01c2 7E040000 		.4byte	.LASF36
 506 01c6 06       		.byte	0x6
 507 01c7 8F       		.byte	0x8f
 508 01c8 2A040000 		.4byte	0x42a
 509 01cc 02       		.byte	0x2
 510 01cd 23       		.byte	0x23
 511 01ce 20       		.uleb128 0x20
 512 01cf 07       		.uleb128 0x7
 513 01d0 705F7500 		.ascii	"p_u\000"
 514 01d4 06       		.byte	0x6
 515 01d5 B4       		.byte	0xb4
 516 01d6 EA040000 		.4byte	0x4ea
 517 01da 02       		.byte	0x2
 518 01db 23       		.byte	0x23
 519 01dc 24       		.uleb128 0x24
 520 01dd 06       		.uleb128 0x6
 521 01de 35050000 		.4byte	.LASF37
 522 01e2 06       		.byte	0x6
 523 01e3 B9       		.byte	0xb9
 524 01e4 8D020000 		.4byte	0x28d
 525 01e8 02       		.byte	0x2
 526 01e9 23       		.byte	0x23
 527 01ea 28       		.uleb128 0x28
 528 01eb 06       		.uleb128 0x6
 529 01ec 8C040000 		.4byte	.LASF38
 530 01f0 06       		.byte	0x6
 531 01f1 BF       		.byte	0xbf
 532 01f2 6B020000 		.4byte	0x26b
 533 01f6 02       		.byte	0x2
 534 01f7 23       		.byte	0x23
 535 01f8 2C       		.uleb128 0x2c
 536 01f9 06       		.uleb128 0x6
 537 01fa 15000000 		.4byte	.LASF39
 538 01fe 06       		.byte	0x6
 539 01ff C3       		.byte	0xc3
 540 0200 EF000000 		.4byte	0xef
 541 0204 02       		.byte	0x2
 542 0205 23       		.byte	0x23
 543 0206 34       		.uleb128 0x34
 544 0207 06       		.uleb128 0x6
 545 0208 16040000 		.4byte	.LASF40
 546 020c 06       		.byte	0x6
 547 020d C9       		.byte	0xc9
 548 020e FA000000 		.4byte	0xfa
 549 0212 02       		.byte	0x2
 550 0213 23       		.byte	0x23
 551 0214 38       		.uleb128 0x38
 552 0215 06       		.uleb128 0x6
 553 0216 A4030000 		.4byte	.LASF41
 554 021a 06       		.byte	0x6
 555 021b D0       		.byte	0xd0
 556 021c 31050000 		.4byte	0x531
ARM GAS  C:\Users\Elis\AppData\Local\Temp\cczy1XNK.s 			page 11


 557 0220 02       		.byte	0x2
 558 0221 23       		.byte	0x23
 559 0222 3C       		.uleb128 0x3c
 560 0223 06       		.uleb128 0x6
 561 0224 61040000 		.4byte	.LASF42
 562 0228 06       		.byte	0x6
 563 0229 D4       		.byte	0xd4
 564 022a E4000000 		.4byte	0xe4
 565 022e 02       		.byte	0x2
 566 022f 23       		.byte	0x23
 567 0230 40       		.uleb128 0x40
 568 0231 06       		.uleb128 0x6
 569 0232 FA000000 		.4byte	.LASF43
 570 0236 06       		.byte	0x6
 571 0237 DA       		.byte	0xda
 572 0238 A3020000 		.4byte	0x2a3
 573 023c 02       		.byte	0x2
 574 023d 23       		.byte	0x23
 575 023e 44       		.uleb128 0x44
 576 023f 00       		.byte	0
 577 0240 08       		.uleb128 0x8
 578 0241 08       		.byte	0x8
 579 0242 05       		.byte	0x5
 580 0243 61       		.byte	0x61
 581 0244 65020000 		.4byte	0x265
 582 0248 06       		.uleb128 0x6
 583 0249 E4030000 		.4byte	.LASF25
 584 024d 05       		.byte	0x5
 585 024e 62       		.byte	0x62
 586 024f 65020000 		.4byte	0x265
 587 0253 02       		.byte	0x2
 588 0254 23       		.byte	0x23
 589 0255 00       		.uleb128 0
 590 0256 06       		.uleb128 0x6
 591 0257 4A030000 		.4byte	.LASF26
 592 025b 05       		.byte	0x5
 593 025c 64       		.byte	0x64
 594 025d 65020000 		.4byte	0x265
 595 0261 02       		.byte	0x2
 596 0262 23       		.byte	0x23
 597 0263 04       		.uleb128 0x4
 598 0264 00       		.byte	0
 599 0265 09       		.uleb128 0x9
 600 0266 04       		.byte	0x4
 601 0267 10010000 		.4byte	0x110
 602 026b 03       		.uleb128 0x3
 603 026c 03030000 		.4byte	.LASF44
 604 0270 05       		.byte	0x5
 605 0271 66       		.byte	0x66
 606 0272 40020000 		.4byte	0x240
 607 0276 08       		.uleb128 0x8
 608 0277 04       		.byte	0x4
 609 0278 05       		.byte	0x5
 610 0279 6B       		.byte	0x6b
 611 027a 8D020000 		.4byte	0x28d
 612 027e 06       		.uleb128 0x6
 613 027f E4030000 		.4byte	.LASF25
ARM GAS  C:\Users\Elis\AppData\Local\Temp\cczy1XNK.s 			page 12


 614 0283 05       		.byte	0x5
 615 0284 6D       		.byte	0x6d
 616 0285 65020000 		.4byte	0x265
 617 0289 02       		.byte	0x2
 618 028a 23       		.byte	0x23
 619 028b 00       		.uleb128 0
 620 028c 00       		.byte	0
 621 028d 03       		.uleb128 0x3
 622 028e 2C020000 		.4byte	.LASF45
 623 0292 05       		.byte	0x5
 624 0293 70       		.byte	0x70
 625 0294 76020000 		.4byte	0x276
 626 0298 03       		.uleb128 0x3
 627 0299 81010000 		.4byte	.LASF46
 628 029d 07       		.byte	0x7
 629 029e E5       		.byte	0xe5
 630 029f A3020000 		.4byte	0x2a3
 631 02a3 0A       		.uleb128 0xa
 632 02a4 04       		.byte	0x4
 633 02a5 03       		.uleb128 0x3
 634 02a6 4A020000 		.4byte	.LASF47
 635 02aa 07       		.byte	0x7
 636 02ab EB       		.byte	0xeb
 637 02ac 9F000000 		.4byte	0x9f
 638 02b0 0B       		.uleb128 0xb
 639 02b1 85040000 		.4byte	.LASF48
 640 02b5 24       		.byte	0x24
 641 02b6 07       		.byte	0x7
 642 02b7 0C01     		.2byte	0x10c
 643 02b9 3E030000 		.4byte	0x33e
 644 02bd 0C       		.uleb128 0xc
 645 02be 723400   		.ascii	"r4\000"
 646 02c1 07       		.byte	0x7
 647 02c2 1F01     		.2byte	0x11f
 648 02c4 98020000 		.4byte	0x298
 649 02c8 02       		.byte	0x2
 650 02c9 23       		.byte	0x23
 651 02ca 00       		.uleb128 0
 652 02cb 0C       		.uleb128 0xc
 653 02cc 723500   		.ascii	"r5\000"
 654 02cf 07       		.byte	0x7
 655 02d0 2001     		.2byte	0x120
 656 02d2 98020000 		.4byte	0x298
 657 02d6 02       		.byte	0x2
 658 02d7 23       		.byte	0x23
 659 02d8 04       		.uleb128 0x4
 660 02d9 0C       		.uleb128 0xc
 661 02da 723600   		.ascii	"r6\000"
 662 02dd 07       		.byte	0x7
 663 02de 2101     		.2byte	0x121
 664 02e0 98020000 		.4byte	0x298
 665 02e4 02       		.byte	0x2
 666 02e5 23       		.byte	0x23
 667 02e6 08       		.uleb128 0x8
 668 02e7 0C       		.uleb128 0xc
 669 02e8 723700   		.ascii	"r7\000"
 670 02eb 07       		.byte	0x7
ARM GAS  C:\Users\Elis\AppData\Local\Temp\cczy1XNK.s 			page 13


 671 02ec 2201     		.2byte	0x122
 672 02ee 98020000 		.4byte	0x298
 673 02f2 02       		.byte	0x2
 674 02f3 23       		.byte	0x23
 675 02f4 0C       		.uleb128 0xc
 676 02f5 0C       		.uleb128 0xc
 677 02f6 723800   		.ascii	"r8\000"
 678 02f9 07       		.byte	0x7
 679 02fa 2301     		.2byte	0x123
 680 02fc 98020000 		.4byte	0x298
 681 0300 02       		.byte	0x2
 682 0301 23       		.byte	0x23
 683 0302 10       		.uleb128 0x10
 684 0303 0C       		.uleb128 0xc
 685 0304 723900   		.ascii	"r9\000"
 686 0307 07       		.byte	0x7
 687 0308 2401     		.2byte	0x124
 688 030a 98020000 		.4byte	0x298
 689 030e 02       		.byte	0x2
 690 030f 23       		.byte	0x23
 691 0310 14       		.uleb128 0x14
 692 0311 0C       		.uleb128 0xc
 693 0312 72313000 		.ascii	"r10\000"
 694 0316 07       		.byte	0x7
 695 0317 2501     		.2byte	0x125
 696 0319 98020000 		.4byte	0x298
 697 031d 02       		.byte	0x2
 698 031e 23       		.byte	0x23
 699 031f 18       		.uleb128 0x18
 700 0320 0C       		.uleb128 0xc
 701 0321 72313100 		.ascii	"r11\000"
 702 0325 07       		.byte	0x7
 703 0326 2601     		.2byte	0x126
 704 0328 98020000 		.4byte	0x298
 705 032c 02       		.byte	0x2
 706 032d 23       		.byte	0x23
 707 032e 1C       		.uleb128 0x1c
 708 032f 0C       		.uleb128 0xc
 709 0330 6C7200   		.ascii	"lr\000"
 710 0333 07       		.byte	0x7
 711 0334 2701     		.2byte	0x127
 712 0336 98020000 		.4byte	0x298
 713 033a 02       		.byte	0x2
 714 033b 23       		.byte	0x23
 715 033c 20       		.uleb128 0x20
 716 033d 00       		.byte	0
 717 033e 0B       		.uleb128 0xb
 718 033f F2010000 		.4byte	.LASF49
 719 0343 04       		.byte	0x4
 720 0344 07       		.byte	0x7
 721 0345 3101     		.2byte	0x131
 722 0347 5B030000 		.4byte	0x35b
 723 034b 0C       		.uleb128 0xc
 724 034c 72313300 		.ascii	"r13\000"
 725 0350 07       		.byte	0x7
 726 0351 3201     		.2byte	0x132
 727 0353 5B030000 		.4byte	0x35b
ARM GAS  C:\Users\Elis\AppData\Local\Temp\cczy1XNK.s 			page 14


 728 0357 02       		.byte	0x2
 729 0358 23       		.byte	0x23
 730 0359 00       		.uleb128 0
 731 035a 00       		.byte	0
 732 035b 09       		.uleb128 0x9
 733 035c 04       		.byte	0x4
 734 035d B0020000 		.4byte	0x2b0
 735 0361 04       		.uleb128 0x4
 736 0362 04       		.byte	0x4
 737 0363 07       		.byte	0x7
 738 0364 83020000 		.4byte	.LASF50
 739 0368 03       		.uleb128 0x3
 740 0369 6C040000 		.4byte	.LASF51
 741 036d 08       		.byte	0x8
 742 036e 58       		.byte	0x58
 743 036f 73030000 		.4byte	0x373
 744 0373 09       		.uleb128 0x9
 745 0374 04       		.byte	0x4
 746 0375 79030000 		.4byte	0x379
 747 0379 0D       		.uleb128 0xd
 748 037a 01       		.byte	0x1
 749 037b 85030000 		.4byte	0x385
 750 037f 0E       		.uleb128 0xe
 751 0380 A3020000 		.4byte	0x2a3
 752 0384 00       		.byte	0
 753 0385 03       		.uleb128 0x3
 754 0386 3E040000 		.4byte	.LASF52
 755 038a 08       		.byte	0x8
 756 038b 5D       		.byte	0x5d
 757 038c 90030000 		.4byte	0x390
 758 0390 05       		.uleb128 0x5
 759 0391 3E040000 		.4byte	.LASF52
 760 0395 14       		.byte	0x14
 761 0396 08       		.byte	0x8
 762 0397 64       		.byte	0x64
 763 0398 E3030000 		.4byte	0x3e3
 764 039c 06       		.uleb128 0x6
 765 039d C1010000 		.4byte	.LASF53
 766 03a1 08       		.byte	0x8
 767 03a2 65       		.byte	0x65
 768 03a3 E3030000 		.4byte	0x3e3
 769 03a7 02       		.byte	0x2
 770 03a8 23       		.byte	0x23
 771 03a9 00       		.uleb128 0
 772 03aa 06       		.uleb128 0x6
 773 03ab 8A010000 		.4byte	.LASF54
 774 03af 08       		.byte	0x8
 775 03b0 67       		.byte	0x67
 776 03b1 E3030000 		.4byte	0x3e3
 777 03b5 02       		.byte	0x2
 778 03b6 23       		.byte	0x23
 779 03b7 04       		.uleb128 0x4
 780 03b8 06       		.uleb128 0x6
 781 03b9 7B020000 		.4byte	.LASF55
 782 03bd 08       		.byte	0x8
 783 03be 69       		.byte	0x69
 784 03bf 05010000 		.4byte	0x105
ARM GAS  C:\Users\Elis\AppData\Local\Temp\cczy1XNK.s 			page 15


 785 03c3 02       		.byte	0x2
 786 03c4 23       		.byte	0x23
 787 03c5 08       		.uleb128 0x8
 788 03c6 06       		.uleb128 0x6
 789 03c7 8C020000 		.4byte	.LASF56
 790 03cb 08       		.byte	0x8
 791 03cc 6A       		.byte	0x6a
 792 03cd 68030000 		.4byte	0x368
 793 03d1 02       		.byte	0x2
 794 03d2 23       		.byte	0x23
 795 03d3 0C       		.uleb128 0xc
 796 03d4 06       		.uleb128 0x6
 797 03d5 A8040000 		.4byte	.LASF57
 798 03d9 08       		.byte	0x8
 799 03da 6C       		.byte	0x6c
 800 03db A3020000 		.4byte	0x2a3
 801 03df 02       		.byte	0x2
 802 03e0 23       		.byte	0x23
 803 03e1 10       		.uleb128 0x10
 804 03e2 00       		.byte	0
 805 03e3 09       		.uleb128 0x9
 806 03e4 04       		.byte	0x4
 807 03e5 85030000 		.4byte	0x385
 808 03e9 08       		.uleb128 0x8
 809 03ea 10       		.byte	0x10
 810 03eb 08       		.byte	0x8
 811 03ec 76       		.byte	0x76
 812 03ed 2A040000 		.4byte	0x42a
 813 03f1 06       		.uleb128 0x6
 814 03f2 C1010000 		.4byte	.LASF53
 815 03f6 08       		.byte	0x8
 816 03f7 77       		.byte	0x77
 817 03f8 E3030000 		.4byte	0x3e3
 818 03fc 02       		.byte	0x2
 819 03fd 23       		.byte	0x23
 820 03fe 00       		.uleb128 0
 821 03ff 06       		.uleb128 0x6
 822 0400 8A010000 		.4byte	.LASF54
 823 0404 08       		.byte	0x8
 824 0405 79       		.byte	0x79
 825 0406 E3030000 		.4byte	0x3e3
 826 040a 02       		.byte	0x2
 827 040b 23       		.byte	0x23
 828 040c 04       		.uleb128 0x4
 829 040d 06       		.uleb128 0x6
 830 040e 7B020000 		.4byte	.LASF55
 831 0412 08       		.byte	0x8
 832 0413 7B       		.byte	0x7b
 833 0414 05010000 		.4byte	0x105
 834 0418 02       		.byte	0x2
 835 0419 23       		.byte	0x23
 836 041a 08       		.uleb128 0x8
 837 041b 06       		.uleb128 0x6
 838 041c 0A050000 		.4byte	.LASF58
 839 0420 08       		.byte	0x8
 840 0421 7C       		.byte	0x7c
 841 0422 2A040000 		.4byte	0x42a
ARM GAS  C:\Users\Elis\AppData\Local\Temp\cczy1XNK.s 			page 16


 842 0426 02       		.byte	0x2
 843 0427 23       		.byte	0x23
 844 0428 0C       		.uleb128 0xc
 845 0429 00       		.byte	0
 846 042a 0F       		.uleb128 0xf
 847 042b 05010000 		.4byte	0x105
 848 042f 03       		.uleb128 0x3
 849 0430 20050000 		.4byte	.LASF59
 850 0434 08       		.byte	0x8
 851 0435 7D       		.byte	0x7d
 852 0436 E9030000 		.4byte	0x3e9
 853 043a 08       		.uleb128 0x8
 854 043b 1C       		.byte	0x1c
 855 043c 09       		.byte	0x9
 856 043d 5E       		.byte	0x5e
 857 043e 97040000 		.4byte	0x497
 858 0442 06       		.uleb128 0x6
 859 0443 36040000 		.4byte	.LASF60
 860 0447 09       		.byte	0x9
 861 0448 5F       		.byte	0x5f
 862 0449 6B020000 		.4byte	0x26b
 863 044d 02       		.byte	0x2
 864 044e 23       		.byte	0x23
 865 044f 00       		.uleb128 0
 866 0450 06       		.uleb128 0x6
 867 0451 D6030000 		.4byte	.LASF61
 868 0455 09       		.byte	0x9
 869 0456 60       		.byte	0x60
 870 0457 E4000000 		.4byte	0xe4
 871 045b 02       		.byte	0x2
 872 045c 23       		.byte	0x23
 873 045d 08       		.uleb128 0x8
 874 045e 06       		.uleb128 0x6
 875 045f FD020000 		.4byte	.LASF62
 876 0463 09       		.byte	0x9
 877 0464 62       		.byte	0x62
 878 0465 3E030000 		.4byte	0x33e
 879 0469 02       		.byte	0x2
 880 046a 23       		.byte	0x23
 881 046b 0C       		.uleb128 0xc
 882 046c 06       		.uleb128 0x6
 883 046d 79010000 		.4byte	.LASF63
 884 0471 09       		.byte	0x9
 885 0472 65       		.byte	0x65
 886 0473 65020000 		.4byte	0x265
 887 0477 02       		.byte	0x2
 888 0478 23       		.byte	0x23
 889 0479 10       		.uleb128 0x10
 890 047a 06       		.uleb128 0x6
 891 047b 22030000 		.4byte	.LASF64
 892 047f 09       		.byte	0x9
 893 0480 66       		.byte	0x66
 894 0481 65020000 		.4byte	0x265
 895 0485 02       		.byte	0x2
 896 0486 23       		.byte	0x23
 897 0487 14       		.uleb128 0x14
 898 0488 06       		.uleb128 0x6
ARM GAS  C:\Users\Elis\AppData\Local\Temp\cczy1XNK.s 			page 17


 899 0489 18030000 		.4byte	.LASF65
 900 048d 09       		.byte	0x9
 901 048e 69       		.byte	0x69
 902 048f 65020000 		.4byte	0x265
 903 0493 02       		.byte	0x2
 904 0494 23       		.byte	0x23
 905 0495 18       		.uleb128 0x18
 906 0496 00       		.byte	0
 907 0497 03       		.uleb128 0x3
 908 0498 C1040000 		.4byte	.LASF66
 909 049c 09       		.byte	0x9
 910 049d 6B       		.byte	0x6b
 911 049e 3A040000 		.4byte	0x43a
 912 04a2 05       		.uleb128 0x5
 913 04a3 44020000 		.4byte	.LASF67
 914 04a7 10       		.byte	0x10
 915 04a8 0A       		.byte	0xa
 916 04a9 2C       		.byte	0x2c
 917 04aa D9040000 		.4byte	0x4d9
 918 04ae 06       		.uleb128 0x6
 919 04af 02010000 		.4byte	.LASF68
 920 04b3 0A       		.byte	0xa
 921 04b4 2D       		.byte	0x2d
 922 04b5 6B020000 		.4byte	0x26b
 923 04b9 02       		.byte	0x2
 924 04ba 23       		.byte	0x23
 925 04bb 00       		.uleb128 0
 926 04bc 06       		.uleb128 0x6
 927 04bd 27050000 		.4byte	.LASF69
 928 04c1 0A       		.byte	0xa
 929 04c2 2F       		.byte	0x2f
 930 04c3 65020000 		.4byte	0x265
 931 04c7 02       		.byte	0x2
 932 04c8 23       		.byte	0x23
 933 04c9 08       		.uleb128 0x8
 934 04ca 06       		.uleb128 0x6
 935 04cb 50040000 		.4byte	.LASF70
 936 04cf 0A       		.byte	0xa
 937 04d0 31       		.byte	0x31
 938 04d1 D9040000 		.4byte	0x4d9
 939 04d5 02       		.byte	0x2
 940 04d6 23       		.byte	0x23
 941 04d7 0C       		.uleb128 0xc
 942 04d8 00       		.byte	0
 943 04d9 09       		.uleb128 0x9
 944 04da 04       		.byte	0x4
 945 04db A2040000 		.4byte	0x4a2
 946 04df 03       		.uleb128 0x3
 947 04e0 44020000 		.4byte	.LASF67
 948 04e4 0A       		.byte	0xa
 949 04e5 33       		.byte	0x33
 950 04e6 A2040000 		.4byte	0x4a2
 951 04ea 10       		.uleb128 0x10
 952 04eb 04       		.byte	0x4
 953 04ec 06       		.byte	0x6
 954 04ed 96       		.byte	0x96
 955 04ee 1F050000 		.4byte	0x51f
ARM GAS  C:\Users\Elis\AppData\Local\Temp\cczy1XNK.s 			page 18


 956 04f2 11       		.uleb128 0x11
 957 04f3 22000000 		.4byte	.LASF71
 958 04f7 06       		.byte	0x6
 959 04f8 9D       		.byte	0x9d
 960 04f9 EF000000 		.4byte	0xef
 961 04fd 11       		.uleb128 0x11
 962 04fe 71000000 		.4byte	.LASF72
 963 0502 06       		.byte	0x6
 964 0503 A4       		.byte	0xa4
 965 0504 EF000000 		.4byte	0xef
 966 0508 11       		.uleb128 0x11
 967 0509 FC040000 		.4byte	.LASF73
 968 050d 06       		.byte	0x6
 969 050e AB       		.byte	0xab
 970 050f A3020000 		.4byte	0x2a3
 971 0513 11       		.uleb128 0x11
 972 0514 DD030000 		.4byte	.LASF74
 973 0518 06       		.byte	0x6
 974 0519 B2       		.byte	0xb2
 975 051a FA000000 		.4byte	0xfa
 976 051e 00       		.byte	0
 977 051f 09       		.uleb128 0x9
 978 0520 04       		.byte	0x4
 979 0521 25050000 		.4byte	0x525
 980 0525 12       		.uleb128 0x12
 981 0526 2A050000 		.4byte	0x52a
 982 052a 04       		.uleb128 0x4
 983 052b 01       		.byte	0x1
 984 052c 08       		.byte	0x8
 985 052d 4B040000 		.4byte	.LASF75
 986 0531 09       		.uleb128 0x9
 987 0532 04       		.byte	0x4
 988 0533 DF040000 		.4byte	0x4df
 989 0537 03       		.uleb128 0x3
 990 0538 00000000 		.4byte	.LASF76
 991 053c 06       		.byte	0x6
 992 053d E5       		.byte	0xe5
 993 053e 42050000 		.4byte	0x542
 994 0542 09       		.uleb128 0x9
 995 0543 04       		.byte	0x4
 996 0544 48050000 		.4byte	0x548
 997 0548 13       		.uleb128 0x13
 998 0549 01       		.byte	0x1
 999 054a EF000000 		.4byte	0xef
 1000 054e 58050000 		.4byte	0x558
 1001 0552 0E       		.uleb128 0xe
 1002 0553 A3020000 		.4byte	0x2a3
 1003 0557 00       		.byte	0
 1004 0558 08       		.uleb128 0x8
 1005 0559 16       		.byte	0x16
 1006 055a 0B       		.byte	0xb
 1007 055b 2C       		.byte	0x2c
 1008 055c 5D060000 		.4byte	0x65d
 1009 0560 06       		.uleb128 0x6
 1010 0561 E4010000 		.4byte	.LASF77
 1011 0565 0B       		.byte	0xb
 1012 0566 2D       		.byte	0x2d
ARM GAS  C:\Users\Elis\AppData\Local\Temp\cczy1XNK.s 			page 19


 1013 0567 5D060000 		.4byte	0x65d
 1014 056b 02       		.byte	0x2
 1015 056c 23       		.byte	0x23
 1016 056d 00       		.uleb128 0
 1017 056e 06       		.uleb128 0x6
 1018 056f 67020000 		.4byte	.LASF78
 1019 0573 0B       		.byte	0xb
 1020 0574 2E       		.byte	0x2e
 1021 0575 49000000 		.4byte	0x49
 1022 0579 02       		.byte	0x2
 1023 057a 23       		.byte	0x23
 1024 057b 04       		.uleb128 0x4
 1025 057c 06       		.uleb128 0x6
 1026 057d 10030000 		.4byte	.LASF79
 1027 0581 0B       		.byte	0xb
 1028 0582 2F       		.byte	0x2f
 1029 0583 49000000 		.4byte	0x49
 1030 0587 02       		.byte	0x2
 1031 0588 23       		.byte	0x23
 1032 0589 05       		.uleb128 0x5
 1033 058a 06       		.uleb128 0x6
 1034 058b 15050000 		.4byte	.LASF80
 1035 058f 0B       		.byte	0xb
 1036 0590 30       		.byte	0x30
 1037 0591 62000000 		.4byte	0x62
 1038 0595 02       		.byte	0x2
 1039 0596 23       		.byte	0x23
 1040 0597 06       		.uleb128 0x6
 1041 0598 06       		.uleb128 0x6
 1042 0599 3F030000 		.4byte	.LASF81
 1043 059d 0B       		.byte	0xb
 1044 059e 31       		.byte	0x31
 1045 059f 49000000 		.4byte	0x49
 1046 05a3 02       		.byte	0x2
 1047 05a4 23       		.byte	0x23
 1048 05a5 08       		.uleb128 0x8
 1049 05a6 06       		.uleb128 0x6
 1050 05a7 94020000 		.4byte	.LASF82
 1051 05ab 0B       		.byte	0xb
 1052 05ac 32       		.byte	0x32
 1053 05ad 49000000 		.4byte	0x49
 1054 05b1 02       		.byte	0x2
 1055 05b2 23       		.byte	0x23
 1056 05b3 09       		.uleb128 0x9
 1057 05b4 06       		.uleb128 0x6
 1058 05b5 63000000 		.4byte	.LASF83
 1059 05b9 0B       		.byte	0xb
 1060 05ba 33       		.byte	0x33
 1061 05bb 49000000 		.4byte	0x49
 1062 05bf 02       		.byte	0x2
 1063 05c0 23       		.byte	0x23
 1064 05c1 0A       		.uleb128 0xa
 1065 05c2 06       		.uleb128 0x6
 1066 05c3 2A040000 		.4byte	.LASF84
 1067 05c7 0B       		.byte	0xb
 1068 05c8 34       		.byte	0x34
 1069 05c9 49000000 		.4byte	0x49
ARM GAS  C:\Users\Elis\AppData\Local\Temp\cczy1XNK.s 			page 20


 1070 05cd 02       		.byte	0x2
 1071 05ce 23       		.byte	0x23
 1072 05cf 0B       		.uleb128 0xb
 1073 05d0 06       		.uleb128 0x6
 1074 05d1 AF040000 		.4byte	.LASF85
 1075 05d5 0B       		.byte	0xb
 1076 05d6 35       		.byte	0x35
 1077 05d7 49000000 		.4byte	0x49
 1078 05db 02       		.byte	0x2
 1079 05dc 23       		.byte	0x23
 1080 05dd 0C       		.uleb128 0xc
 1081 05de 06       		.uleb128 0x6
 1082 05df 09040000 		.4byte	.LASF86
 1083 05e3 0B       		.byte	0xb
 1084 05e4 36       		.byte	0x36
 1085 05e5 49000000 		.4byte	0x49
 1086 05e9 02       		.byte	0x2
 1087 05ea 23       		.byte	0x23
 1088 05eb 0D       		.uleb128 0xd
 1089 05ec 06       		.uleb128 0x6
 1090 05ed 08000000 		.4byte	.LASF87
 1091 05f1 0B       		.byte	0xb
 1092 05f2 37       		.byte	0x37
 1093 05f3 49000000 		.4byte	0x49
 1094 05f7 02       		.byte	0x2
 1095 05f8 23       		.byte	0x23
 1096 05f9 0E       		.uleb128 0xe
 1097 05fa 06       		.uleb128 0x6
 1098 05fb A0020000 		.4byte	.LASF88
 1099 05ff 0B       		.byte	0xb
 1100 0600 38       		.byte	0x38
 1101 0601 49000000 		.4byte	0x49
 1102 0605 02       		.byte	0x2
 1103 0606 23       		.byte	0x23
 1104 0607 0F       		.uleb128 0xf
 1105 0608 06       		.uleb128 0x6
 1106 0609 C3000000 		.4byte	.LASF89
 1107 060d 0B       		.byte	0xb
 1108 060e 39       		.byte	0x39
 1109 060f 49000000 		.4byte	0x49
 1110 0613 02       		.byte	0x2
 1111 0614 23       		.byte	0x23
 1112 0615 10       		.uleb128 0x10
 1113 0616 06       		.uleb128 0x6
 1114 0617 8C000000 		.4byte	.LASF90
 1115 061b 0B       		.byte	0xb
 1116 061c 3B       		.byte	0x3b
 1117 061d 49000000 		.4byte	0x49
 1118 0621 02       		.byte	0x2
 1119 0622 23       		.byte	0x23
 1120 0623 11       		.uleb128 0x11
 1121 0624 06       		.uleb128 0x6
 1122 0625 ED000000 		.4byte	.LASF91
 1123 0629 0B       		.byte	0xb
 1124 062a 3C       		.byte	0x3c
 1125 062b 49000000 		.4byte	0x49
 1126 062f 02       		.byte	0x2
ARM GAS  C:\Users\Elis\AppData\Local\Temp\cczy1XNK.s 			page 21


 1127 0630 23       		.byte	0x23
 1128 0631 12       		.uleb128 0x12
 1129 0632 06       		.uleb128 0x6
 1130 0633 6F020000 		.4byte	.LASF92
 1131 0637 0B       		.byte	0xb
 1132 0638 3D       		.byte	0x3d
 1133 0639 49000000 		.4byte	0x49
 1134 063d 02       		.byte	0x2
 1135 063e 23       		.byte	0x23
 1136 063f 13       		.uleb128 0x13
 1137 0640 06       		.uleb128 0x6
 1138 0641 EB030000 		.4byte	.LASF93
 1139 0645 0B       		.byte	0xb
 1140 0646 3E       		.byte	0x3e
 1141 0647 49000000 		.4byte	0x49
 1142 064b 02       		.byte	0x2
 1143 064c 23       		.byte	0x23
 1144 064d 14       		.uleb128 0x14
 1145 064e 06       		.uleb128 0x6
 1146 064f CA030000 		.4byte	.LASF94
 1147 0653 0B       		.byte	0xb
 1148 0654 40       		.byte	0x40
 1149 0655 49000000 		.4byte	0x49
 1150 0659 02       		.byte	0x2
 1151 065a 23       		.byte	0x23
 1152 065b 15       		.uleb128 0x15
 1153 065c 00       		.byte	0
 1154 065d 14       		.uleb128 0x14
 1155 065e 2A050000 		.4byte	0x52a
 1156 0662 6D060000 		.4byte	0x66d
 1157 0666 15       		.uleb128 0x15
 1158 0667 61030000 		.4byte	0x361
 1159 066b 03       		.byte	0x3
 1160 066c 00       		.byte	0
 1161 066d 03       		.uleb128 0x3
 1162 066e 57010000 		.4byte	.LASF95
 1163 0672 0B       		.byte	0xb
 1164 0673 41       		.byte	0x41
 1165 0674 58050000 		.4byte	0x558
 1166 0678 16       		.uleb128 0x16
 1167 0679 01       		.byte	0x1
 1168 067a 2A030000 		.4byte	.LASF96
 1169 067e 01       		.byte	0x1
 1170 067f 3D       		.byte	0x3d
 1171 0680 01       		.byte	0x1
 1172 0681 00000000 		.4byte	.LFB7
 1173 0685 14000000 		.4byte	.LFE7
 1174 0689 02       		.byte	0x2
 1175 068a 7D       		.byte	0x7d
 1176 068b 00       		.sleb128 0
 1177 068c 01       		.byte	0x1
 1178 068d 9F060000 		.4byte	0x69f
 1179 0691 17       		.uleb128 0x17
 1180 0692 7000     		.ascii	"p\000"
 1181 0694 01       		.byte	0x1
 1182 0695 3D       		.byte	0x3d
 1183 0696 A3020000 		.4byte	0x2a3
ARM GAS  C:\Users\Elis\AppData\Local\Temp\cczy1XNK.s 			page 22


 1184 069a 00000000 		.4byte	.LLST0
 1185 069e 00       		.byte	0
 1186 069f 18       		.uleb128 0x18
 1187 06a0 01       		.byte	0x1
 1188 06a1 92010000 		.4byte	.LASF97
 1189 06a5 01       		.byte	0x1
 1190 06a6 54       		.byte	0x54
 1191 06a7 01       		.byte	0x1
 1192 06a8 00000000 		.4byte	.LFB8
 1193 06ac 6A000000 		.4byte	.LFE8
 1194 06b0 21000000 		.4byte	.LLST1
 1195 06b4 01       		.byte	0x1
 1196 06b5 69070000 		.4byte	0x769
 1197 06b9 19       		.uleb128 0x19
 1198 06ba 7A000000 		.4byte	.LASF98
 1199 06be 01       		.byte	0x1
 1200 06bf 55       		.byte	0x55
 1201 06c0 10010000 		.4byte	0x110
 1202 06c4 05       		.byte	0x5
 1203 06c5 03       		.byte	0x3
 1204 06c6 00000000 		.4byte	mainthread.4800
 1205 06ca 1A       		.uleb128 0x1a
 1206 06cb 38000000 		.4byte	.LBB2
 1207 06cf 40000000 		.4byte	.LBE2
 1208 06d3 E7060000 		.4byte	0x6e7
 1209 06d7 1B       		.uleb128 0x1b
 1210 06d8 746D7000 		.ascii	"tmp\000"
 1211 06dc 01       		.byte	0x1
 1212 06dd 6F       		.byte	0x6f
 1213 06de 86000000 		.4byte	0x86
 1214 06e2 4D000000 		.4byte	.LLST2
 1215 06e6 00       		.byte	0
 1216 06e7 1C       		.uleb128 0x1c
 1217 06e8 08000000 		.4byte	.LVL2
 1218 06ec 64080000 		.4byte	0x864
 1219 06f0 1C       		.uleb128 0x1c
 1220 06f1 0C000000 		.4byte	.LVL3
 1221 06f5 6F080000 		.4byte	0x86f
 1222 06f9 1C       		.uleb128 0x1c
 1223 06fa 10000000 		.4byte	.LVL4
 1224 06fe 79080000 		.4byte	0x879
 1225 0702 1C       		.uleb128 0x1c
 1226 0703 14000000 		.4byte	.LVL5
 1227 0707 83080000 		.4byte	0x883
 1228 070b 1C       		.uleb128 0x1c
 1229 070c 18000000 		.4byte	.LVL6
 1230 0710 8D080000 		.4byte	0x88d
 1231 0714 1D       		.uleb128 0x1d
 1232 0715 26000000 		.4byte	.LVL7
 1233 0719 97080000 		.4byte	0x897
 1234 071d 31070000 		.4byte	0x731
 1235 0721 1E       		.uleb128 0x1e
 1236 0722 01       		.byte	0x1
 1237 0723 51       		.byte	0x51
 1238 0724 02       		.byte	0x2
 1239 0725 08       		.byte	0x8
 1240 0726 40       		.byte	0x40
ARM GAS  C:\Users\Elis\AppData\Local\Temp\cczy1XNK.s 			page 23


 1241 0727 1E       		.uleb128 0x1e
 1242 0728 01       		.byte	0x1
 1243 0729 50       		.byte	0x50
 1244 072a 05       		.byte	0x5
 1245 072b 03       		.byte	0x3
 1246 072c 00000000 		.4byte	.LANCHOR0
 1247 0730 00       		.byte	0
 1248 0731 1C       		.uleb128 0x1c
 1249 0732 38000000 		.4byte	.LVL8
 1250 0736 B5080000 		.4byte	0x8b5
 1251 073a 1F       		.uleb128 0x1f
 1252 073b 66000000 		.4byte	.LVL12
 1253 073f BF080000 		.4byte	0x8bf
 1254 0743 1E       		.uleb128 0x1e
 1255 0744 01       		.byte	0x1
 1256 0745 53       		.byte	0x53
 1257 0746 05       		.byte	0x5
 1258 0747 03       		.byte	0x3
 1259 0748 00000000 		.4byte	_idle_thread
 1260 074c 1E       		.uleb128 0x1e
 1261 074d 01       		.byte	0x1
 1262 074e 52       		.byte	0x52
 1263 074f 02       		.byte	0x2
 1264 0750 75       		.byte	0x75
 1265 0751 00       		.sleb128 0
 1266 0752 1E       		.uleb128 0x1e
 1267 0753 01       		.byte	0x1
 1268 0754 51       		.byte	0x51
 1269 0755 02       		.byte	0x2
 1270 0756 08       		.byte	0x8
 1271 0757 E0       		.byte	0xe0
 1272 0758 1E       		.uleb128 0x1e
 1273 0759 01       		.byte	0x1
 1274 075a 50       		.byte	0x50
 1275 075b 05       		.byte	0x5
 1276 075c 03       		.byte	0x3
 1277 075d 00000000 		.4byte	.LANCHOR1
 1278 0761 1E       		.uleb128 0x1e
 1279 0762 02       		.byte	0x2
 1280 0763 7D       		.byte	0x7d
 1281 0764 00       		.sleb128 0
 1282 0765 01       		.byte	0x1
 1283 0766 30       		.byte	0x30
 1284 0767 00       		.byte	0
 1285 0768 00       		.byte	0
 1286 0769 18       		.uleb128 0x18
 1287 076a 01       		.byte	0x1
 1288 076b 39000000 		.4byte	.LASF99
 1289 076f 01       		.byte	0x1
 1290 0770 89       		.byte	0x89
 1291 0771 01       		.byte	0x1
 1292 0772 00000000 		.4byte	.LFB9
 1293 0776 64000000 		.4byte	.LFE9
 1294 077a 60000000 		.4byte	.LLST3
 1295 077e 01       		.byte	0x1
 1296 077f 16080000 		.4byte	0x816
 1297 0783 1A       		.uleb128 0x1a
ARM GAS  C:\Users\Elis\AppData\Local\Temp\cczy1XNK.s 			page 24


 1298 0784 26000000 		.4byte	.LBB3
 1299 0788 64000000 		.4byte	.LBE3
 1300 078c 0C080000 		.4byte	0x80c
 1301 0790 1B       		.uleb128 0x1b
 1302 0791 76747000 		.ascii	"vtp\000"
 1303 0795 01       		.byte	0x1
 1304 0796 96       		.byte	0x96
 1305 0797 E3030000 		.4byte	0x3e3
 1306 079b 80000000 		.4byte	.LLST4
 1307 079f 20       		.uleb128 0x20
 1308 07a0 2E000000 		.4byte	.LBB4
 1309 07a4 50000000 		.4byte	.LBE4
 1310 07a8 1B       		.uleb128 0x1b
 1311 07a9 666E00   		.ascii	"fn\000"
 1312 07ac 01       		.byte	0x1
 1313 07ad 96       		.byte	0x96
 1314 07ae 68030000 		.4byte	0x368
 1315 07b2 93000000 		.4byte	.LLST5
 1316 07b6 1A       		.uleb128 0x1a
 1317 07b7 3C000000 		.4byte	.LBB5
 1318 07bb 42000000 		.4byte	.LBE5
 1319 07bf D3070000 		.4byte	0x7d3
 1320 07c3 1B       		.uleb128 0x1b
 1321 07c4 746D7000 		.ascii	"tmp\000"
 1322 07c8 01       		.byte	0x1
 1323 07c9 96       		.byte	0x96
 1324 07ca 86000000 		.4byte	0x86
 1325 07ce A6000000 		.4byte	.LLST6
 1326 07d2 00       		.byte	0
 1327 07d3 1A       		.uleb128 0x1a
 1328 07d4 46000000 		.4byte	.LBB6
 1329 07d8 4C000000 		.4byte	.LBE6
 1330 07dc F0070000 		.4byte	0x7f0
 1331 07e0 1B       		.uleb128 0x1b
 1332 07e1 746D7000 		.ascii	"tmp\000"
 1333 07e5 01       		.byte	0x1
 1334 07e6 96       		.byte	0x96
 1335 07e7 86000000 		.4byte	0x86
 1336 07eb B9000000 		.4byte	.LLST7
 1337 07ef 00       		.byte	0
 1338 07f0 1C       		.uleb128 0x1c
 1339 07f1 3C000000 		.4byte	.LVL16
 1340 07f5 EC080000 		.4byte	0x8ec
 1341 07f9 21       		.uleb128 0x21
 1342 07fa 46000000 		.4byte	.LVL19
 1343 07fe 02       		.byte	0x2
 1344 07ff 76       		.byte	0x76
 1345 0800 00       		.sleb128 0
 1346 0801 1C       		.uleb128 0x1c
 1347 0802 50000000 		.4byte	.LVL22
 1348 0806 F6080000 		.4byte	0x8f6
 1349 080a 00       		.byte	0
 1350 080b 00       		.byte	0
 1351 080c 1C       		.uleb128 0x1c
 1352 080d 06000000 		.4byte	.LVL13
 1353 0811 00090000 		.4byte	0x900
 1354 0815 00       		.byte	0
ARM GAS  C:\Users\Elis\AppData\Local\Temp\cczy1XNK.s 			page 25


 1355 0816 22       		.uleb128 0x22
 1356 0817 32000000 		.4byte	.LASF100
 1357 081b 08       		.byte	0x8
 1358 081c F5       		.byte	0xf5
 1359 081d 2F040000 		.4byte	0x42f
 1360 0821 01       		.byte	0x1
 1361 0822 01       		.byte	0x1
 1362 0823 22       		.uleb128 0x22
 1363 0824 CB040000 		.4byte	.LASF101
 1364 0828 09       		.byte	0x9
 1365 0829 6F       		.byte	0x6f
 1366 082a 97040000 		.4byte	0x497
 1367 082e 01       		.byte	0x1
 1368 082f 01       		.byte	0x1
 1369 0830 22       		.uleb128 0x22
 1370 0831 DB010000 		.4byte	.LASF102
 1371 0835 0B       		.byte	0xb
 1372 0836 7E       		.byte	0x7e
 1373 0837 3D080000 		.4byte	0x83d
 1374 083b 01       		.byte	0x1
 1375 083c 01       		.byte	0x1
 1376 083d 12       		.uleb128 0x12
 1377 083e 6D060000 		.4byte	0x66d
 1378 0842 14       		.uleb128 0x14
 1379 0843 A5020000 		.4byte	0x2a5
 1380 0847 52080000 		.4byte	0x852
 1381 084b 15       		.uleb128 0x15
 1382 084c 61030000 		.4byte	0x361
 1383 0850 1B       		.byte	0x1b
 1384 0851 00       		.byte	0
 1385 0852 23       		.uleb128 0x23
 1386 0853 69010000 		.4byte	.LASF103
 1387 0857 01       		.byte	0x1
 1388 0858 31       		.byte	0x31
 1389 0859 42080000 		.4byte	0x842
 1390 085d 01       		.byte	0x1
 1391 085e 05       		.byte	0x5
 1392 085f 03       		.byte	0x3
 1393 0860 00000000 		.4byte	_idle_thread_wa
 1394 0864 24       		.uleb128 0x24
 1395 0865 01       		.byte	0x1
 1396 0866 D9040000 		.4byte	.LASF104
 1397 086a 07       		.byte	0x7
 1398 086b 0202     		.2byte	0x202
 1399 086d 01       		.byte	0x1
 1400 086e 01       		.byte	0x1
 1401 086f 25       		.uleb128 0x25
 1402 0870 01       		.byte	0x1
 1403 0871 99000000 		.4byte	.LASF105
 1404 0875 09       		.byte	0x9
 1405 0876 8E       		.byte	0x8e
 1406 0877 01       		.byte	0x1
 1407 0878 01       		.byte	0x1
 1408 0879 25       		.uleb128 0x25
 1409 087a 01       		.byte	0x1
 1410 087b 75040000 		.4byte	.LASF106
 1411 087f 08       		.byte	0x8
ARM GAS  C:\Users\Elis\AppData\Local\Temp\cczy1XNK.s 			page 26


 1412 0880 FD       		.byte	0xfd
 1413 0881 01       		.byte	0x1
 1414 0882 01       		.byte	0x1
 1415 0883 25       		.uleb128 0x25
 1416 0884 01       		.byte	0x1
 1417 0885 99030000 		.4byte	.LASF107
 1418 0889 0C       		.byte	0xc
 1419 088a 51       		.byte	0x51
 1420 088b 01       		.byte	0x1
 1421 088c 01       		.byte	0x1
 1422 088d 25       		.uleb128 0x25
 1423 088e 01       		.byte	0x1
 1424 088f 9C010000 		.4byte	.LASF108
 1425 0893 0D       		.byte	0xd
 1426 0894 55       		.byte	0x55
 1427 0895 01       		.byte	0x1
 1428 0896 01       		.byte	0x1
 1429 0897 26       		.uleb128 0x26
 1430 0898 01       		.byte	0x1
 1431 0899 B4010000 		.4byte	.LASF110
 1432 089d 06       		.byte	0x6
 1433 089e 6A01     		.2byte	0x16a
 1434 08a0 01       		.byte	0x1
 1435 08a1 65020000 		.4byte	0x265
 1436 08a5 01       		.byte	0x1
 1437 08a6 B5080000 		.4byte	0x8b5
 1438 08aa 0E       		.uleb128 0xe
 1439 08ab 65020000 		.4byte	0x265
 1440 08af 0E       		.uleb128 0xe
 1441 08b0 E4000000 		.4byte	0xe4
 1442 08b4 00       		.byte	0
 1443 08b5 25       		.uleb128 0x25
 1444 08b6 01       		.byte	0x1
 1445 08b7 97040000 		.4byte	.LASF109
 1446 08bb 0E       		.byte	0xe
 1447 08bc E6       		.byte	0xe6
 1448 08bd 01       		.byte	0x1
 1449 08be 01       		.byte	0x1
 1450 08bf 26       		.uleb128 0x26
 1451 08c0 01       		.byte	0x1
 1452 08c1 55020000 		.4byte	.LASF111
 1453 08c5 06       		.byte	0x6
 1454 08c6 7001     		.2byte	0x170
 1455 08c8 01       		.byte	0x1
 1456 08c9 65020000 		.4byte	0x265
 1457 08cd 01       		.byte	0x1
 1458 08ce EC080000 		.4byte	0x8ec
 1459 08d2 0E       		.uleb128 0xe
 1460 08d3 A3020000 		.4byte	0x2a3
 1461 08d7 0E       		.uleb128 0xe
 1462 08d8 30000000 		.4byte	0x30
 1463 08dc 0E       		.uleb128 0xe
 1464 08dd E4000000 		.4byte	0xe4
 1465 08e1 0E       		.uleb128 0xe
 1466 08e2 37050000 		.4byte	0x537
 1467 08e6 0E       		.uleb128 0xe
 1468 08e7 A3020000 		.4byte	0x2a3
ARM GAS  C:\Users\Elis\AppData\Local\Temp\cczy1XNK.s 			page 27


 1469 08eb 00       		.byte	0
 1470 08ec 25       		.uleb128 0x25
 1471 08ed 01       		.byte	0x1
 1472 08ee D3000000 		.4byte	.LASF112
 1473 08f2 0E       		.byte	0xe
 1474 08f3 EA       		.byte	0xea
 1475 08f4 01       		.byte	0x1
 1476 08f5 01       		.byte	0x1
 1477 08f6 25       		.uleb128 0x25
 1478 08f7 01       		.byte	0x1
 1479 08f8 E4040000 		.4byte	.LASF113
 1480 08fc 0E       		.byte	0xe
 1481 08fd E9       		.byte	0xe9
 1482 08fe 01       		.byte	0x1
 1483 08ff 01       		.byte	0x1
 1484 0900 25       		.uleb128 0x25
 1485 0901 01       		.byte	0x1
 1486 0902 13020000 		.4byte	.LASF114
 1487 0906 0E       		.byte	0xe
 1488 0907 ED       		.byte	0xed
 1489 0908 01       		.byte	0x1
 1490 0909 01       		.byte	0x1
 1491 090a 00       		.byte	0
 1492              		.section	.debug_abbrev,"",%progbits
 1493              	.Ldebug_abbrev0:
 1494 0000 01       		.uleb128 0x1
 1495 0001 11       		.uleb128 0x11
 1496 0002 01       		.byte	0x1
 1497 0003 25       		.uleb128 0x25
 1498 0004 0E       		.uleb128 0xe
 1499 0005 13       		.uleb128 0x13
 1500 0006 0B       		.uleb128 0xb
 1501 0007 03       		.uleb128 0x3
 1502 0008 0E       		.uleb128 0xe
 1503 0009 1B       		.uleb128 0x1b
 1504 000a 0E       		.uleb128 0xe
 1505 000b 55       		.uleb128 0x55
 1506 000c 06       		.uleb128 0x6
 1507 000d 11       		.uleb128 0x11
 1508 000e 01       		.uleb128 0x1
 1509 000f 52       		.uleb128 0x52
 1510 0010 01       		.uleb128 0x1
 1511 0011 10       		.uleb128 0x10
 1512 0012 06       		.uleb128 0x6
 1513 0013 00       		.byte	0
 1514 0014 00       		.byte	0
 1515 0015 02       		.uleb128 0x2
 1516 0016 24       		.uleb128 0x24
 1517 0017 00       		.byte	0
 1518 0018 0B       		.uleb128 0xb
 1519 0019 0B       		.uleb128 0xb
 1520 001a 3E       		.uleb128 0x3e
 1521 001b 0B       		.uleb128 0xb
 1522 001c 03       		.uleb128 0x3
 1523 001d 08       		.uleb128 0x8
 1524 001e 00       		.byte	0
 1525 001f 00       		.byte	0
ARM GAS  C:\Users\Elis\AppData\Local\Temp\cczy1XNK.s 			page 28


 1526 0020 03       		.uleb128 0x3
 1527 0021 16       		.uleb128 0x16
 1528 0022 00       		.byte	0
 1529 0023 03       		.uleb128 0x3
 1530 0024 0E       		.uleb128 0xe
 1531 0025 3A       		.uleb128 0x3a
 1532 0026 0B       		.uleb128 0xb
 1533 0027 3B       		.uleb128 0x3b
 1534 0028 0B       		.uleb128 0xb
 1535 0029 49       		.uleb128 0x49
 1536 002a 13       		.uleb128 0x13
 1537 002b 00       		.byte	0
 1538 002c 00       		.byte	0
 1539 002d 04       		.uleb128 0x4
 1540 002e 24       		.uleb128 0x24
 1541 002f 00       		.byte	0
 1542 0030 0B       		.uleb128 0xb
 1543 0031 0B       		.uleb128 0xb
 1544 0032 3E       		.uleb128 0x3e
 1545 0033 0B       		.uleb128 0xb
 1546 0034 03       		.uleb128 0x3
 1547 0035 0E       		.uleb128 0xe
 1548 0036 00       		.byte	0
 1549 0037 00       		.byte	0
 1550 0038 05       		.uleb128 0x5
 1551 0039 13       		.uleb128 0x13
 1552 003a 01       		.byte	0x1
 1553 003b 03       		.uleb128 0x3
 1554 003c 0E       		.uleb128 0xe
 1555 003d 0B       		.uleb128 0xb
 1556 003e 0B       		.uleb128 0xb
 1557 003f 3A       		.uleb128 0x3a
 1558 0040 0B       		.uleb128 0xb
 1559 0041 3B       		.uleb128 0x3b
 1560 0042 0B       		.uleb128 0xb
 1561 0043 01       		.uleb128 0x1
 1562 0044 13       		.uleb128 0x13
 1563 0045 00       		.byte	0
 1564 0046 00       		.byte	0
 1565 0047 06       		.uleb128 0x6
 1566 0048 0D       		.uleb128 0xd
 1567 0049 00       		.byte	0
 1568 004a 03       		.uleb128 0x3
 1569 004b 0E       		.uleb128 0xe
 1570 004c 3A       		.uleb128 0x3a
 1571 004d 0B       		.uleb128 0xb
 1572 004e 3B       		.uleb128 0x3b
 1573 004f 0B       		.uleb128 0xb
 1574 0050 49       		.uleb128 0x49
 1575 0051 13       		.uleb128 0x13
 1576 0052 38       		.uleb128 0x38
 1577 0053 0A       		.uleb128 0xa
 1578 0054 00       		.byte	0
 1579 0055 00       		.byte	0
 1580 0056 07       		.uleb128 0x7
 1581 0057 0D       		.uleb128 0xd
 1582 0058 00       		.byte	0
ARM GAS  C:\Users\Elis\AppData\Local\Temp\cczy1XNK.s 			page 29


 1583 0059 03       		.uleb128 0x3
 1584 005a 08       		.uleb128 0x8
 1585 005b 3A       		.uleb128 0x3a
 1586 005c 0B       		.uleb128 0xb
 1587 005d 3B       		.uleb128 0x3b
 1588 005e 0B       		.uleb128 0xb
 1589 005f 49       		.uleb128 0x49
 1590 0060 13       		.uleb128 0x13
 1591 0061 38       		.uleb128 0x38
 1592 0062 0A       		.uleb128 0xa
 1593 0063 00       		.byte	0
 1594 0064 00       		.byte	0
 1595 0065 08       		.uleb128 0x8
 1596 0066 13       		.uleb128 0x13
 1597 0067 01       		.byte	0x1
 1598 0068 0B       		.uleb128 0xb
 1599 0069 0B       		.uleb128 0xb
 1600 006a 3A       		.uleb128 0x3a
 1601 006b 0B       		.uleb128 0xb
 1602 006c 3B       		.uleb128 0x3b
 1603 006d 0B       		.uleb128 0xb
 1604 006e 01       		.uleb128 0x1
 1605 006f 13       		.uleb128 0x13
 1606 0070 00       		.byte	0
 1607 0071 00       		.byte	0
 1608 0072 09       		.uleb128 0x9
 1609 0073 0F       		.uleb128 0xf
 1610 0074 00       		.byte	0
 1611 0075 0B       		.uleb128 0xb
 1612 0076 0B       		.uleb128 0xb
 1613 0077 49       		.uleb128 0x49
 1614 0078 13       		.uleb128 0x13
 1615 0079 00       		.byte	0
 1616 007a 00       		.byte	0
 1617 007b 0A       		.uleb128 0xa
 1618 007c 0F       		.uleb128 0xf
 1619 007d 00       		.byte	0
 1620 007e 0B       		.uleb128 0xb
 1621 007f 0B       		.uleb128 0xb
 1622 0080 00       		.byte	0
 1623 0081 00       		.byte	0
 1624 0082 0B       		.uleb128 0xb
 1625 0083 13       		.uleb128 0x13
 1626 0084 01       		.byte	0x1
 1627 0085 03       		.uleb128 0x3
 1628 0086 0E       		.uleb128 0xe
 1629 0087 0B       		.uleb128 0xb
 1630 0088 0B       		.uleb128 0xb
 1631 0089 3A       		.uleb128 0x3a
 1632 008a 0B       		.uleb128 0xb
 1633 008b 3B       		.uleb128 0x3b
 1634 008c 05       		.uleb128 0x5
 1635 008d 01       		.uleb128 0x1
 1636 008e 13       		.uleb128 0x13
 1637 008f 00       		.byte	0
 1638 0090 00       		.byte	0
 1639 0091 0C       		.uleb128 0xc
ARM GAS  C:\Users\Elis\AppData\Local\Temp\cczy1XNK.s 			page 30


 1640 0092 0D       		.uleb128 0xd
 1641 0093 00       		.byte	0
 1642 0094 03       		.uleb128 0x3
 1643 0095 08       		.uleb128 0x8
 1644 0096 3A       		.uleb128 0x3a
 1645 0097 0B       		.uleb128 0xb
 1646 0098 3B       		.uleb128 0x3b
 1647 0099 05       		.uleb128 0x5
 1648 009a 49       		.uleb128 0x49
 1649 009b 13       		.uleb128 0x13
 1650 009c 38       		.uleb128 0x38
 1651 009d 0A       		.uleb128 0xa
 1652 009e 00       		.byte	0
 1653 009f 00       		.byte	0
 1654 00a0 0D       		.uleb128 0xd
 1655 00a1 15       		.uleb128 0x15
 1656 00a2 01       		.byte	0x1
 1657 00a3 27       		.uleb128 0x27
 1658 00a4 0C       		.uleb128 0xc
 1659 00a5 01       		.uleb128 0x1
 1660 00a6 13       		.uleb128 0x13
 1661 00a7 00       		.byte	0
 1662 00a8 00       		.byte	0
 1663 00a9 0E       		.uleb128 0xe
 1664 00aa 05       		.uleb128 0x5
 1665 00ab 00       		.byte	0
 1666 00ac 49       		.uleb128 0x49
 1667 00ad 13       		.uleb128 0x13
 1668 00ae 00       		.byte	0
 1669 00af 00       		.byte	0
 1670 00b0 0F       		.uleb128 0xf
 1671 00b1 35       		.uleb128 0x35
 1672 00b2 00       		.byte	0
 1673 00b3 49       		.uleb128 0x49
 1674 00b4 13       		.uleb128 0x13
 1675 00b5 00       		.byte	0
 1676 00b6 00       		.byte	0
 1677 00b7 10       		.uleb128 0x10
 1678 00b8 17       		.uleb128 0x17
 1679 00b9 01       		.byte	0x1
 1680 00ba 0B       		.uleb128 0xb
 1681 00bb 0B       		.uleb128 0xb
 1682 00bc 3A       		.uleb128 0x3a
 1683 00bd 0B       		.uleb128 0xb
 1684 00be 3B       		.uleb128 0x3b
 1685 00bf 0B       		.uleb128 0xb
 1686 00c0 01       		.uleb128 0x1
 1687 00c1 13       		.uleb128 0x13
 1688 00c2 00       		.byte	0
 1689 00c3 00       		.byte	0
 1690 00c4 11       		.uleb128 0x11
 1691 00c5 0D       		.uleb128 0xd
 1692 00c6 00       		.byte	0
 1693 00c7 03       		.uleb128 0x3
 1694 00c8 0E       		.uleb128 0xe
 1695 00c9 3A       		.uleb128 0x3a
 1696 00ca 0B       		.uleb128 0xb
ARM GAS  C:\Users\Elis\AppData\Local\Temp\cczy1XNK.s 			page 31


 1697 00cb 3B       		.uleb128 0x3b
 1698 00cc 0B       		.uleb128 0xb
 1699 00cd 49       		.uleb128 0x49
 1700 00ce 13       		.uleb128 0x13
 1701 00cf 00       		.byte	0
 1702 00d0 00       		.byte	0
 1703 00d1 12       		.uleb128 0x12
 1704 00d2 26       		.uleb128 0x26
 1705 00d3 00       		.byte	0
 1706 00d4 49       		.uleb128 0x49
 1707 00d5 13       		.uleb128 0x13
 1708 00d6 00       		.byte	0
 1709 00d7 00       		.byte	0
 1710 00d8 13       		.uleb128 0x13
 1711 00d9 15       		.uleb128 0x15
 1712 00da 01       		.byte	0x1
 1713 00db 27       		.uleb128 0x27
 1714 00dc 0C       		.uleb128 0xc
 1715 00dd 49       		.uleb128 0x49
 1716 00de 13       		.uleb128 0x13
 1717 00df 01       		.uleb128 0x1
 1718 00e0 13       		.uleb128 0x13
 1719 00e1 00       		.byte	0
 1720 00e2 00       		.byte	0
 1721 00e3 14       		.uleb128 0x14
 1722 00e4 01       		.uleb128 0x1
 1723 00e5 01       		.byte	0x1
 1724 00e6 49       		.uleb128 0x49
 1725 00e7 13       		.uleb128 0x13
 1726 00e8 01       		.uleb128 0x1
 1727 00e9 13       		.uleb128 0x13
 1728 00ea 00       		.byte	0
 1729 00eb 00       		.byte	0
 1730 00ec 15       		.uleb128 0x15
 1731 00ed 21       		.uleb128 0x21
 1732 00ee 00       		.byte	0
 1733 00ef 49       		.uleb128 0x49
 1734 00f0 13       		.uleb128 0x13
 1735 00f1 2F       		.uleb128 0x2f
 1736 00f2 0B       		.uleb128 0xb
 1737 00f3 00       		.byte	0
 1738 00f4 00       		.byte	0
 1739 00f5 16       		.uleb128 0x16
 1740 00f6 2E       		.uleb128 0x2e
 1741 00f7 01       		.byte	0x1
 1742 00f8 3F       		.uleb128 0x3f
 1743 00f9 0C       		.uleb128 0xc
 1744 00fa 03       		.uleb128 0x3
 1745 00fb 0E       		.uleb128 0xe
 1746 00fc 3A       		.uleb128 0x3a
 1747 00fd 0B       		.uleb128 0xb
 1748 00fe 3B       		.uleb128 0x3b
 1749 00ff 0B       		.uleb128 0xb
 1750 0100 27       		.uleb128 0x27
 1751 0101 0C       		.uleb128 0xc
 1752 0102 11       		.uleb128 0x11
 1753 0103 01       		.uleb128 0x1
ARM GAS  C:\Users\Elis\AppData\Local\Temp\cczy1XNK.s 			page 32


 1754 0104 12       		.uleb128 0x12
 1755 0105 01       		.uleb128 0x1
 1756 0106 40       		.uleb128 0x40
 1757 0107 0A       		.uleb128 0xa
 1758 0108 9742     		.uleb128 0x2117
 1759 010a 0C       		.uleb128 0xc
 1760 010b 01       		.uleb128 0x1
 1761 010c 13       		.uleb128 0x13
 1762 010d 00       		.byte	0
 1763 010e 00       		.byte	0
 1764 010f 17       		.uleb128 0x17
 1765 0110 05       		.uleb128 0x5
 1766 0111 00       		.byte	0
 1767 0112 03       		.uleb128 0x3
 1768 0113 08       		.uleb128 0x8
 1769 0114 3A       		.uleb128 0x3a
 1770 0115 0B       		.uleb128 0xb
 1771 0116 3B       		.uleb128 0x3b
 1772 0117 0B       		.uleb128 0xb
 1773 0118 49       		.uleb128 0x49
 1774 0119 13       		.uleb128 0x13
 1775 011a 02       		.uleb128 0x2
 1776 011b 06       		.uleb128 0x6
 1777 011c 00       		.byte	0
 1778 011d 00       		.byte	0
 1779 011e 18       		.uleb128 0x18
 1780 011f 2E       		.uleb128 0x2e
 1781 0120 01       		.byte	0x1
 1782 0121 3F       		.uleb128 0x3f
 1783 0122 0C       		.uleb128 0xc
 1784 0123 03       		.uleb128 0x3
 1785 0124 0E       		.uleb128 0xe
 1786 0125 3A       		.uleb128 0x3a
 1787 0126 0B       		.uleb128 0xb
 1788 0127 3B       		.uleb128 0x3b
 1789 0128 0B       		.uleb128 0xb
 1790 0129 27       		.uleb128 0x27
 1791 012a 0C       		.uleb128 0xc
 1792 012b 11       		.uleb128 0x11
 1793 012c 01       		.uleb128 0x1
 1794 012d 12       		.uleb128 0x12
 1795 012e 01       		.uleb128 0x1
 1796 012f 40       		.uleb128 0x40
 1797 0130 06       		.uleb128 0x6
 1798 0131 9742     		.uleb128 0x2117
 1799 0133 0C       		.uleb128 0xc
 1800 0134 01       		.uleb128 0x1
 1801 0135 13       		.uleb128 0x13
 1802 0136 00       		.byte	0
 1803 0137 00       		.byte	0
 1804 0138 19       		.uleb128 0x19
 1805 0139 34       		.uleb128 0x34
 1806 013a 00       		.byte	0
 1807 013b 03       		.uleb128 0x3
 1808 013c 0E       		.uleb128 0xe
 1809 013d 3A       		.uleb128 0x3a
 1810 013e 0B       		.uleb128 0xb
ARM GAS  C:\Users\Elis\AppData\Local\Temp\cczy1XNK.s 			page 33


 1811 013f 3B       		.uleb128 0x3b
 1812 0140 0B       		.uleb128 0xb
 1813 0141 49       		.uleb128 0x49
 1814 0142 13       		.uleb128 0x13
 1815 0143 02       		.uleb128 0x2
 1816 0144 0A       		.uleb128 0xa
 1817 0145 00       		.byte	0
 1818 0146 00       		.byte	0
 1819 0147 1A       		.uleb128 0x1a
 1820 0148 0B       		.uleb128 0xb
 1821 0149 01       		.byte	0x1
 1822 014a 11       		.uleb128 0x11
 1823 014b 01       		.uleb128 0x1
 1824 014c 12       		.uleb128 0x12
 1825 014d 01       		.uleb128 0x1
 1826 014e 01       		.uleb128 0x1
 1827 014f 13       		.uleb128 0x13
 1828 0150 00       		.byte	0
 1829 0151 00       		.byte	0
 1830 0152 1B       		.uleb128 0x1b
 1831 0153 34       		.uleb128 0x34
 1832 0154 00       		.byte	0
 1833 0155 03       		.uleb128 0x3
 1834 0156 08       		.uleb128 0x8
 1835 0157 3A       		.uleb128 0x3a
 1836 0158 0B       		.uleb128 0xb
 1837 0159 3B       		.uleb128 0x3b
 1838 015a 0B       		.uleb128 0xb
 1839 015b 49       		.uleb128 0x49
 1840 015c 13       		.uleb128 0x13
 1841 015d 02       		.uleb128 0x2
 1842 015e 06       		.uleb128 0x6
 1843 015f 00       		.byte	0
 1844 0160 00       		.byte	0
 1845 0161 1C       		.uleb128 0x1c
 1846 0162 898201   		.uleb128 0x4109
 1847 0165 00       		.byte	0
 1848 0166 11       		.uleb128 0x11
 1849 0167 01       		.uleb128 0x1
 1850 0168 31       		.uleb128 0x31
 1851 0169 13       		.uleb128 0x13
 1852 016a 00       		.byte	0
 1853 016b 00       		.byte	0
 1854 016c 1D       		.uleb128 0x1d
 1855 016d 898201   		.uleb128 0x4109
 1856 0170 01       		.byte	0x1
 1857 0171 11       		.uleb128 0x11
 1858 0172 01       		.uleb128 0x1
 1859 0173 31       		.uleb128 0x31
 1860 0174 13       		.uleb128 0x13
 1861 0175 01       		.uleb128 0x1
 1862 0176 13       		.uleb128 0x13
 1863 0177 00       		.byte	0
 1864 0178 00       		.byte	0
 1865 0179 1E       		.uleb128 0x1e
 1866 017a 8A8201   		.uleb128 0x410a
 1867 017d 00       		.byte	0
ARM GAS  C:\Users\Elis\AppData\Local\Temp\cczy1XNK.s 			page 34


 1868 017e 02       		.uleb128 0x2
 1869 017f 0A       		.uleb128 0xa
 1870 0180 9142     		.uleb128 0x2111
 1871 0182 0A       		.uleb128 0xa
 1872 0183 00       		.byte	0
 1873 0184 00       		.byte	0
 1874 0185 1F       		.uleb128 0x1f
 1875 0186 898201   		.uleb128 0x4109
 1876 0189 01       		.byte	0x1
 1877 018a 11       		.uleb128 0x11
 1878 018b 01       		.uleb128 0x1
 1879 018c 31       		.uleb128 0x31
 1880 018d 13       		.uleb128 0x13
 1881 018e 00       		.byte	0
 1882 018f 00       		.byte	0
 1883 0190 20       		.uleb128 0x20
 1884 0191 0B       		.uleb128 0xb
 1885 0192 01       		.byte	0x1
 1886 0193 11       		.uleb128 0x11
 1887 0194 01       		.uleb128 0x1
 1888 0195 12       		.uleb128 0x12
 1889 0196 01       		.uleb128 0x1
 1890 0197 00       		.byte	0
 1891 0198 00       		.byte	0
 1892 0199 21       		.uleb128 0x21
 1893 019a 898201   		.uleb128 0x4109
 1894 019d 00       		.byte	0
 1895 019e 11       		.uleb128 0x11
 1896 019f 01       		.uleb128 0x1
 1897 01a0 9342     		.uleb128 0x2113
 1898 01a2 0A       		.uleb128 0xa
 1899 01a3 00       		.byte	0
 1900 01a4 00       		.byte	0
 1901 01a5 22       		.uleb128 0x22
 1902 01a6 34       		.uleb128 0x34
 1903 01a7 00       		.byte	0
 1904 01a8 03       		.uleb128 0x3
 1905 01a9 0E       		.uleb128 0xe
 1906 01aa 3A       		.uleb128 0x3a
 1907 01ab 0B       		.uleb128 0xb
 1908 01ac 3B       		.uleb128 0x3b
 1909 01ad 0B       		.uleb128 0xb
 1910 01ae 49       		.uleb128 0x49
 1911 01af 13       		.uleb128 0x13
 1912 01b0 3F       		.uleb128 0x3f
 1913 01b1 0C       		.uleb128 0xc
 1914 01b2 3C       		.uleb128 0x3c
 1915 01b3 0C       		.uleb128 0xc
 1916 01b4 00       		.byte	0
 1917 01b5 00       		.byte	0
 1918 01b6 23       		.uleb128 0x23
 1919 01b7 34       		.uleb128 0x34
 1920 01b8 00       		.byte	0
 1921 01b9 03       		.uleb128 0x3
 1922 01ba 0E       		.uleb128 0xe
 1923 01bb 3A       		.uleb128 0x3a
 1924 01bc 0B       		.uleb128 0xb
ARM GAS  C:\Users\Elis\AppData\Local\Temp\cczy1XNK.s 			page 35


 1925 01bd 3B       		.uleb128 0x3b
 1926 01be 0B       		.uleb128 0xb
 1927 01bf 49       		.uleb128 0x49
 1928 01c0 13       		.uleb128 0x13
 1929 01c1 3F       		.uleb128 0x3f
 1930 01c2 0C       		.uleb128 0xc
 1931 01c3 02       		.uleb128 0x2
 1932 01c4 0A       		.uleb128 0xa
 1933 01c5 00       		.byte	0
 1934 01c6 00       		.byte	0
 1935 01c7 24       		.uleb128 0x24
 1936 01c8 2E       		.uleb128 0x2e
 1937 01c9 00       		.byte	0
 1938 01ca 3F       		.uleb128 0x3f
 1939 01cb 0C       		.uleb128 0xc
 1940 01cc 03       		.uleb128 0x3
 1941 01cd 0E       		.uleb128 0xe
 1942 01ce 3A       		.uleb128 0x3a
 1943 01cf 0B       		.uleb128 0xb
 1944 01d0 3B       		.uleb128 0x3b
 1945 01d1 05       		.uleb128 0x5
 1946 01d2 27       		.uleb128 0x27
 1947 01d3 0C       		.uleb128 0xc
 1948 01d4 3C       		.uleb128 0x3c
 1949 01d5 0C       		.uleb128 0xc
 1950 01d6 00       		.byte	0
 1951 01d7 00       		.byte	0
 1952 01d8 25       		.uleb128 0x25
 1953 01d9 2E       		.uleb128 0x2e
 1954 01da 00       		.byte	0
 1955 01db 3F       		.uleb128 0x3f
 1956 01dc 0C       		.uleb128 0xc
 1957 01dd 03       		.uleb128 0x3
 1958 01de 0E       		.uleb128 0xe
 1959 01df 3A       		.uleb128 0x3a
 1960 01e0 0B       		.uleb128 0xb
 1961 01e1 3B       		.uleb128 0x3b
 1962 01e2 0B       		.uleb128 0xb
 1963 01e3 27       		.uleb128 0x27
 1964 01e4 0C       		.uleb128 0xc
 1965 01e5 3C       		.uleb128 0x3c
 1966 01e6 0C       		.uleb128 0xc
 1967 01e7 00       		.byte	0
 1968 01e8 00       		.byte	0
 1969 01e9 26       		.uleb128 0x26
 1970 01ea 2E       		.uleb128 0x2e
 1971 01eb 01       		.byte	0x1
 1972 01ec 3F       		.uleb128 0x3f
 1973 01ed 0C       		.uleb128 0xc
 1974 01ee 03       		.uleb128 0x3
 1975 01ef 0E       		.uleb128 0xe
 1976 01f0 3A       		.uleb128 0x3a
 1977 01f1 0B       		.uleb128 0xb
 1978 01f2 3B       		.uleb128 0x3b
 1979 01f3 05       		.uleb128 0x5
 1980 01f4 27       		.uleb128 0x27
 1981 01f5 0C       		.uleb128 0xc
ARM GAS  C:\Users\Elis\AppData\Local\Temp\cczy1XNK.s 			page 36


 1982 01f6 49       		.uleb128 0x49
 1983 01f7 13       		.uleb128 0x13
 1984 01f8 3C       		.uleb128 0x3c
 1985 01f9 0C       		.uleb128 0xc
 1986 01fa 01       		.uleb128 0x1
 1987 01fb 13       		.uleb128 0x13
 1988 01fc 00       		.byte	0
 1989 01fd 00       		.byte	0
 1990 01fe 00       		.byte	0
 1991              		.section	.debug_loc,"",%progbits
 1992              	.Ldebug_loc0:
 1993              	.LLST0:
 1994 0000 00000000 		.4byte	.LVL0
 1995 0004 06000000 		.4byte	.LVL1
 1996 0008 0100     		.2byte	0x1
 1997 000a 50       		.byte	0x50
 1998 000b 06000000 		.4byte	.LVL1
 1999 000f 14000000 		.4byte	.LFE7
 2000 0013 0400     		.2byte	0x4
 2001 0015 F3       		.byte	0xf3
 2002 0016 01       		.uleb128 0x1
 2003 0017 50       		.byte	0x50
 2004 0018 9F       		.byte	0x9f
 2005 0019 00000000 		.4byte	0
 2006 001d 00000000 		.4byte	0
 2007              	.LLST1:
 2008 0021 00000000 		.4byte	.LFB8
 2009 0025 02000000 		.4byte	.LCFI0
 2010 0029 0200     		.2byte	0x2
 2011 002b 7D       		.byte	0x7d
 2012 002c 00       		.sleb128 0
 2013 002d 02000000 		.4byte	.LCFI0
 2014 0031 04000000 		.4byte	.LCFI1
 2015 0035 0200     		.2byte	0x2
 2016 0037 7D       		.byte	0x7d
 2017 0038 0C       		.sleb128 12
 2018 0039 04000000 		.4byte	.LCFI1
 2019 003d 6A000000 		.4byte	.LFE8
 2020 0041 0200     		.2byte	0x2
 2021 0043 7D       		.byte	0x7d
 2022 0044 18       		.sleb128 24
 2023 0045 00000000 		.4byte	0
 2024 0049 00000000 		.4byte	0
 2025              	.LLST2:
 2026 004d 40000000 		.4byte	.LVL10
 2027 0051 56000000 		.4byte	.LVL11
 2028 0055 0100     		.2byte	0x1
 2029 0057 53       		.byte	0x53
 2030 0058 00000000 		.4byte	0
 2031 005c 00000000 		.4byte	0
 2032              	.LLST3:
 2033 0060 00000000 		.4byte	.LFB9
 2034 0064 02000000 		.4byte	.LCFI2
 2035 0068 0200     		.2byte	0x2
 2036 006a 7D       		.byte	0x7d
 2037 006b 00       		.sleb128 0
 2038 006c 02000000 		.4byte	.LCFI2
ARM GAS  C:\Users\Elis\AppData\Local\Temp\cczy1XNK.s 			page 37


 2039 0070 64000000 		.4byte	.LFE9
 2040 0074 0200     		.2byte	0x2
 2041 0076 7D       		.byte	0x7d
 2042 0077 18       		.sleb128 24
 2043 0078 00000000 		.4byte	0
 2044 007c 00000000 		.4byte	0
 2045              	.LLST4:
 2046 0080 2C000000 		.4byte	.LVL14
 2047 0084 58000000 		.4byte	.LVL24
 2048 0088 0100     		.2byte	0x1
 2049 008a 54       		.byte	0x54
 2050 008b 00000000 		.4byte	0
 2051 008f 00000000 		.4byte	0
 2052              	.LLST5:
 2053 0093 32000000 		.4byte	.LVL15
 2054 0097 58000000 		.4byte	.LVL24
 2055 009b 0100     		.2byte	0x1
 2056 009d 56       		.byte	0x56
 2057 009e 00000000 		.4byte	0
 2058 00a2 00000000 		.4byte	0
 2059              	.LLST6:
 2060 00a6 42000000 		.4byte	.LVL18
 2061 00aa 45000000 		.4byte	.LVL19-1
 2062 00ae 0100     		.2byte	0x1
 2063 00b0 53       		.byte	0x53
 2064 00b1 00000000 		.4byte	0
 2065 00b5 00000000 		.4byte	0
 2066              	.LLST7:
 2067 00b9 4C000000 		.4byte	.LVL21
 2068 00bd 4F000000 		.4byte	.LVL22-1
 2069 00c1 0100     		.2byte	0x1
 2070 00c3 53       		.byte	0x53
 2071 00c4 00000000 		.4byte	0
 2072 00c8 00000000 		.4byte	0
 2073              		.section	.debug_aranges,"",%progbits
 2074 0000 2C000000 		.4byte	0x2c
 2075 0004 0200     		.2byte	0x2
 2076 0006 00000000 		.4byte	.Ldebug_info0
 2077 000a 04       		.byte	0x4
 2078 000b 00       		.byte	0
 2079 000c 0000     		.2byte	0
 2080 000e 0000     		.2byte	0
 2081 0010 00000000 		.4byte	.LFB7
 2082 0014 14000000 		.4byte	.LFE7-.LFB7
 2083 0018 00000000 		.4byte	.LFB8
 2084 001c 6A000000 		.4byte	.LFE8-.LFB8
 2085 0020 00000000 		.4byte	.LFB9
 2086 0024 64000000 		.4byte	.LFE9-.LFB9
 2087 0028 00000000 		.4byte	0
 2088 002c 00000000 		.4byte	0
 2089              		.section	.debug_ranges,"",%progbits
 2090              	.Ldebug_ranges0:
 2091 0000 00000000 		.4byte	.LFB7
 2092 0004 14000000 		.4byte	.LFE7
 2093 0008 00000000 		.4byte	.LFB8
 2094 000c 6A000000 		.4byte	.LFE8
 2095 0010 00000000 		.4byte	.LFB9
ARM GAS  C:\Users\Elis\AppData\Local\Temp\cczy1XNK.s 			page 38


 2096 0014 64000000 		.4byte	.LFE9
 2097 0018 00000000 		.4byte	0
 2098 001c 00000000 		.4byte	0
 2099              		.section	.debug_line,"",%progbits
 2100              	.Ldebug_line0:
 2101 0000 58020000 		.section	.debug_str,"MS",%progbits,1
 2101      02000402 
 2101      00000201 
 2101      FB0E0D00 
 2101      01010101 
 2102              	.LASF76:
 2103 0000 7466756E 		.ascii	"tfunc_t\000"
 2103      635F7400 
 2104              	.LASF87:
 2105 0008 63665F6F 		.ascii	"cf_off_older\000"
 2105      66665F6F 
 2105      6C646572 
 2105      00
 2106              	.LASF39:
 2107 0015 705F6D73 		.ascii	"p_msg\000"
 2107      6700
 2108              	.LASF2:
 2109 001b 73697A65 		.ascii	"size_t\000"
 2109      5F7400
 2110              	.LASF71:
 2111 0022 7264796D 		.ascii	"rdymsg\000"
 2111      736700
 2112              	.LASF13:
 2113 0029 75696E74 		.ascii	"uint64_t\000"
 2113      36345F74 
 2113      00
 2114              	.LASF100:
 2115 0032 76746C69 		.ascii	"vtlist\000"
 2115      737400
 2116              	.LASF99:
 2117 0039 63685379 		.ascii	"chSysTimerHandlerI\000"
 2117      7354696D 
 2117      65724861 
 2117      6E646C65 
 2117      724900
 2118              	.LASF14:
 2119 004c 6C6F6E67 		.ascii	"long long unsigned int\000"
 2119      206C6F6E 
 2119      6720756E 
 2119      7369676E 
 2119      65642069 
 2120              	.LASF83:
 2121 0063 63685F74 		.ascii	"ch_threadsize\000"
 2121      68726561 
 2121      6473697A 
 2121      6500
 2122              	.LASF72:
 2123 0071 65786974 		.ascii	"exitcode\000"
 2123      636F6465 
 2123      00
 2124              	.LASF98:
 2125 007a 6D61696E 		.ascii	"mainthread\000"
ARM GAS  C:\Users\Elis\AppData\Local\Temp\cczy1XNK.s 			page 39


 2125      74687265 
 2125      616400
 2126              	.LASF27:
 2127 0085 705F7072 		.ascii	"p_prio\000"
 2127      696F00
 2128              	.LASF90:
 2129 008c 63665F6F 		.ascii	"cf_off_state\000"
 2129      66665F73 
 2129      74617465 
 2129      00
 2130              	.LASF105:
 2131 0099 5F736368 		.ascii	"_scheduler_init\000"
 2131      6564756C 
 2131      65725F69 
 2131      6E697400 
 2132              	.LASF12:
 2133 00a9 6C6F6E67 		.ascii	"long long int\000"
 2133      206C6F6E 
 2133      6720696E 
 2133      7400
 2134              	.LASF1:
 2135 00b7 7369676E 		.ascii	"signed char\000"
 2135      65642063 
 2135      68617200 
 2136              	.LASF89:
 2137 00c3 63665F6F 		.ascii	"cf_off_stklimit\000"
 2137      66665F73 
 2137      746B6C69 
 2137      6D697400 
 2138              	.LASF112:
 2139 00d3 6462675F 		.ascii	"dbg_check_unlock_from_isr\000"
 2139      63686563 
 2139      6B5F756E 
 2139      6C6F636B 
 2139      5F66726F 
 2140              	.LASF91:
 2141 00ed 63665F6F 		.ascii	"cf_off_flags\000"
 2141      66665F66 
 2141      6C616773 
 2141      00
 2142              	.LASF43:
 2143 00fa 705F6D70 		.ascii	"p_mpool\000"
 2143      6F6F6C00 
 2144              	.LASF68:
 2145 0102 6D5F7175 		.ascii	"m_queue\000"
 2145      65756500 
 2146              	.LASF117:
 2147 010a 433A5C43 		.ascii	"C:\\ChibiStudio\\workspace26\\Mobile_phone\000"
 2147      68696269 
 2147      53747564 
 2147      696F5C77 
 2147      6F726B73 
 2148              	.LASF19:
 2149 0132 74736C69 		.ascii	"tslices_t\000"
 2149      6365735F 
 2149      7400
 2150              	.LASF9:
ARM GAS  C:\Users\Elis\AppData\Local\Temp\cczy1XNK.s 			page 40


 2151 013c 6C6F6E67 		.ascii	"long int\000"
 2151      20696E74 
 2151      00
 2152              	.LASF17:
 2153 0145 74737461 		.ascii	"tstate_t\000"
 2153      74655F74 
 2153      00
 2154              	.LASF6:
 2155 014e 75696E74 		.ascii	"uint16_t\000"
 2155      31365F74 
 2155      00
 2156              	.LASF95:
 2157 0157 63686465 		.ascii	"chdebug_t\000"
 2157      6275675F 
 2157      7400
 2158              	.LASF29:
 2159 0161 705F6E65 		.ascii	"p_newer\000"
 2159      77657200 
 2160              	.LASF103:
 2161 0169 5F69646C 		.ascii	"_idle_thread_wa\000"
 2161      655F7468 
 2161      72656164 
 2161      5F776100 
 2162              	.LASF63:
 2163 0179 725F6E65 		.ascii	"r_newer\000"
 2163      77657200 
 2164              	.LASF46:
 2165 0181 72656761 		.ascii	"regarm_t\000"
 2165      726D5F74 
 2165      00
 2166              	.LASF54:
 2167 018a 76745F70 		.ascii	"vt_prev\000"
 2167      72657600 
 2168              	.LASF97:
 2169 0192 63685379 		.ascii	"chSysInit\000"
 2169      73496E69 
 2169      7400
 2170              	.LASF108:
 2171 019c 5F686561 		.ascii	"_heap_init\000"
 2171      705F696E 
 2171      697400
 2172              	.LASF0:
 2173 01a7 756E7369 		.ascii	"unsigned int\000"
 2173      676E6564 
 2173      20696E74 
 2173      00
 2174              	.LASF110:
 2175 01b4 5F746872 		.ascii	"_thread_init\000"
 2175      6561645F 
 2175      696E6974 
 2175      00
 2176              	.LASF53:
 2177 01c1 76745F6E 		.ascii	"vt_next\000"
 2177      65787400 
 2178              	.LASF11:
 2179 01c9 6C6F6E67 		.ascii	"long unsigned int\000"
 2179      20756E73 
ARM GAS  C:\Users\Elis\AppData\Local\Temp\cczy1XNK.s 			page 41


 2179      69676E65 
 2179      6420696E 
 2179      7400
 2180              	.LASF102:
 2181 01db 63685F64 		.ascii	"ch_debug\000"
 2181      65627567 
 2181      00
 2182              	.LASF77:
 2183 01e4 63685F69 		.ascii	"ch_identifier\000"
 2183      64656E74 
 2183      69666965 
 2183      7200
 2184              	.LASF49:
 2185 01f2 636F6E74 		.ascii	"context\000"
 2185      65787400 
 2186              	.LASF7:
 2187 01fa 73686F72 		.ascii	"short unsigned int\000"
 2187      7420756E 
 2187      7369676E 
 2187      65642069 
 2187      6E7400
 2188              	.LASF21:
 2189 020d 6D73675F 		.ascii	"msg_t\000"
 2189      7400
 2190              	.LASF114:
 2191 0213 63684462 		.ascii	"chDbgCheckClassI\000"
 2191      67436865 
 2191      636B436C 
 2191      61737349 
 2191      00
 2192              	.LASF16:
 2193 0224 746D6F64 		.ascii	"tmode_t\000"
 2193      655F7400 
 2194              	.LASF45:
 2195 022c 54687265 		.ascii	"ThreadsList\000"
 2195      6164734C 
 2195      69737400 
 2196              	.LASF22:
 2197 0238 6576656E 		.ascii	"eventmask_t\000"
 2197      746D6173 
 2197      6B5F7400 
 2198              	.LASF67:
 2199 0244 4D757465 		.ascii	"Mutex\000"
 2199      7800
 2200              	.LASF47:
 2201 024a 73746B61 		.ascii	"stkalign_t\000"
 2201      6C69676E 
 2201      5F7400
 2202              	.LASF111:
 2203 0255 63685468 		.ascii	"chThdCreateStatic\000"
 2203      64437265 
 2203      61746553 
 2203      74617469 
 2203      6300
 2204              	.LASF78:
 2205 0267 63685F7A 		.ascii	"ch_zero\000"
 2205      65726F00 
ARM GAS  C:\Users\Elis\AppData\Local\Temp\cczy1XNK.s 			page 42


 2206              	.LASF92:
 2207 026f 63665F6F 		.ascii	"cf_off_refs\000"
 2207      66665F72 
 2207      65667300 
 2208              	.LASF55:
 2209 027b 76745F74 		.ascii	"vt_time\000"
 2209      696D6500 
 2210              	.LASF50:
 2211 0283 73697A65 		.ascii	"sizetype\000"
 2211      74797065 
 2211      00
 2212              	.LASF56:
 2213 028c 76745F66 		.ascii	"vt_func\000"
 2213      756E6300 
 2214              	.LASF82:
 2215 0294 63685F74 		.ascii	"ch_timesize\000"
 2215      696D6573 
 2215      697A6500 
 2216              	.LASF88:
 2217 02a0 63665F6F 		.ascii	"cf_off_name\000"
 2217      66665F6E 
 2217      616D6500 
 2218              	.LASF115:
 2219 02ac 474E5520 		.ascii	"GNU C 4.7.4 20140401 (release) [ARM/embedded-4_7-br"
 2219      4320342E 
 2219      372E3420 
 2219      32303134 
 2219      30343031 
 2220 02df 616E6368 		.ascii	"anch revision 209195]\000"
 2220      20726576 
 2220      6973696F 
 2220      6E203230 
 2220      39313935 
 2221              	.LASF30:
 2222 02f5 705F6F6C 		.ascii	"p_older\000"
 2222      64657200 
 2223              	.LASF62:
 2224 02fd 725F6374 		.ascii	"r_ctx\000"
 2224      7800
 2225              	.LASF44:
 2226 0303 54687265 		.ascii	"ThreadsQueue\000"
 2226      61647351 
 2226      75657565 
 2226      00
 2227              	.LASF79:
 2228 0310 63685F73 		.ascii	"ch_size\000"
 2228      697A6500 
 2229              	.LASF65:
 2230 0318 725F6375 		.ascii	"r_current\000"
 2230      7272656E 
 2230      7400
 2231              	.LASF64:
 2232 0322 725F6F6C 		.ascii	"r_older\000"
 2232      64657200 
 2233              	.LASF96:
 2234 032a 5F69646C 		.ascii	"_idle_thread\000"
 2234      655F7468 
ARM GAS  C:\Users\Elis\AppData\Local\Temp\cczy1XNK.s 			page 43


 2234      72656164 
 2234      00
 2235              	.LASF18:
 2236 0337 74726566 		.ascii	"trefs_t\000"
 2236      735F7400 
 2237              	.LASF81:
 2238 033f 63685F70 		.ascii	"ch_ptrsize\000"
 2238      74727369 
 2238      7A6500
 2239              	.LASF26:
 2240 034a 705F7072 		.ascii	"p_prev\000"
 2240      657600
 2241              	.LASF116:
 2242 0351 2E2E2F2E 		.ascii	"../../chibios/os/kernel/src/chsys.c\000"
 2242      2E2F6368 
 2242      6962696F 
 2242      732F6F73 
 2242      2F6B6572 
 2243              	.LASF20:
 2244 0375 74707269 		.ascii	"tprio_t\000"
 2244      6F5F7400 
 2245              	.LASF15:
 2246 037d 5F426F6F 		.ascii	"_Bool\000"
 2246      6C00
 2247              	.LASF8:
 2248 0383 696E7433 		.ascii	"int32_t\000"
 2248      325F7400 
 2249              	.LASF4:
 2250 038b 756E7369 		.ascii	"unsigned char\000"
 2250      676E6564 
 2250      20636861 
 2250      7200
 2251              	.LASF107:
 2252 0399 5F636F72 		.ascii	"_core_init\000"
 2252      655F696E 
 2252      697400
 2253              	.LASF41:
 2254 03a4 705F6D74 		.ascii	"p_mtxlist\000"
 2254      786C6973 
 2254      7400
 2255              	.LASF5:
 2256 03ae 73686F72 		.ascii	"short int\000"
 2256      7420696E 
 2256      7400
 2257              	.LASF32:
 2258 03b8 705F7374 		.ascii	"p_state\000"
 2258      61746500 
 2259              	.LASF35:
 2260 03c0 705F7072 		.ascii	"p_preempt\000"
 2260      65656D70 
 2260      7400
 2261              	.LASF94:
 2262 03ca 63665F6F 		.ascii	"cf_off_time\000"
 2262      66665F74 
 2262      696D6500 
 2263              	.LASF61:
 2264 03d6 725F7072 		.ascii	"r_prio\000"
ARM GAS  C:\Users\Elis\AppData\Local\Temp\cczy1XNK.s 			page 44


 2264      696F00
 2265              	.LASF74:
 2266 03dd 65776D61 		.ascii	"ewmask\000"
 2266      736B00
 2267              	.LASF25:
 2268 03e4 705F6E65 		.ascii	"p_next\000"
 2268      787400
 2269              	.LASF93:
 2270 03eb 63665F6F 		.ascii	"cf_off_preempt\000"
 2270      66665F70 
 2270      7265656D 
 2270      707400
 2271              	.LASF33:
 2272 03fa 705F666C 		.ascii	"p_flags\000"
 2272      61677300 
 2273              	.LASF24:
 2274 0402 54687265 		.ascii	"Thread\000"
 2274      616400
 2275              	.LASF86:
 2276 0409 63665F6F 		.ascii	"cf_off_newer\000"
 2276      66665F6E 
 2276      65776572 
 2276      00
 2277              	.LASF40:
 2278 0416 705F6570 		.ascii	"p_epending\000"
 2278      656E6469 
 2278      6E6700
 2279              	.LASF10:
 2280 0421 75696E74 		.ascii	"uint32_t\000"
 2280      33325F74 
 2280      00
 2281              	.LASF84:
 2282 042a 63665F6F 		.ascii	"cf_off_prio\000"
 2282      66665F70 
 2282      72696F00 
 2283              	.LASF60:
 2284 0436 725F7175 		.ascii	"r_queue\000"
 2284      65756500 
 2285              	.LASF52:
 2286 043e 56697274 		.ascii	"VirtualTimer\000"
 2286      75616C54 
 2286      696D6572 
 2286      00
 2287              	.LASF75:
 2288 044b 63686172 		.ascii	"char\000"
 2288      00
 2289              	.LASF70:
 2290 0450 6D5F6E65 		.ascii	"m_next\000"
 2290      787400
 2291              	.LASF23:
 2292 0457 73797374 		.ascii	"systime_t\000"
 2292      696D655F 
 2292      7400
 2293              	.LASF42:
 2294 0461 705F7265 		.ascii	"p_realprio\000"
 2294      616C7072 
 2294      696F00
ARM GAS  C:\Users\Elis\AppData\Local\Temp\cczy1XNK.s 			page 45


 2295              	.LASF51:
 2296 046c 76746675 		.ascii	"vtfunc_t\000"
 2296      6E635F74 
 2296      00
 2297              	.LASF106:
 2298 0475 5F76745F 		.ascii	"_vt_init\000"
 2298      696E6974 
 2298      00
 2299              	.LASF36:
 2300 047e 705F7469 		.ascii	"p_time\000"
 2300      6D6500
 2301              	.LASF48:
 2302 0485 696E7463 		.ascii	"intctx\000"
 2302      747800
 2303              	.LASF38:
 2304 048c 705F6D73 		.ascii	"p_msgqueue\000"
 2304      67717565 
 2304      756500
 2305              	.LASF109:
 2306 0497 6462675F 		.ascii	"dbg_check_enable\000"
 2306      63686563 
 2306      6B5F656E 
 2306      61626C65 
 2306      00
 2307              	.LASF57:
 2308 04a8 76745F70 		.ascii	"vt_par\000"
 2308      617200
 2309              	.LASF85:
 2310 04af 63665F6F 		.ascii	"cf_off_ctx\000"
 2310      66665F63 
 2310      747800
 2311              	.LASF34:
 2312 04ba 705F7265 		.ascii	"p_refs\000"
 2312      667300
 2313              	.LASF66:
 2314 04c1 52656164 		.ascii	"ReadyList\000"
 2314      794C6973 
 2314      7400
 2315              	.LASF101:
 2316 04cb 726C6973 		.ascii	"rlist\000"
 2316      7400
 2317              	.LASF3:
 2318 04d1 75696E74 		.ascii	"uint8_t\000"
 2318      385F7400 
 2319              	.LASF104:
 2320 04d9 5F706F72 		.ascii	"_port_init\000"
 2320      745F696E 
 2320      697400
 2321              	.LASF113:
 2322 04e4 6462675F 		.ascii	"dbg_check_lock_from_isr\000"
 2322      63686563 
 2322      6B5F6C6F 
 2322      636B5F66 
 2322      726F6D5F 
 2323              	.LASF73:
 2324 04fc 77746F62 		.ascii	"wtobjp\000"
 2324      6A7000
ARM GAS  C:\Users\Elis\AppData\Local\Temp\cczy1XNK.s 			page 46


 2325              	.LASF31:
 2326 0503 705F6E61 		.ascii	"p_name\000"
 2326      6D6500
 2327              	.LASF58:
 2328 050a 76745F73 		.ascii	"vt_systime\000"
 2328      79737469 
 2328      6D6500
 2329              	.LASF80:
 2330 0515 63685F76 		.ascii	"ch_version\000"
 2330      65727369 
 2330      6F6E00
 2331              	.LASF59:
 2332 0520 56544C69 		.ascii	"VTList\000"
 2332      737400
 2333              	.LASF69:
 2334 0527 6D5F6F77 		.ascii	"m_owner\000"
 2334      6E657200 
 2335              	.LASF28:
 2336 052f 705F6374 		.ascii	"p_ctx\000"
 2336      7800
 2337              	.LASF37:
 2338 0535 705F7761 		.ascii	"p_waiting\000"
 2338      6974696E 
 2338      6700
 2339              		.ident	"GCC: (GNU Tools for ARM Embedded Processors) 4.7.4 20140401 (release) [ARM/embedded-4_7-br
ARM GAS  C:\Users\Elis\AppData\Local\Temp\cczy1XNK.s 			page 47


DEFINED SYMBOLS
                            *ABS*:00000000 chsys.c
C:\Users\Elis\AppData\Local\Temp\cczy1XNK.s:19     .text._idle_thread:00000000 $t
C:\Users\Elis\AppData\Local\Temp\cczy1XNK.s:25     .text._idle_thread:00000000 _idle_thread
C:\Users\Elis\AppData\Local\Temp\cczy1XNK.s:45     .text._idle_thread:0000000c $d
C:\Users\Elis\AppData\Local\Temp\cczy1XNK.s:51     .text.chSysInit:00000000 $t
C:\Users\Elis\AppData\Local\Temp\cczy1XNK.s:57     .text.chSysInit:00000000 chSysInit
C:\Users\Elis\AppData\Local\Temp\cczy1XNK.s:256    .bss.mainthread.4800:00000000 .LANCHOR0
C:\Users\Elis\AppData\Local\Temp\cczy1XNK.s:245    .bss._idle_thread_wa:00000000 .LANCHOR1
C:\Users\Elis\AppData\Local\Temp\cczy1XNK.s:136    .text.chSysTimerHandlerI:00000000 $t
C:\Users\Elis\AppData\Local\Temp\cczy1XNK.s:142    .text.chSysTimerHandlerI:00000000 chSysTimerHandlerI
C:\Users\Elis\AppData\Local\Temp\cczy1XNK.s:236    .text.chSysTimerHandlerI:0000005c $d
C:\Users\Elis\AppData\Local\Temp\cczy1XNK.s:248    .bss._idle_thread_wa:00000000 _idle_thread_wa
C:\Users\Elis\AppData\Local\Temp\cczy1XNK.s:244    .bss._idle_thread_wa:00000000 $d
C:\Users\Elis\AppData\Local\Temp\cczy1XNK.s:251    .rodata.str1.4:00000000 $d
C:\Users\Elis\AppData\Local\Temp\cczy1XNK.s:255    .bss.mainthread.4800:00000000 $d
C:\Users\Elis\AppData\Local\Temp\cczy1XNK.s:259    .bss.mainthread.4800:00000000 mainthread.4800
                     .debug_frame:00000010 $d
C:\Users\Elis\AppData\Local\Temp\cczy1XNK.s:50     .text._idle_thread:00000014 $t
C:\Users\Elis\AppData\Local\Temp\cczy1XNK.s:243    .text.chSysTimerHandlerI:00000064 $t

UNDEFINED SYMBOLS
rlist
_port_init
_scheduler_init
_vt_init
_core_init
_heap_init
_thread_init
dbg_check_enable
ch_debug
chThdCreateStatic
chDbgCheckClassI
dbg_check_unlock_from_isr
dbg_check_lock_from_isr
vtlist
