ARM GAS  C:\Users\Elis\AppData\Local\Temp\ccIScGGo.s 			page 1


   1              		.syntax unified
   2              		.cpu cortex-m4
   3              		.fpu softvfp
   4              		.eabi_attribute 20, 1
   5              		.eabi_attribute 21, 1
   6              		.eabi_attribute 23, 3
   7              		.eabi_attribute 24, 1
   8              		.eabi_attribute 25, 1
   9              		.eabi_attribute 26, 1
  10              		.eabi_attribute 30, 2
  11              		.eabi_attribute 34, 1
  12              		.eabi_attribute 18, 4
  13              		.thumb
  14              		.file	"gfx.c"
  15              		.text
  16              	.Ltext0:
  17              		.cfi_sections	.debug_frame
  18              		.section	.text.gfxInit,"ax",%progbits
  19              		.align	2
  20              		.p2align 4,,15
  21              		.global	gfxInit
  22              		.thumb
  23              		.thumb_func
  24              		.type	gfxInit, %function
  25              	gfxInit:
  26              	.LFB118:
  27              		.file 1 "../../ugfx/src/gfx.c"
  28              		.loc 1 75 0
  29              		.cfi_startproc
  30              		@ args = 0, pretend = 0, frame = 0
  31              		@ frame_needed = 0, uses_anonymous_args = 0
  32 0000 08B5     		push	{r3, lr}
  33              	.LCFI0:
  34              		.cfi_def_cfa_offset 8
  35              		.cfi_offset 3, -8
  36              		.cfi_offset 14, -4
  37              		.loc 1 77 0
  38 0002 0D4B     		ldr	r3, .L5
  39 0004 1A78     		ldrb	r2, [r3, #0]	@ zero_extendqisi2
  40 0006 02B1     		cbz	r2, .L4
  41 0008 08BD     		pop	{r3, pc}
  42              	.L4:
  43              		.loc 1 79 0
  44 000a 0120     		movs	r0, #1
  45 000c 1870     		strb	r0, [r3, #0]
  46              		.loc 1 83 0
  47 000e FFF7FEFF 		bl	_gosInit
  48              	.LVL0:
  49              		.loc 1 88 0
  50 0012 FFF7FEFF 		bl	_gqueueInit
  51              	.LVL1:
  52              		.loc 1 94 0
  53 0016 FFF7FEFF 		bl	_geventInit
  54              	.LVL2:
  55              		.loc 1 97 0
  56 001a FFF7FEFF 		bl	_gtimerInit
  57              	.LVL3:
ARM GAS  C:\Users\Elis\AppData\Local\Temp\ccIScGGo.s 			page 2


  58              		.loc 1 100 0
  59 001e FFF7FEFF 		bl	_gdriverInit
  60              	.LVL4:
  61              		.loc 1 103 0
  62 0022 FFF7FEFF 		bl	_gfileInit
  63              	.LVL5:
  64              		.loc 1 106 0
  65 0026 FFF7FEFF 		bl	_gdispInit
  66              	.LVL6:
  67              		.loc 1 109 0
  68 002a FFF7FEFF 		bl	_ginputInit
  69              	.LVL7:
  70              		.loc 1 120 0
  71 002e BDE80840 		pop	{r3, lr}
  72              		.loc 1 118 0
  73 0032 FFF7FEBF 		b	_gwinInit
  74              	.LVL8:
  75              	.L6:
  76 0036 00BF     		.align	2
  77              	.L5:
  78 0038 00000000 		.word	.LANCHOR0
  79              		.cfi_endproc
  80              	.LFE118:
  81              		.size	gfxInit, .-gfxInit
  82 003c AFF30080 		.section	.text.gfxDeinit,"ax",%progbits
  83              		.align	2
  84              		.p2align 4,,15
  85              		.global	gfxDeinit
  86              		.thumb
  87              		.thumb_func
  88              		.type	gfxDeinit, %function
  89              	gfxDeinit:
  90              	.LFB119:
  91              		.loc 1 123 0
  92              		.cfi_startproc
  93              		@ args = 0, pretend = 0, frame = 0
  94              		@ frame_needed = 0, uses_anonymous_args = 0
  95 0000 08B5     		push	{r3, lr}
  96              	.LCFI1:
  97              		.cfi_def_cfa_offset 8
  98              		.cfi_offset 3, -8
  99              		.cfi_offset 14, -4
 100              		.loc 1 124 0
 101 0002 0D4B     		ldr	r3, .L10
 102 0004 1A78     		ldrb	r2, [r3, #0]	@ zero_extendqisi2
 103 0006 02B9     		cbnz	r2, .L9
 104 0008 08BD     		pop	{r3, pc}
 105              	.L9:
 106              		.loc 1 126 0
 107 000a 0020     		movs	r0, #0
 108 000c 1870     		strb	r0, [r3, #0]
 109              		.loc 1 130 0
 110 000e FFF7FEFF 		bl	_gwinDeinit
 111              	.LVL9:
 112              		.loc 1 139 0
 113 0012 FFF7FEFF 		bl	_ginputDeinit
 114              	.LVL10:
ARM GAS  C:\Users\Elis\AppData\Local\Temp\ccIScGGo.s 			page 3


 115              		.loc 1 142 0
 116 0016 FFF7FEFF 		bl	_gdispDeinit
 117              	.LVL11:
 118              		.loc 1 145 0
 119 001a FFF7FEFF 		bl	_gfileDeinit
 120              	.LVL12:
 121              		.loc 1 148 0
 122 001e FFF7FEFF 		bl	_gdriverDeinit
 123              	.LVL13:
 124              		.loc 1 151 0
 125 0022 FFF7FEFF 		bl	_gtimerDeinit
 126              	.LVL14:
 127              		.loc 1 154 0
 128 0026 FFF7FEFF 		bl	_geventDeinit
 129              	.LVL15:
 130              		.loc 1 160 0
 131 002a FFF7FEFF 		bl	_gqueueDeinit
 132              	.LVL16:
 133              		.loc 1 166 0
 134 002e BDE80840 		pop	{r3, lr}
 135              		.loc 1 165 0
 136 0032 FFF7FEBF 		b	_gosDeinit
 137              	.LVL17:
 138              	.L11:
 139 0036 00BF     		.align	2
 140              	.L10:
 141 0038 00000000 		.word	.LANCHOR0
 142              		.cfi_endproc
 143              	.LFE119:
 144              		.size	gfxDeinit, .-gfxDeinit
 145 003c AFF30080 		.section	.bss.initDone,"aw",%nobits
 146              		.set	.LANCHOR0,. + 0
 147              		.type	initDone, %object
 148              		.size	initDone, 1
 149              	initDone:
 150 0000 00       		.space	1
 151              		.text
 152              	.Letext0:
 153              		.file 2 "c:\\chibistudio\\tools\\gnu tools arm embedded\\4.7 2014q2\\bin\\../lib/gcc/arm-none-eabi
 154              		.file 3 "../../chibios/os/ports/GCC/ARMCMx/chtypes.h"
 155              		.file 4 "../../chibios/os/ports/common/ARMCMx/CMSIS/include/core_cm4.h"
 156              		.section	.debug_info,"",%progbits
 157              	.Ldebug_info0:
 158 0000 49020000 		.4byte	0x249
 159 0004 0200     		.2byte	0x2
 160 0006 00000000 		.4byte	.Ldebug_abbrev0
 161 000a 04       		.byte	0x4
 162 000b 01       		.uleb128 0x1
 163 000c FD000000 		.4byte	.LASF34
 164 0010 01       		.byte	0x1
 165 0011 2C000000 		.4byte	.LASF35
 166 0015 54000000 		.4byte	.LASF36
 167 0019 00000000 		.4byte	.Ldebug_ranges0+0
 168 001d 00000000 		.4byte	0
 169 0021 00000000 		.4byte	0
 170 0025 00000000 		.4byte	.Ldebug_line0
 171 0029 02       		.uleb128 0x2
ARM GAS  C:\Users\Elis\AppData\Local\Temp\ccIScGGo.s 			page 4


 172 002a 04       		.byte	0x4
 173 002b 05       		.byte	0x5
 174 002c 696E7400 		.ascii	"int\000"
 175 0030 03       		.uleb128 0x3
 176 0031 04       		.byte	0x4
 177 0032 07       		.byte	0x7
 178 0033 79010000 		.4byte	.LASF0
 179 0037 03       		.uleb128 0x3
 180 0038 01       		.byte	0x1
 181 0039 06       		.byte	0x6
 182 003a 08020000 		.4byte	.LASF1
 183 003e 03       		.uleb128 0x3
 184 003f 01       		.byte	0x1
 185 0040 08       		.byte	0x8
 186 0041 93000000 		.4byte	.LASF2
 187 0045 03       		.uleb128 0x3
 188 0046 02       		.byte	0x2
 189 0047 05       		.byte	0x5
 190 0048 D1010000 		.4byte	.LASF3
 191 004c 03       		.uleb128 0x3
 192 004d 02       		.byte	0x2
 193 004e 07       		.byte	0x7
 194 004f 19000000 		.4byte	.LASF4
 195 0053 04       		.uleb128 0x4
 196 0054 98010000 		.4byte	.LASF9
 197 0058 02       		.byte	0x2
 198 0059 4F       		.byte	0x4f
 199 005a 5E000000 		.4byte	0x5e
 200 005e 03       		.uleb128 0x3
 201 005f 04       		.byte	0x4
 202 0060 05       		.byte	0x5
 203 0061 F4010000 		.4byte	.LASF5
 204 0065 03       		.uleb128 0x3
 205 0066 04       		.byte	0x4
 206 0067 07       		.byte	0x7
 207 0068 B6000000 		.4byte	.LASF6
 208 006c 03       		.uleb128 0x3
 209 006d 08       		.byte	0x8
 210 006e 05       		.byte	0x5
 211 006f 00000000 		.4byte	.LASF7
 212 0073 03       		.uleb128 0x3
 213 0074 08       		.byte	0x8
 214 0075 07       		.byte	0x7
 215 0076 7C000000 		.4byte	.LASF8
 216 007a 04       		.uleb128 0x4
 217 007b 4D000000 		.4byte	.LASF10
 218 007f 03       		.byte	0x3
 219 0080 2B       		.byte	0x2b
 220 0081 85000000 		.4byte	0x85
 221 0085 03       		.uleb128 0x3
 222 0086 01       		.byte	0x1
 223 0087 02       		.byte	0x2
 224 0088 14020000 		.4byte	.LASF11
 225 008c 03       		.uleb128 0x3
 226 008d 04       		.byte	0x4
 227 008e 07       		.byte	0x7
 228 008f A0010000 		.4byte	.LASF12
ARM GAS  C:\Users\Elis\AppData\Local\Temp\ccIScGGo.s 			page 5


 229 0093 03       		.uleb128 0x3
 230 0094 01       		.byte	0x1
 231 0095 08       		.byte	0x8
 232 0096 86010000 		.4byte	.LASF13
 233 009a 05       		.uleb128 0x5
 234 009b 53000000 		.4byte	0x53
 235 009f 06       		.uleb128 0x6
 236 00a0 01       		.byte	0x1
 237 00a1 BE010000 		.4byte	.LASF14
 238 00a5 01       		.byte	0x1
 239 00a6 4A       		.byte	0x4a
 240 00a7 01       		.byte	0x1
 241 00a8 00000000 		.4byte	.LFB118
 242 00ac 3C000000 		.4byte	.LFE118
 243 00b0 00000000 		.4byte	.LLST0
 244 00b4 01       		.byte	0x1
 245 00b5 0C010000 		.4byte	0x10c
 246 00b9 07       		.uleb128 0x7
 247 00ba 12000000 		.4byte	.LVL0
 248 00be 98010000 		.4byte	0x198
 249 00c2 07       		.uleb128 0x7
 250 00c3 16000000 		.4byte	.LVL1
 251 00c7 A2010000 		.4byte	0x1a2
 252 00cb 07       		.uleb128 0x7
 253 00cc 1A000000 		.4byte	.LVL2
 254 00d0 AC010000 		.4byte	0x1ac
 255 00d4 07       		.uleb128 0x7
 256 00d5 1E000000 		.4byte	.LVL3
 257 00d9 B6010000 		.4byte	0x1b6
 258 00dd 07       		.uleb128 0x7
 259 00de 22000000 		.4byte	.LVL4
 260 00e2 C0010000 		.4byte	0x1c0
 261 00e6 07       		.uleb128 0x7
 262 00e7 26000000 		.4byte	.LVL5
 263 00eb CA010000 		.4byte	0x1ca
 264 00ef 07       		.uleb128 0x7
 265 00f0 2A000000 		.4byte	.LVL6
 266 00f4 D4010000 		.4byte	0x1d4
 267 00f8 07       		.uleb128 0x7
 268 00f9 2E000000 		.4byte	.LVL7
 269 00fd DE010000 		.4byte	0x1de
 270 0101 08       		.uleb128 0x8
 271 0102 36000000 		.4byte	.LVL8
 272 0106 01       		.byte	0x1
 273 0107 E8010000 		.4byte	0x1e8
 274 010b 00       		.byte	0
 275 010c 06       		.uleb128 0x6
 276 010d 01       		.byte	0x1
 277 010e DB010000 		.4byte	.LASF15
 278 0112 01       		.byte	0x1
 279 0113 7A       		.byte	0x7a
 280 0114 01       		.byte	0x1
 281 0115 00000000 		.4byte	.LFB119
 282 0119 3C000000 		.4byte	.LFE119
 283 011d 20000000 		.4byte	.LLST1
 284 0121 01       		.byte	0x1
 285 0122 79010000 		.4byte	0x179
ARM GAS  C:\Users\Elis\AppData\Local\Temp\ccIScGGo.s 			page 6


 286 0126 07       		.uleb128 0x7
 287 0127 12000000 		.4byte	.LVL9
 288 012b F2010000 		.4byte	0x1f2
 289 012f 07       		.uleb128 0x7
 290 0130 16000000 		.4byte	.LVL10
 291 0134 FC010000 		.4byte	0x1fc
 292 0138 07       		.uleb128 0x7
 293 0139 1A000000 		.4byte	.LVL11
 294 013d 06020000 		.4byte	0x206
 295 0141 07       		.uleb128 0x7
 296 0142 1E000000 		.4byte	.LVL12
 297 0146 10020000 		.4byte	0x210
 298 014a 07       		.uleb128 0x7
 299 014b 22000000 		.4byte	.LVL13
 300 014f 1A020000 		.4byte	0x21a
 301 0153 07       		.uleb128 0x7
 302 0154 26000000 		.4byte	.LVL14
 303 0158 24020000 		.4byte	0x224
 304 015c 07       		.uleb128 0x7
 305 015d 2A000000 		.4byte	.LVL15
 306 0161 2E020000 		.4byte	0x22e
 307 0165 07       		.uleb128 0x7
 308 0166 2E000000 		.4byte	.LVL16
 309 016a 38020000 		.4byte	0x238
 310 016e 08       		.uleb128 0x8
 311 016f 36000000 		.4byte	.LVL17
 312 0173 01       		.byte	0x1
 313 0174 42020000 		.4byte	0x242
 314 0178 00       		.byte	0
 315 0179 09       		.uleb128 0x9
 316 017a A1000000 		.4byte	.LASF37
 317 017e 01       		.byte	0x1
 318 017f 12       		.byte	0x12
 319 0180 7A000000 		.4byte	0x7a
 320 0184 05       		.byte	0x5
 321 0185 03       		.byte	0x3
 322 0186 00000000 		.4byte	initDone
 323 018a 0A       		.uleb128 0xa
 324 018b 8B010000 		.4byte	.LASF38
 325 018f 04       		.byte	0x4
 326 0190 9806     		.2byte	0x698
 327 0192 9A000000 		.4byte	0x9a
 328 0196 01       		.byte	0x1
 329 0197 01       		.byte	0x1
 330 0198 0B       		.uleb128 0xb
 331 0199 01       		.byte	0x1
 332 019a A9010000 		.4byte	.LASF16
 333 019e 01       		.byte	0x1
 334 019f 15       		.byte	0x15
 335 01a0 01       		.byte	0x1
 336 01a1 01       		.byte	0x1
 337 01a2 0B       		.uleb128 0xb
 338 01a3 01       		.byte	0x1
 339 01a4 B2010000 		.4byte	.LASF17
 340 01a8 01       		.byte	0x1
 341 01a9 42       		.byte	0x42
 342 01aa 01       		.byte	0x1
ARM GAS  C:\Users\Elis\AppData\Local\Temp\ccIScGGo.s 			page 7


 343 01ab 01       		.byte	0x1
 344 01ac 0B       		.uleb128 0xb
 345 01ad 01       		.byte	0x1
 346 01ae C8000000 		.4byte	.LASF18
 347 01b2 01       		.byte	0x1
 348 01b3 2E       		.byte	0x2e
 349 01b4 01       		.byte	0x1
 350 01b5 01       		.byte	0x1
 351 01b6 0B       		.uleb128 0xb
 352 01b7 01       		.byte	0x1
 353 01b8 27020000 		.4byte	.LASF19
 354 01bc 01       		.byte	0x1
 355 01bd 32       		.byte	0x32
 356 01be 01       		.byte	0x1
 357 01bf 01       		.byte	0x1
 358 01c0 0B       		.uleb128 0xb
 359 01c1 01       		.byte	0x1
 360 01c2 1A020000 		.4byte	.LASF20
 361 01c6 01       		.byte	0x1
 362 01c7 1E       		.byte	0x1e
 363 01c8 01       		.byte	0x1
 364 01c9 01       		.byte	0x1
 365 01ca 0B       		.uleb128 0xb
 366 01cb 01       		.byte	0x1
 367 01cc C6010000 		.4byte	.LASF21
 368 01d0 01       		.byte	0x1
 369 01d1 22       		.byte	0x22
 370 01d2 01       		.byte	0x1
 371 01d3 01       		.byte	0x1
 372 01d4 0B       		.uleb128 0xb
 373 01d5 01       		.byte	0x1
 374 01d6 0E000000 		.4byte	.LASF22
 375 01da 01       		.byte	0x1
 376 01db 26       		.byte	0x26
 377 01dc 01       		.byte	0x1
 378 01dd 01       		.byte	0x1
 379 01de 0B       		.uleb128 0xb
 380 01df 01       		.byte	0x1
 381 01e0 41000000 		.4byte	.LASF23
 382 01e4 01       		.byte	0x1
 383 01e5 36       		.byte	0x36
 384 01e6 01       		.byte	0x1
 385 01e7 01       		.byte	0x1
 386 01e8 0B       		.uleb128 0xb
 387 01e9 01       		.byte	0x1
 388 01ea 6F010000 		.4byte	.LASF24
 389 01ee 01       		.byte	0x1
 390 01ef 2A       		.byte	0x2a
 391 01f0 01       		.byte	0x1
 392 01f1 01       		.byte	0x1
 393 01f2 0B       		.uleb128 0xb
 394 01f3 01       		.byte	0x1
 395 01f4 AA000000 		.4byte	.LASF25
 396 01f8 01       		.byte	0x1
 397 01f9 2B       		.byte	0x2b
 398 01fa 01       		.byte	0x1
 399 01fb 01       		.byte	0x1
ARM GAS  C:\Users\Elis\AppData\Local\Temp\ccIScGGo.s 			page 8


 400 01fc 0B       		.uleb128 0xb
 401 01fd 01       		.byte	0x1
 402 01fe EF000000 		.4byte	.LASF26
 403 0202 01       		.byte	0x1
 404 0203 37       		.byte	0x37
 405 0204 01       		.byte	0x1
 406 0205 01       		.byte	0x1
 407 0206 0B       		.uleb128 0xb
 408 0207 01       		.byte	0x1
 409 0208 E2000000 		.4byte	.LASF27
 410 020c 01       		.byte	0x1
 411 020d 27       		.byte	0x27
 412 020e 01       		.byte	0x1
 413 020f 01       		.byte	0x1
 414 0210 0B       		.uleb128 0xb
 415 0211 01       		.byte	0x1
 416 0212 62010000 		.4byte	.LASF28
 417 0216 01       		.byte	0x1
 418 0217 23       		.byte	0x23
 419 0218 01       		.byte	0x1
 420 0219 01       		.byte	0x1
 421 021a 0B       		.uleb128 0xb
 422 021b 01       		.byte	0x1
 423 021c E5010000 		.4byte	.LASF29
 424 0220 01       		.byte	0x1
 425 0221 1F       		.byte	0x1f
 426 0222 01       		.byte	0x1
 427 0223 01       		.byte	0x1
 428 0224 0B       		.uleb128 0xb
 429 0225 01       		.byte	0x1
 430 0226 D4000000 		.4byte	.LASF30
 431 022a 01       		.byte	0x1
 432 022b 33       		.byte	0x33
 433 022c 01       		.byte	0x1
 434 022d 01       		.byte	0x1
 435 022e 0B       		.uleb128 0xb
 436 022f 01       		.byte	0x1
 437 0230 54010000 		.4byte	.LASF31
 438 0234 01       		.byte	0x1
 439 0235 2F       		.byte	0x2f
 440 0236 01       		.byte	0x1
 441 0237 01       		.byte	0x1
 442 0238 0B       		.uleb128 0xb
 443 0239 01       		.byte	0x1
 444 023a 46010000 		.4byte	.LASF32
 445 023e 01       		.byte	0x1
 446 023f 43       		.byte	0x43
 447 0240 01       		.byte	0x1
 448 0241 01       		.byte	0x1
 449 0242 0B       		.uleb128 0xb
 450 0243 01       		.byte	0x1
 451 0244 FD010000 		.4byte	.LASF33
 452 0248 01       		.byte	0x1
 453 0249 16       		.byte	0x16
 454 024a 01       		.byte	0x1
 455 024b 01       		.byte	0x1
 456 024c 00       		.byte	0
ARM GAS  C:\Users\Elis\AppData\Local\Temp\ccIScGGo.s 			page 9


 457              		.section	.debug_abbrev,"",%progbits
 458              	.Ldebug_abbrev0:
 459 0000 01       		.uleb128 0x1
 460 0001 11       		.uleb128 0x11
 461 0002 01       		.byte	0x1
 462 0003 25       		.uleb128 0x25
 463 0004 0E       		.uleb128 0xe
 464 0005 13       		.uleb128 0x13
 465 0006 0B       		.uleb128 0xb
 466 0007 03       		.uleb128 0x3
 467 0008 0E       		.uleb128 0xe
 468 0009 1B       		.uleb128 0x1b
 469 000a 0E       		.uleb128 0xe
 470 000b 55       		.uleb128 0x55
 471 000c 06       		.uleb128 0x6
 472 000d 11       		.uleb128 0x11
 473 000e 01       		.uleb128 0x1
 474 000f 52       		.uleb128 0x52
 475 0010 01       		.uleb128 0x1
 476 0011 10       		.uleb128 0x10
 477 0012 06       		.uleb128 0x6
 478 0013 00       		.byte	0
 479 0014 00       		.byte	0
 480 0015 02       		.uleb128 0x2
 481 0016 24       		.uleb128 0x24
 482 0017 00       		.byte	0
 483 0018 0B       		.uleb128 0xb
 484 0019 0B       		.uleb128 0xb
 485 001a 3E       		.uleb128 0x3e
 486 001b 0B       		.uleb128 0xb
 487 001c 03       		.uleb128 0x3
 488 001d 08       		.uleb128 0x8
 489 001e 00       		.byte	0
 490 001f 00       		.byte	0
 491 0020 03       		.uleb128 0x3
 492 0021 24       		.uleb128 0x24
 493 0022 00       		.byte	0
 494 0023 0B       		.uleb128 0xb
 495 0024 0B       		.uleb128 0xb
 496 0025 3E       		.uleb128 0x3e
 497 0026 0B       		.uleb128 0xb
 498 0027 03       		.uleb128 0x3
 499 0028 0E       		.uleb128 0xe
 500 0029 00       		.byte	0
 501 002a 00       		.byte	0
 502 002b 04       		.uleb128 0x4
 503 002c 16       		.uleb128 0x16
 504 002d 00       		.byte	0
 505 002e 03       		.uleb128 0x3
 506 002f 0E       		.uleb128 0xe
 507 0030 3A       		.uleb128 0x3a
 508 0031 0B       		.uleb128 0xb
 509 0032 3B       		.uleb128 0x3b
 510 0033 0B       		.uleb128 0xb
 511 0034 49       		.uleb128 0x49
 512 0035 13       		.uleb128 0x13
 513 0036 00       		.byte	0
ARM GAS  C:\Users\Elis\AppData\Local\Temp\ccIScGGo.s 			page 10


 514 0037 00       		.byte	0
 515 0038 05       		.uleb128 0x5
 516 0039 35       		.uleb128 0x35
 517 003a 00       		.byte	0
 518 003b 49       		.uleb128 0x49
 519 003c 13       		.uleb128 0x13
 520 003d 00       		.byte	0
 521 003e 00       		.byte	0
 522 003f 06       		.uleb128 0x6
 523 0040 2E       		.uleb128 0x2e
 524 0041 01       		.byte	0x1
 525 0042 3F       		.uleb128 0x3f
 526 0043 0C       		.uleb128 0xc
 527 0044 03       		.uleb128 0x3
 528 0045 0E       		.uleb128 0xe
 529 0046 3A       		.uleb128 0x3a
 530 0047 0B       		.uleb128 0xb
 531 0048 3B       		.uleb128 0x3b
 532 0049 0B       		.uleb128 0xb
 533 004a 27       		.uleb128 0x27
 534 004b 0C       		.uleb128 0xc
 535 004c 11       		.uleb128 0x11
 536 004d 01       		.uleb128 0x1
 537 004e 12       		.uleb128 0x12
 538 004f 01       		.uleb128 0x1
 539 0050 40       		.uleb128 0x40
 540 0051 06       		.uleb128 0x6
 541 0052 9742     		.uleb128 0x2117
 542 0054 0C       		.uleb128 0xc
 543 0055 01       		.uleb128 0x1
 544 0056 13       		.uleb128 0x13
 545 0057 00       		.byte	0
 546 0058 00       		.byte	0
 547 0059 07       		.uleb128 0x7
 548 005a 898201   		.uleb128 0x4109
 549 005d 00       		.byte	0
 550 005e 11       		.uleb128 0x11
 551 005f 01       		.uleb128 0x1
 552 0060 31       		.uleb128 0x31
 553 0061 13       		.uleb128 0x13
 554 0062 00       		.byte	0
 555 0063 00       		.byte	0
 556 0064 08       		.uleb128 0x8
 557 0065 898201   		.uleb128 0x4109
 558 0068 00       		.byte	0
 559 0069 11       		.uleb128 0x11
 560 006a 01       		.uleb128 0x1
 561 006b 9542     		.uleb128 0x2115
 562 006d 0C       		.uleb128 0xc
 563 006e 31       		.uleb128 0x31
 564 006f 13       		.uleb128 0x13
 565 0070 00       		.byte	0
 566 0071 00       		.byte	0
 567 0072 09       		.uleb128 0x9
 568 0073 34       		.uleb128 0x34
 569 0074 00       		.byte	0
 570 0075 03       		.uleb128 0x3
ARM GAS  C:\Users\Elis\AppData\Local\Temp\ccIScGGo.s 			page 11


 571 0076 0E       		.uleb128 0xe
 572 0077 3A       		.uleb128 0x3a
 573 0078 0B       		.uleb128 0xb
 574 0079 3B       		.uleb128 0x3b
 575 007a 0B       		.uleb128 0xb
 576 007b 49       		.uleb128 0x49
 577 007c 13       		.uleb128 0x13
 578 007d 02       		.uleb128 0x2
 579 007e 0A       		.uleb128 0xa
 580 007f 00       		.byte	0
 581 0080 00       		.byte	0
 582 0081 0A       		.uleb128 0xa
 583 0082 34       		.uleb128 0x34
 584 0083 00       		.byte	0
 585 0084 03       		.uleb128 0x3
 586 0085 0E       		.uleb128 0xe
 587 0086 3A       		.uleb128 0x3a
 588 0087 0B       		.uleb128 0xb
 589 0088 3B       		.uleb128 0x3b
 590 0089 05       		.uleb128 0x5
 591 008a 49       		.uleb128 0x49
 592 008b 13       		.uleb128 0x13
 593 008c 3F       		.uleb128 0x3f
 594 008d 0C       		.uleb128 0xc
 595 008e 3C       		.uleb128 0x3c
 596 008f 0C       		.uleb128 0xc
 597 0090 00       		.byte	0
 598 0091 00       		.byte	0
 599 0092 0B       		.uleb128 0xb
 600 0093 2E       		.uleb128 0x2e
 601 0094 00       		.byte	0
 602 0095 3F       		.uleb128 0x3f
 603 0096 0C       		.uleb128 0xc
 604 0097 03       		.uleb128 0x3
 605 0098 0E       		.uleb128 0xe
 606 0099 3A       		.uleb128 0x3a
 607 009a 0B       		.uleb128 0xb
 608 009b 3B       		.uleb128 0x3b
 609 009c 0B       		.uleb128 0xb
 610 009d 27       		.uleb128 0x27
 611 009e 0C       		.uleb128 0xc
 612 009f 3C       		.uleb128 0x3c
 613 00a0 0C       		.uleb128 0xc
 614 00a1 00       		.byte	0
 615 00a2 00       		.byte	0
 616 00a3 00       		.byte	0
 617              		.section	.debug_loc,"",%progbits
 618              	.Ldebug_loc0:
 619              	.LLST0:
 620 0000 00000000 		.4byte	.LFB118
 621 0004 02000000 		.4byte	.LCFI0
 622 0008 0200     		.2byte	0x2
 623 000a 7D       		.byte	0x7d
 624 000b 00       		.sleb128 0
 625 000c 02000000 		.4byte	.LCFI0
 626 0010 3C000000 		.4byte	.LFE118
 627 0014 0200     		.2byte	0x2
ARM GAS  C:\Users\Elis\AppData\Local\Temp\ccIScGGo.s 			page 12


 628 0016 7D       		.byte	0x7d
 629 0017 08       		.sleb128 8
 630 0018 00000000 		.4byte	0
 631 001c 00000000 		.4byte	0
 632              	.LLST1:
 633 0020 00000000 		.4byte	.LFB119
 634 0024 02000000 		.4byte	.LCFI1
 635 0028 0200     		.2byte	0x2
 636 002a 7D       		.byte	0x7d
 637 002b 00       		.sleb128 0
 638 002c 02000000 		.4byte	.LCFI1
 639 0030 3C000000 		.4byte	.LFE119
 640 0034 0200     		.2byte	0x2
 641 0036 7D       		.byte	0x7d
 642 0037 08       		.sleb128 8
 643 0038 00000000 		.4byte	0
 644 003c 00000000 		.4byte	0
 645              		.section	.debug_aranges,"",%progbits
 646 0000 24000000 		.4byte	0x24
 647 0004 0200     		.2byte	0x2
 648 0006 00000000 		.4byte	.Ldebug_info0
 649 000a 04       		.byte	0x4
 650 000b 00       		.byte	0
 651 000c 0000     		.2byte	0
 652 000e 0000     		.2byte	0
 653 0010 00000000 		.4byte	.LFB118
 654 0014 3C000000 		.4byte	.LFE118-.LFB118
 655 0018 00000000 		.4byte	.LFB119
 656 001c 3C000000 		.4byte	.LFE119-.LFB119
 657 0020 00000000 		.4byte	0
 658 0024 00000000 		.4byte	0
 659              		.section	.debug_ranges,"",%progbits
 660              	.Ldebug_ranges0:
 661 0000 00000000 		.4byte	.LFB118
 662 0004 3C000000 		.4byte	.LFE118
 663 0008 00000000 		.4byte	.LFB119
 664 000c 3C000000 		.4byte	.LFE119
 665 0010 00000000 		.4byte	0
 666 0014 00000000 		.4byte	0
 667              		.section	.debug_line,"",%progbits
 668              	.Ldebug_line0:
 669 0000 65010000 		.section	.debug_str,"MS",%progbits,1
 669      02002301 
 669      00000201 
 669      FB0E0D00 
 669      01010101 
 670              	.LASF7:
 671 0000 6C6F6E67 		.ascii	"long long int\000"
 671      206C6F6E 
 671      6720696E 
 671      7400
 672              	.LASF22:
 673 000e 5F676469 		.ascii	"_gdispInit\000"
 673      7370496E 
 673      697400
 674              	.LASF4:
 675 0019 73686F72 		.ascii	"short unsigned int\000"
ARM GAS  C:\Users\Elis\AppData\Local\Temp\ccIScGGo.s 			page 13


 675      7420756E 
 675      7369676E 
 675      65642069 
 675      6E7400
 676              	.LASF35:
 677 002c 2E2E2F2E 		.ascii	"../../ugfx/src/gfx.c\000"
 677      2E2F7567 
 677      66782F73 
 677      72632F67 
 677      66782E63 
 678              	.LASF23:
 679 0041 5F67696E 		.ascii	"_ginputInit\000"
 679      70757449 
 679      6E697400 
 680              	.LASF10:
 681 004d 626F6F6C 		.ascii	"bool_t\000"
 681      5F7400
 682              	.LASF36:
 683 0054 433A5C43 		.ascii	"C:\\ChibiStudio\\workspace26\\Mobile_phone\000"
 683      68696269 
 683      53747564 
 683      696F5C77 
 683      6F726B73 
 684              	.LASF8:
 685 007c 6C6F6E67 		.ascii	"long long unsigned int\000"
 685      206C6F6E 
 685      6720756E 
 685      7369676E 
 685      65642069 
 686              	.LASF2:
 687 0093 756E7369 		.ascii	"unsigned char\000"
 687      676E6564 
 687      20636861 
 687      7200
 688              	.LASF37:
 689 00a1 696E6974 		.ascii	"initDone\000"
 689      446F6E65 
 689      00
 690              	.LASF25:
 691 00aa 5F677769 		.ascii	"_gwinDeinit\000"
 691      6E446569 
 691      6E697400 
 692              	.LASF6:
 693 00b6 6C6F6E67 		.ascii	"long unsigned int\000"
 693      20756E73 
 693      69676E65 
 693      6420696E 
 693      7400
 694              	.LASF18:
 695 00c8 5F676576 		.ascii	"_geventInit\000"
 695      656E7449 
 695      6E697400 
 696              	.LASF30:
 697 00d4 5F677469 		.ascii	"_gtimerDeinit\000"
 697      6D657244 
 697      65696E69 
 697      7400
ARM GAS  C:\Users\Elis\AppData\Local\Temp\ccIScGGo.s 			page 14


 698              	.LASF27:
 699 00e2 5F676469 		.ascii	"_gdispDeinit\000"
 699      73704465 
 699      696E6974 
 699      00
 700              	.LASF26:
 701 00ef 5F67696E 		.ascii	"_ginputDeinit\000"
 701      70757444 
 701      65696E69 
 701      7400
 702              	.LASF34:
 703 00fd 474E5520 		.ascii	"GNU C 4.7.4 20140401 (release) [ARM/embedded-4_7-br"
 703      4320342E 
 703      372E3420 
 703      32303134 
 703      30343031 
 704 0130 616E6368 		.ascii	"anch revision 209195]\000"
 704      20726576 
 704      6973696F 
 704      6E203230 
 704      39313935 
 705              	.LASF32:
 706 0146 5F677175 		.ascii	"_gqueueDeinit\000"
 706      65756544 
 706      65696E69 
 706      7400
 707              	.LASF31:
 708 0154 5F676576 		.ascii	"_geventDeinit\000"
 708      656E7444 
 708      65696E69 
 708      7400
 709              	.LASF28:
 710 0162 5F676669 		.ascii	"_gfileDeinit\000"
 710      6C654465 
 710      696E6974 
 710      00
 711              	.LASF24:
 712 016f 5F677769 		.ascii	"_gwinInit\000"
 712      6E496E69 
 712      7400
 713              	.LASF0:
 714 0179 756E7369 		.ascii	"unsigned int\000"
 714      676E6564 
 714      20696E74 
 714      00
 715              	.LASF13:
 716 0186 63686172 		.ascii	"char\000"
 716      00
 717              	.LASF38:
 718 018b 49544D5F 		.ascii	"ITM_RxBuffer\000"
 718      52784275 
 718      66666572 
 718      00
 719              	.LASF9:
 720 0198 696E7433 		.ascii	"int32_t\000"
 720      325F7400 
 721              	.LASF12:
ARM GAS  C:\Users\Elis\AppData\Local\Temp\ccIScGGo.s 			page 15


 722 01a0 73697A65 		.ascii	"sizetype\000"
 722      74797065 
 722      00
 723              	.LASF16:
 724 01a9 5F676F73 		.ascii	"_gosInit\000"
 724      496E6974 
 724      00
 725              	.LASF17:
 726 01b2 5F677175 		.ascii	"_gqueueInit\000"
 726      65756549 
 726      6E697400 
 727              	.LASF14:
 728 01be 67667849 		.ascii	"gfxInit\000"
 728      6E697400 
 729              	.LASF21:
 730 01c6 5F676669 		.ascii	"_gfileInit\000"
 730      6C65496E 
 730      697400
 731              	.LASF3:
 732 01d1 73686F72 		.ascii	"short int\000"
 732      7420696E 
 732      7400
 733              	.LASF15:
 734 01db 67667844 		.ascii	"gfxDeinit\000"
 734      65696E69 
 734      7400
 735              	.LASF29:
 736 01e5 5F676472 		.ascii	"_gdriverDeinit\000"
 736      69766572 
 736      4465696E 
 736      697400
 737              	.LASF5:
 738 01f4 6C6F6E67 		.ascii	"long int\000"
 738      20696E74 
 738      00
 739              	.LASF33:
 740 01fd 5F676F73 		.ascii	"_gosDeinit\000"
 740      4465696E 
 740      697400
 741              	.LASF1:
 742 0208 7369676E 		.ascii	"signed char\000"
 742      65642063 
 742      68617200 
 743              	.LASF11:
 744 0214 5F426F6F 		.ascii	"_Bool\000"
 744      6C00
 745              	.LASF20:
 746 021a 5F676472 		.ascii	"_gdriverInit\000"
 746      69766572 
 746      496E6974 
 746      00
 747              	.LASF19:
 748 0227 5F677469 		.ascii	"_gtimerInit\000"
 748      6D657249 
 748      6E697400 
 749              		.ident	"GCC: (GNU Tools for ARM Embedded Processors) 4.7.4 20140401 (release) [ARM/embedded-4_7-br
ARM GAS  C:\Users\Elis\AppData\Local\Temp\ccIScGGo.s 			page 16


DEFINED SYMBOLS
                            *ABS*:00000000 gfx.c
C:\Users\Elis\AppData\Local\Temp\ccIScGGo.s:19     .text.gfxInit:00000000 $t
C:\Users\Elis\AppData\Local\Temp\ccIScGGo.s:25     .text.gfxInit:00000000 gfxInit
C:\Users\Elis\AppData\Local\Temp\ccIScGGo.s:78     .text.gfxInit:00000038 $d
C:\Users\Elis\AppData\Local\Temp\ccIScGGo.s:83     .text.gfxDeinit:00000000 $t
C:\Users\Elis\AppData\Local\Temp\ccIScGGo.s:89     .text.gfxDeinit:00000000 gfxDeinit
C:\Users\Elis\AppData\Local\Temp\ccIScGGo.s:141    .text.gfxDeinit:00000038 $d
C:\Users\Elis\AppData\Local\Temp\ccIScGGo.s:149    .bss.initDone:00000000 initDone
C:\Users\Elis\AppData\Local\Temp\ccIScGGo.s:150    .bss.initDone:00000000 $d
                     .debug_frame:00000010 $d
C:\Users\Elis\AppData\Local\Temp\ccIScGGo.s:82     .text.gfxInit:0000003c $t
C:\Users\Elis\AppData\Local\Temp\ccIScGGo.s:145    .text.gfxDeinit:0000003c $t

UNDEFINED SYMBOLS
_gosInit
_gqueueInit
_geventInit
_gtimerInit
_gdriverInit
_gfileInit
_gdispInit
_ginputInit
_gwinInit
_gwinDeinit
_ginputDeinit
_gdispDeinit
_gfileDeinit
_gdriverDeinit
_gtimerDeinit
_geventDeinit
_gqueueDeinit
_gosDeinit
