ARM GAS  C:\Users\Elis\AppData\Local\Temp\ccWInKDR.s 			page 1


   1              		.syntax unified
   2              		.cpu cortex-m4
   3              		.fpu softvfp
   4              		.eabi_attribute 20, 1
   5              		.eabi_attribute 21, 1
   6              		.eabi_attribute 23, 3
   7              		.eabi_attribute 24, 1
   8              		.eabi_attribute 25, 1
   9              		.eabi_attribute 26, 1
  10              		.eabi_attribute 30, 2
  11              		.eabi_attribute 34, 1
  12              		.eabi_attribute 18, 4
  13              		.thumb
  14              		.file	"mf_scaledfont.c"
  15              		.text
  16              	.Ltext0:
  17              		.cfi_sections	.debug_frame
  18              		.section	.text.scaled_pixel_callback,"ax",%progbits
  19              		.align	2
  20              		.p2align 4,,15
  21              		.thumb
  22              		.thumb_func
  23              		.type	scaled_pixel_callback, %function
  24              	scaled_pixel_callback:
  25              	.LFB118:
  26              		.file 1 "../../ugfx/src/gdisp/mcufont/mf_scaledfont.c"
  27              		.loc 1 24 0
  28              		.cfi_startproc
  29              		@ args = 4, pretend = 0, frame = 0
  30              		@ frame_needed = 0, uses_anonymous_args = 0
  31              	.LVL0:
  32 0000 2DE9F047 		push	{r4, r5, r6, r7, r8, r9, sl, lr}
  33              	.LCFI0:
  34              		.cfi_def_cfa_offset 32
  35              		.cfi_offset 4, -32
  36              		.cfi_offset 5, -28
  37              		.cfi_offset 6, -24
  38              		.cfi_offset 7, -20
  39              		.cfi_offset 8, -16
  40              		.cfi_offset 9, -12
  41              		.cfi_offset 10, -8
  42              		.cfi_offset 14, -4
  43 0004 82B0     		sub	sp, sp, #8
  44              	.LCFI1:
  45              		.cfi_def_cfa_offset 40
  46              		.loc 1 24 0
  47 0006 9A46     		mov	sl, r3
  48 0008 0A9D     		ldr	r5, [sp, #40]
  49              	.LVL1:
  50              		.loc 1 28 0
  51 000a 2E7A     		ldrb	r6, [r5, #8]	@ zero_extendqisi2
  52              		.loc 1 29 0
  53 000c B5F80A80 		ldrh	r8, [r5, #10]
  54              		.loc 1 30 0
  55 0010 B5F80C90 		ldrh	r9, [r5, #12]
  56 0014 6C7A     		ldrb	r4, [r5, #9]	@ zero_extendqisi2
  57              		.loc 1 28 0
ARM GAS  C:\Users\Elis\AppData\Local\Temp\ccWInKDR.s 			page 2


  58 0016 06FB02F2 		mul	r2, r6, r2
  59              	.LVL2:
  60              		.loc 1 29 0
  61 001a 00FB0680 		mla	r0, r0, r6, r8
  62              	.LVL3:
  63              		.loc 1 30 0
  64 001e 01FB0491 		mla	r1, r1, r4, r9
  65              	.LVL4:
  66              		.loc 1 28 0
  67 0022 D7B2     		uxtb	r7, r2
  68              	.LVL5:
  69              		.loc 1 29 0
  70 0024 0FFA80F8 		sxth	r8, r0
  71              	.LVL6:
  72              		.loc 1 30 0
  73 0028 1FFA81F9 		uxth	r9, r1
  74              	.LVL7:
  75              		.loc 1 32 0
  76 002c 7CB1     		cbz	r4, .L1
  77 002e 0024     		movs	r4, #0
  78              	.LVL8:
  79              	.L2:
  80              		.loc 1 34 0 discriminator 2
  81 0030 6A68     		ldr	r2, [r5, #4]
  82 0032 2E68     		ldr	r6, [r5, #0]
  83 0034 0092     		str	r2, [sp, #0]
  84 0036 04EB0903 		add	r3, r4, r9
  85 003a 4046     		mov	r0, r8
  86 003c 19B2     		sxth	r1, r3
  87 003e 3A46     		mov	r2, r7
  88 0040 5346     		mov	r3, sl
  89 0042 B047     		blx	r6
  90              	.LVL9:
  91              		.loc 1 32 0 discriminator 2
  92 0044 0134     		adds	r4, r4, #1
  93 0046 687A     		ldrb	r0, [r5, #9]	@ zero_extendqisi2
  94 0048 E4B2     		uxtb	r4, r4
  95              	.LVL10:
  96 004a A042     		cmp	r0, r4
  97 004c F0D8     		bhi	.L2
  98              	.LVL11:
  99              	.L1:
 100              		.loc 1 36 0
 101 004e 02B0     		add	sp, sp, #8
 102 0050 BDE8F087 		pop	{r4, r5, r6, r7, r8, r9, sl, pc}
 103              		.cfi_endproc
 104              	.LFE118:
 105              		.size	scaled_pixel_callback, .-scaled_pixel_callback
 106 0054 AFF30080 		.section	.text.mf_scaled_character_width,"ax",%progbits
 106      AFF30080 
 106      AFF30080 
 107              		.align	2
 108              		.p2align 4,,15
 109              		.global	mf_scaled_character_width
 110              		.thumb
 111              		.thumb_func
 112              		.type	mf_scaled_character_width, %function
ARM GAS  C:\Users\Elis\AppData\Local\Temp\ccWInKDR.s 			page 3


 113              	mf_scaled_character_width:
 114              	.LFB119:
 115              		.loc 1 40 0
 116              		.cfi_startproc
 117              		@ args = 0, pretend = 0, frame = 0
 118              		@ frame_needed = 0, uses_anonymous_args = 0
 119              	.LVL12:
 120 0000 10B5     		push	{r4, lr}
 121              	.LCFI2:
 122              		.cfi_def_cfa_offset 8
 123              		.cfi_offset 4, -8
 124              		.cfi_offset 14, -4
 125              		.loc 1 40 0
 126 0002 0446     		mov	r4, r0
 127              	.LVL13:
 128              		.loc 1 44 0
 129 0004 C069     		ldr	r0, [r0, #28]
 130              	.LVL14:
 131 0006 4369     		ldr	r3, [r0, #20]
 132 0008 9847     		blx	r3
 133              	.LVL15:
 134              		.loc 1 46 0
 135 000a 94F82010 		ldrb	r1, [r4, #32]	@ zero_extendqisi2
 136 000e 01FB00F0 		mul	r0, r1, r0
 137              	.LVL16:
 138              		.loc 1 47 0
 139 0012 C0B2     		uxtb	r0, r0
 140 0014 10BD     		pop	{r4, pc}
 141              		.cfi_endproc
 142              	.LFE119:
 143              		.size	mf_scaled_character_width, .-mf_scaled_character_width
 144 0016 00BFAFF3 		.section	.text.mf_scaled_render_character,"ax",%progbits
 144      0080AFF3 
 144      0080
 145              		.align	2
 146              		.p2align 4,,15
 147              		.global	mf_scaled_render_character
 148              		.thumb
 149              		.thumb_func
 150              		.type	mf_scaled_render_character, %function
 151              	mf_scaled_render_character:
 152              	.LFB120:
 153              		.loc 1 54 0
 154              		.cfi_startproc
 155              		@ args = 8, pretend = 0, frame = 16
 156              		@ frame_needed = 0, uses_anonymous_args = 0
 157              	.LVL17:
 158 0000 70B5     		push	{r4, r5, r6, lr}
 159              	.LCFI3:
 160              		.cfi_def_cfa_offset 16
 161              		.cfi_offset 4, -16
 162              		.cfi_offset 5, -12
 163              		.cfi_offset 6, -8
 164              		.cfi_offset 14, -4
 165 0002 86B0     		sub	sp, sp, #24
 166              	.LCFI4:
 167              		.cfi_def_cfa_offset 40
ARM GAS  C:\Users\Elis\AppData\Local\Temp\ccWInKDR.s 			page 4


 168              		.loc 1 54 0
 169 0004 0446     		mov	r4, r0
 170              	.LVL18:
 171              		.loc 1 63 0
 172 0006 ADF81210 		strh	r1, [sp, #18]	@ movhi
 173              		.loc 1 64 0
 174 000a ADF81420 		strh	r2, [sp, #20]	@ movhi
 175              		.loc 1 66 0
 176 000e 40F20001 		movw	r1, #:lower16:scaled_pixel_callback
 177              	.LVL19:
 178              		.loc 1 59 0
 179 0012 0A9A     		ldr	r2, [sp, #40]
 180              	.LVL20:
 181              		.loc 1 62 0
 182 0014 94F82150 		ldrb	r5, [r4, #33]	@ zero_extendqisi2
 183              		.loc 1 61 0
 184 0018 94F82060 		ldrb	r6, [r4, #32]	@ zero_extendqisi2
 185              		.loc 1 66 0
 186 001c C069     		ldr	r0, [r0, #28]
 187              	.LVL21:
 188              		.loc 1 59 0
 189 001e 0292     		str	r2, [sp, #8]
 190              		.loc 1 66 0
 191 0020 C0F20001 		movt	r1, #:upper16:scaled_pixel_callback
 192 0024 0091     		str	r1, [sp, #0]
 193              		.loc 1 60 0
 194 0026 0B9A     		ldr	r2, [sp, #44]
 195              		.loc 1 62 0
 196 0028 8DF81150 		strb	r5, [sp, #17]
 197              		.loc 1 67 0
 198 002c 02A9     		add	r1, sp, #8
 199              		.loc 1 66 0
 200 002e 0191     		str	r1, [sp, #4]
 201 0030 0021     		movs	r1, #0
 202              		.loc 1 60 0
 203 0032 0392     		str	r2, [sp, #12]
 204              		.loc 1 61 0
 205 0034 8DF81060 		strb	r6, [sp, #16]
 206              		.loc 1 66 0
 207 0038 8569     		ldr	r5, [r0, #24]
 208 003a 0A46     		mov	r2, r1
 209 003c A847     		blx	r5
 210              	.LVL22:
 211              		.loc 1 69 0
 212 003e 94F82030 		ldrb	r3, [r4, #32]	@ zero_extendqisi2
 213 0042 03FB00F0 		mul	r0, r3, r0
 214              	.LVL23:
 215              		.loc 1 70 0
 216 0046 C0B2     		uxtb	r0, r0
 217 0048 06B0     		add	sp, sp, #24
 218 004a 70BD     		pop	{r4, r5, r6, pc}
 219              		.cfi_endproc
 220              	.LFE120:
 221              		.size	mf_scaled_render_character, .-mf_scaled_render_character
 222 004c AFF30080 		.section	.text.mf_scale_font,"ax",%progbits
 223              		.align	2
 224              		.p2align 4,,15
ARM GAS  C:\Users\Elis\AppData\Local\Temp\ccWInKDR.s 			page 5


 225              		.global	mf_scale_font
 226              		.thumb
 227              		.thumb_func
 228              		.type	mf_scale_font, %function
 229              	mf_scale_font:
 230              	.LFB121:
 231              		.loc 1 75 0
 232              		.cfi_startproc
 233              		@ args = 0, pretend = 0, frame = 0
 234              		@ frame_needed = 0, uses_anonymous_args = 0
 235              		@ link register save eliminated.
 236              	.LVL24:
 237 0000 2DE9F003 		push	{r4, r5, r6, r7, r8, r9}
 238              	.LCFI5:
 239              		.cfi_def_cfa_offset 24
 240              		.cfi_offset 4, -24
 241              		.cfi_offset 5, -20
 242              		.cfi_offset 6, -16
 243              		.cfi_offset 7, -12
 244              		.cfi_offset 8, -8
 245              		.cfi_offset 9, -4
 246              		.loc 1 76 0
 247 0004 0E46     		mov	r6, r1
 248              		.loc 1 75 0
 249 0006 0446     		mov	r4, r0
 250 0008 1746     		mov	r7, r2
 251 000a 9C46     		mov	ip, r3
 252 000c 8846     		mov	r8, r1
 253              		.loc 1 76 0
 254 000e 0FCE     		ldmia	r6!, {r0, r1, r2, r3}
 255              	.LVL25:
 256 0010 2546     		mov	r5, r4
 257 0012 0FC5     		stmia	r5!, {r0, r1, r2, r3}
 258 0014 96E80700 		ldmia	r6, {r0, r1, r2}
 259 0018 85E80700 		stmia	r5, {r0, r1, r2}
 260              		.loc 1 82 0
 261 001c 607B     		ldrb	r0, [r4, #13]	@ zero_extendqisi2
 262              		.loc 1 83 0
 263 001e A17A     		ldrb	r1, [r4, #10]	@ zero_extendqisi2
 264              		.loc 1 79 0
 265 0020 94F80890 		ldrb	r9, [r4, #8]	@ zero_extendqisi2
 266              		.loc 1 80 0
 267 0024 667A     		ldrb	r6, [r4, #9]	@ zero_extendqisi2
 268              		.loc 1 81 0
 269 0026 257B     		ldrb	r5, [r4, #12]	@ zero_extendqisi2
 270              		.loc 1 84 0
 271 0028 E27A     		ldrb	r2, [r4, #11]	@ zero_extendqisi2
 272              		.loc 1 85 0
 273 002a A37B     		ldrb	r3, [r4, #14]	@ zero_extendqisi2
 274              		.loc 1 77 0
 275 002c C4F81C80 		str	r8, [r4, #28]
 276              		.loc 1 82 0
 277 0030 00FB0CF0 		mul	r0, r0, ip
 278              		.loc 1 83 0
 279 0034 01FB07F1 		mul	r1, r1, r7
 280              		.loc 1 82 0
 281 0038 6073     		strb	r0, [r4, #13]
ARM GAS  C:\Users\Elis\AppData\Local\Temp\ccWInKDR.s 			page 6


 282              		.loc 1 83 0
 283 003a A172     		strb	r1, [r4, #10]
 284              		.loc 1 86 0
 285 003c 40F20000 		movw	r0, #:lower16:mf_scaled_character_width
 286              		.loc 1 87 0
 287 0040 40F20001 		movw	r1, #:lower16:mf_scaled_render_character
 288              		.loc 1 79 0
 289 0044 09FB07F8 		mul	r8, r9, r7
 290              	.LVL26:
 291              		.loc 1 80 0
 292 0048 06FB0CF6 		mul	r6, r6, ip
 293              		.loc 1 81 0
 294 004c 05FB07F5 		mul	r5, r5, r7
 295              		.loc 1 84 0
 296 0050 02FB07F2 		mul	r2, r2, r7
 297              		.loc 1 85 0
 298 0054 03FB0CF3 		mul	r3, r3, ip
 299              		.loc 1 86 0
 300 0058 C0F20000 		movt	r0, #:upper16:mf_scaled_character_width
 301              		.loc 1 87 0
 302 005c C0F20001 		movt	r1, #:upper16:mf_scaled_render_character
 303              		.loc 1 79 0
 304 0060 84F80880 		strb	r8, [r4, #8]
 305              		.loc 1 80 0
 306 0064 6672     		strb	r6, [r4, #9]
 307              		.loc 1 81 0
 308 0066 2573     		strb	r5, [r4, #12]
 309              		.loc 1 84 0
 310 0068 E272     		strb	r2, [r4, #11]
 311              		.loc 1 85 0
 312 006a A373     		strb	r3, [r4, #14]
 313              		.loc 1 86 0
 314 006c 6061     		str	r0, [r4, #20]
 315              		.loc 1 87 0
 316 006e A161     		str	r1, [r4, #24]
 317              		.loc 1 89 0
 318 0070 84F82070 		strb	r7, [r4, #32]
 319              		.loc 1 90 0
 320 0074 84F821C0 		strb	ip, [r4, #33]
 321              		.loc 1 91 0
 322 0078 BDE8F003 		pop	{r4, r5, r6, r7, r8, r9}
 323 007c 7047     		bx	lr
 324              		.cfi_endproc
 325              	.LFE121:
 326              		.size	mf_scale_font, .-mf_scale_font
 327 007e 00BF     		.text
 328              	.Letext0:
 329              		.file 2 "c:\\chibistudio\\tools\\gnu tools arm embedded\\4.7 2014q2\\bin\\../lib/gcc/arm-none-eabi
 330              		.file 3 "../../ugfx/src/gdisp/mcufont/mf_font.h"
 331              		.file 4 "../../ugfx/src/gdisp/mcufont/mf_encoding.h"
 332              		.file 5 "../../ugfx/src/gdisp/mcufont/mf_scaledfont.h"
 333              		.file 6 "../../chibios/os/ports/common/ARMCMx/CMSIS/include/core_cm4.h"
 334              		.section	.debug_info,"",%progbits
 335              	.Ldebug_info0:
 336 0000 DC040000 		.4byte	0x4dc
 337 0004 0200     		.2byte	0x2
 338 0006 00000000 		.4byte	.Ldebug_abbrev0
ARM GAS  C:\Users\Elis\AppData\Local\Temp\ccWInKDR.s 			page 7


 339 000a 04       		.byte	0x4
 340 000b 01       		.uleb128 0x1
 341 000c 2F020000 		.4byte	.LASF50
 342 0010 01       		.byte	0x1
 343 0011 02020000 		.4byte	.LASF51
 344 0015 4D000000 		.4byte	.LASF52
 345 0019 00000000 		.4byte	.Ldebug_ranges0+0
 346 001d 00000000 		.4byte	0
 347 0021 00000000 		.4byte	0
 348 0025 00000000 		.4byte	.Ldebug_line0
 349 0029 02       		.uleb128 0x2
 350 002a 04       		.byte	0x4
 351 002b 05       		.byte	0x5
 352 002c 696E7400 		.ascii	"int\000"
 353 0030 03       		.uleb128 0x3
 354 0031 04       		.byte	0x4
 355 0032 07       		.byte	0x7
 356 0033 74010000 		.4byte	.LASF0
 357 0037 03       		.uleb128 0x3
 358 0038 01       		.byte	0x1
 359 0039 06       		.byte	0x6
 360 003a C0020000 		.4byte	.LASF1
 361 003e 04       		.uleb128 0x4
 362 003f 8C010000 		.4byte	.LASF3
 363 0043 02       		.byte	0x2
 364 0044 2A       		.byte	0x2a
 365 0045 49000000 		.4byte	0x49
 366 0049 03       		.uleb128 0x3
 367 004a 01       		.byte	0x1
 368 004b 08       		.byte	0x8
 369 004c 66010000 		.4byte	.LASF2
 370 0050 04       		.uleb128 0x4
 371 0051 A0010000 		.4byte	.LASF4
 372 0055 02       		.byte	0x2
 373 0056 35       		.byte	0x35
 374 0057 5B000000 		.4byte	0x5b
 375 005b 03       		.uleb128 0x3
 376 005c 02       		.byte	0x2
 377 005d 05       		.byte	0x5
 378 005e 94020000 		.4byte	.LASF5
 379 0062 03       		.uleb128 0x3
 380 0063 02       		.byte	0x2
 381 0064 07       		.byte	0x7
 382 0065 2A000000 		.4byte	.LASF6
 383 0069 04       		.uleb128 0x4
 384 006a D2010000 		.4byte	.LASF7
 385 006e 02       		.byte	0x2
 386 006f 4F       		.byte	0x4f
 387 0070 74000000 		.4byte	0x74
 388 0074 03       		.uleb128 0x3
 389 0075 04       		.byte	0x4
 390 0076 05       		.byte	0x5
 391 0077 B1020000 		.4byte	.LASF8
 392 007b 03       		.uleb128 0x3
 393 007c 04       		.byte	0x4
 394 007d 07       		.byte	0x7
 395 007e B9000000 		.4byte	.LASF9
ARM GAS  C:\Users\Elis\AppData\Local\Temp\ccWInKDR.s 			page 8


 396 0082 03       		.uleb128 0x3
 397 0083 08       		.byte	0x8
 398 0084 05       		.byte	0x5
 399 0085 F4010000 		.4byte	.LASF10
 400 0089 03       		.uleb128 0x3
 401 008a 08       		.byte	0x8
 402 008b 07       		.byte	0x7
 403 008c 7D000000 		.4byte	.LASF11
 404 0090 03       		.uleb128 0x3
 405 0091 01       		.byte	0x1
 406 0092 02       		.byte	0x2
 407 0093 06000000 		.4byte	.LASF12
 408 0097 05       		.uleb128 0x5
 409 0098 04       		.byte	0x4
 410 0099 03       		.uleb128 0x3
 411 009a 04       		.byte	0x4
 412 009b 07       		.byte	0x7
 413 009c DA010000 		.4byte	.LASF13
 414 00a0 06       		.uleb128 0x6
 415 00a1 04       		.byte	0x4
 416 00a2 A6000000 		.4byte	0xa6
 417 00a6 07       		.uleb128 0x7
 418 00a7 AB000000 		.4byte	0xab
 419 00ab 03       		.uleb128 0x3
 420 00ac 01       		.byte	0x1
 421 00ad 08       		.byte	0x8
 422 00ae 87010000 		.4byte	.LASF14
 423 00b2 08       		.uleb128 0x8
 424 00b3 69000000 		.4byte	0x69
 425 00b7 06       		.uleb128 0x6
 426 00b8 04       		.byte	0x4
 427 00b9 BD000000 		.4byte	0xbd
 428 00bd 07       		.uleb128 0x7
 429 00be C2000000 		.4byte	0xc2
 430 00c2 09       		.uleb128 0x9
 431 00c3 DC000000 		.4byte	.LASF30
 432 00c7 1C       		.byte	0x1c
 433 00c8 03       		.byte	0x3
 434 00c9 1D       		.byte	0x1d
 435 00ca 85010000 		.4byte	0x185
 436 00ce 0A       		.uleb128 0xa
 437 00cf 94000000 		.4byte	.LASF15
 438 00d3 03       		.byte	0x3
 439 00d4 20       		.byte	0x20
 440 00d5 A0000000 		.4byte	0xa0
 441 00d9 02       		.byte	0x2
 442 00da 23       		.byte	0x23
 443 00db 00       		.uleb128 0
 444 00dc 0A       		.uleb128 0xa
 445 00dd ED020000 		.4byte	.LASF16
 446 00e1 03       		.byte	0x3
 447 00e2 23       		.byte	0x23
 448 00e3 A0000000 		.4byte	0xa0
 449 00e7 02       		.byte	0x2
 450 00e8 23       		.byte	0x23
 451 00e9 04       		.uleb128 0x4
 452 00ea 0A       		.uleb128 0xa
ARM GAS  C:\Users\Elis\AppData\Local\Temp\ccWInKDR.s 			page 9


 453 00eb 8E020000 		.4byte	.LASF17
 454 00ef 03       		.byte	0x3
 455 00f0 26       		.byte	0x26
 456 00f1 3E000000 		.4byte	0x3e
 457 00f5 02       		.byte	0x2
 458 00f6 23       		.byte	0x23
 459 00f7 08       		.uleb128 0x8
 460 00f8 0A       		.uleb128 0xa
 461 00f9 39010000 		.4byte	.LASF18
 462 00fd 03       		.byte	0x3
 463 00fe 27       		.byte	0x27
 464 00ff 3E000000 		.4byte	0x3e
 465 0103 02       		.byte	0x2
 466 0104 23       		.byte	0x23
 467 0105 09       		.uleb128 0x9
 468 0106 0A       		.uleb128 0xa
 469 0107 1C000000 		.4byte	.LASF19
 470 010b 03       		.byte	0x3
 471 010c 2A       		.byte	0x2a
 472 010d 3E000000 		.4byte	0x3e
 473 0111 02       		.byte	0x2
 474 0112 23       		.byte	0x23
 475 0113 0A       		.uleb128 0xa
 476 0114 0A       		.uleb128 0xa
 477 0115 22010000 		.4byte	.LASF20
 478 0119 03       		.byte	0x3
 479 011a 2B       		.byte	0x2b
 480 011b 3E000000 		.4byte	0x3e
 481 011f 02       		.byte	0x2
 482 0120 23       		.byte	0x23
 483 0121 0B       		.uleb128 0xb
 484 0122 0A       		.uleb128 0xa
 485 0123 78020000 		.4byte	.LASF21
 486 0127 03       		.byte	0x3
 487 0128 2E       		.byte	0x2e
 488 0129 3E000000 		.4byte	0x3e
 489 012d 02       		.byte	0x2
 490 012e 23       		.byte	0x23
 491 012f 0C       		.uleb128 0xc
 492 0130 0A       		.uleb128 0xa
 493 0131 83020000 		.4byte	.LASF22
 494 0135 03       		.byte	0x3
 495 0136 2F       		.byte	0x2f
 496 0137 3E000000 		.4byte	0x3e
 497 013b 02       		.byte	0x2
 498 013c 23       		.byte	0x23
 499 013d 0D       		.uleb128 0xd
 500 013e 0A       		.uleb128 0xa
 501 013f 94010000 		.4byte	.LASF23
 502 0143 03       		.byte	0x3
 503 0144 32       		.byte	0x32
 504 0145 3E000000 		.4byte	0x3e
 505 0149 02       		.byte	0x2
 506 014a 23       		.byte	0x23
 507 014b 0E       		.uleb128 0xe
 508 014c 0A       		.uleb128 0xa
 509 014d 81010000 		.4byte	.LASF24
ARM GAS  C:\Users\Elis\AppData\Local\Temp\ccWInKDR.s 			page 10


 510 0151 03       		.byte	0x3
 511 0152 35       		.byte	0x35
 512 0153 3E000000 		.4byte	0x3e
 513 0157 02       		.byte	0x2
 514 0158 23       		.byte	0x23
 515 0159 0F       		.uleb128 0xf
 516 015a 0A       		.uleb128 0xa
 517 015b 53010000 		.4byte	.LASF25
 518 015f 03       		.byte	0x3
 519 0160 38       		.byte	0x38
 520 0161 85010000 		.4byte	0x185
 521 0165 02       		.byte	0x2
 522 0166 23       		.byte	0x23
 523 0167 10       		.uleb128 0x10
 524 0168 0A       		.uleb128 0xa
 525 0169 3D000000 		.4byte	.LASF26
 526 016d 03       		.byte	0x3
 527 016e 3C       		.byte	0x3c
 528 016f D6010000 		.4byte	0x1d6
 529 0173 02       		.byte	0x2
 530 0174 23       		.byte	0x23
 531 0175 14       		.uleb128 0x14
 532 0176 0A       		.uleb128 0xa
 533 0177 E3010000 		.4byte	.LASF27
 534 017b 03       		.byte	0x3
 535 017c 40       		.byte	0x40
 536 017d 05020000 		.4byte	0x205
 537 0181 02       		.byte	0x2
 538 0182 23       		.byte	0x23
 539 0183 18       		.uleb128 0x18
 540 0184 00       		.byte	0
 541 0185 04       		.uleb128 0x4
 542 0186 AC000000 		.4byte	.LASF28
 543 018a 04       		.byte	0x4
 544 018b 16       		.byte	0x16
 545 018c AB000000 		.4byte	0xab
 546 0190 04       		.uleb128 0x4
 547 0191 BE010000 		.4byte	.LASF29
 548 0195 03       		.byte	0x3
 549 0196 19       		.byte	0x19
 550 0197 9B010000 		.4byte	0x19b
 551 019b 06       		.uleb128 0x6
 552 019c 04       		.byte	0x4
 553 019d A1010000 		.4byte	0x1a1
 554 01a1 0B       		.uleb128 0xb
 555 01a2 01       		.byte	0x1
 556 01a3 C1010000 		.4byte	0x1c1
 557 01a7 0C       		.uleb128 0xc
 558 01a8 50000000 		.4byte	0x50
 559 01ac 0C       		.uleb128 0xc
 560 01ad 50000000 		.4byte	0x50
 561 01b1 0C       		.uleb128 0xc
 562 01b2 3E000000 		.4byte	0x3e
 563 01b6 0C       		.uleb128 0xc
 564 01b7 3E000000 		.4byte	0x3e
 565 01bb 0C       		.uleb128 0xc
 566 01bc 97000000 		.4byte	0x97
ARM GAS  C:\Users\Elis\AppData\Local\Temp\ccWInKDR.s 			page 11


 567 01c0 00       		.byte	0
 568 01c1 0D       		.uleb128 0xd
 569 01c2 01       		.byte	0x1
 570 01c3 3E000000 		.4byte	0x3e
 571 01c7 D6010000 		.4byte	0x1d6
 572 01cb 0C       		.uleb128 0xc
 573 01cc B7000000 		.4byte	0xb7
 574 01d0 0C       		.uleb128 0xc
 575 01d1 85010000 		.4byte	0x185
 576 01d5 00       		.byte	0
 577 01d6 06       		.uleb128 0x6
 578 01d7 04       		.byte	0x4
 579 01d8 C1010000 		.4byte	0x1c1
 580 01dc 0D       		.uleb128 0xd
 581 01dd 01       		.byte	0x1
 582 01de 3E000000 		.4byte	0x3e
 583 01e2 05020000 		.4byte	0x205
 584 01e6 0C       		.uleb128 0xc
 585 01e7 B7000000 		.4byte	0xb7
 586 01eb 0C       		.uleb128 0xc
 587 01ec 50000000 		.4byte	0x50
 588 01f0 0C       		.uleb128 0xc
 589 01f1 50000000 		.4byte	0x50
 590 01f5 0C       		.uleb128 0xc
 591 01f6 85010000 		.4byte	0x185
 592 01fa 0C       		.uleb128 0xc
 593 01fb 90010000 		.4byte	0x190
 594 01ff 0C       		.uleb128 0xc
 595 0200 97000000 		.4byte	0x97
 596 0204 00       		.byte	0
 597 0205 06       		.uleb128 0x6
 598 0206 04       		.byte	0x4
 599 0207 DC010000 		.4byte	0x1dc
 600 020b 09       		.uleb128 0x9
 601 020c FA000000 		.4byte	.LASF31
 602 0210 24       		.byte	0x24
 603 0211 05       		.byte	0x5
 604 0212 11       		.byte	0x11
 605 0213 50020000 		.4byte	0x250
 606 0217 0A       		.uleb128 0xa
 607 0218 B4000000 		.4byte	.LASF32
 608 021c 05       		.byte	0x5
 609 021d 13       		.byte	0x13
 610 021e C2000000 		.4byte	0xc2
 611 0222 02       		.byte	0x2
 612 0223 23       		.byte	0x23
 613 0224 00       		.uleb128 0
 614 0225 0A       		.uleb128 0xa
 615 0226 30010000 		.4byte	.LASF33
 616 022a 05       		.byte	0x5
 617 022b 15       		.byte	0x15
 618 022c B7000000 		.4byte	0xb7
 619 0230 02       		.byte	0x2
 620 0231 23       		.byte	0x23
 621 0232 1C       		.uleb128 0x1c
 622 0233 0A       		.uleb128 0xa
 623 0234 75000000 		.4byte	.LASF34
ARM GAS  C:\Users\Elis\AppData\Local\Temp\ccWInKDR.s 			page 12


 624 0238 05       		.byte	0x5
 625 0239 16       		.byte	0x16
 626 023a 3E000000 		.4byte	0x3e
 627 023e 02       		.byte	0x2
 628 023f 23       		.byte	0x23
 629 0240 20       		.uleb128 0x20
 630 0241 0A       		.uleb128 0xa
 631 0242 CB000000 		.4byte	.LASF35
 632 0246 05       		.byte	0x5
 633 0247 17       		.byte	0x17
 634 0248 3E000000 		.4byte	0x3e
 635 024c 02       		.byte	0x2
 636 024d 23       		.byte	0x23
 637 024e 21       		.uleb128 0x21
 638 024f 00       		.byte	0
 639 0250 09       		.uleb128 0x9
 640 0251 40010000 		.4byte	.LASF36
 641 0255 10       		.byte	0x10
 642 0256 01       		.byte	0x1
 643 0257 0C       		.byte	0xc
 644 0258 AF020000 		.4byte	0x2af
 645 025c 0A       		.uleb128 0xa
 646 025d 9E000000 		.4byte	.LASF37
 647 0261 01       		.byte	0x1
 648 0262 0E       		.byte	0xe
 649 0263 90010000 		.4byte	0x190
 650 0267 02       		.byte	0x2
 651 0268 23       		.byte	0x23
 652 0269 00       		.uleb128 0
 653 026a 0A       		.uleb128 0xa
 654 026b 9E020000 		.4byte	.LASF38
 655 026f 01       		.byte	0x1
 656 0270 0F       		.byte	0xf
 657 0271 97000000 		.4byte	0x97
 658 0275 02       		.byte	0x2
 659 0276 23       		.byte	0x23
 660 0277 04       		.uleb128 0x4
 661 0278 0A       		.uleb128 0xa
 662 0279 75000000 		.4byte	.LASF34
 663 027d 01       		.byte	0x1
 664 027e 10       		.byte	0x10
 665 027f 3E000000 		.4byte	0x3e
 666 0283 02       		.byte	0x2
 667 0284 23       		.byte	0x23
 668 0285 08       		.uleb128 0x8
 669 0286 0A       		.uleb128 0xa
 670 0287 CB000000 		.4byte	.LASF35
 671 028b 01       		.byte	0x1
 672 028c 11       		.byte	0x11
 673 028d 3E000000 		.4byte	0x3e
 674 0291 02       		.byte	0x2
 675 0292 23       		.byte	0x23
 676 0293 09       		.uleb128 0x9
 677 0294 0E       		.uleb128 0xe
 678 0295 783000   		.ascii	"x0\000"
 679 0298 01       		.byte	0x1
 680 0299 12       		.byte	0x12
ARM GAS  C:\Users\Elis\AppData\Local\Temp\ccWInKDR.s 			page 13


 681 029a 50000000 		.4byte	0x50
 682 029e 02       		.byte	0x2
 683 029f 23       		.byte	0x23
 684 02a0 0A       		.uleb128 0xa
 685 02a1 0E       		.uleb128 0xe
 686 02a2 793000   		.ascii	"y0\000"
 687 02a5 01       		.byte	0x1
 688 02a6 13       		.byte	0x13
 689 02a7 50000000 		.4byte	0x50
 690 02ab 02       		.byte	0x2
 691 02ac 23       		.byte	0x23
 692 02ad 0C       		.uleb128 0xc
 693 02ae 00       		.byte	0
 694 02af 0F       		.uleb128 0xf
 695 02b0 A8010000 		.4byte	.LASF53
 696 02b4 01       		.byte	0x1
 697 02b5 16       		.byte	0x16
 698 02b6 01       		.byte	0x1
 699 02b7 00000000 		.4byte	.LFB118
 700 02bb 54000000 		.4byte	.LFE118
 701 02bf 00000000 		.4byte	.LLST0
 702 02c3 01       		.byte	0x1
 703 02c4 4E030000 		.4byte	0x34e
 704 02c8 10       		.uleb128 0x10
 705 02c9 7800     		.ascii	"x\000"
 706 02cb 01       		.byte	0x1
 707 02cc 16       		.byte	0x16
 708 02cd 50000000 		.4byte	0x50
 709 02d1 2C000000 		.4byte	.LLST1
 710 02d5 10       		.uleb128 0x10
 711 02d6 7900     		.ascii	"y\000"
 712 02d8 01       		.byte	0x1
 713 02d9 16       		.byte	0x16
 714 02da 50000000 		.4byte	0x50
 715 02de 63000000 		.4byte	.LLST2
 716 02e2 11       		.uleb128 0x11
 717 02e3 16000000 		.4byte	.LASF39
 718 02e7 01       		.byte	0x1
 719 02e8 16       		.byte	0x16
 720 02e9 3E000000 		.4byte	0x3e
 721 02ed 9A000000 		.4byte	.LLST3
 722 02f1 11       		.uleb128 0x11
 723 02f2 E7020000 		.4byte	.LASF40
 724 02f6 01       		.byte	0x1
 725 02f7 17       		.byte	0x17
 726 02f8 3E000000 		.4byte	0x3e
 727 02fc D1000000 		.4byte	.LLST4
 728 0300 12       		.uleb128 0x12
 729 0301 00000000 		.4byte	.LASF41
 730 0305 01       		.byte	0x1
 731 0306 17       		.byte	0x17
 732 0307 97000000 		.4byte	0x97
 733 030b 02       		.byte	0x2
 734 030c 91       		.byte	0x91
 735 030d 00       		.sleb128 0
 736 030e 13       		.uleb128 0x13
 737 030f F3000000 		.4byte	.LASF42
ARM GAS  C:\Users\Elis\AppData\Local\Temp\ccWInKDR.s 			page 14


 738 0313 01       		.byte	0x1
 739 0314 19       		.byte	0x19
 740 0315 4E030000 		.4byte	0x34e
 741 0319 01       		.byte	0x1
 742 031a 55       		.byte	0x55
 743 031b 14       		.uleb128 0x14
 744 031c 647900   		.ascii	"dy\000"
 745 031f 01       		.byte	0x1
 746 0320 1A       		.byte	0x1a
 747 0321 3E000000 		.4byte	0x3e
 748 0325 F2000000 		.4byte	.LLST5
 749 0329 15       		.uleb128 0x15
 750 032a 44000000 		.4byte	.LVL9
 751 032e 02       		.byte	0x2
 752 032f 76       		.byte	0x76
 753 0330 00       		.sleb128 0
 754 0331 16       		.uleb128 0x16
 755 0332 01       		.byte	0x1
 756 0333 53       		.byte	0x53
 757 0334 02       		.byte	0x2
 758 0335 7A       		.byte	0x7a
 759 0336 00       		.sleb128 0
 760 0337 16       		.uleb128 0x16
 761 0338 01       		.byte	0x1
 762 0339 52       		.byte	0x52
 763 033a 02       		.byte	0x2
 764 033b 77       		.byte	0x77
 765 033c 00       		.sleb128 0
 766 033d 16       		.uleb128 0x16
 767 033e 01       		.byte	0x1
 768 033f 51       		.byte	0x51
 769 0340 05       		.byte	0x5
 770 0341 74       		.byte	0x74
 771 0342 00       		.sleb128 0
 772 0343 79       		.byte	0x79
 773 0344 00       		.sleb128 0
 774 0345 22       		.byte	0x22
 775 0346 16       		.uleb128 0x16
 776 0347 01       		.byte	0x1
 777 0348 50       		.byte	0x50
 778 0349 02       		.byte	0x2
 779 034a 78       		.byte	0x78
 780 034b 00       		.sleb128 0
 781 034c 00       		.byte	0
 782 034d 00       		.byte	0
 783 034e 06       		.uleb128 0x6
 784 034f 04       		.byte	0x4
 785 0350 50020000 		.4byte	0x250
 786 0354 17       		.uleb128 0x17
 787 0355 01       		.byte	0x1
 788 0356 F8020000 		.4byte	.LASF46
 789 035a 01       		.byte	0x1
 790 035b 26       		.byte	0x26
 791 035c 01       		.byte	0x1
 792 035d 3E000000 		.4byte	0x3e
 793 0361 00000000 		.4byte	.LFB119
 794 0365 16000000 		.4byte	.LFE119
ARM GAS  C:\Users\Elis\AppData\Local\Temp\ccWInKDR.s 			page 15


 795 0369 11010000 		.4byte	.LLST6
 796 036d 01       		.byte	0x1
 797 036e AF030000 		.4byte	0x3af
 798 0372 11       		.uleb128 0x11
 799 0373 B4000000 		.4byte	.LASF32
 800 0377 01       		.byte	0x1
 801 0378 26       		.byte	0x26
 802 0379 B7000000 		.4byte	0xb7
 803 037d 31010000 		.4byte	.LLST7
 804 0381 11       		.uleb128 0x11
 805 0382 0C000000 		.4byte	.LASF43
 806 0386 01       		.byte	0x1
 807 0387 27       		.byte	0x27
 808 0388 85010000 		.4byte	0x185
 809 038c 4F010000 		.4byte	.LLST8
 810 0390 18       		.uleb128 0x18
 811 0391 BA020000 		.4byte	.LASF44
 812 0395 01       		.byte	0x1
 813 0396 29       		.byte	0x29
 814 0397 AF030000 		.4byte	0x3af
 815 039b 70010000 		.4byte	.LLST9
 816 039f 18       		.uleb128 0x18
 817 03a0 0A010000 		.4byte	.LASF45
 818 03a4 01       		.byte	0x1
 819 03a5 2A       		.byte	0x2a
 820 03a6 3E000000 		.4byte	0x3e
 821 03aa 8E010000 		.4byte	.LLST10
 822 03ae 00       		.byte	0
 823 03af 06       		.uleb128 0x6
 824 03b0 04       		.byte	0x4
 825 03b1 0B020000 		.4byte	0x20b
 826 03b5 19       		.uleb128 0x19
 827 03b6 01       		.byte	0x1
 828 03b7 CC020000 		.4byte	.LASF47
 829 03bb 01       		.byte	0x1
 830 03bc 31       		.byte	0x31
 831 03bd 01       		.byte	0x1
 832 03be 3E000000 		.4byte	0x3e
 833 03c2 00000000 		.4byte	.LFB120
 834 03c6 4C000000 		.4byte	.LFE120
 835 03ca A1010000 		.4byte	.LLST11
 836 03ce 01       		.byte	0x1
 837 03cf 7A040000 		.4byte	0x47a
 838 03d3 11       		.uleb128 0x11
 839 03d4 B4000000 		.4byte	.LASF32
 840 03d8 01       		.byte	0x1
 841 03d9 31       		.byte	0x31
 842 03da B7000000 		.4byte	0xb7
 843 03de CD010000 		.4byte	.LLST12
 844 03e2 10       		.uleb128 0x10
 845 03e3 783000   		.ascii	"x0\000"
 846 03e6 01       		.byte	0x1
 847 03e7 32       		.byte	0x32
 848 03e8 50000000 		.4byte	0x50
 849 03ec EB010000 		.4byte	.LLST13
 850 03f0 10       		.uleb128 0x10
 851 03f1 793000   		.ascii	"y0\000"
ARM GAS  C:\Users\Elis\AppData\Local\Temp\ccWInKDR.s 			page 16


 852 03f4 01       		.byte	0x1
 853 03f5 32       		.byte	0x32
 854 03f6 50000000 		.4byte	0x50
 855 03fa 18020000 		.4byte	.LLST14
 856 03fe 11       		.uleb128 0x11
 857 03ff 0C000000 		.4byte	.LASF43
 858 0403 01       		.byte	0x1
 859 0404 33       		.byte	0x33
 860 0405 85010000 		.4byte	0x185
 861 0409 45020000 		.4byte	.LLST15
 862 040d 12       		.uleb128 0x12
 863 040e D3000000 		.4byte	.LASF48
 864 0412 01       		.byte	0x1
 865 0413 34       		.byte	0x34
 866 0414 90010000 		.4byte	0x190
 867 0418 02       		.byte	0x2
 868 0419 91       		.byte	0x91
 869 041a 00       		.sleb128 0
 870 041b 12       		.uleb128 0x12
 871 041c 00000000 		.4byte	.LASF41
 872 0420 01       		.byte	0x1
 873 0421 35       		.byte	0x35
 874 0422 97000000 		.4byte	0x97
 875 0426 02       		.byte	0x2
 876 0427 91       		.byte	0x91
 877 0428 04       		.sleb128 4
 878 0429 18       		.uleb128 0x18
 879 042a BA020000 		.4byte	.LASF44
 880 042e 01       		.byte	0x1
 881 042f 37       		.byte	0x37
 882 0430 AF030000 		.4byte	0x3af
 883 0434 66020000 		.4byte	.LLST16
 884 0438 13       		.uleb128 0x13
 885 0439 F3000000 		.4byte	.LASF42
 886 043d 01       		.byte	0x1
 887 043e 38       		.byte	0x38
 888 043f 50020000 		.4byte	0x250
 889 0443 02       		.byte	0x2
 890 0444 91       		.byte	0x91
 891 0445 60       		.sleb128 -32
 892 0446 18       		.uleb128 0x18
 893 0447 0A010000 		.4byte	.LASF45
 894 044b 01       		.byte	0x1
 895 044c 39       		.byte	0x39
 896 044d 3E000000 		.4byte	0x3e
 897 0451 84020000 		.4byte	.LLST17
 898 0455 15       		.uleb128 0x15
 899 0456 3E000000 		.4byte	.LVL22
 900 045a 02       		.byte	0x2
 901 045b 75       		.byte	0x75
 902 045c 00       		.sleb128 0
 903 045d 16       		.uleb128 0x16
 904 045e 01       		.byte	0x1
 905 045f 52       		.byte	0x52
 906 0460 01       		.byte	0x1
 907 0461 30       		.byte	0x30
 908 0462 16       		.uleb128 0x16
ARM GAS  C:\Users\Elis\AppData\Local\Temp\ccWInKDR.s 			page 17


 909 0463 01       		.byte	0x1
 910 0464 51       		.byte	0x51
 911 0465 01       		.byte	0x1
 912 0466 30       		.byte	0x30
 913 0467 16       		.uleb128 0x16
 914 0468 02       		.byte	0x2
 915 0469 7D       		.byte	0x7d
 916 046a 04       		.sleb128 4
 917 046b 02       		.byte	0x2
 918 046c 91       		.byte	0x91
 919 046d 60       		.sleb128 -32
 920 046e 16       		.uleb128 0x16
 921 046f 02       		.byte	0x2
 922 0470 7D       		.byte	0x7d
 923 0471 00       		.sleb128 0
 924 0472 05       		.byte	0x5
 925 0473 03       		.byte	0x3
 926 0474 00000000 		.4byte	scaled_pixel_callback
 927 0478 00       		.byte	0
 928 0479 00       		.byte	0
 929 047a 1A       		.uleb128 0x1a
 930 047b 01       		.byte	0x1
 931 047c 14010000 		.4byte	.LASF54
 932 0480 01       		.byte	0x1
 933 0481 48       		.byte	0x48
 934 0482 01       		.byte	0x1
 935 0483 00000000 		.4byte	.LFB121
 936 0487 7E000000 		.4byte	.LFE121
 937 048b 97020000 		.4byte	.LLST18
 938 048f 01       		.byte	0x1
 939 0490 D1040000 		.4byte	0x4d1
 940 0494 11       		.uleb128 0x11
 941 0495 A9020000 		.4byte	.LASF49
 942 0499 01       		.byte	0x1
 943 049a 48       		.byte	0x48
 944 049b AF030000 		.4byte	0x3af
 945 049f B7020000 		.4byte	.LLST19
 946 04a3 11       		.uleb128 0x11
 947 04a4 30010000 		.4byte	.LASF33
 948 04a8 01       		.byte	0x1
 949 04a9 49       		.byte	0x49
 950 04aa B7000000 		.4byte	0xb7
 951 04ae D5020000 		.4byte	.LLST20
 952 04b2 11       		.uleb128 0x11
 953 04b3 75000000 		.4byte	.LASF34
 954 04b7 01       		.byte	0x1
 955 04b8 4A       		.byte	0x4a
 956 04b9 3E000000 		.4byte	0x3e
 957 04bd FF020000 		.4byte	.LLST21
 958 04c1 11       		.uleb128 0x11
 959 04c2 CB000000 		.4byte	.LASF35
 960 04c6 01       		.byte	0x1
 961 04c7 4A       		.byte	0x4a
 962 04c8 3E000000 		.4byte	0x3e
 963 04cc 20030000 		.4byte	.LLST22
 964 04d0 00       		.byte	0
 965 04d1 1B       		.uleb128 0x1b
ARM GAS  C:\Users\Elis\AppData\Local\Temp\ccWInKDR.s 			page 18


 966 04d2 E6000000 		.4byte	.LASF55
 967 04d6 06       		.byte	0x6
 968 04d7 9806     		.2byte	0x698
 969 04d9 B2000000 		.4byte	0xb2
 970 04dd 01       		.byte	0x1
 971 04de 01       		.byte	0x1
 972 04df 00       		.byte	0
 973              		.section	.debug_abbrev,"",%progbits
 974              	.Ldebug_abbrev0:
 975 0000 01       		.uleb128 0x1
 976 0001 11       		.uleb128 0x11
 977 0002 01       		.byte	0x1
 978 0003 25       		.uleb128 0x25
 979 0004 0E       		.uleb128 0xe
 980 0005 13       		.uleb128 0x13
 981 0006 0B       		.uleb128 0xb
 982 0007 03       		.uleb128 0x3
 983 0008 0E       		.uleb128 0xe
 984 0009 1B       		.uleb128 0x1b
 985 000a 0E       		.uleb128 0xe
 986 000b 55       		.uleb128 0x55
 987 000c 06       		.uleb128 0x6
 988 000d 11       		.uleb128 0x11
 989 000e 01       		.uleb128 0x1
 990 000f 52       		.uleb128 0x52
 991 0010 01       		.uleb128 0x1
 992 0011 10       		.uleb128 0x10
 993 0012 06       		.uleb128 0x6
 994 0013 00       		.byte	0
 995 0014 00       		.byte	0
 996 0015 02       		.uleb128 0x2
 997 0016 24       		.uleb128 0x24
 998 0017 00       		.byte	0
 999 0018 0B       		.uleb128 0xb
 1000 0019 0B       		.uleb128 0xb
 1001 001a 3E       		.uleb128 0x3e
 1002 001b 0B       		.uleb128 0xb
 1003 001c 03       		.uleb128 0x3
 1004 001d 08       		.uleb128 0x8
 1005 001e 00       		.byte	0
 1006 001f 00       		.byte	0
 1007 0020 03       		.uleb128 0x3
 1008 0021 24       		.uleb128 0x24
 1009 0022 00       		.byte	0
 1010 0023 0B       		.uleb128 0xb
 1011 0024 0B       		.uleb128 0xb
 1012 0025 3E       		.uleb128 0x3e
 1013 0026 0B       		.uleb128 0xb
 1014 0027 03       		.uleb128 0x3
 1015 0028 0E       		.uleb128 0xe
 1016 0029 00       		.byte	0
 1017 002a 00       		.byte	0
 1018 002b 04       		.uleb128 0x4
 1019 002c 16       		.uleb128 0x16
 1020 002d 00       		.byte	0
 1021 002e 03       		.uleb128 0x3
 1022 002f 0E       		.uleb128 0xe
ARM GAS  C:\Users\Elis\AppData\Local\Temp\ccWInKDR.s 			page 19


 1023 0030 3A       		.uleb128 0x3a
 1024 0031 0B       		.uleb128 0xb
 1025 0032 3B       		.uleb128 0x3b
 1026 0033 0B       		.uleb128 0xb
 1027 0034 49       		.uleb128 0x49
 1028 0035 13       		.uleb128 0x13
 1029 0036 00       		.byte	0
 1030 0037 00       		.byte	0
 1031 0038 05       		.uleb128 0x5
 1032 0039 0F       		.uleb128 0xf
 1033 003a 00       		.byte	0
 1034 003b 0B       		.uleb128 0xb
 1035 003c 0B       		.uleb128 0xb
 1036 003d 00       		.byte	0
 1037 003e 00       		.byte	0
 1038 003f 06       		.uleb128 0x6
 1039 0040 0F       		.uleb128 0xf
 1040 0041 00       		.byte	0
 1041 0042 0B       		.uleb128 0xb
 1042 0043 0B       		.uleb128 0xb
 1043 0044 49       		.uleb128 0x49
 1044 0045 13       		.uleb128 0x13
 1045 0046 00       		.byte	0
 1046 0047 00       		.byte	0
 1047 0048 07       		.uleb128 0x7
 1048 0049 26       		.uleb128 0x26
 1049 004a 00       		.byte	0
 1050 004b 49       		.uleb128 0x49
 1051 004c 13       		.uleb128 0x13
 1052 004d 00       		.byte	0
 1053 004e 00       		.byte	0
 1054 004f 08       		.uleb128 0x8
 1055 0050 35       		.uleb128 0x35
 1056 0051 00       		.byte	0
 1057 0052 49       		.uleb128 0x49
 1058 0053 13       		.uleb128 0x13
 1059 0054 00       		.byte	0
 1060 0055 00       		.byte	0
 1061 0056 09       		.uleb128 0x9
 1062 0057 13       		.uleb128 0x13
 1063 0058 01       		.byte	0x1
 1064 0059 03       		.uleb128 0x3
 1065 005a 0E       		.uleb128 0xe
 1066 005b 0B       		.uleb128 0xb
 1067 005c 0B       		.uleb128 0xb
 1068 005d 3A       		.uleb128 0x3a
 1069 005e 0B       		.uleb128 0xb
 1070 005f 3B       		.uleb128 0x3b
 1071 0060 0B       		.uleb128 0xb
 1072 0061 01       		.uleb128 0x1
 1073 0062 13       		.uleb128 0x13
 1074 0063 00       		.byte	0
 1075 0064 00       		.byte	0
 1076 0065 0A       		.uleb128 0xa
 1077 0066 0D       		.uleb128 0xd
 1078 0067 00       		.byte	0
 1079 0068 03       		.uleb128 0x3
ARM GAS  C:\Users\Elis\AppData\Local\Temp\ccWInKDR.s 			page 20


 1080 0069 0E       		.uleb128 0xe
 1081 006a 3A       		.uleb128 0x3a
 1082 006b 0B       		.uleb128 0xb
 1083 006c 3B       		.uleb128 0x3b
 1084 006d 0B       		.uleb128 0xb
 1085 006e 49       		.uleb128 0x49
 1086 006f 13       		.uleb128 0x13
 1087 0070 38       		.uleb128 0x38
 1088 0071 0A       		.uleb128 0xa
 1089 0072 00       		.byte	0
 1090 0073 00       		.byte	0
 1091 0074 0B       		.uleb128 0xb
 1092 0075 15       		.uleb128 0x15
 1093 0076 01       		.byte	0x1
 1094 0077 27       		.uleb128 0x27
 1095 0078 0C       		.uleb128 0xc
 1096 0079 01       		.uleb128 0x1
 1097 007a 13       		.uleb128 0x13
 1098 007b 00       		.byte	0
 1099 007c 00       		.byte	0
 1100 007d 0C       		.uleb128 0xc
 1101 007e 05       		.uleb128 0x5
 1102 007f 00       		.byte	0
 1103 0080 49       		.uleb128 0x49
 1104 0081 13       		.uleb128 0x13
 1105 0082 00       		.byte	0
 1106 0083 00       		.byte	0
 1107 0084 0D       		.uleb128 0xd
 1108 0085 15       		.uleb128 0x15
 1109 0086 01       		.byte	0x1
 1110 0087 27       		.uleb128 0x27
 1111 0088 0C       		.uleb128 0xc
 1112 0089 49       		.uleb128 0x49
 1113 008a 13       		.uleb128 0x13
 1114 008b 01       		.uleb128 0x1
 1115 008c 13       		.uleb128 0x13
 1116 008d 00       		.byte	0
 1117 008e 00       		.byte	0
 1118 008f 0E       		.uleb128 0xe
 1119 0090 0D       		.uleb128 0xd
 1120 0091 00       		.byte	0
 1121 0092 03       		.uleb128 0x3
 1122 0093 08       		.uleb128 0x8
 1123 0094 3A       		.uleb128 0x3a
 1124 0095 0B       		.uleb128 0xb
 1125 0096 3B       		.uleb128 0x3b
 1126 0097 0B       		.uleb128 0xb
 1127 0098 49       		.uleb128 0x49
 1128 0099 13       		.uleb128 0x13
 1129 009a 38       		.uleb128 0x38
 1130 009b 0A       		.uleb128 0xa
 1131 009c 00       		.byte	0
 1132 009d 00       		.byte	0
 1133 009e 0F       		.uleb128 0xf
 1134 009f 2E       		.uleb128 0x2e
 1135 00a0 01       		.byte	0x1
 1136 00a1 03       		.uleb128 0x3
ARM GAS  C:\Users\Elis\AppData\Local\Temp\ccWInKDR.s 			page 21


 1137 00a2 0E       		.uleb128 0xe
 1138 00a3 3A       		.uleb128 0x3a
 1139 00a4 0B       		.uleb128 0xb
 1140 00a5 3B       		.uleb128 0x3b
 1141 00a6 0B       		.uleb128 0xb
 1142 00a7 27       		.uleb128 0x27
 1143 00a8 0C       		.uleb128 0xc
 1144 00a9 11       		.uleb128 0x11
 1145 00aa 01       		.uleb128 0x1
 1146 00ab 12       		.uleb128 0x12
 1147 00ac 01       		.uleb128 0x1
 1148 00ad 40       		.uleb128 0x40
 1149 00ae 06       		.uleb128 0x6
 1150 00af 9742     		.uleb128 0x2117
 1151 00b1 0C       		.uleb128 0xc
 1152 00b2 01       		.uleb128 0x1
 1153 00b3 13       		.uleb128 0x13
 1154 00b4 00       		.byte	0
 1155 00b5 00       		.byte	0
 1156 00b6 10       		.uleb128 0x10
 1157 00b7 05       		.uleb128 0x5
 1158 00b8 00       		.byte	0
 1159 00b9 03       		.uleb128 0x3
 1160 00ba 08       		.uleb128 0x8
 1161 00bb 3A       		.uleb128 0x3a
 1162 00bc 0B       		.uleb128 0xb
 1163 00bd 3B       		.uleb128 0x3b
 1164 00be 0B       		.uleb128 0xb
 1165 00bf 49       		.uleb128 0x49
 1166 00c0 13       		.uleb128 0x13
 1167 00c1 02       		.uleb128 0x2
 1168 00c2 06       		.uleb128 0x6
 1169 00c3 00       		.byte	0
 1170 00c4 00       		.byte	0
 1171 00c5 11       		.uleb128 0x11
 1172 00c6 05       		.uleb128 0x5
 1173 00c7 00       		.byte	0
 1174 00c8 03       		.uleb128 0x3
 1175 00c9 0E       		.uleb128 0xe
 1176 00ca 3A       		.uleb128 0x3a
 1177 00cb 0B       		.uleb128 0xb
 1178 00cc 3B       		.uleb128 0x3b
 1179 00cd 0B       		.uleb128 0xb
 1180 00ce 49       		.uleb128 0x49
 1181 00cf 13       		.uleb128 0x13
 1182 00d0 02       		.uleb128 0x2
 1183 00d1 06       		.uleb128 0x6
 1184 00d2 00       		.byte	0
 1185 00d3 00       		.byte	0
 1186 00d4 12       		.uleb128 0x12
 1187 00d5 05       		.uleb128 0x5
 1188 00d6 00       		.byte	0
 1189 00d7 03       		.uleb128 0x3
 1190 00d8 0E       		.uleb128 0xe
 1191 00d9 3A       		.uleb128 0x3a
 1192 00da 0B       		.uleb128 0xb
 1193 00db 3B       		.uleb128 0x3b
ARM GAS  C:\Users\Elis\AppData\Local\Temp\ccWInKDR.s 			page 22


 1194 00dc 0B       		.uleb128 0xb
 1195 00dd 49       		.uleb128 0x49
 1196 00de 13       		.uleb128 0x13
 1197 00df 02       		.uleb128 0x2
 1198 00e0 0A       		.uleb128 0xa
 1199 00e1 00       		.byte	0
 1200 00e2 00       		.byte	0
 1201 00e3 13       		.uleb128 0x13
 1202 00e4 34       		.uleb128 0x34
 1203 00e5 00       		.byte	0
 1204 00e6 03       		.uleb128 0x3
 1205 00e7 0E       		.uleb128 0xe
 1206 00e8 3A       		.uleb128 0x3a
 1207 00e9 0B       		.uleb128 0xb
 1208 00ea 3B       		.uleb128 0x3b
 1209 00eb 0B       		.uleb128 0xb
 1210 00ec 49       		.uleb128 0x49
 1211 00ed 13       		.uleb128 0x13
 1212 00ee 02       		.uleb128 0x2
 1213 00ef 0A       		.uleb128 0xa
 1214 00f0 00       		.byte	0
 1215 00f1 00       		.byte	0
 1216 00f2 14       		.uleb128 0x14
 1217 00f3 34       		.uleb128 0x34
 1218 00f4 00       		.byte	0
 1219 00f5 03       		.uleb128 0x3
 1220 00f6 08       		.uleb128 0x8
 1221 00f7 3A       		.uleb128 0x3a
 1222 00f8 0B       		.uleb128 0xb
 1223 00f9 3B       		.uleb128 0x3b
 1224 00fa 0B       		.uleb128 0xb
 1225 00fb 49       		.uleb128 0x49
 1226 00fc 13       		.uleb128 0x13
 1227 00fd 02       		.uleb128 0x2
 1228 00fe 06       		.uleb128 0x6
 1229 00ff 00       		.byte	0
 1230 0100 00       		.byte	0
 1231 0101 15       		.uleb128 0x15
 1232 0102 898201   		.uleb128 0x4109
 1233 0105 01       		.byte	0x1
 1234 0106 11       		.uleb128 0x11
 1235 0107 01       		.uleb128 0x1
 1236 0108 9342     		.uleb128 0x2113
 1237 010a 0A       		.uleb128 0xa
 1238 010b 00       		.byte	0
 1239 010c 00       		.byte	0
 1240 010d 16       		.uleb128 0x16
 1241 010e 8A8201   		.uleb128 0x410a
 1242 0111 00       		.byte	0
 1243 0112 02       		.uleb128 0x2
 1244 0113 0A       		.uleb128 0xa
 1245 0114 9142     		.uleb128 0x2111
 1246 0116 0A       		.uleb128 0xa
 1247 0117 00       		.byte	0
 1248 0118 00       		.byte	0
 1249 0119 17       		.uleb128 0x17
 1250 011a 2E       		.uleb128 0x2e
ARM GAS  C:\Users\Elis\AppData\Local\Temp\ccWInKDR.s 			page 23


 1251 011b 01       		.byte	0x1
 1252 011c 3F       		.uleb128 0x3f
 1253 011d 0C       		.uleb128 0xc
 1254 011e 03       		.uleb128 0x3
 1255 011f 0E       		.uleb128 0xe
 1256 0120 3A       		.uleb128 0x3a
 1257 0121 0B       		.uleb128 0xb
 1258 0122 3B       		.uleb128 0x3b
 1259 0123 0B       		.uleb128 0xb
 1260 0124 27       		.uleb128 0x27
 1261 0125 0C       		.uleb128 0xc
 1262 0126 49       		.uleb128 0x49
 1263 0127 13       		.uleb128 0x13
 1264 0128 11       		.uleb128 0x11
 1265 0129 01       		.uleb128 0x1
 1266 012a 12       		.uleb128 0x12
 1267 012b 01       		.uleb128 0x1
 1268 012c 40       		.uleb128 0x40
 1269 012d 06       		.uleb128 0x6
 1270 012e 9642     		.uleb128 0x2116
 1271 0130 0C       		.uleb128 0xc
 1272 0131 01       		.uleb128 0x1
 1273 0132 13       		.uleb128 0x13
 1274 0133 00       		.byte	0
 1275 0134 00       		.byte	0
 1276 0135 18       		.uleb128 0x18
 1277 0136 34       		.uleb128 0x34
 1278 0137 00       		.byte	0
 1279 0138 03       		.uleb128 0x3
 1280 0139 0E       		.uleb128 0xe
 1281 013a 3A       		.uleb128 0x3a
 1282 013b 0B       		.uleb128 0xb
 1283 013c 3B       		.uleb128 0x3b
 1284 013d 0B       		.uleb128 0xb
 1285 013e 49       		.uleb128 0x49
 1286 013f 13       		.uleb128 0x13
 1287 0140 02       		.uleb128 0x2
 1288 0141 06       		.uleb128 0x6
 1289 0142 00       		.byte	0
 1290 0143 00       		.byte	0
 1291 0144 19       		.uleb128 0x19
 1292 0145 2E       		.uleb128 0x2e
 1293 0146 01       		.byte	0x1
 1294 0147 3F       		.uleb128 0x3f
 1295 0148 0C       		.uleb128 0xc
 1296 0149 03       		.uleb128 0x3
 1297 014a 0E       		.uleb128 0xe
 1298 014b 3A       		.uleb128 0x3a
 1299 014c 0B       		.uleb128 0xb
 1300 014d 3B       		.uleb128 0x3b
 1301 014e 0B       		.uleb128 0xb
 1302 014f 27       		.uleb128 0x27
 1303 0150 0C       		.uleb128 0xc
 1304 0151 49       		.uleb128 0x49
 1305 0152 13       		.uleb128 0x13
 1306 0153 11       		.uleb128 0x11
 1307 0154 01       		.uleb128 0x1
ARM GAS  C:\Users\Elis\AppData\Local\Temp\ccWInKDR.s 			page 24


 1308 0155 12       		.uleb128 0x12
 1309 0156 01       		.uleb128 0x1
 1310 0157 40       		.uleb128 0x40
 1311 0158 06       		.uleb128 0x6
 1312 0159 9742     		.uleb128 0x2117
 1313 015b 0C       		.uleb128 0xc
 1314 015c 01       		.uleb128 0x1
 1315 015d 13       		.uleb128 0x13
 1316 015e 00       		.byte	0
 1317 015f 00       		.byte	0
 1318 0160 1A       		.uleb128 0x1a
 1319 0161 2E       		.uleb128 0x2e
 1320 0162 01       		.byte	0x1
 1321 0163 3F       		.uleb128 0x3f
 1322 0164 0C       		.uleb128 0xc
 1323 0165 03       		.uleb128 0x3
 1324 0166 0E       		.uleb128 0xe
 1325 0167 3A       		.uleb128 0x3a
 1326 0168 0B       		.uleb128 0xb
 1327 0169 3B       		.uleb128 0x3b
 1328 016a 0B       		.uleb128 0xb
 1329 016b 27       		.uleb128 0x27
 1330 016c 0C       		.uleb128 0xc
 1331 016d 11       		.uleb128 0x11
 1332 016e 01       		.uleb128 0x1
 1333 016f 12       		.uleb128 0x12
 1334 0170 01       		.uleb128 0x1
 1335 0171 40       		.uleb128 0x40
 1336 0172 06       		.uleb128 0x6
 1337 0173 9742     		.uleb128 0x2117
 1338 0175 0C       		.uleb128 0xc
 1339 0176 01       		.uleb128 0x1
 1340 0177 13       		.uleb128 0x13
 1341 0178 00       		.byte	0
 1342 0179 00       		.byte	0
 1343 017a 1B       		.uleb128 0x1b
 1344 017b 34       		.uleb128 0x34
 1345 017c 00       		.byte	0
 1346 017d 03       		.uleb128 0x3
 1347 017e 0E       		.uleb128 0xe
 1348 017f 3A       		.uleb128 0x3a
 1349 0180 0B       		.uleb128 0xb
 1350 0181 3B       		.uleb128 0x3b
 1351 0182 05       		.uleb128 0x5
 1352 0183 49       		.uleb128 0x49
 1353 0184 13       		.uleb128 0x13
 1354 0185 3F       		.uleb128 0x3f
 1355 0186 0C       		.uleb128 0xc
 1356 0187 3C       		.uleb128 0x3c
 1357 0188 0C       		.uleb128 0xc
 1358 0189 00       		.byte	0
 1359 018a 00       		.byte	0
 1360 018b 00       		.byte	0
 1361              		.section	.debug_loc,"",%progbits
 1362              	.Ldebug_loc0:
 1363              	.LLST0:
 1364 0000 00000000 		.4byte	.LFB118
ARM GAS  C:\Users\Elis\AppData\Local\Temp\ccWInKDR.s 			page 25


 1365 0004 04000000 		.4byte	.LCFI0
 1366 0008 0200     		.2byte	0x2
 1367 000a 7D       		.byte	0x7d
 1368 000b 00       		.sleb128 0
 1369 000c 04000000 		.4byte	.LCFI0
 1370 0010 06000000 		.4byte	.LCFI1
 1371 0014 0200     		.2byte	0x2
 1372 0016 7D       		.byte	0x7d
 1373 0017 20       		.sleb128 32
 1374 0018 06000000 		.4byte	.LCFI1
 1375 001c 54000000 		.4byte	.LFE118
 1376 0020 0200     		.2byte	0x2
 1377 0022 7D       		.byte	0x7d
 1378 0023 28       		.sleb128 40
 1379 0024 00000000 		.4byte	0
 1380 0028 00000000 		.4byte	0
 1381              	.LLST1:
 1382 002c 00000000 		.4byte	.LVL0
 1383 0030 1E000000 		.4byte	.LVL3
 1384 0034 0100     		.2byte	0x1
 1385 0036 50       		.byte	0x50
 1386 0037 1E000000 		.4byte	.LVL3
 1387 003b 28000000 		.4byte	.LVL6
 1388 003f 0400     		.2byte	0x4
 1389 0041 F3       		.byte	0xf3
 1390 0042 01       		.uleb128 0x1
 1391 0043 50       		.byte	0x50
 1392 0044 9F       		.byte	0x9f
 1393 0045 28000000 		.4byte	.LVL6
 1394 0049 30000000 		.4byte	.LVL8
 1395 004d 0100     		.2byte	0x1
 1396 004f 50       		.byte	0x50
 1397 0050 30000000 		.4byte	.LVL8
 1398 0054 54000000 		.4byte	.LFE118
 1399 0058 0100     		.2byte	0x1
 1400 005a 58       		.byte	0x58
 1401 005b 00000000 		.4byte	0
 1402 005f 00000000 		.4byte	0
 1403              	.LLST2:
 1404 0063 00000000 		.4byte	.LVL0
 1405 0067 22000000 		.4byte	.LVL4
 1406 006b 0100     		.2byte	0x1
 1407 006d 51       		.byte	0x51
 1408 006e 22000000 		.4byte	.LVL4
 1409 0072 2C000000 		.4byte	.LVL7
 1410 0076 0400     		.2byte	0x4
 1411 0078 F3       		.byte	0xf3
 1412 0079 01       		.uleb128 0x1
 1413 007a 51       		.byte	0x51
 1414 007b 9F       		.byte	0x9f
 1415 007c 2C000000 		.4byte	.LVL7
 1416 0080 30000000 		.4byte	.LVL8
 1417 0084 0100     		.2byte	0x1
 1418 0086 51       		.byte	0x51
 1419 0087 30000000 		.4byte	.LVL8
 1420 008b 54000000 		.4byte	.LFE118
 1421 008f 0100     		.2byte	0x1
ARM GAS  C:\Users\Elis\AppData\Local\Temp\ccWInKDR.s 			page 26


 1422 0091 59       		.byte	0x59
 1423 0092 00000000 		.4byte	0
 1424 0096 00000000 		.4byte	0
 1425              	.LLST3:
 1426 009a 00000000 		.4byte	.LVL0
 1427 009e 1A000000 		.4byte	.LVL2
 1428 00a2 0100     		.2byte	0x1
 1429 00a4 52       		.byte	0x52
 1430 00a5 1A000000 		.4byte	.LVL2
 1431 00a9 24000000 		.4byte	.LVL5
 1432 00ad 0400     		.2byte	0x4
 1433 00af F3       		.byte	0xf3
 1434 00b0 01       		.uleb128 0x1
 1435 00b1 52       		.byte	0x52
 1436 00b2 9F       		.byte	0x9f
 1437 00b3 24000000 		.4byte	.LVL5
 1438 00b7 30000000 		.4byte	.LVL8
 1439 00bb 0100     		.2byte	0x1
 1440 00bd 52       		.byte	0x52
 1441 00be 30000000 		.4byte	.LVL8
 1442 00c2 54000000 		.4byte	.LFE118
 1443 00c6 0100     		.2byte	0x1
 1444 00c8 57       		.byte	0x57
 1445 00c9 00000000 		.4byte	0
 1446 00cd 00000000 		.4byte	0
 1447              	.LLST4:
 1448 00d1 00000000 		.4byte	.LVL0
 1449 00d5 30000000 		.4byte	.LVL8
 1450 00d9 0100     		.2byte	0x1
 1451 00db 53       		.byte	0x53
 1452 00dc 30000000 		.4byte	.LVL8
 1453 00e0 54000000 		.4byte	.LFE118
 1454 00e4 0400     		.2byte	0x4
 1455 00e6 F3       		.byte	0xf3
 1456 00e7 01       		.uleb128 0x1
 1457 00e8 53       		.byte	0x53
 1458 00e9 9F       		.byte	0x9f
 1459 00ea 00000000 		.4byte	0
 1460 00ee 00000000 		.4byte	0
 1461              	.LLST5:
 1462 00f2 2C000000 		.4byte	.LVL7
 1463 00f6 30000000 		.4byte	.LVL8
 1464 00fa 0200     		.2byte	0x2
 1465 00fc 30       		.byte	0x30
 1466 00fd 9F       		.byte	0x9f
 1467 00fe 4A000000 		.4byte	.LVL10
 1468 0102 4E000000 		.4byte	.LVL11
 1469 0106 0100     		.2byte	0x1
 1470 0108 54       		.byte	0x54
 1471 0109 00000000 		.4byte	0
 1472 010d 00000000 		.4byte	0
 1473              	.LLST6:
 1474 0111 00000000 		.4byte	.LFB119
 1475 0115 02000000 		.4byte	.LCFI2
 1476 0119 0200     		.2byte	0x2
 1477 011b 7D       		.byte	0x7d
 1478 011c 00       		.sleb128 0
ARM GAS  C:\Users\Elis\AppData\Local\Temp\ccWInKDR.s 			page 27


 1479 011d 02000000 		.4byte	.LCFI2
 1480 0121 16000000 		.4byte	.LFE119
 1481 0125 0200     		.2byte	0x2
 1482 0127 7D       		.byte	0x7d
 1483 0128 08       		.sleb128 8
 1484 0129 00000000 		.4byte	0
 1485 012d 00000000 		.4byte	0
 1486              	.LLST7:
 1487 0131 00000000 		.4byte	.LVL12
 1488 0135 06000000 		.4byte	.LVL14
 1489 0139 0100     		.2byte	0x1
 1490 013b 50       		.byte	0x50
 1491 013c 06000000 		.4byte	.LVL14
 1492 0140 16000000 		.4byte	.LFE119
 1493 0144 0100     		.2byte	0x1
 1494 0146 54       		.byte	0x54
 1495 0147 00000000 		.4byte	0
 1496 014b 00000000 		.4byte	0
 1497              	.LLST8:
 1498 014f 00000000 		.4byte	.LVL12
 1499 0153 09000000 		.4byte	.LVL15-1
 1500 0157 0100     		.2byte	0x1
 1501 0159 51       		.byte	0x51
 1502 015a 09000000 		.4byte	.LVL15-1
 1503 015e 16000000 		.4byte	.LFE119
 1504 0162 0400     		.2byte	0x4
 1505 0164 F3       		.byte	0xf3
 1506 0165 01       		.uleb128 0x1
 1507 0166 51       		.byte	0x51
 1508 0167 9F       		.byte	0x9f
 1509 0168 00000000 		.4byte	0
 1510 016c 00000000 		.4byte	0
 1511              	.LLST9:
 1512 0170 04000000 		.4byte	.LVL13
 1513 0174 06000000 		.4byte	.LVL14
 1514 0178 0100     		.2byte	0x1
 1515 017a 50       		.byte	0x50
 1516 017b 06000000 		.4byte	.LVL14
 1517 017f 16000000 		.4byte	.LFE119
 1518 0183 0100     		.2byte	0x1
 1519 0185 54       		.byte	0x54
 1520 0186 00000000 		.4byte	0
 1521 018a 00000000 		.4byte	0
 1522              	.LLST10:
 1523 018e 0A000000 		.4byte	.LVL15
 1524 0192 12000000 		.4byte	.LVL16
 1525 0196 0100     		.2byte	0x1
 1526 0198 50       		.byte	0x50
 1527 0199 00000000 		.4byte	0
 1528 019d 00000000 		.4byte	0
 1529              	.LLST11:
 1530 01a1 00000000 		.4byte	.LFB120
 1531 01a5 02000000 		.4byte	.LCFI3
 1532 01a9 0200     		.2byte	0x2
 1533 01ab 7D       		.byte	0x7d
 1534 01ac 00       		.sleb128 0
 1535 01ad 02000000 		.4byte	.LCFI3
ARM GAS  C:\Users\Elis\AppData\Local\Temp\ccWInKDR.s 			page 28


 1536 01b1 04000000 		.4byte	.LCFI4
 1537 01b5 0200     		.2byte	0x2
 1538 01b7 7D       		.byte	0x7d
 1539 01b8 10       		.sleb128 16
 1540 01b9 04000000 		.4byte	.LCFI4
 1541 01bd 4C000000 		.4byte	.LFE120
 1542 01c1 0200     		.2byte	0x2
 1543 01c3 7D       		.byte	0x7d
 1544 01c4 28       		.sleb128 40
 1545 01c5 00000000 		.4byte	0
 1546 01c9 00000000 		.4byte	0
 1547              	.LLST12:
 1548 01cd 00000000 		.4byte	.LVL17
 1549 01d1 1E000000 		.4byte	.LVL21
 1550 01d5 0100     		.2byte	0x1
 1551 01d7 50       		.byte	0x50
 1552 01d8 1E000000 		.4byte	.LVL21
 1553 01dc 4C000000 		.4byte	.LFE120
 1554 01e0 0100     		.2byte	0x1
 1555 01e2 54       		.byte	0x54
 1556 01e3 00000000 		.4byte	0
 1557 01e7 00000000 		.4byte	0
 1558              	.LLST13:
 1559 01eb 00000000 		.4byte	.LVL17
 1560 01ef 12000000 		.4byte	.LVL19
 1561 01f3 0100     		.2byte	0x1
 1562 01f5 51       		.byte	0x51
 1563 01f6 12000000 		.4byte	.LVL19
 1564 01fa 3D000000 		.4byte	.LVL22-1
 1565 01fe 0200     		.2byte	0x2
 1566 0200 91       		.byte	0x91
 1567 0201 6A       		.sleb128 -22
 1568 0202 3D000000 		.4byte	.LVL22-1
 1569 0206 4C000000 		.4byte	.LFE120
 1570 020a 0400     		.2byte	0x4
 1571 020c F3       		.byte	0xf3
 1572 020d 01       		.uleb128 0x1
 1573 020e 51       		.byte	0x51
 1574 020f 9F       		.byte	0x9f
 1575 0210 00000000 		.4byte	0
 1576 0214 00000000 		.4byte	0
 1577              	.LLST14:
 1578 0218 00000000 		.4byte	.LVL17
 1579 021c 14000000 		.4byte	.LVL20
 1580 0220 0100     		.2byte	0x1
 1581 0222 52       		.byte	0x52
 1582 0223 14000000 		.4byte	.LVL20
 1583 0227 3D000000 		.4byte	.LVL22-1
 1584 022b 0200     		.2byte	0x2
 1585 022d 91       		.byte	0x91
 1586 022e 6C       		.sleb128 -20
 1587 022f 3D000000 		.4byte	.LVL22-1
 1588 0233 4C000000 		.4byte	.LFE120
 1589 0237 0400     		.2byte	0x4
 1590 0239 F3       		.byte	0xf3
 1591 023a 01       		.uleb128 0x1
 1592 023b 52       		.byte	0x52
ARM GAS  C:\Users\Elis\AppData\Local\Temp\ccWInKDR.s 			page 29


 1593 023c 9F       		.byte	0x9f
 1594 023d 00000000 		.4byte	0
 1595 0241 00000000 		.4byte	0
 1596              	.LLST15:
 1597 0245 00000000 		.4byte	.LVL17
 1598 0249 3D000000 		.4byte	.LVL22-1
 1599 024d 0100     		.2byte	0x1
 1600 024f 53       		.byte	0x53
 1601 0250 3D000000 		.4byte	.LVL22-1
 1602 0254 4C000000 		.4byte	.LFE120
 1603 0258 0400     		.2byte	0x4
 1604 025a F3       		.byte	0xf3
 1605 025b 01       		.uleb128 0x1
 1606 025c 53       		.byte	0x53
 1607 025d 9F       		.byte	0x9f
 1608 025e 00000000 		.4byte	0
 1609 0262 00000000 		.4byte	0
 1610              	.LLST16:
 1611 0266 06000000 		.4byte	.LVL18
 1612 026a 1E000000 		.4byte	.LVL21
 1613 026e 0100     		.2byte	0x1
 1614 0270 50       		.byte	0x50
 1615 0271 1E000000 		.4byte	.LVL21
 1616 0275 4C000000 		.4byte	.LFE120
 1617 0279 0100     		.2byte	0x1
 1618 027b 54       		.byte	0x54
 1619 027c 00000000 		.4byte	0
 1620 0280 00000000 		.4byte	0
 1621              	.LLST17:
 1622 0284 3E000000 		.4byte	.LVL22
 1623 0288 46000000 		.4byte	.LVL23
 1624 028c 0100     		.2byte	0x1
 1625 028e 50       		.byte	0x50
 1626 028f 00000000 		.4byte	0
 1627 0293 00000000 		.4byte	0
 1628              	.LLST18:
 1629 0297 00000000 		.4byte	.LFB121
 1630 029b 04000000 		.4byte	.LCFI5
 1631 029f 0200     		.2byte	0x2
 1632 02a1 7D       		.byte	0x7d
 1633 02a2 00       		.sleb128 0
 1634 02a3 04000000 		.4byte	.LCFI5
 1635 02a7 7E000000 		.4byte	.LFE121
 1636 02ab 0200     		.2byte	0x2
 1637 02ad 7D       		.byte	0x7d
 1638 02ae 18       		.sleb128 24
 1639 02af 00000000 		.4byte	0
 1640 02b3 00000000 		.4byte	0
 1641              	.LLST19:
 1642 02b7 00000000 		.4byte	.LVL24
 1643 02bb 10000000 		.4byte	.LVL25
 1644 02bf 0100     		.2byte	0x1
 1645 02c1 50       		.byte	0x50
 1646 02c2 10000000 		.4byte	.LVL25
 1647 02c6 7E000000 		.4byte	.LFE121
 1648 02ca 0100     		.2byte	0x1
 1649 02cc 54       		.byte	0x54
ARM GAS  C:\Users\Elis\AppData\Local\Temp\ccWInKDR.s 			page 30


 1650 02cd 00000000 		.4byte	0
 1651 02d1 00000000 		.4byte	0
 1652              	.LLST20:
 1653 02d5 00000000 		.4byte	.LVL24
 1654 02d9 10000000 		.4byte	.LVL25
 1655 02dd 0100     		.2byte	0x1
 1656 02df 51       		.byte	0x51
 1657 02e0 10000000 		.4byte	.LVL25
 1658 02e4 48000000 		.4byte	.LVL26
 1659 02e8 0100     		.2byte	0x1
 1660 02ea 58       		.byte	0x58
 1661 02eb 48000000 		.4byte	.LVL26
 1662 02ef 7E000000 		.4byte	.LFE121
 1663 02f3 0200     		.2byte	0x2
 1664 02f5 74       		.byte	0x74
 1665 02f6 1C       		.sleb128 28
 1666 02f7 00000000 		.4byte	0
 1667 02fb 00000000 		.4byte	0
 1668              	.LLST21:
 1669 02ff 00000000 		.4byte	.LVL24
 1670 0303 10000000 		.4byte	.LVL25
 1671 0307 0100     		.2byte	0x1
 1672 0309 52       		.byte	0x52
 1673 030a 10000000 		.4byte	.LVL25
 1674 030e 7E000000 		.4byte	.LFE121
 1675 0312 0400     		.2byte	0x4
 1676 0314 F3       		.byte	0xf3
 1677 0315 01       		.uleb128 0x1
 1678 0316 52       		.byte	0x52
 1679 0317 9F       		.byte	0x9f
 1680 0318 00000000 		.4byte	0
 1681 031c 00000000 		.4byte	0
 1682              	.LLST22:
 1683 0320 00000000 		.4byte	.LVL24
 1684 0324 10000000 		.4byte	.LVL25
 1685 0328 0100     		.2byte	0x1
 1686 032a 53       		.byte	0x53
 1687 032b 10000000 		.4byte	.LVL25
 1688 032f 7E000000 		.4byte	.LFE121
 1689 0333 0400     		.2byte	0x4
 1690 0335 F3       		.byte	0xf3
 1691 0336 01       		.uleb128 0x1
 1692 0337 53       		.byte	0x53
 1693 0338 9F       		.byte	0x9f
 1694 0339 00000000 		.4byte	0
 1695 033d 00000000 		.4byte	0
 1696              		.section	.debug_aranges,"",%progbits
 1697 0000 34000000 		.4byte	0x34
 1698 0004 0200     		.2byte	0x2
 1699 0006 00000000 		.4byte	.Ldebug_info0
 1700 000a 04       		.byte	0x4
 1701 000b 00       		.byte	0
 1702 000c 0000     		.2byte	0
 1703 000e 0000     		.2byte	0
 1704 0010 00000000 		.4byte	.LFB118
 1705 0014 54000000 		.4byte	.LFE118-.LFB118
 1706 0018 00000000 		.4byte	.LFB119
ARM GAS  C:\Users\Elis\AppData\Local\Temp\ccWInKDR.s 			page 31


 1707 001c 16000000 		.4byte	.LFE119-.LFB119
 1708 0020 00000000 		.4byte	.LFB120
 1709 0024 4C000000 		.4byte	.LFE120-.LFB120
 1710 0028 00000000 		.4byte	.LFB121
 1711 002c 7E000000 		.4byte	.LFE121-.LFB121
 1712 0030 00000000 		.4byte	0
 1713 0034 00000000 		.4byte	0
 1714              		.section	.debug_ranges,"",%progbits
 1715              	.Ldebug_ranges0:
 1716 0000 00000000 		.4byte	.LFB118
 1717 0004 54000000 		.4byte	.LFE118
 1718 0008 00000000 		.4byte	.LFB119
 1719 000c 16000000 		.4byte	.LFE119
 1720 0010 00000000 		.4byte	.LFB120
 1721 0014 4C000000 		.4byte	.LFE120
 1722 0018 00000000 		.4byte	.LFB121
 1723 001c 7E000000 		.4byte	.LFE121
 1724 0020 00000000 		.4byte	0
 1725 0024 00000000 		.4byte	0
 1726              		.section	.debug_line,"",%progbits
 1727              	.Ldebug_line0:
 1728 0000 DF010000 		.section	.debug_str,"MS",%progbits,1
 1728      02003D01 
 1728      00000201 
 1728      FB0E0D00 
 1728      01010101 
 1729              	.LASF41:
 1730 0000 73746174 		.ascii	"state\000"
 1730      6500
 1731              	.LASF12:
 1732 0006 5F426F6F 		.ascii	"_Bool\000"
 1732      6C00
 1733              	.LASF43:
 1734 000c 63686172 		.ascii	"character\000"
 1734      61637465 
 1734      7200
 1735              	.LASF39:
 1736 0016 636F756E 		.ascii	"count\000"
 1736      7400
 1737              	.LASF19:
 1738 001c 6D696E5F 		.ascii	"min_x_advance\000"
 1738      785F6164 
 1738      76616E63 
 1738      6500
 1739              	.LASF6:
 1740 002a 73686F72 		.ascii	"short unsigned int\000"
 1740      7420756E 
 1740      7369676E 
 1740      65642069 
 1740      6E7400
 1741              	.LASF26:
 1742 003d 63686172 		.ascii	"character_width\000"
 1742      61637465 
 1742      725F7769 
 1742      64746800 
 1743              	.LASF52:
 1744 004d 433A5C43 		.ascii	"C:\\ChibiStudio\\workspace26\\Mobile_phone\000"
ARM GAS  C:\Users\Elis\AppData\Local\Temp\ccWInKDR.s 			page 32


 1744      68696269 
 1744      53747564 
 1744      696F5C77 
 1744      6F726B73 
 1745              	.LASF34:
 1746 0075 785F7363 		.ascii	"x_scale\000"
 1746      616C6500 
 1747              	.LASF11:
 1748 007d 6C6F6E67 		.ascii	"long long unsigned int\000"
 1748      206C6F6E 
 1748      6720756E 
 1748      7369676E 
 1748      65642069 
 1749              	.LASF15:
 1750 0094 66756C6C 		.ascii	"full_name\000"
 1750      5F6E616D 
 1750      6500
 1751              	.LASF37:
 1752 009e 6F726967 		.ascii	"orig_callback\000"
 1752      5F63616C 
 1752      6C626163 
 1752      6B00
 1753              	.LASF28:
 1754 00ac 6D665F63 		.ascii	"mf_char\000"
 1754      68617200 
 1755              	.LASF32:
 1756 00b4 666F6E74 		.ascii	"font\000"
 1756      00
 1757              	.LASF9:
 1758 00b9 6C6F6E67 		.ascii	"long unsigned int\000"
 1758      20756E73 
 1758      69676E65 
 1758      6420696E 
 1758      7400
 1759              	.LASF35:
 1760 00cb 795F7363 		.ascii	"y_scale\000"
 1760      616C6500 
 1761              	.LASF48:
 1762 00d3 63616C6C 		.ascii	"callback\000"
 1762      6261636B 
 1762      00
 1763              	.LASF30:
 1764 00dc 6D665F66 		.ascii	"mf_font_s\000"
 1764      6F6E745F 
 1764      7300
 1765              	.LASF55:
 1766 00e6 49544D5F 		.ascii	"ITM_RxBuffer\000"
 1766      52784275 
 1766      66666572 
 1766      00
 1767              	.LASF42:
 1768 00f3 72737461 		.ascii	"rstate\000"
 1768      746500
 1769              	.LASF31:
 1770 00fa 6D665F73 		.ascii	"mf_scaledfont_s\000"
 1770      63616C65 
 1770      64666F6E 
ARM GAS  C:\Users\Elis\AppData\Local\Temp\ccWInKDR.s 			page 33


 1770      745F7300 
 1771              	.LASF45:
 1772 010a 62617365 		.ascii	"basewidth\000"
 1772      77696474 
 1772      6800
 1773              	.LASF54:
 1774 0114 6D665F73 		.ascii	"mf_scale_font\000"
 1774      63616C65 
 1774      5F666F6E 
 1774      7400
 1775              	.LASF20:
 1776 0122 6D61785F 		.ascii	"max_x_advance\000"
 1776      785F6164 
 1776      76616E63 
 1776      6500
 1777              	.LASF33:
 1778 0130 62617365 		.ascii	"basefont\000"
 1778      666F6E74 
 1778      00
 1779              	.LASF18:
 1780 0139 68656967 		.ascii	"height\000"
 1780      687400
 1781              	.LASF36:
 1782 0140 7363616C 		.ascii	"scaled_renderstate\000"
 1782      65645F72 
 1782      656E6465 
 1782      72737461 
 1782      746500
 1783              	.LASF25:
 1784 0153 66616C6C 		.ascii	"fallback_character\000"
 1784      6261636B 
 1784      5F636861 
 1784      72616374 
 1784      657200
 1785              	.LASF2:
 1786 0166 756E7369 		.ascii	"unsigned char\000"
 1786      676E6564 
 1786      20636861 
 1786      7200
 1787              	.LASF0:
 1788 0174 756E7369 		.ascii	"unsigned int\000"
 1788      676E6564 
 1788      20696E74 
 1788      00
 1789              	.LASF24:
 1790 0181 666C6167 		.ascii	"flags\000"
 1790      7300
 1791              	.LASF14:
 1792 0187 63686172 		.ascii	"char\000"
 1792      00
 1793              	.LASF3:
 1794 018c 75696E74 		.ascii	"uint8_t\000"
 1794      385F7400 
 1795              	.LASF23:
 1796 0194 6C696E65 		.ascii	"line_height\000"
 1796      5F686569 
 1796      67687400 
ARM GAS  C:\Users\Elis\AppData\Local\Temp\ccWInKDR.s 			page 34


 1797              	.LASF4:
 1798 01a0 696E7431 		.ascii	"int16_t\000"
 1798      365F7400 
 1799              	.LASF53:
 1800 01a8 7363616C 		.ascii	"scaled_pixel_callback\000"
 1800      65645F70 
 1800      6978656C 
 1800      5F63616C 
 1800      6C626163 
 1801              	.LASF29:
 1802 01be 6D665F70 		.ascii	"mf_pixel_callback_t\000"
 1802      6978656C 
 1802      5F63616C 
 1802      6C626163 
 1802      6B5F7400 
 1803              	.LASF7:
 1804 01d2 696E7433 		.ascii	"int32_t\000"
 1804      325F7400 
 1805              	.LASF13:
 1806 01da 73697A65 		.ascii	"sizetype\000"
 1806      74797065 
 1806      00
 1807              	.LASF27:
 1808 01e3 72656E64 		.ascii	"render_character\000"
 1808      65725F63 
 1808      68617261 
 1808      63746572 
 1808      00
 1809              	.LASF10:
 1810 01f4 6C6F6E67 		.ascii	"long long int\000"
 1810      206C6F6E 
 1810      6720696E 
 1810      7400
 1811              	.LASF51:
 1812 0202 2E2E2F2E 		.ascii	"../../ugfx/src/gdisp/mcufont/mf_scaledfont.c\000"
 1812      2E2F7567 
 1812      66782F73 
 1812      72632F67 
 1812      64697370 
 1813              	.LASF50:
 1814 022f 474E5520 		.ascii	"GNU C 4.7.4 20140401 (release) [ARM/embedded-4_7-br"
 1814      4320342E 
 1814      372E3420 
 1814      32303134 
 1814      30343031 
 1815 0262 616E6368 		.ascii	"anch revision 209195]\000"
 1815      20726576 
 1815      6973696F 
 1815      6E203230 
 1815      39313935 
 1816              	.LASF21:
 1817 0278 62617365 		.ascii	"baseline_x\000"
 1817      6C696E65 
 1817      5F7800
 1818              	.LASF22:
 1819 0283 62617365 		.ascii	"baseline_y\000"
 1819      6C696E65 
ARM GAS  C:\Users\Elis\AppData\Local\Temp\ccWInKDR.s 			page 35


 1819      5F7900
 1820              	.LASF17:
 1821 028e 77696474 		.ascii	"width\000"
 1821      6800
 1822              	.LASF5:
 1823 0294 73686F72 		.ascii	"short int\000"
 1823      7420696E 
 1823      7400
 1824              	.LASF38:
 1825 029e 6F726967 		.ascii	"orig_state\000"
 1825      5F737461 
 1825      746500
 1826              	.LASF49:
 1827 02a9 6E657766 		.ascii	"newfont\000"
 1827      6F6E7400 
 1828              	.LASF8:
 1829 02b1 6C6F6E67 		.ascii	"long int\000"
 1829      20696E74 
 1829      00
 1830              	.LASF44:
 1831 02ba 73666F6E 		.ascii	"sfont\000"
 1831      7400
 1832              	.LASF1:
 1833 02c0 7369676E 		.ascii	"signed char\000"
 1833      65642063 
 1833      68617200 
 1834              	.LASF47:
 1835 02cc 6D665F73 		.ascii	"mf_scaled_render_character\000"
 1835      63616C65 
 1835      645F7265 
 1835      6E646572 
 1835      5F636861 
 1836              	.LASF40:
 1837 02e7 616C7068 		.ascii	"alpha\000"
 1837      6100
 1838              	.LASF16:
 1839 02ed 73686F72 		.ascii	"short_name\000"
 1839      745F6E61 
 1839      6D6500
 1840              	.LASF46:
 1841 02f8 6D665F73 		.ascii	"mf_scaled_character_width\000"
 1841      63616C65 
 1841      645F6368 
 1841      61726163 
 1841      7465725F 
 1842              		.ident	"GCC: (GNU Tools for ARM Embedded Processors) 4.7.4 20140401 (release) [ARM/embedded-4_7-br
ARM GAS  C:\Users\Elis\AppData\Local\Temp\ccWInKDR.s 			page 36


DEFINED SYMBOLS
                            *ABS*:00000000 mf_scaledfont.c
C:\Users\Elis\AppData\Local\Temp\ccWInKDR.s:19     .text.scaled_pixel_callback:00000000 $t
C:\Users\Elis\AppData\Local\Temp\ccWInKDR.s:24     .text.scaled_pixel_callback:00000000 scaled_pixel_callback
C:\Users\Elis\AppData\Local\Temp\ccWInKDR.s:107    .text.mf_scaled_character_width:00000000 $t
C:\Users\Elis\AppData\Local\Temp\ccWInKDR.s:113    .text.mf_scaled_character_width:00000000 mf_scaled_character_width
C:\Users\Elis\AppData\Local\Temp\ccWInKDR.s:145    .text.mf_scaled_render_character:00000000 $t
C:\Users\Elis\AppData\Local\Temp\ccWInKDR.s:151    .text.mf_scaled_render_character:00000000 mf_scaled_render_character
C:\Users\Elis\AppData\Local\Temp\ccWInKDR.s:223    .text.mf_scale_font:00000000 $t
C:\Users\Elis\AppData\Local\Temp\ccWInKDR.s:229    .text.mf_scale_font:00000000 mf_scale_font
                     .debug_frame:00000010 $d

NO UNDEFINED SYMBOLS
