ARM GAS  C:\Users\Elis\AppData\Local\Temp\ccYRzfvc.s 			page 1


   1              		.syntax unified
   2              		.cpu cortex-m4
   3              		.fpu softvfp
   4              		.eabi_attribute 20, 1
   5              		.eabi_attribute 21, 1
   6              		.eabi_attribute 23, 3
   7              		.eabi_attribute 24, 1
   8              		.eabi_attribute 25, 1
   9              		.eabi_attribute 26, 1
  10              		.eabi_attribute 30, 2
  11              		.eabi_attribute 34, 1
  12              		.eabi_attribute 18, 4
  13              		.thumb
  14              		.file	"pwm.c"
  15              		.text
  16              	.Ltext0:
  17              		.cfi_sections	.debug_frame
  18              		.section	.text.pwmInit,"ax",%progbits
  19              		.align	2
  20              		.p2align 4,,15
  21              		.global	pwmInit
  22              		.thumb
  23              		.thumb_func
  24              		.type	pwmInit, %function
  25              	pwmInit:
  26              	.LFB118:
  27              		.file 1 "../../chibios/os/hal/src/pwm.c"
  28              		.loc 1 68 0
  29              		.cfi_startproc
  30              		@ args = 0, pretend = 0, frame = 0
  31              		@ frame_needed = 0, uses_anonymous_args = 0
  32              		@ link register save eliminated.
  33              		.loc 1 71 0
  34              		.loc 1 70 0
  35 0000 FFF7FEBF 		b	pwm_lld_init
  36              	.LVL0:
  37              		.cfi_endproc
  38              	.LFE118:
  39              		.size	pwmInit, .-pwmInit
  40 0004 AFF30080 		.section	.text.pwmObjectInit,"ax",%progbits
  40      AFF30080 
  40      AFF30080 
  41              		.align	2
  42              		.p2align 4,,15
  43              		.global	pwmObjectInit
  44              		.thumb
  45              		.thumb_func
  46              		.type	pwmObjectInit, %function
  47              	pwmObjectInit:
  48              	.LFB119:
  49              		.loc 1 80 0
  50              		.cfi_startproc
  51              		@ args = 0, pretend = 0, frame = 0
  52              		@ frame_needed = 0, uses_anonymous_args = 0
  53              		@ link register save eliminated.
  54              	.LVL1:
  55              		.loc 1 82 0
ARM GAS  C:\Users\Elis\AppData\Local\Temp\ccYRzfvc.s 			page 2


  56 0000 0123     		movs	r3, #1
  57              		.loc 1 83 0
  58 0002 0021     		movs	r1, #0
  59              		.loc 1 82 0
  60 0004 0370     		strb	r3, [r0, #0]
  61              		.loc 1 83 0
  62 0006 4160     		str	r1, [r0, #4]
  63 0008 7047     		bx	lr
  64              		.cfi_endproc
  65              	.LFE119:
  66              		.size	pwmObjectInit, .-pwmObjectInit
  67 000a 00BFAFF3 		.section	.text.pwmStart,"ax",%progbits
  67      0080
  68              		.align	2
  69              		.p2align 4,,15
  70              		.global	pwmStart
  71              		.thumb
  72              		.thumb_func
  73              		.type	pwmStart, %function
  74              	pwmStart:
  75              	.LFB120:
  76              		.loc 1 99 0
  77              		.cfi_startproc
  78              		@ args = 0, pretend = 0, frame = 0
  79              		@ frame_needed = 0, uses_anonymous_args = 0
  80              	.LVL2:
  81 0000 38B5     		push	{r3, r4, r5, lr}
  82              	.LCFI0:
  83              		.cfi_def_cfa_offset 16
  84              		.cfi_offset 3, -16
  85              		.cfi_offset 4, -12
  86              		.cfi_offset 5, -8
  87              		.cfi_offset 14, -4
  88              		.loc 1 99 0
  89 0002 0446     		mov	r4, r0
  90 0004 0D46     		mov	r5, r1
  91              	.LBB2:
  92              		.loc 1 103 0
  93 0006 2023     		movs	r3, #32
  94              	.LVL3:
  95              	@ 103 "../../chibios/os/hal/src/pwm.c" 1
  96 0008 83F31188 		msr     BASEPRI, r3
  97              	@ 0 "" 2
  98              	.LVL4:
  99              		.thumb
 100              	.LBE2:
 101 000c FFF7FEFF 		bl	dbg_check_lock
 102              	.LVL5:
 103              		.loc 1 107 0
 104 0010 AB88     		ldrh	r3, [r5, #4]
 105              		.loc 1 106 0
 106 0012 6560     		str	r5, [r4, #4]
 107              		.loc 1 107 0
 108 0014 2381     		strh	r3, [r4, #8]	@ movhi
 109              		.loc 1 108 0
 110 0016 2046     		mov	r0, r4
 111 0018 FFF7FEFF 		bl	pwm_lld_start
ARM GAS  C:\Users\Elis\AppData\Local\Temp\ccYRzfvc.s 			page 3


 112              	.LVL6:
 113              		.loc 1 109 0
 114 001c 0220     		movs	r0, #2
 115 001e 2070     		strb	r0, [r4, #0]
 116              		.loc 1 110 0
 117 0020 FFF7FEFF 		bl	dbg_check_unlock
 118              	.LVL7:
 119              	.LBB3:
 120 0024 0023     		movs	r3, #0
 121              	.LVL8:
 122              	@ 110 "../../chibios/os/hal/src/pwm.c" 1
 123 0026 83F31188 		msr     BASEPRI, r3
 124              	@ 0 "" 2
 125              	.LVL9:
 126              		.thumb
 127 002a 38BD     		pop	{r3, r4, r5, pc}
 128              	.LBE3:
 129              		.cfi_endproc
 130              	.LFE120:
 131              		.size	pwmStart, .-pwmStart
 132 002c AFF30080 		.section	.text.pwmStop,"ax",%progbits
 133              		.align	2
 134              		.p2align 4,,15
 135              		.global	pwmStop
 136              		.thumb
 137              		.thumb_func
 138              		.type	pwmStop, %function
 139              	pwmStop:
 140              	.LFB121:
 141              		.loc 1 120 0
 142              		.cfi_startproc
 143              		@ args = 0, pretend = 0, frame = 0
 144              		@ frame_needed = 0, uses_anonymous_args = 0
 145              	.LVL10:
 146 0000 10B5     		push	{r4, lr}
 147              	.LCFI1:
 148              		.cfi_def_cfa_offset 8
 149              		.cfi_offset 4, -8
 150              		.cfi_offset 14, -4
 151              	.LBB4:
 152              		.loc 1 124 0
 153 0002 2023     		movs	r3, #32
 154              	.LVL11:
 155              	.LBE4:
 156              		.loc 1 120 0
 157 0004 0446     		mov	r4, r0
 158              	.LBB5:
 159              		.loc 1 124 0
 160              	@ 124 "../../chibios/os/hal/src/pwm.c" 1
 161 0006 83F31188 		msr     BASEPRI, r3
 162              	@ 0 "" 2
 163              	.LVL12:
 164              		.thumb
 165              	.LBE5:
 166 000a FFF7FEFF 		bl	dbg_check_lock
 167              	.LVL13:
 168              		.loc 1 127 0
ARM GAS  C:\Users\Elis\AppData\Local\Temp\ccYRzfvc.s 			page 4


 169 000e 2046     		mov	r0, r4
 170 0010 FFF7FEFF 		bl	pwm_lld_stop
 171              	.LVL14:
 172              		.loc 1 128 0
 173 0014 0123     		movs	r3, #1
 174 0016 2370     		strb	r3, [r4, #0]
 175              		.loc 1 129 0
 176 0018 FFF7FEFF 		bl	dbg_check_unlock
 177              	.LVL15:
 178              	.LBB6:
 179 001c 0023     		movs	r3, #0
 180              	.LVL16:
 181              	@ 129 "../../chibios/os/hal/src/pwm.c" 1
 182 001e 83F31188 		msr     BASEPRI, r3
 183              	@ 0 "" 2
 184              	.LVL17:
 185              		.thumb
 186 0022 10BD     		pop	{r4, pc}
 187              	.LBE6:
 188              		.cfi_endproc
 189              	.LFE121:
 190              		.size	pwmStop, .-pwmStop
 191 0024 AFF30080 		.section	.text.pwmChangePeriod,"ax",%progbits
 191      AFF30080 
 191      AFF30080 
 192              		.align	2
 193              		.p2align 4,,15
 194              		.global	pwmChangePeriod
 195              		.thumb
 196              		.thumb_func
 197              		.type	pwmChangePeriod, %function
 198              	pwmChangePeriod:
 199              	.LFB122:
 200              		.loc 1 147 0
 201              		.cfi_startproc
 202              		@ args = 0, pretend = 0, frame = 0
 203              		@ frame_needed = 0, uses_anonymous_args = 0
 204              	.LVL18:
 205 0000 38B5     		push	{r3, r4, r5, lr}
 206              	.LCFI2:
 207              		.cfi_def_cfa_offset 16
 208              		.cfi_offset 3, -16
 209              		.cfi_offset 4, -12
 210              		.cfi_offset 5, -8
 211              		.cfi_offset 14, -4
 212              		.loc 1 147 0
 213 0002 0446     		mov	r4, r0
 214 0004 0D46     		mov	r5, r1
 215              	.LBB7:
 216              		.loc 1 151 0
 217 0006 2023     		movs	r3, #32
 218              	.LVL19:
 219              	@ 151 "../../chibios/os/hal/src/pwm.c" 1
 220 0008 83F31188 		msr     BASEPRI, r3
 221              	@ 0 "" 2
 222              	.LVL20:
 223              		.thumb
ARM GAS  C:\Users\Elis\AppData\Local\Temp\ccYRzfvc.s 			page 5


 224              	.LBE7:
 225 000c FFF7FEFF 		bl	dbg_check_lock
 226              	.LVL21:
 227              		.loc 1 154 0
 228 0010 2369     		ldr	r3, [r4, #16]
 229 0012 2581     		strh	r5, [r4, #8]	@ movhi
 230 0014 681E     		subs	r0, r5, #1
 231 0016 85B2     		uxth	r5, r0
 232 0018 DD62     		str	r5, [r3, #44]
 233              		.loc 1 155 0
 234 001a FFF7FEFF 		bl	dbg_check_unlock
 235              	.LVL22:
 236              	.LBB8:
 237 001e 0023     		movs	r3, #0
 238              	.LVL23:
 239              	@ 155 "../../chibios/os/hal/src/pwm.c" 1
 240 0020 83F31188 		msr     BASEPRI, r3
 241              	@ 0 "" 2
 242              	.LVL24:
 243              		.thumb
 244 0024 38BD     		pop	{r3, r4, r5, pc}
 245              	.LBE8:
 246              		.cfi_endproc
 247              	.LFE122:
 248              		.size	pwmChangePeriod, .-pwmChangePeriod
 249 0026 00BFAFF3 		.section	.text.pwmEnableChannel,"ax",%progbits
 249      0080AFF3 
 249      0080
 250              		.align	2
 251              		.p2align 4,,15
 252              		.global	pwmEnableChannel
 253              		.thumb
 254              		.thumb_func
 255              		.type	pwmEnableChannel, %function
 256              	pwmEnableChannel:
 257              	.LFB123:
 258              		.loc 1 174 0
 259              		.cfi_startproc
 260              		@ args = 0, pretend = 0, frame = 0
 261              		@ frame_needed = 0, uses_anonymous_args = 0
 262              	.LVL25:
 263 0000 70B5     		push	{r4, r5, r6, lr}
 264              	.LCFI3:
 265              		.cfi_def_cfa_offset 16
 266              		.cfi_offset 4, -16
 267              		.cfi_offset 5, -12
 268              		.cfi_offset 6, -8
 269              		.cfi_offset 14, -4
 270              	.LBB9:
 271              		.loc 1 179 0
 272 0002 2023     		movs	r3, #32
 273              	.LVL26:
 274              	.LBE9:
 275              		.loc 1 174 0
 276 0004 0646     		mov	r6, r0
 277 0006 0D46     		mov	r5, r1
 278 0008 1446     		mov	r4, r2
ARM GAS  C:\Users\Elis\AppData\Local\Temp\ccYRzfvc.s 			page 6


 279              	.LBB10:
 280              		.loc 1 179 0
 281              	@ 179 "../../chibios/os/hal/src/pwm.c" 1
 282 000a 83F31188 		msr     BASEPRI, r3
 283              	@ 0 "" 2
 284              	.LVL27:
 285              		.thumb
 286              	.LBE10:
 287 000e FFF7FEFF 		bl	dbg_check_lock
 288              	.LVL28:
 289              		.loc 1 182 0
 290 0012 3046     		mov	r0, r6
 291 0014 2946     		mov	r1, r5
 292 0016 2246     		mov	r2, r4
 293 0018 FFF7FEFF 		bl	pwm_lld_enable_channel
 294              	.LVL29:
 295              		.loc 1 183 0
 296 001c FFF7FEFF 		bl	dbg_check_unlock
 297              	.LVL30:
 298              	.LBB11:
 299 0020 0023     		movs	r3, #0
 300              	.LVL31:
 301              	@ 183 "../../chibios/os/hal/src/pwm.c" 1
 302 0022 83F31188 		msr     BASEPRI, r3
 303              	@ 0 "" 2
 304              	.LVL32:
 305              		.thumb
 306 0026 70BD     		pop	{r4, r5, r6, pc}
 307              	.LBE11:
 308              		.cfi_endproc
 309              	.LFE123:
 310              		.size	pwmEnableChannel, .-pwmEnableChannel
 311 0028 AFF30080 		.section	.text.pwmDisableChannel,"ax",%progbits
 311      AFF30080 
 312              		.align	2
 313              		.p2align 4,,15
 314              		.global	pwmDisableChannel
 315              		.thumb
 316              		.thumb_func
 317              		.type	pwmDisableChannel, %function
 318              	pwmDisableChannel:
 319              	.LFB124:
 320              		.loc 1 200 0
 321              		.cfi_startproc
 322              		@ args = 0, pretend = 0, frame = 0
 323              		@ frame_needed = 0, uses_anonymous_args = 0
 324              	.LVL33:
 325 0000 38B5     		push	{r3, r4, r5, lr}
 326              	.LCFI4:
 327              		.cfi_def_cfa_offset 16
 328              		.cfi_offset 3, -16
 329              		.cfi_offset 4, -12
 330              		.cfi_offset 5, -8
 331              		.cfi_offset 14, -4
 332              		.loc 1 200 0
 333 0002 0546     		mov	r5, r0
 334 0004 0C46     		mov	r4, r1
ARM GAS  C:\Users\Elis\AppData\Local\Temp\ccYRzfvc.s 			page 7


 335              	.LBB12:
 336              		.loc 1 205 0
 337 0006 2023     		movs	r3, #32
 338              	.LVL34:
 339              	@ 205 "../../chibios/os/hal/src/pwm.c" 1
 340 0008 83F31188 		msr     BASEPRI, r3
 341              	@ 0 "" 2
 342              	.LVL35:
 343              		.thumb
 344              	.LBE12:
 345 000c FFF7FEFF 		bl	dbg_check_lock
 346              	.LVL36:
 347              		.loc 1 208 0
 348 0010 2846     		mov	r0, r5
 349 0012 2146     		mov	r1, r4
 350 0014 FFF7FEFF 		bl	pwm_lld_disable_channel
 351              	.LVL37:
 352              		.loc 1 209 0
 353 0018 FFF7FEFF 		bl	dbg_check_unlock
 354              	.LVL38:
 355              	.LBB13:
 356 001c 0023     		movs	r3, #0
 357              	.LVL39:
 358              	@ 209 "../../chibios/os/hal/src/pwm.c" 1
 359 001e 83F31188 		msr     BASEPRI, r3
 360              	@ 0 "" 2
 361              	.LVL40:
 362              		.thumb
 363 0022 38BD     		pop	{r3, r4, r5, pc}
 364              	.LBE13:
 365              		.cfi_endproc
 366              	.LFE124:
 367              		.size	pwmDisableChannel, .-pwmDisableChannel
 368 0024 AFF30080 		.text
 368      AFF30080 
 368      AFF30080 
 369              	.Letext0:
 370              		.file 2 "c:\\chibistudio\\tools\\gnu tools arm embedded\\4.7 2014q2\\bin\\../lib/gcc/arm-none-eabi
 371              		.file 3 "../../chibios/os/hal/include/pwm.h"
 372              		.file 4 "../../chibios/os/hal/platforms/STM32/TIMv1/pwm_lld.h"
 373              		.file 5 "../../chibios/os/hal/platforms/STM32/TIMv1/stm32_tim.h"
 374              		.file 6 "../../chibios/os/kernel/include/chdebug.h"
 375              		.file 7 "../../chibios/os/ports/common/ARMCMx/CMSIS/include/core_cm4.h"
 376              		.section	.debug_info,"",%progbits
 377              	.Ldebug_info0:
 378 0000 7B070000 		.4byte	0x77b
 379 0004 0200     		.2byte	0x2
 380 0006 00000000 		.4byte	.Ldebug_abbrev0
 381 000a 04       		.byte	0x4
 382 000b 01       		.uleb128 0x1
 383 000c D0010000 		.4byte	.LASF63
 384 0010 01       		.byte	0x1
 385 0011 6A000000 		.4byte	.LASF64
 386 0015 1E020000 		.4byte	.LASF65
 387 0019 30000000 		.4byte	.Ldebug_ranges0+0x30
 388 001d 00000000 		.4byte	0
 389 0021 00000000 		.4byte	0
ARM GAS  C:\Users\Elis\AppData\Local\Temp\ccYRzfvc.s 			page 8


 390 0025 00000000 		.4byte	.Ldebug_line0
 391 0029 02       		.uleb128 0x2
 392 002a 04       		.byte	0x4
 393 002b 05       		.byte	0x5
 394 002c 696E7400 		.ascii	"int\000"
 395 0030 03       		.uleb128 0x3
 396 0031 04       		.byte	0x4
 397 0032 07       		.byte	0x7
 398 0033 B5010000 		.4byte	.LASF0
 399 0037 03       		.uleb128 0x3
 400 0038 01       		.byte	0x1
 401 0039 06       		.byte	0x6
 402 003a 7A010000 		.4byte	.LASF1
 403 003e 04       		.uleb128 0x4
 404 003f A7000000 		.4byte	.LASF4
 405 0043 02       		.byte	0x2
 406 0044 2A       		.byte	0x2a
 407 0045 49000000 		.4byte	0x49
 408 0049 03       		.uleb128 0x3
 409 004a 01       		.byte	0x1
 410 004b 08       		.byte	0x8
 411 004c 32010000 		.4byte	.LASF2
 412 0050 03       		.uleb128 0x3
 413 0051 02       		.byte	0x2
 414 0052 05       		.byte	0x5
 415 0053 29000000 		.4byte	.LASF3
 416 0057 04       		.uleb128 0x4
 417 0058 C2010000 		.4byte	.LASF5
 418 005c 02       		.byte	0x2
 419 005d 36       		.byte	0x36
 420 005e 62000000 		.4byte	0x62
 421 0062 03       		.uleb128 0x3
 422 0063 02       		.byte	0x2
 423 0064 07       		.byte	0x7
 424 0065 46020000 		.4byte	.LASF6
 425 0069 04       		.uleb128 0x4
 426 006a 81020000 		.4byte	.LASF7
 427 006e 02       		.byte	0x2
 428 006f 4F       		.byte	0x4f
 429 0070 74000000 		.4byte	0x74
 430 0074 03       		.uleb128 0x3
 431 0075 04       		.byte	0x4
 432 0076 05       		.byte	0x5
 433 0077 DD000000 		.4byte	.LASF8
 434 007b 04       		.uleb128 0x4
 435 007c AC010000 		.4byte	.LASF9
 436 0080 02       		.byte	0x2
 437 0081 50       		.byte	0x50
 438 0082 86000000 		.4byte	0x86
 439 0086 03       		.uleb128 0x3
 440 0087 04       		.byte	0x4
 441 0088 07       		.byte	0x7
 442 0089 AC020000 		.4byte	.LASF10
 443 008d 03       		.uleb128 0x3
 444 008e 08       		.byte	0x8
 445 008f 05       		.byte	0x5
 446 0090 CF000000 		.4byte	.LASF11
ARM GAS  C:\Users\Elis\AppData\Local\Temp\ccYRzfvc.s 			page 9


 447 0094 03       		.uleb128 0x3
 448 0095 08       		.byte	0x8
 449 0096 07       		.byte	0x7
 450 0097 95010000 		.4byte	.LASF12
 451 009b 03       		.uleb128 0x3
 452 009c 01       		.byte	0x1
 453 009d 02       		.byte	0x2
 454 009e 8E020000 		.4byte	.LASF13
 455 00a2 05       		.uleb128 0x5
 456 00a3 7B000000 		.4byte	0x7b
 457 00a7 03       		.uleb128 0x3
 458 00a8 04       		.byte	0x4
 459 00a9 07       		.byte	0x7
 460 00aa 3C000000 		.4byte	.LASF14
 461 00ae 03       		.uleb128 0x3
 462 00af 01       		.byte	0x1
 463 00b0 08       		.byte	0x8
 464 00b1 66020000 		.4byte	.LASF15
 465 00b5 06       		.uleb128 0x6
 466 00b6 7B000000 		.4byte	0x7b
 467 00ba C5000000 		.4byte	0xc5
 468 00be 07       		.uleb128 0x7
 469 00bf A7000000 		.4byte	0xa7
 470 00c3 03       		.byte	0x3
 471 00c4 00       		.byte	0
 472 00c5 05       		.uleb128 0x5
 473 00c6 69000000 		.4byte	0x69
 474 00ca 08       		.uleb128 0x8
 475 00cb 01       		.byte	0x1
 476 00cc 03       		.byte	0x3
 477 00cd 55       		.byte	0x55
 478 00ce E5000000 		.4byte	0xe5
 479 00d2 09       		.uleb128 0x9
 480 00d3 27010000 		.4byte	.LASF16
 481 00d7 00       		.sleb128 0
 482 00d8 09       		.uleb128 0x9
 483 00d9 CE020000 		.4byte	.LASF17
 484 00dd 01       		.sleb128 1
 485 00de 09       		.uleb128 0x9
 486 00df C4020000 		.4byte	.LASF18
 487 00e3 02       		.sleb128 2
 488 00e4 00       		.byte	0
 489 00e5 04       		.uleb128 0x4
 490 00e6 16030000 		.4byte	.LASF19
 491 00ea 03       		.byte	0x3
 492 00eb 59       		.byte	0x59
 493 00ec CA000000 		.4byte	0xca
 494 00f0 04       		.uleb128 0x4
 495 00f1 77020000 		.4byte	.LASF20
 496 00f5 03       		.byte	0x3
 497 00f6 5E       		.byte	0x5e
 498 00f7 FB000000 		.4byte	0xfb
 499 00fb 0A       		.uleb128 0xa
 500 00fc 77020000 		.4byte	.LASF20
 501 0100 14       		.byte	0x14
 502 0101 04       		.byte	0x4
 503 0102 6F01     		.2byte	0x16f
ARM GAS  C:\Users\Elis\AppData\Local\Temp\ccYRzfvc.s 			page 10


 504 0104 54010000 		.4byte	0x154
 505 0108 0B       		.uleb128 0xb
 506 0109 17000000 		.4byte	.LASF21
 507 010d 04       		.byte	0x4
 508 010e 7301     		.2byte	0x173
 509 0110 E5000000 		.4byte	0xe5
 510 0114 02       		.byte	0x2
 511 0115 23       		.byte	0x23
 512 0116 00       		.uleb128 0
 513 0117 0B       		.uleb128 0xb
 514 0118 92000000 		.4byte	.LASF22
 515 011c 04       		.byte	0x4
 516 011d 7701     		.2byte	0x177
 517 011f A3030000 		.4byte	0x3a3
 518 0123 02       		.byte	0x2
 519 0124 23       		.byte	0x23
 520 0125 04       		.uleb128 0x4
 521 0126 0B       		.uleb128 0xb
 522 0127 F8000000 		.4byte	.LASF23
 523 012b 04       		.byte	0x4
 524 012c 7B01     		.2byte	0x17b
 525 012e E3020000 		.4byte	0x2e3
 526 0132 02       		.byte	0x2
 527 0133 23       		.byte	0x23
 528 0134 08       		.uleb128 0x8
 529 0135 0B       		.uleb128 0xb
 530 0136 BE020000 		.4byte	.LASF24
 531 013a 04       		.byte	0x4
 532 013b 8301     		.2byte	0x183
 533 013d 7B000000 		.4byte	0x7b
 534 0141 02       		.byte	0x2
 535 0142 23       		.byte	0x23
 536 0143 0C       		.uleb128 0xc
 537 0144 0C       		.uleb128 0xc
 538 0145 74696D00 		.ascii	"tim\000"
 539 0149 04       		.byte	0x4
 540 014a 8701     		.2byte	0x187
 541 014c AE030000 		.4byte	0x3ae
 542 0150 02       		.byte	0x2
 543 0151 23       		.byte	0x23
 544 0152 10       		.uleb128 0x10
 545 0153 00       		.byte	0
 546 0154 04       		.uleb128 0x4
 547 0155 21030000 		.4byte	.LASF25
 548 0159 03       		.byte	0x3
 549 015a 65       		.byte	0x65
 550 015b 5F010000 		.4byte	0x15f
 551 015f 0D       		.uleb128 0xd
 552 0160 04       		.byte	0x4
 553 0161 65010000 		.4byte	0x165
 554 0165 0E       		.uleb128 0xe
 555 0166 01       		.byte	0x1
 556 0167 71010000 		.4byte	0x171
 557 016b 0F       		.uleb128 0xf
 558 016c 71010000 		.4byte	0x171
 559 0170 00       		.byte	0
 560 0171 0D       		.uleb128 0xd
ARM GAS  C:\Users\Elis\AppData\Local\Temp\ccYRzfvc.s 			page 11


 561 0172 04       		.byte	0x4
 562 0173 F0000000 		.4byte	0xf0
 563 0177 10       		.uleb128 0x10
 564 0178 60       		.byte	0x60
 565 0179 05       		.byte	0x5
 566 017a 9E01     		.2byte	0x19e
 567 017c BA020000 		.4byte	0x2ba
 568 0180 0C       		.uleb128 0xc
 569 0181 43523100 		.ascii	"CR1\000"
 570 0185 05       		.byte	0x5
 571 0186 9F01     		.2byte	0x19f
 572 0188 A2000000 		.4byte	0xa2
 573 018c 02       		.byte	0x2
 574 018d 23       		.byte	0x23
 575 018e 00       		.uleb128 0
 576 018f 0C       		.uleb128 0xc
 577 0190 43523200 		.ascii	"CR2\000"
 578 0194 05       		.byte	0x5
 579 0195 A001     		.2byte	0x1a0
 580 0197 A2000000 		.4byte	0xa2
 581 019b 02       		.byte	0x2
 582 019c 23       		.byte	0x23
 583 019d 04       		.uleb128 0x4
 584 019e 0B       		.uleb128 0xb
 585 019f 22010000 		.4byte	.LASF26
 586 01a3 05       		.byte	0x5
 587 01a4 A101     		.2byte	0x1a1
 588 01a6 A2000000 		.4byte	0xa2
 589 01aa 02       		.byte	0x2
 590 01ab 23       		.byte	0x23
 591 01ac 08       		.uleb128 0x8
 592 01ad 0B       		.uleb128 0xb
 593 01ae 19020000 		.4byte	.LASF27
 594 01b2 05       		.byte	0x5
 595 01b3 A201     		.2byte	0x1a2
 596 01b5 A2000000 		.4byte	0xa2
 597 01b9 02       		.byte	0x2
 598 01ba 23       		.byte	0x23
 599 01bb 0C       		.uleb128 0xc
 600 01bc 0C       		.uleb128 0xc
 601 01bd 535200   		.ascii	"SR\000"
 602 01c0 05       		.byte	0x5
 603 01c1 A301     		.2byte	0x1a3
 604 01c3 A2000000 		.4byte	0xa2
 605 01c7 02       		.byte	0x2
 606 01c8 23       		.byte	0x23
 607 01c9 10       		.uleb128 0x10
 608 01ca 0C       		.uleb128 0xc
 609 01cb 45475200 		.ascii	"EGR\000"
 610 01cf 05       		.byte	0x5
 611 01d0 A401     		.2byte	0x1a4
 612 01d2 A2000000 		.4byte	0xa2
 613 01d6 02       		.byte	0x2
 614 01d7 23       		.byte	0x23
 615 01d8 14       		.uleb128 0x14
 616 01d9 0B       		.uleb128 0xb
 617 01da FF000000 		.4byte	.LASF28
ARM GAS  C:\Users\Elis\AppData\Local\Temp\ccYRzfvc.s 			page 12


 618 01de 05       		.byte	0x5
 619 01df A501     		.2byte	0x1a5
 620 01e1 A2000000 		.4byte	0xa2
 621 01e5 02       		.byte	0x2
 622 01e6 23       		.byte	0x23
 623 01e7 18       		.uleb128 0x18
 624 01e8 0B       		.uleb128 0xb
 625 01e9 1D000000 		.4byte	.LASF29
 626 01ed 05       		.byte	0x5
 627 01ee A601     		.2byte	0x1a6
 628 01f0 A2000000 		.4byte	0xa2
 629 01f4 02       		.byte	0x2
 630 01f5 23       		.byte	0x23
 631 01f6 1C       		.uleb128 0x1c
 632 01f7 0B       		.uleb128 0xb
 633 01f8 00000000 		.4byte	.LASF30
 634 01fc 05       		.byte	0x5
 635 01fd A701     		.2byte	0x1a7
 636 01ff A2000000 		.4byte	0xa2
 637 0203 02       		.byte	0x2
 638 0204 23       		.byte	0x23
 639 0205 20       		.uleb128 0x20
 640 0206 0C       		.uleb128 0xc
 641 0207 434E5400 		.ascii	"CNT\000"
 642 020b 05       		.byte	0x5
 643 020c A801     		.2byte	0x1a8
 644 020e A2000000 		.4byte	0xa2
 645 0212 02       		.byte	0x2
 646 0213 23       		.byte	0x23
 647 0214 24       		.uleb128 0x24
 648 0215 0C       		.uleb128 0xc
 649 0216 50534300 		.ascii	"PSC\000"
 650 021a 05       		.byte	0x5
 651 021b A901     		.2byte	0x1a9
 652 021d A2000000 		.4byte	0xa2
 653 0221 02       		.byte	0x2
 654 0222 23       		.byte	0x23
 655 0223 28       		.uleb128 0x28
 656 0224 0C       		.uleb128 0xc
 657 0225 41525200 		.ascii	"ARR\000"
 658 0229 05       		.byte	0x5
 659 022a AA01     		.2byte	0x1aa
 660 022c A2000000 		.4byte	0xa2
 661 0230 02       		.byte	0x2
 662 0231 23       		.byte	0x23
 663 0232 2C       		.uleb128 0x2c
 664 0233 0C       		.uleb128 0xc
 665 0234 52435200 		.ascii	"RCR\000"
 666 0238 05       		.byte	0x5
 667 0239 AB01     		.2byte	0x1ab
 668 023b A2000000 		.4byte	0xa2
 669 023f 02       		.byte	0x2
 670 0240 23       		.byte	0x23
 671 0241 30       		.uleb128 0x30
 672 0242 0C       		.uleb128 0xc
 673 0243 43435200 		.ascii	"CCR\000"
 674 0247 05       		.byte	0x5
ARM GAS  C:\Users\Elis\AppData\Local\Temp\ccYRzfvc.s 			page 13


 675 0248 AC01     		.2byte	0x1ac
 676 024a BA020000 		.4byte	0x2ba
 677 024e 02       		.byte	0x2
 678 024f 23       		.byte	0x23
 679 0250 34       		.uleb128 0x34
 680 0251 0B       		.uleb128 0xb
 681 0252 CB010000 		.4byte	.LASF31
 682 0256 05       		.byte	0x5
 683 0257 AD01     		.2byte	0x1ad
 684 0259 A2000000 		.4byte	0xa2
 685 025d 02       		.byte	0x2
 686 025e 23       		.byte	0x23
 687 025f 44       		.uleb128 0x44
 688 0260 0C       		.uleb128 0xc
 689 0261 44435200 		.ascii	"DCR\000"
 690 0265 05       		.byte	0x5
 691 0266 AE01     		.2byte	0x1ae
 692 0268 A2000000 		.4byte	0xa2
 693 026c 02       		.byte	0x2
 694 026d 23       		.byte	0x23
 695 026e 48       		.uleb128 0x48
 696 026f 0B       		.uleb128 0xb
 697 0270 12000000 		.4byte	.LASF32
 698 0274 05       		.byte	0x5
 699 0275 AF01     		.2byte	0x1af
 700 0277 A2000000 		.4byte	0xa2
 701 027b 02       		.byte	0x2
 702 027c 23       		.byte	0x23
 703 027d 4C       		.uleb128 0x4c
 704 027e 0C       		.uleb128 0xc
 705 027f 4F5200   		.ascii	"OR\000"
 706 0282 05       		.byte	0x5
 707 0283 B001     		.2byte	0x1b0
 708 0285 A2000000 		.4byte	0xa2
 709 0289 02       		.byte	0x2
 710 028a 23       		.byte	0x23
 711 028b 50       		.uleb128 0x50
 712 028c 0B       		.uleb128 0xb
 713 028d 23000000 		.4byte	.LASF33
 714 0291 05       		.byte	0x5
 715 0292 B101     		.2byte	0x1b1
 716 0294 A2000000 		.4byte	0xa2
 717 0298 02       		.byte	0x2
 718 0299 23       		.byte	0x23
 719 029a 54       		.uleb128 0x54
 720 029b 0B       		.uleb128 0xb
 721 029c EE000000 		.4byte	.LASF34
 722 02a0 05       		.byte	0x5
 723 02a1 B201     		.2byte	0x1b2
 724 02a3 A2000000 		.4byte	0xa2
 725 02a7 02       		.byte	0x2
 726 02a8 23       		.byte	0x23
 727 02a9 58       		.uleb128 0x58
 728 02aa 0B       		.uleb128 0xb
 729 02ab F3000000 		.4byte	.LASF35
 730 02af 05       		.byte	0x5
 731 02b0 B301     		.2byte	0x1b3
ARM GAS  C:\Users\Elis\AppData\Local\Temp\ccYRzfvc.s 			page 14


 732 02b2 A2000000 		.4byte	0xa2
 733 02b6 02       		.byte	0x2
 734 02b7 23       		.byte	0x23
 735 02b8 5C       		.uleb128 0x5c
 736 02b9 00       		.byte	0
 737 02ba 05       		.uleb128 0x5
 738 02bb B5000000 		.4byte	0xb5
 739 02bf 11       		.uleb128 0x11
 740 02c0 6B020000 		.4byte	.LASF36
 741 02c4 05       		.byte	0x5
 742 02c5 B401     		.2byte	0x1b4
 743 02c7 77010000 		.4byte	0x177
 744 02cb 11       		.uleb128 0x11
 745 02cc FF020000 		.4byte	.LASF37
 746 02d0 04       		.byte	0x4
 747 02d1 2001     		.2byte	0x120
 748 02d3 7B000000 		.4byte	0x7b
 749 02d7 11       		.uleb128 0x11
 750 02d8 5D000000 		.4byte	.LASF38
 751 02dc 04       		.byte	0x4
 752 02dd 2501     		.2byte	0x125
 753 02df 3E000000 		.4byte	0x3e
 754 02e3 11       		.uleb128 0x11
 755 02e4 33000000 		.4byte	.LASF39
 756 02e8 04       		.byte	0x4
 757 02e9 2A01     		.2byte	0x12a
 758 02eb 57000000 		.4byte	0x57
 759 02ef 10       		.uleb128 0x10
 760 02f0 08       		.byte	0x8
 761 02f1 04       		.byte	0x4
 762 02f2 2F01     		.2byte	0x12f
 763 02f4 17030000 		.4byte	0x317
 764 02f8 0B       		.uleb128 0xb
 765 02f9 89020000 		.4byte	.LASF40
 766 02fd 04       		.byte	0x4
 767 02fe 3301     		.2byte	0x133
 768 0300 CB020000 		.4byte	0x2cb
 769 0304 02       		.byte	0x2
 770 0305 23       		.byte	0x23
 771 0306 00       		.uleb128 0
 772 0307 0B       		.uleb128 0xb
 773 0308 2F030000 		.4byte	.LASF41
 774 030c 04       		.byte	0x4
 775 030d 3901     		.2byte	0x139
 776 030f 54010000 		.4byte	0x154
 777 0313 02       		.byte	0x2
 778 0314 23       		.byte	0x23
 779 0315 04       		.uleb128 0x4
 780 0316 00       		.byte	0
 781 0317 11       		.uleb128 0x11
 782 0318 EE020000 		.4byte	.LASF42
 783 031c 04       		.byte	0x4
 784 031d 3B01     		.2byte	0x13b
 785 031f EF020000 		.4byte	0x2ef
 786 0323 10       		.uleb128 0x10
 787 0324 34       		.byte	0x34
 788 0325 04       		.byte	0x4
ARM GAS  C:\Users\Elis\AppData\Local\Temp\ccYRzfvc.s 			page 15


 789 0326 4001     		.2byte	0x140
 790 0328 87030000 		.4byte	0x387
 791 032c 0B       		.uleb128 0xb
 792 032d E4020000 		.4byte	.LASF43
 793 0331 04       		.byte	0x4
 794 0332 4601     		.2byte	0x146
 795 0334 7B000000 		.4byte	0x7b
 796 0338 02       		.byte	0x2
 797 0339 23       		.byte	0x23
 798 033a 00       		.uleb128 0
 799 033b 0B       		.uleb128 0xb
 800 033c F8000000 		.4byte	.LASF23
 801 0340 04       		.byte	0x4
 802 0341 4C01     		.2byte	0x14c
 803 0343 E3020000 		.4byte	0x2e3
 804 0347 02       		.byte	0x2
 805 0348 23       		.byte	0x23
 806 0349 04       		.uleb128 0x4
 807 034a 0B       		.uleb128 0xb
 808 034b 2F030000 		.4byte	.LASF41
 809 034f 04       		.byte	0x4
 810 0350 5201     		.2byte	0x152
 811 0352 54010000 		.4byte	0x154
 812 0356 02       		.byte	0x2
 813 0357 23       		.byte	0x23
 814 0358 08       		.uleb128 0x8
 815 0359 0B       		.uleb128 0xb
 816 035a 89000000 		.4byte	.LASF44
 817 035e 04       		.byte	0x4
 818 035f 5601     		.2byte	0x156
 819 0361 87030000 		.4byte	0x387
 820 0365 02       		.byte	0x2
 821 0366 23       		.byte	0x23
 822 0367 0C       		.uleb128 0xc
 823 0368 0C       		.uleb128 0xc
 824 0369 63723200 		.ascii	"cr2\000"
 825 036d 04       		.byte	0x4
 826 036e 5C01     		.2byte	0x15c
 827 0370 7B000000 		.4byte	0x7b
 828 0374 02       		.byte	0x2
 829 0375 23       		.byte	0x23
 830 0376 2C       		.uleb128 0x2c
 831 0377 0B       		.uleb128 0xb
 832 0378 D7020000 		.4byte	.LASF45
 833 037c 04       		.byte	0x4
 834 037d 6901     		.2byte	0x169
 835 037f 7B000000 		.4byte	0x7b
 836 0383 02       		.byte	0x2
 837 0384 23       		.byte	0x23
 838 0385 30       		.uleb128 0x30
 839 0386 00       		.byte	0
 840 0387 06       		.uleb128 0x6
 841 0388 17030000 		.4byte	0x317
 842 038c 97030000 		.4byte	0x397
 843 0390 07       		.uleb128 0x7
 844 0391 A7000000 		.4byte	0xa7
 845 0395 03       		.byte	0x3
ARM GAS  C:\Users\Elis\AppData\Local\Temp\ccYRzfvc.s 			page 16


 846 0396 00       		.byte	0
 847 0397 11       		.uleb128 0x11
 848 0398 13010000 		.4byte	.LASF46
 849 039c 04       		.byte	0x4
 850 039d 6A01     		.2byte	0x16a
 851 039f 23030000 		.4byte	0x323
 852 03a3 0D       		.uleb128 0xd
 853 03a4 04       		.byte	0x4
 854 03a5 A9030000 		.4byte	0x3a9
 855 03a9 12       		.uleb128 0x12
 856 03aa 97030000 		.4byte	0x397
 857 03ae 0D       		.uleb128 0xd
 858 03af 04       		.byte	0x4
 859 03b0 BF020000 		.4byte	0x2bf
 860 03b4 13       		.uleb128 0x13
 861 03b5 01       		.byte	0x1
 862 03b6 E6000000 		.4byte	.LASF47
 863 03ba 01       		.byte	0x1
 864 03bb 44       		.byte	0x44
 865 03bc 01       		.byte	0x1
 866 03bd 00000000 		.4byte	.LFB118
 867 03c1 04000000 		.4byte	.LFE118
 868 03c5 02       		.byte	0x2
 869 03c6 7D       		.byte	0x7d
 870 03c7 00       		.sleb128 0
 871 03c8 01       		.byte	0x1
 872 03c9 D8030000 		.4byte	0x3d8
 873 03cd 14       		.uleb128 0x14
 874 03ce 04000000 		.4byte	.LVL0
 875 03d2 01       		.byte	0x1
 876 03d3 00070000 		.4byte	0x700
 877 03d7 00       		.byte	0
 878 03d8 13       		.uleb128 0x13
 879 03d9 01       		.byte	0x1
 880 03da 99000000 		.4byte	.LASF48
 881 03de 01       		.byte	0x1
 882 03df 50       		.byte	0x50
 883 03e0 01       		.byte	0x1
 884 03e1 00000000 		.4byte	.LFB119
 885 03e5 0A000000 		.4byte	.LFE119
 886 03e9 02       		.byte	0x2
 887 03ea 7D       		.byte	0x7d
 888 03eb 00       		.sleb128 0
 889 03ec 01       		.byte	0x1
 890 03ed FF030000 		.4byte	0x3ff
 891 03f1 15       		.uleb128 0x15
 892 03f2 1D010000 		.4byte	.LASF50
 893 03f6 01       		.byte	0x1
 894 03f7 50       		.byte	0x50
 895 03f8 71010000 		.4byte	0x171
 896 03fc 01       		.byte	0x1
 897 03fd 50       		.byte	0x50
 898 03fe 00       		.byte	0
 899 03ff 16       		.uleb128 0x16
 900 0400 01       		.byte	0x1
 901 0401 C6000000 		.4byte	.LASF49
 902 0405 01       		.byte	0x1
ARM GAS  C:\Users\Elis\AppData\Local\Temp\ccYRzfvc.s 			page 17


 903 0406 63       		.byte	0x63
 904 0407 01       		.byte	0x1
 905 0408 00000000 		.4byte	.LFB120
 906 040c 2C000000 		.4byte	.LFE120
 907 0410 00000000 		.4byte	.LLST0
 908 0414 01       		.byte	0x1
 909 0415 98040000 		.4byte	0x498
 910 0419 17       		.uleb128 0x17
 911 041a 1D010000 		.4byte	.LASF50
 912 041e 01       		.byte	0x1
 913 041f 63       		.byte	0x63
 914 0420 71010000 		.4byte	0x171
 915 0424 20000000 		.4byte	.LLST1
 916 0428 17       		.uleb128 0x17
 917 0429 92000000 		.4byte	.LASF22
 918 042d 01       		.byte	0x1
 919 042e 63       		.byte	0x63
 920 042f A3030000 		.4byte	0x3a3
 921 0433 3E000000 		.4byte	.LLST2
 922 0437 18       		.uleb128 0x18
 923 0438 06000000 		.4byte	.LBB2
 924 043c 0C000000 		.4byte	.LBE2
 925 0440 54040000 		.4byte	0x454
 926 0444 19       		.uleb128 0x19
 927 0445 746D7000 		.ascii	"tmp\000"
 928 0449 01       		.byte	0x1
 929 044a 67       		.byte	0x67
 930 044b 7B000000 		.4byte	0x7b
 931 044f 5C000000 		.4byte	.LLST3
 932 0453 00       		.byte	0
 933 0454 18       		.uleb128 0x18
 934 0455 24000000 		.4byte	.LBB3
 935 0459 2C000000 		.4byte	.LBE3
 936 045d 71040000 		.4byte	0x471
 937 0461 19       		.uleb128 0x19
 938 0462 746D7000 		.ascii	"tmp\000"
 939 0466 01       		.byte	0x1
 940 0467 6E       		.byte	0x6e
 941 0468 7B000000 		.4byte	0x7b
 942 046c 6F000000 		.4byte	.LLST4
 943 0470 00       		.byte	0
 944 0471 1A       		.uleb128 0x1a
 945 0472 10000000 		.4byte	.LVL5
 946 0476 0B070000 		.4byte	0x70b
 947 047a 1B       		.uleb128 0x1b
 948 047b 1C000000 		.4byte	.LVL6
 949 047f 15070000 		.4byte	0x715
 950 0483 8E040000 		.4byte	0x48e
 951 0487 1C       		.uleb128 0x1c
 952 0488 01       		.byte	0x1
 953 0489 50       		.byte	0x50
 954 048a 02       		.byte	0x2
 955 048b 74       		.byte	0x74
 956 048c 00       		.sleb128 0
 957 048d 00       		.byte	0
 958 048e 1A       		.uleb128 0x1a
 959 048f 24000000 		.4byte	.LVL7
ARM GAS  C:\Users\Elis\AppData\Local\Temp\ccYRzfvc.s 			page 18


 960 0493 2A070000 		.4byte	0x72a
 961 0497 00       		.byte	0
 962 0498 16       		.uleb128 0x16
 963 0499 01       		.byte	0x1
 964 049a DC020000 		.4byte	.LASF51
 965 049e 01       		.byte	0x1
 966 049f 78       		.byte	0x78
 967 04a0 01       		.byte	0x1
 968 04a1 00000000 		.4byte	.LFB121
 969 04a5 24000000 		.4byte	.LFE121
 970 04a9 82000000 		.4byte	.LLST5
 971 04ad 01       		.byte	0x1
 972 04ae 1E050000 		.4byte	0x51e
 973 04b2 17       		.uleb128 0x17
 974 04b3 1D010000 		.4byte	.LASF50
 975 04b7 01       		.byte	0x1
 976 04b8 78       		.byte	0x78
 977 04b9 71010000 		.4byte	0x171
 978 04bd A2000000 		.4byte	.LLST6
 979 04c1 1D       		.uleb128 0x1d
 980 04c2 00000000 		.4byte	.Ldebug_ranges0+0
 981 04c6 DA040000 		.4byte	0x4da
 982 04ca 19       		.uleb128 0x19
 983 04cb 746D7000 		.ascii	"tmp\000"
 984 04cf 01       		.byte	0x1
 985 04d0 7C       		.byte	0x7c
 986 04d1 7B000000 		.4byte	0x7b
 987 04d5 C0000000 		.4byte	.LLST7
 988 04d9 00       		.byte	0
 989 04da 18       		.uleb128 0x18
 990 04db 1C000000 		.4byte	.LBB6
 991 04df 24000000 		.4byte	.LBE6
 992 04e3 F7040000 		.4byte	0x4f7
 993 04e7 19       		.uleb128 0x19
 994 04e8 746D7000 		.ascii	"tmp\000"
 995 04ec 01       		.byte	0x1
 996 04ed 81       		.byte	0x81
 997 04ee 7B000000 		.4byte	0x7b
 998 04f2 D3000000 		.4byte	.LLST8
 999 04f6 00       		.byte	0
 1000 04f7 1A       		.uleb128 0x1a
 1001 04f8 0E000000 		.4byte	.LVL13
 1002 04fc 0B070000 		.4byte	0x70b
 1003 0500 1B       		.uleb128 0x1b
 1004 0501 14000000 		.4byte	.LVL14
 1005 0505 34070000 		.4byte	0x734
 1006 0509 14050000 		.4byte	0x514
 1007 050d 1C       		.uleb128 0x1c
 1008 050e 01       		.byte	0x1
 1009 050f 50       		.byte	0x50
 1010 0510 02       		.byte	0x2
 1011 0511 74       		.byte	0x74
 1012 0512 00       		.sleb128 0
 1013 0513 00       		.byte	0
 1014 0514 1A       		.uleb128 0x1a
 1015 0515 1C000000 		.4byte	.LVL15
 1016 0519 2A070000 		.4byte	0x72a
ARM GAS  C:\Users\Elis\AppData\Local\Temp\ccYRzfvc.s 			page 19


 1017 051d 00       		.byte	0
 1018 051e 16       		.uleb128 0x16
 1019 051f 01       		.byte	0x1
 1020 0520 9C020000 		.4byte	.LASF52
 1021 0524 01       		.byte	0x1
 1022 0525 93       		.byte	0x93
 1023 0526 01       		.byte	0x1
 1024 0527 00000000 		.4byte	.LFB122
 1025 052b 26000000 		.4byte	.LFE122
 1026 052f E6000000 		.4byte	.LLST9
 1027 0533 01       		.byte	0x1
 1028 0534 A3050000 		.4byte	0x5a3
 1029 0538 17       		.uleb128 0x17
 1030 0539 1D010000 		.4byte	.LASF50
 1031 053d 01       		.byte	0x1
 1032 053e 93       		.byte	0x93
 1033 053f 71010000 		.4byte	0x171
 1034 0543 06010000 		.4byte	.LLST10
 1035 0547 17       		.uleb128 0x17
 1036 0548 F8000000 		.4byte	.LASF23
 1037 054c 01       		.byte	0x1
 1038 054d 93       		.byte	0x93
 1039 054e E3020000 		.4byte	0x2e3
 1040 0552 24010000 		.4byte	.LLST11
 1041 0556 18       		.uleb128 0x18
 1042 0557 06000000 		.4byte	.LBB7
 1043 055b 0C000000 		.4byte	.LBE7
 1044 055f 73050000 		.4byte	0x573
 1045 0563 19       		.uleb128 0x19
 1046 0564 746D7000 		.ascii	"tmp\000"
 1047 0568 01       		.byte	0x1
 1048 0569 97       		.byte	0x97
 1049 056a 7B000000 		.4byte	0x7b
 1050 056e 45010000 		.4byte	.LLST12
 1051 0572 00       		.byte	0
 1052 0573 18       		.uleb128 0x18
 1053 0574 1E000000 		.4byte	.LBB8
 1054 0578 26000000 		.4byte	.LBE8
 1055 057c 90050000 		.4byte	0x590
 1056 0580 19       		.uleb128 0x19
 1057 0581 746D7000 		.ascii	"tmp\000"
 1058 0585 01       		.byte	0x1
 1059 0586 9B       		.byte	0x9b
 1060 0587 7B000000 		.4byte	0x7b
 1061 058b 58010000 		.4byte	.LLST13
 1062 058f 00       		.byte	0
 1063 0590 1A       		.uleb128 0x1a
 1064 0591 10000000 		.4byte	.LVL21
 1065 0595 0B070000 		.4byte	0x70b
 1066 0599 1A       		.uleb128 0x1a
 1067 059a 1E000000 		.4byte	.LVL22
 1068 059e 2A070000 		.4byte	0x72a
 1069 05a2 00       		.byte	0
 1070 05a3 16       		.uleb128 0x16
 1071 05a4 01       		.byte	0x1
 1072 05a5 AF000000 		.4byte	.LASF53
 1073 05a9 01       		.byte	0x1
ARM GAS  C:\Users\Elis\AppData\Local\Temp\ccYRzfvc.s 			page 20


 1074 05aa AC       		.byte	0xac
 1075 05ab 01       		.byte	0x1
 1076 05ac 00000000 		.4byte	.LFB123
 1077 05b0 28000000 		.4byte	.LFE123
 1078 05b4 6B010000 		.4byte	.LLST14
 1079 05b8 01       		.byte	0x1
 1080 05b9 53060000 		.4byte	0x653
 1081 05bd 17       		.uleb128 0x17
 1082 05be 1D010000 		.4byte	.LASF50
 1083 05c2 01       		.byte	0x1
 1084 05c3 AC       		.byte	0xac
 1085 05c4 71010000 		.4byte	0x171
 1086 05c8 8B010000 		.4byte	.LLST15
 1087 05cc 17       		.uleb128 0x17
 1088 05cd 94020000 		.4byte	.LASF54
 1089 05d1 01       		.byte	0x1
 1090 05d2 AD       		.byte	0xad
 1091 05d3 D7020000 		.4byte	0x2d7
 1092 05d7 A9010000 		.4byte	.LLST16
 1093 05db 17       		.uleb128 0x17
 1094 05dc C0000000 		.4byte	.LASF55
 1095 05e0 01       		.byte	0x1
 1096 05e1 AE       		.byte	0xae
 1097 05e2 E3020000 		.4byte	0x2e3
 1098 05e6 CA010000 		.4byte	.LLST17
 1099 05ea 1D       		.uleb128 0x1d
 1100 05eb 18000000 		.4byte	.Ldebug_ranges0+0x18
 1101 05ef 03060000 		.4byte	0x603
 1102 05f3 19       		.uleb128 0x19
 1103 05f4 746D7000 		.ascii	"tmp\000"
 1104 05f8 01       		.byte	0x1
 1105 05f9 B3       		.byte	0xb3
 1106 05fa 7B000000 		.4byte	0x7b
 1107 05fe EB010000 		.4byte	.LLST18
 1108 0602 00       		.byte	0
 1109 0603 18       		.uleb128 0x18
 1110 0604 20000000 		.4byte	.LBB11
 1111 0608 28000000 		.4byte	.LBE11
 1112 060c 20060000 		.4byte	0x620
 1113 0610 19       		.uleb128 0x19
 1114 0611 746D7000 		.ascii	"tmp\000"
 1115 0615 01       		.byte	0x1
 1116 0616 B7       		.byte	0xb7
 1117 0617 7B000000 		.4byte	0x7b
 1118 061b FE010000 		.4byte	.LLST19
 1119 061f 00       		.byte	0
 1120 0620 1A       		.uleb128 0x1a
 1121 0621 12000000 		.4byte	.LVL28
 1122 0625 0B070000 		.4byte	0x70b
 1123 0629 1B       		.uleb128 0x1b
 1124 062a 1C000000 		.4byte	.LVL29
 1125 062e 49070000 		.4byte	0x749
 1126 0632 49060000 		.4byte	0x649
 1127 0636 1C       		.uleb128 0x1c
 1128 0637 01       		.byte	0x1
 1129 0638 52       		.byte	0x52
 1130 0639 02       		.byte	0x2
ARM GAS  C:\Users\Elis\AppData\Local\Temp\ccYRzfvc.s 			page 21


 1131 063a 74       		.byte	0x74
 1132 063b 00       		.sleb128 0
 1133 063c 1C       		.uleb128 0x1c
 1134 063d 01       		.byte	0x1
 1135 063e 51       		.byte	0x51
 1136 063f 02       		.byte	0x2
 1137 0640 75       		.byte	0x75
 1138 0641 00       		.sleb128 0
 1139 0642 1C       		.uleb128 0x1c
 1140 0643 01       		.byte	0x1
 1141 0644 50       		.byte	0x50
 1142 0645 02       		.byte	0x2
 1143 0646 76       		.byte	0x76
 1144 0647 00       		.sleb128 0
 1145 0648 00       		.byte	0
 1146 0649 1A       		.uleb128 0x1a
 1147 064a 20000000 		.4byte	.LVL30
 1148 064e 2A070000 		.4byte	0x72a
 1149 0652 00       		.byte	0
 1150 0653 16       		.uleb128 0x16
 1151 0654 01       		.byte	0x1
 1152 0655 68010000 		.4byte	.LASF56
 1153 0659 01       		.byte	0x1
 1154 065a C8       		.byte	0xc8
 1155 065b 01       		.byte	0x1
 1156 065c 00000000 		.4byte	.LFB124
 1157 0660 24000000 		.4byte	.LFE124
 1158 0664 11020000 		.4byte	.LLST20
 1159 0668 01       		.byte	0x1
 1160 0669 F2060000 		.4byte	0x6f2
 1161 066d 17       		.uleb128 0x17
 1162 066e 1D010000 		.4byte	.LASF50
 1163 0672 01       		.byte	0x1
 1164 0673 C8       		.byte	0xc8
 1165 0674 71010000 		.4byte	0x171
 1166 0678 31020000 		.4byte	.LLST21
 1167 067c 17       		.uleb128 0x17
 1168 067d 94020000 		.4byte	.LASF54
 1169 0681 01       		.byte	0x1
 1170 0682 C8       		.byte	0xc8
 1171 0683 D7020000 		.4byte	0x2d7
 1172 0687 4F020000 		.4byte	.LLST22
 1173 068b 18       		.uleb128 0x18
 1174 068c 06000000 		.4byte	.LBB12
 1175 0690 0C000000 		.4byte	.LBE12
 1176 0694 A8060000 		.4byte	0x6a8
 1177 0698 19       		.uleb128 0x19
 1178 0699 746D7000 		.ascii	"tmp\000"
 1179 069d 01       		.byte	0x1
 1180 069e CD       		.byte	0xcd
 1181 069f 7B000000 		.4byte	0x7b
 1182 06a3 70020000 		.4byte	.LLST23
 1183 06a7 00       		.byte	0
 1184 06a8 18       		.uleb128 0x18
 1185 06a9 1C000000 		.4byte	.LBB13
 1186 06ad 24000000 		.4byte	.LBE13
 1187 06b1 C5060000 		.4byte	0x6c5
ARM GAS  C:\Users\Elis\AppData\Local\Temp\ccYRzfvc.s 			page 22


 1188 06b5 19       		.uleb128 0x19
 1189 06b6 746D7000 		.ascii	"tmp\000"
 1190 06ba 01       		.byte	0x1
 1191 06bb D1       		.byte	0xd1
 1192 06bc 7B000000 		.4byte	0x7b
 1193 06c0 83020000 		.4byte	.LLST24
 1194 06c4 00       		.byte	0
 1195 06c5 1A       		.uleb128 0x1a
 1196 06c6 10000000 		.4byte	.LVL36
 1197 06ca 0B070000 		.4byte	0x70b
 1198 06ce 1B       		.uleb128 0x1b
 1199 06cf 18000000 		.4byte	.LVL37
 1200 06d3 68070000 		.4byte	0x768
 1201 06d7 E8060000 		.4byte	0x6e8
 1202 06db 1C       		.uleb128 0x1c
 1203 06dc 01       		.byte	0x1
 1204 06dd 51       		.byte	0x51
 1205 06de 02       		.byte	0x2
 1206 06df 74       		.byte	0x74
 1207 06e0 00       		.sleb128 0
 1208 06e1 1C       		.uleb128 0x1c
 1209 06e2 01       		.byte	0x1
 1210 06e3 50       		.byte	0x50
 1211 06e4 02       		.byte	0x2
 1212 06e5 75       		.byte	0x75
 1213 06e6 00       		.sleb128 0
 1214 06e7 00       		.byte	0
 1215 06e8 1A       		.uleb128 0x1a
 1216 06e9 1C000000 		.4byte	.LVL38
 1217 06ed 2A070000 		.4byte	0x72a
 1218 06f1 00       		.byte	0
 1219 06f2 1E       		.uleb128 0x1e
 1220 06f3 09030000 		.4byte	.LASF66
 1221 06f7 07       		.byte	0x7
 1222 06f8 9806     		.2byte	0x698
 1223 06fa C5000000 		.4byte	0xc5
 1224 06fe 01       		.byte	0x1
 1225 06ff 01       		.byte	0x1
 1226 0700 1F       		.uleb128 0x1f
 1227 0701 01       		.byte	0x1
 1228 0702 59020000 		.4byte	.LASF57
 1229 0706 04       		.byte	0x4
 1230 0707 D101     		.2byte	0x1d1
 1231 0709 01       		.byte	0x1
 1232 070a 01       		.byte	0x1
 1233 070b 20       		.uleb128 0x20
 1234 070c 01       		.byte	0x1
 1235 070d 86010000 		.4byte	.LASF58
 1236 0711 06       		.byte	0x6
 1237 0712 E7       		.byte	0xe7
 1238 0713 01       		.byte	0x1
 1239 0714 01       		.byte	0x1
 1240 0715 21       		.uleb128 0x21
 1241 0716 01       		.byte	0x1
 1242 0717 05010000 		.4byte	.LASF60
 1243 071b 04       		.byte	0x4
 1244 071c D201     		.2byte	0x1d2
ARM GAS  C:\Users\Elis\AppData\Local\Temp\ccYRzfvc.s 			page 23


 1245 071e 01       		.byte	0x1
 1246 071f 01       		.byte	0x1
 1247 0720 2A070000 		.4byte	0x72a
 1248 0724 0F       		.uleb128 0xf
 1249 0725 71010000 		.4byte	0x171
 1250 0729 00       		.byte	0
 1251 072a 20       		.uleb128 0x20
 1252 072b 01       		.byte	0x1
 1253 072c 57010000 		.4byte	.LASF59
 1254 0730 06       		.byte	0x6
 1255 0731 E8       		.byte	0xe8
 1256 0732 01       		.byte	0x1
 1257 0733 01       		.byte	0x1
 1258 0734 21       		.uleb128 0x21
 1259 0735 01       		.byte	0x1
 1260 0736 05000000 		.4byte	.LASF61
 1261 073a 04       		.byte	0x4
 1262 073b D301     		.2byte	0x1d3
 1263 073d 01       		.byte	0x1
 1264 073e 01       		.byte	0x1
 1265 073f 49070000 		.4byte	0x749
 1266 0743 0F       		.uleb128 0xf
 1267 0744 71010000 		.4byte	0x171
 1268 0748 00       		.byte	0
 1269 0749 21       		.uleb128 0x21
 1270 074a 01       		.byte	0x1
 1271 074b 40010000 		.4byte	.LASF62
 1272 074f 04       		.byte	0x4
 1273 0750 D401     		.2byte	0x1d4
 1274 0752 01       		.byte	0x1
 1275 0753 01       		.byte	0x1
 1276 0754 68070000 		.4byte	0x768
 1277 0758 0F       		.uleb128 0xf
 1278 0759 71010000 		.4byte	0x171
 1279 075d 0F       		.uleb128 0xf
 1280 075e D7020000 		.4byte	0x2d7
 1281 0762 0F       		.uleb128 0xf
 1282 0763 E3020000 		.4byte	0x2e3
 1283 0767 00       		.byte	0
 1284 0768 22       		.uleb128 0x22
 1285 0769 01       		.byte	0x1
 1286 076a 45000000 		.4byte	.LASF67
 1287 076e 04       		.byte	0x4
 1288 076f D701     		.2byte	0x1d7
 1289 0771 01       		.byte	0x1
 1290 0772 01       		.byte	0x1
 1291 0773 0F       		.uleb128 0xf
 1292 0774 71010000 		.4byte	0x171
 1293 0778 0F       		.uleb128 0xf
 1294 0779 D7020000 		.4byte	0x2d7
 1295 077d 00       		.byte	0
 1296 077e 00       		.byte	0
 1297              		.section	.debug_abbrev,"",%progbits
 1298              	.Ldebug_abbrev0:
 1299 0000 01       		.uleb128 0x1
 1300 0001 11       		.uleb128 0x11
 1301 0002 01       		.byte	0x1
ARM GAS  C:\Users\Elis\AppData\Local\Temp\ccYRzfvc.s 			page 24


 1302 0003 25       		.uleb128 0x25
 1303 0004 0E       		.uleb128 0xe
 1304 0005 13       		.uleb128 0x13
 1305 0006 0B       		.uleb128 0xb
 1306 0007 03       		.uleb128 0x3
 1307 0008 0E       		.uleb128 0xe
 1308 0009 1B       		.uleb128 0x1b
 1309 000a 0E       		.uleb128 0xe
 1310 000b 55       		.uleb128 0x55
 1311 000c 06       		.uleb128 0x6
 1312 000d 11       		.uleb128 0x11
 1313 000e 01       		.uleb128 0x1
 1314 000f 52       		.uleb128 0x52
 1315 0010 01       		.uleb128 0x1
 1316 0011 10       		.uleb128 0x10
 1317 0012 06       		.uleb128 0x6
 1318 0013 00       		.byte	0
 1319 0014 00       		.byte	0
 1320 0015 02       		.uleb128 0x2
 1321 0016 24       		.uleb128 0x24
 1322 0017 00       		.byte	0
 1323 0018 0B       		.uleb128 0xb
 1324 0019 0B       		.uleb128 0xb
 1325 001a 3E       		.uleb128 0x3e
 1326 001b 0B       		.uleb128 0xb
 1327 001c 03       		.uleb128 0x3
 1328 001d 08       		.uleb128 0x8
 1329 001e 00       		.byte	0
 1330 001f 00       		.byte	0
 1331 0020 03       		.uleb128 0x3
 1332 0021 24       		.uleb128 0x24
 1333 0022 00       		.byte	0
 1334 0023 0B       		.uleb128 0xb
 1335 0024 0B       		.uleb128 0xb
 1336 0025 3E       		.uleb128 0x3e
 1337 0026 0B       		.uleb128 0xb
 1338 0027 03       		.uleb128 0x3
 1339 0028 0E       		.uleb128 0xe
 1340 0029 00       		.byte	0
 1341 002a 00       		.byte	0
 1342 002b 04       		.uleb128 0x4
 1343 002c 16       		.uleb128 0x16
 1344 002d 00       		.byte	0
 1345 002e 03       		.uleb128 0x3
 1346 002f 0E       		.uleb128 0xe
 1347 0030 3A       		.uleb128 0x3a
 1348 0031 0B       		.uleb128 0xb
 1349 0032 3B       		.uleb128 0x3b
 1350 0033 0B       		.uleb128 0xb
 1351 0034 49       		.uleb128 0x49
 1352 0035 13       		.uleb128 0x13
 1353 0036 00       		.byte	0
 1354 0037 00       		.byte	0
 1355 0038 05       		.uleb128 0x5
 1356 0039 35       		.uleb128 0x35
 1357 003a 00       		.byte	0
 1358 003b 49       		.uleb128 0x49
ARM GAS  C:\Users\Elis\AppData\Local\Temp\ccYRzfvc.s 			page 25


 1359 003c 13       		.uleb128 0x13
 1360 003d 00       		.byte	0
 1361 003e 00       		.byte	0
 1362 003f 06       		.uleb128 0x6
 1363 0040 01       		.uleb128 0x1
 1364 0041 01       		.byte	0x1
 1365 0042 49       		.uleb128 0x49
 1366 0043 13       		.uleb128 0x13
 1367 0044 01       		.uleb128 0x1
 1368 0045 13       		.uleb128 0x13
 1369 0046 00       		.byte	0
 1370 0047 00       		.byte	0
 1371 0048 07       		.uleb128 0x7
 1372 0049 21       		.uleb128 0x21
 1373 004a 00       		.byte	0
 1374 004b 49       		.uleb128 0x49
 1375 004c 13       		.uleb128 0x13
 1376 004d 2F       		.uleb128 0x2f
 1377 004e 0B       		.uleb128 0xb
 1378 004f 00       		.byte	0
 1379 0050 00       		.byte	0
 1380 0051 08       		.uleb128 0x8
 1381 0052 04       		.uleb128 0x4
 1382 0053 01       		.byte	0x1
 1383 0054 0B       		.uleb128 0xb
 1384 0055 0B       		.uleb128 0xb
 1385 0056 3A       		.uleb128 0x3a
 1386 0057 0B       		.uleb128 0xb
 1387 0058 3B       		.uleb128 0x3b
 1388 0059 0B       		.uleb128 0xb
 1389 005a 01       		.uleb128 0x1
 1390 005b 13       		.uleb128 0x13
 1391 005c 00       		.byte	0
 1392 005d 00       		.byte	0
 1393 005e 09       		.uleb128 0x9
 1394 005f 28       		.uleb128 0x28
 1395 0060 00       		.byte	0
 1396 0061 03       		.uleb128 0x3
 1397 0062 0E       		.uleb128 0xe
 1398 0063 1C       		.uleb128 0x1c
 1399 0064 0D       		.uleb128 0xd
 1400 0065 00       		.byte	0
 1401 0066 00       		.byte	0
 1402 0067 0A       		.uleb128 0xa
 1403 0068 13       		.uleb128 0x13
 1404 0069 01       		.byte	0x1
 1405 006a 03       		.uleb128 0x3
 1406 006b 0E       		.uleb128 0xe
 1407 006c 0B       		.uleb128 0xb
 1408 006d 0B       		.uleb128 0xb
 1409 006e 3A       		.uleb128 0x3a
 1410 006f 0B       		.uleb128 0xb
 1411 0070 3B       		.uleb128 0x3b
 1412 0071 05       		.uleb128 0x5
 1413 0072 01       		.uleb128 0x1
 1414 0073 13       		.uleb128 0x13
 1415 0074 00       		.byte	0
ARM GAS  C:\Users\Elis\AppData\Local\Temp\ccYRzfvc.s 			page 26


 1416 0075 00       		.byte	0
 1417 0076 0B       		.uleb128 0xb
 1418 0077 0D       		.uleb128 0xd
 1419 0078 00       		.byte	0
 1420 0079 03       		.uleb128 0x3
 1421 007a 0E       		.uleb128 0xe
 1422 007b 3A       		.uleb128 0x3a
 1423 007c 0B       		.uleb128 0xb
 1424 007d 3B       		.uleb128 0x3b
 1425 007e 05       		.uleb128 0x5
 1426 007f 49       		.uleb128 0x49
 1427 0080 13       		.uleb128 0x13
 1428 0081 38       		.uleb128 0x38
 1429 0082 0A       		.uleb128 0xa
 1430 0083 00       		.byte	0
 1431 0084 00       		.byte	0
 1432 0085 0C       		.uleb128 0xc
 1433 0086 0D       		.uleb128 0xd
 1434 0087 00       		.byte	0
 1435 0088 03       		.uleb128 0x3
 1436 0089 08       		.uleb128 0x8
 1437 008a 3A       		.uleb128 0x3a
 1438 008b 0B       		.uleb128 0xb
 1439 008c 3B       		.uleb128 0x3b
 1440 008d 05       		.uleb128 0x5
 1441 008e 49       		.uleb128 0x49
 1442 008f 13       		.uleb128 0x13
 1443 0090 38       		.uleb128 0x38
 1444 0091 0A       		.uleb128 0xa
 1445 0092 00       		.byte	0
 1446 0093 00       		.byte	0
 1447 0094 0D       		.uleb128 0xd
 1448 0095 0F       		.uleb128 0xf
 1449 0096 00       		.byte	0
 1450 0097 0B       		.uleb128 0xb
 1451 0098 0B       		.uleb128 0xb
 1452 0099 49       		.uleb128 0x49
 1453 009a 13       		.uleb128 0x13
 1454 009b 00       		.byte	0
 1455 009c 00       		.byte	0
 1456 009d 0E       		.uleb128 0xe
 1457 009e 15       		.uleb128 0x15
 1458 009f 01       		.byte	0x1
 1459 00a0 27       		.uleb128 0x27
 1460 00a1 0C       		.uleb128 0xc
 1461 00a2 01       		.uleb128 0x1
 1462 00a3 13       		.uleb128 0x13
 1463 00a4 00       		.byte	0
 1464 00a5 00       		.byte	0
 1465 00a6 0F       		.uleb128 0xf
 1466 00a7 05       		.uleb128 0x5
 1467 00a8 00       		.byte	0
 1468 00a9 49       		.uleb128 0x49
 1469 00aa 13       		.uleb128 0x13
 1470 00ab 00       		.byte	0
 1471 00ac 00       		.byte	0
 1472 00ad 10       		.uleb128 0x10
ARM GAS  C:\Users\Elis\AppData\Local\Temp\ccYRzfvc.s 			page 27


 1473 00ae 13       		.uleb128 0x13
 1474 00af 01       		.byte	0x1
 1475 00b0 0B       		.uleb128 0xb
 1476 00b1 0B       		.uleb128 0xb
 1477 00b2 3A       		.uleb128 0x3a
 1478 00b3 0B       		.uleb128 0xb
 1479 00b4 3B       		.uleb128 0x3b
 1480 00b5 05       		.uleb128 0x5
 1481 00b6 01       		.uleb128 0x1
 1482 00b7 13       		.uleb128 0x13
 1483 00b8 00       		.byte	0
 1484 00b9 00       		.byte	0
 1485 00ba 11       		.uleb128 0x11
 1486 00bb 16       		.uleb128 0x16
 1487 00bc 00       		.byte	0
 1488 00bd 03       		.uleb128 0x3
 1489 00be 0E       		.uleb128 0xe
 1490 00bf 3A       		.uleb128 0x3a
 1491 00c0 0B       		.uleb128 0xb
 1492 00c1 3B       		.uleb128 0x3b
 1493 00c2 05       		.uleb128 0x5
 1494 00c3 49       		.uleb128 0x49
 1495 00c4 13       		.uleb128 0x13
 1496 00c5 00       		.byte	0
 1497 00c6 00       		.byte	0
 1498 00c7 12       		.uleb128 0x12
 1499 00c8 26       		.uleb128 0x26
 1500 00c9 00       		.byte	0
 1501 00ca 49       		.uleb128 0x49
 1502 00cb 13       		.uleb128 0x13
 1503 00cc 00       		.byte	0
 1504 00cd 00       		.byte	0
 1505 00ce 13       		.uleb128 0x13
 1506 00cf 2E       		.uleb128 0x2e
 1507 00d0 01       		.byte	0x1
 1508 00d1 3F       		.uleb128 0x3f
 1509 00d2 0C       		.uleb128 0xc
 1510 00d3 03       		.uleb128 0x3
 1511 00d4 0E       		.uleb128 0xe
 1512 00d5 3A       		.uleb128 0x3a
 1513 00d6 0B       		.uleb128 0xb
 1514 00d7 3B       		.uleb128 0x3b
 1515 00d8 0B       		.uleb128 0xb
 1516 00d9 27       		.uleb128 0x27
 1517 00da 0C       		.uleb128 0xc
 1518 00db 11       		.uleb128 0x11
 1519 00dc 01       		.uleb128 0x1
 1520 00dd 12       		.uleb128 0x12
 1521 00de 01       		.uleb128 0x1
 1522 00df 40       		.uleb128 0x40
 1523 00e0 0A       		.uleb128 0xa
 1524 00e1 9742     		.uleb128 0x2117
 1525 00e3 0C       		.uleb128 0xc
 1526 00e4 01       		.uleb128 0x1
 1527 00e5 13       		.uleb128 0x13
 1528 00e6 00       		.byte	0
 1529 00e7 00       		.byte	0
ARM GAS  C:\Users\Elis\AppData\Local\Temp\ccYRzfvc.s 			page 28


 1530 00e8 14       		.uleb128 0x14
 1531 00e9 898201   		.uleb128 0x4109
 1532 00ec 00       		.byte	0
 1533 00ed 11       		.uleb128 0x11
 1534 00ee 01       		.uleb128 0x1
 1535 00ef 9542     		.uleb128 0x2115
 1536 00f1 0C       		.uleb128 0xc
 1537 00f2 31       		.uleb128 0x31
 1538 00f3 13       		.uleb128 0x13
 1539 00f4 00       		.byte	0
 1540 00f5 00       		.byte	0
 1541 00f6 15       		.uleb128 0x15
 1542 00f7 05       		.uleb128 0x5
 1543 00f8 00       		.byte	0
 1544 00f9 03       		.uleb128 0x3
 1545 00fa 0E       		.uleb128 0xe
 1546 00fb 3A       		.uleb128 0x3a
 1547 00fc 0B       		.uleb128 0xb
 1548 00fd 3B       		.uleb128 0x3b
 1549 00fe 0B       		.uleb128 0xb
 1550 00ff 49       		.uleb128 0x49
 1551 0100 13       		.uleb128 0x13
 1552 0101 02       		.uleb128 0x2
 1553 0102 0A       		.uleb128 0xa
 1554 0103 00       		.byte	0
 1555 0104 00       		.byte	0
 1556 0105 16       		.uleb128 0x16
 1557 0106 2E       		.uleb128 0x2e
 1558 0107 01       		.byte	0x1
 1559 0108 3F       		.uleb128 0x3f
 1560 0109 0C       		.uleb128 0xc
 1561 010a 03       		.uleb128 0x3
 1562 010b 0E       		.uleb128 0xe
 1563 010c 3A       		.uleb128 0x3a
 1564 010d 0B       		.uleb128 0xb
 1565 010e 3B       		.uleb128 0x3b
 1566 010f 0B       		.uleb128 0xb
 1567 0110 27       		.uleb128 0x27
 1568 0111 0C       		.uleb128 0xc
 1569 0112 11       		.uleb128 0x11
 1570 0113 01       		.uleb128 0x1
 1571 0114 12       		.uleb128 0x12
 1572 0115 01       		.uleb128 0x1
 1573 0116 40       		.uleb128 0x40
 1574 0117 06       		.uleb128 0x6
 1575 0118 9742     		.uleb128 0x2117
 1576 011a 0C       		.uleb128 0xc
 1577 011b 01       		.uleb128 0x1
 1578 011c 13       		.uleb128 0x13
 1579 011d 00       		.byte	0
 1580 011e 00       		.byte	0
 1581 011f 17       		.uleb128 0x17
 1582 0120 05       		.uleb128 0x5
 1583 0121 00       		.byte	0
 1584 0122 03       		.uleb128 0x3
 1585 0123 0E       		.uleb128 0xe
 1586 0124 3A       		.uleb128 0x3a
ARM GAS  C:\Users\Elis\AppData\Local\Temp\ccYRzfvc.s 			page 29


 1587 0125 0B       		.uleb128 0xb
 1588 0126 3B       		.uleb128 0x3b
 1589 0127 0B       		.uleb128 0xb
 1590 0128 49       		.uleb128 0x49
 1591 0129 13       		.uleb128 0x13
 1592 012a 02       		.uleb128 0x2
 1593 012b 06       		.uleb128 0x6
 1594 012c 00       		.byte	0
 1595 012d 00       		.byte	0
 1596 012e 18       		.uleb128 0x18
 1597 012f 0B       		.uleb128 0xb
 1598 0130 01       		.byte	0x1
 1599 0131 11       		.uleb128 0x11
 1600 0132 01       		.uleb128 0x1
 1601 0133 12       		.uleb128 0x12
 1602 0134 01       		.uleb128 0x1
 1603 0135 01       		.uleb128 0x1
 1604 0136 13       		.uleb128 0x13
 1605 0137 00       		.byte	0
 1606 0138 00       		.byte	0
 1607 0139 19       		.uleb128 0x19
 1608 013a 34       		.uleb128 0x34
 1609 013b 00       		.byte	0
 1610 013c 03       		.uleb128 0x3
 1611 013d 08       		.uleb128 0x8
 1612 013e 3A       		.uleb128 0x3a
 1613 013f 0B       		.uleb128 0xb
 1614 0140 3B       		.uleb128 0x3b
 1615 0141 0B       		.uleb128 0xb
 1616 0142 49       		.uleb128 0x49
 1617 0143 13       		.uleb128 0x13
 1618 0144 02       		.uleb128 0x2
 1619 0145 06       		.uleb128 0x6
 1620 0146 00       		.byte	0
 1621 0147 00       		.byte	0
 1622 0148 1A       		.uleb128 0x1a
 1623 0149 898201   		.uleb128 0x4109
 1624 014c 00       		.byte	0
 1625 014d 11       		.uleb128 0x11
 1626 014e 01       		.uleb128 0x1
 1627 014f 31       		.uleb128 0x31
 1628 0150 13       		.uleb128 0x13
 1629 0151 00       		.byte	0
 1630 0152 00       		.byte	0
 1631 0153 1B       		.uleb128 0x1b
 1632 0154 898201   		.uleb128 0x4109
 1633 0157 01       		.byte	0x1
 1634 0158 11       		.uleb128 0x11
 1635 0159 01       		.uleb128 0x1
 1636 015a 31       		.uleb128 0x31
 1637 015b 13       		.uleb128 0x13
 1638 015c 01       		.uleb128 0x1
 1639 015d 13       		.uleb128 0x13
 1640 015e 00       		.byte	0
 1641 015f 00       		.byte	0
 1642 0160 1C       		.uleb128 0x1c
 1643 0161 8A8201   		.uleb128 0x410a
ARM GAS  C:\Users\Elis\AppData\Local\Temp\ccYRzfvc.s 			page 30


 1644 0164 00       		.byte	0
 1645 0165 02       		.uleb128 0x2
 1646 0166 0A       		.uleb128 0xa
 1647 0167 9142     		.uleb128 0x2111
 1648 0169 0A       		.uleb128 0xa
 1649 016a 00       		.byte	0
 1650 016b 00       		.byte	0
 1651 016c 1D       		.uleb128 0x1d
 1652 016d 0B       		.uleb128 0xb
 1653 016e 01       		.byte	0x1
 1654 016f 55       		.uleb128 0x55
 1655 0170 06       		.uleb128 0x6
 1656 0171 01       		.uleb128 0x1
 1657 0172 13       		.uleb128 0x13
 1658 0173 00       		.byte	0
 1659 0174 00       		.byte	0
 1660 0175 1E       		.uleb128 0x1e
 1661 0176 34       		.uleb128 0x34
 1662 0177 00       		.byte	0
 1663 0178 03       		.uleb128 0x3
 1664 0179 0E       		.uleb128 0xe
 1665 017a 3A       		.uleb128 0x3a
 1666 017b 0B       		.uleb128 0xb
 1667 017c 3B       		.uleb128 0x3b
 1668 017d 05       		.uleb128 0x5
 1669 017e 49       		.uleb128 0x49
 1670 017f 13       		.uleb128 0x13
 1671 0180 3F       		.uleb128 0x3f
 1672 0181 0C       		.uleb128 0xc
 1673 0182 3C       		.uleb128 0x3c
 1674 0183 0C       		.uleb128 0xc
 1675 0184 00       		.byte	0
 1676 0185 00       		.byte	0
 1677 0186 1F       		.uleb128 0x1f
 1678 0187 2E       		.uleb128 0x2e
 1679 0188 00       		.byte	0
 1680 0189 3F       		.uleb128 0x3f
 1681 018a 0C       		.uleb128 0xc
 1682 018b 03       		.uleb128 0x3
 1683 018c 0E       		.uleb128 0xe
 1684 018d 3A       		.uleb128 0x3a
 1685 018e 0B       		.uleb128 0xb
 1686 018f 3B       		.uleb128 0x3b
 1687 0190 05       		.uleb128 0x5
 1688 0191 27       		.uleb128 0x27
 1689 0192 0C       		.uleb128 0xc
 1690 0193 3C       		.uleb128 0x3c
 1691 0194 0C       		.uleb128 0xc
 1692 0195 00       		.byte	0
 1693 0196 00       		.byte	0
 1694 0197 20       		.uleb128 0x20
 1695 0198 2E       		.uleb128 0x2e
 1696 0199 00       		.byte	0
 1697 019a 3F       		.uleb128 0x3f
 1698 019b 0C       		.uleb128 0xc
 1699 019c 03       		.uleb128 0x3
 1700 019d 0E       		.uleb128 0xe
ARM GAS  C:\Users\Elis\AppData\Local\Temp\ccYRzfvc.s 			page 31


 1701 019e 3A       		.uleb128 0x3a
 1702 019f 0B       		.uleb128 0xb
 1703 01a0 3B       		.uleb128 0x3b
 1704 01a1 0B       		.uleb128 0xb
 1705 01a2 27       		.uleb128 0x27
 1706 01a3 0C       		.uleb128 0xc
 1707 01a4 3C       		.uleb128 0x3c
 1708 01a5 0C       		.uleb128 0xc
 1709 01a6 00       		.byte	0
 1710 01a7 00       		.byte	0
 1711 01a8 21       		.uleb128 0x21
 1712 01a9 2E       		.uleb128 0x2e
 1713 01aa 01       		.byte	0x1
 1714 01ab 3F       		.uleb128 0x3f
 1715 01ac 0C       		.uleb128 0xc
 1716 01ad 03       		.uleb128 0x3
 1717 01ae 0E       		.uleb128 0xe
 1718 01af 3A       		.uleb128 0x3a
 1719 01b0 0B       		.uleb128 0xb
 1720 01b1 3B       		.uleb128 0x3b
 1721 01b2 05       		.uleb128 0x5
 1722 01b3 27       		.uleb128 0x27
 1723 01b4 0C       		.uleb128 0xc
 1724 01b5 3C       		.uleb128 0x3c
 1725 01b6 0C       		.uleb128 0xc
 1726 01b7 01       		.uleb128 0x1
 1727 01b8 13       		.uleb128 0x13
 1728 01b9 00       		.byte	0
 1729 01ba 00       		.byte	0
 1730 01bb 22       		.uleb128 0x22
 1731 01bc 2E       		.uleb128 0x2e
 1732 01bd 01       		.byte	0x1
 1733 01be 3F       		.uleb128 0x3f
 1734 01bf 0C       		.uleb128 0xc
 1735 01c0 03       		.uleb128 0x3
 1736 01c1 0E       		.uleb128 0xe
 1737 01c2 3A       		.uleb128 0x3a
 1738 01c3 0B       		.uleb128 0xb
 1739 01c4 3B       		.uleb128 0x3b
 1740 01c5 05       		.uleb128 0x5
 1741 01c6 27       		.uleb128 0x27
 1742 01c7 0C       		.uleb128 0xc
 1743 01c8 3C       		.uleb128 0x3c
 1744 01c9 0C       		.uleb128 0xc
 1745 01ca 00       		.byte	0
 1746 01cb 00       		.byte	0
 1747 01cc 00       		.byte	0
 1748              		.section	.debug_loc,"",%progbits
 1749              	.Ldebug_loc0:
 1750              	.LLST0:
 1751 0000 00000000 		.4byte	.LFB120
 1752 0004 02000000 		.4byte	.LCFI0
 1753 0008 0200     		.2byte	0x2
 1754 000a 7D       		.byte	0x7d
 1755 000b 00       		.sleb128 0
 1756 000c 02000000 		.4byte	.LCFI0
 1757 0010 2C000000 		.4byte	.LFE120
ARM GAS  C:\Users\Elis\AppData\Local\Temp\ccYRzfvc.s 			page 32


 1758 0014 0200     		.2byte	0x2
 1759 0016 7D       		.byte	0x7d
 1760 0017 10       		.sleb128 16
 1761 0018 00000000 		.4byte	0
 1762 001c 00000000 		.4byte	0
 1763              	.LLST1:
 1764 0020 00000000 		.4byte	.LVL2
 1765 0024 0F000000 		.4byte	.LVL5-1
 1766 0028 0100     		.2byte	0x1
 1767 002a 50       		.byte	0x50
 1768 002b 0F000000 		.4byte	.LVL5-1
 1769 002f 2C000000 		.4byte	.LFE120
 1770 0033 0100     		.2byte	0x1
 1771 0035 54       		.byte	0x54
 1772 0036 00000000 		.4byte	0
 1773 003a 00000000 		.4byte	0
 1774              	.LLST2:
 1775 003e 00000000 		.4byte	.LVL2
 1776 0042 0F000000 		.4byte	.LVL5-1
 1777 0046 0100     		.2byte	0x1
 1778 0048 51       		.byte	0x51
 1779 0049 0F000000 		.4byte	.LVL5-1
 1780 004d 2C000000 		.4byte	.LFE120
 1781 0051 0100     		.2byte	0x1
 1782 0053 55       		.byte	0x55
 1783 0054 00000000 		.4byte	0
 1784 0058 00000000 		.4byte	0
 1785              	.LLST3:
 1786 005c 0C000000 		.4byte	.LVL4
 1787 0060 0F000000 		.4byte	.LVL5-1
 1788 0064 0100     		.2byte	0x1
 1789 0066 53       		.byte	0x53
 1790 0067 00000000 		.4byte	0
 1791 006b 00000000 		.4byte	0
 1792              	.LLST4:
 1793 006f 2A000000 		.4byte	.LVL9
 1794 0073 2C000000 		.4byte	.LFE120
 1795 0077 0100     		.2byte	0x1
 1796 0079 53       		.byte	0x53
 1797 007a 00000000 		.4byte	0
 1798 007e 00000000 		.4byte	0
 1799              	.LLST5:
 1800 0082 00000000 		.4byte	.LFB121
 1801 0086 02000000 		.4byte	.LCFI1
 1802 008a 0200     		.2byte	0x2
 1803 008c 7D       		.byte	0x7d
 1804 008d 00       		.sleb128 0
 1805 008e 02000000 		.4byte	.LCFI1
 1806 0092 24000000 		.4byte	.LFE121
 1807 0096 0200     		.2byte	0x2
 1808 0098 7D       		.byte	0x7d
 1809 0099 08       		.sleb128 8
 1810 009a 00000000 		.4byte	0
 1811 009e 00000000 		.4byte	0
 1812              	.LLST6:
 1813 00a2 00000000 		.4byte	.LVL10
 1814 00a6 0D000000 		.4byte	.LVL13-1
ARM GAS  C:\Users\Elis\AppData\Local\Temp\ccYRzfvc.s 			page 33


 1815 00aa 0100     		.2byte	0x1
 1816 00ac 50       		.byte	0x50
 1817 00ad 0D000000 		.4byte	.LVL13-1
 1818 00b1 24000000 		.4byte	.LFE121
 1819 00b5 0100     		.2byte	0x1
 1820 00b7 54       		.byte	0x54
 1821 00b8 00000000 		.4byte	0
 1822 00bc 00000000 		.4byte	0
 1823              	.LLST7:
 1824 00c0 0A000000 		.4byte	.LVL12
 1825 00c4 0D000000 		.4byte	.LVL13-1
 1826 00c8 0100     		.2byte	0x1
 1827 00ca 53       		.byte	0x53
 1828 00cb 00000000 		.4byte	0
 1829 00cf 00000000 		.4byte	0
 1830              	.LLST8:
 1831 00d3 22000000 		.4byte	.LVL17
 1832 00d7 24000000 		.4byte	.LFE121
 1833 00db 0100     		.2byte	0x1
 1834 00dd 53       		.byte	0x53
 1835 00de 00000000 		.4byte	0
 1836 00e2 00000000 		.4byte	0
 1837              	.LLST9:
 1838 00e6 00000000 		.4byte	.LFB122
 1839 00ea 02000000 		.4byte	.LCFI2
 1840 00ee 0200     		.2byte	0x2
 1841 00f0 7D       		.byte	0x7d
 1842 00f1 00       		.sleb128 0
 1843 00f2 02000000 		.4byte	.LCFI2
 1844 00f6 26000000 		.4byte	.LFE122
 1845 00fa 0200     		.2byte	0x2
 1846 00fc 7D       		.byte	0x7d
 1847 00fd 10       		.sleb128 16
 1848 00fe 00000000 		.4byte	0
 1849 0102 00000000 		.4byte	0
 1850              	.LLST10:
 1851 0106 00000000 		.4byte	.LVL18
 1852 010a 0F000000 		.4byte	.LVL21-1
 1853 010e 0100     		.2byte	0x1
 1854 0110 50       		.byte	0x50
 1855 0111 0F000000 		.4byte	.LVL21-1
 1856 0115 26000000 		.4byte	.LFE122
 1857 0119 0100     		.2byte	0x1
 1858 011b 54       		.byte	0x54
 1859 011c 00000000 		.4byte	0
 1860 0120 00000000 		.4byte	0
 1861              	.LLST11:
 1862 0124 00000000 		.4byte	.LVL18
 1863 0128 0F000000 		.4byte	.LVL21-1
 1864 012c 0100     		.2byte	0x1
 1865 012e 51       		.byte	0x51
 1866 012f 0F000000 		.4byte	.LVL21-1
 1867 0133 26000000 		.4byte	.LFE122
 1868 0137 0400     		.2byte	0x4
 1869 0139 F3       		.byte	0xf3
 1870 013a 01       		.uleb128 0x1
 1871 013b 51       		.byte	0x51
ARM GAS  C:\Users\Elis\AppData\Local\Temp\ccYRzfvc.s 			page 34


 1872 013c 9F       		.byte	0x9f
 1873 013d 00000000 		.4byte	0
 1874 0141 00000000 		.4byte	0
 1875              	.LLST12:
 1876 0145 0C000000 		.4byte	.LVL20
 1877 0149 0F000000 		.4byte	.LVL21-1
 1878 014d 0100     		.2byte	0x1
 1879 014f 53       		.byte	0x53
 1880 0150 00000000 		.4byte	0
 1881 0154 00000000 		.4byte	0
 1882              	.LLST13:
 1883 0158 24000000 		.4byte	.LVL24
 1884 015c 26000000 		.4byte	.LFE122
 1885 0160 0100     		.2byte	0x1
 1886 0162 53       		.byte	0x53
 1887 0163 00000000 		.4byte	0
 1888 0167 00000000 		.4byte	0
 1889              	.LLST14:
 1890 016b 00000000 		.4byte	.LFB123
 1891 016f 02000000 		.4byte	.LCFI3
 1892 0173 0200     		.2byte	0x2
 1893 0175 7D       		.byte	0x7d
 1894 0176 00       		.sleb128 0
 1895 0177 02000000 		.4byte	.LCFI3
 1896 017b 28000000 		.4byte	.LFE123
 1897 017f 0200     		.2byte	0x2
 1898 0181 7D       		.byte	0x7d
 1899 0182 10       		.sleb128 16
 1900 0183 00000000 		.4byte	0
 1901 0187 00000000 		.4byte	0
 1902              	.LLST15:
 1903 018b 00000000 		.4byte	.LVL25
 1904 018f 11000000 		.4byte	.LVL28-1
 1905 0193 0100     		.2byte	0x1
 1906 0195 50       		.byte	0x50
 1907 0196 11000000 		.4byte	.LVL28-1
 1908 019a 28000000 		.4byte	.LFE123
 1909 019e 0100     		.2byte	0x1
 1910 01a0 56       		.byte	0x56
 1911 01a1 00000000 		.4byte	0
 1912 01a5 00000000 		.4byte	0
 1913              	.LLST16:
 1914 01a9 00000000 		.4byte	.LVL25
 1915 01ad 11000000 		.4byte	.LVL28-1
 1916 01b1 0100     		.2byte	0x1
 1917 01b3 51       		.byte	0x51
 1918 01b4 11000000 		.4byte	.LVL28-1
 1919 01b8 28000000 		.4byte	.LFE123
 1920 01bc 0400     		.2byte	0x4
 1921 01be F3       		.byte	0xf3
 1922 01bf 01       		.uleb128 0x1
 1923 01c0 51       		.byte	0x51
 1924 01c1 9F       		.byte	0x9f
 1925 01c2 00000000 		.4byte	0
 1926 01c6 00000000 		.4byte	0
 1927              	.LLST17:
 1928 01ca 00000000 		.4byte	.LVL25
ARM GAS  C:\Users\Elis\AppData\Local\Temp\ccYRzfvc.s 			page 35


 1929 01ce 11000000 		.4byte	.LVL28-1
 1930 01d2 0100     		.2byte	0x1
 1931 01d4 52       		.byte	0x52
 1932 01d5 11000000 		.4byte	.LVL28-1
 1933 01d9 28000000 		.4byte	.LFE123
 1934 01dd 0400     		.2byte	0x4
 1935 01df F3       		.byte	0xf3
 1936 01e0 01       		.uleb128 0x1
 1937 01e1 52       		.byte	0x52
 1938 01e2 9F       		.byte	0x9f
 1939 01e3 00000000 		.4byte	0
 1940 01e7 00000000 		.4byte	0
 1941              	.LLST18:
 1942 01eb 0E000000 		.4byte	.LVL27
 1943 01ef 11000000 		.4byte	.LVL28-1
 1944 01f3 0100     		.2byte	0x1
 1945 01f5 53       		.byte	0x53
 1946 01f6 00000000 		.4byte	0
 1947 01fa 00000000 		.4byte	0
 1948              	.LLST19:
 1949 01fe 26000000 		.4byte	.LVL32
 1950 0202 28000000 		.4byte	.LFE123
 1951 0206 0100     		.2byte	0x1
 1952 0208 53       		.byte	0x53
 1953 0209 00000000 		.4byte	0
 1954 020d 00000000 		.4byte	0
 1955              	.LLST20:
 1956 0211 00000000 		.4byte	.LFB124
 1957 0215 02000000 		.4byte	.LCFI4
 1958 0219 0200     		.2byte	0x2
 1959 021b 7D       		.byte	0x7d
 1960 021c 00       		.sleb128 0
 1961 021d 02000000 		.4byte	.LCFI4
 1962 0221 24000000 		.4byte	.LFE124
 1963 0225 0200     		.2byte	0x2
 1964 0227 7D       		.byte	0x7d
 1965 0228 10       		.sleb128 16
 1966 0229 00000000 		.4byte	0
 1967 022d 00000000 		.4byte	0
 1968              	.LLST21:
 1969 0231 00000000 		.4byte	.LVL33
 1970 0235 0F000000 		.4byte	.LVL36-1
 1971 0239 0100     		.2byte	0x1
 1972 023b 50       		.byte	0x50
 1973 023c 0F000000 		.4byte	.LVL36-1
 1974 0240 24000000 		.4byte	.LFE124
 1975 0244 0100     		.2byte	0x1
 1976 0246 55       		.byte	0x55
 1977 0247 00000000 		.4byte	0
 1978 024b 00000000 		.4byte	0
 1979              	.LLST22:
 1980 024f 00000000 		.4byte	.LVL33
 1981 0253 0F000000 		.4byte	.LVL36-1
 1982 0257 0100     		.2byte	0x1
 1983 0259 51       		.byte	0x51
 1984 025a 0F000000 		.4byte	.LVL36-1
 1985 025e 24000000 		.4byte	.LFE124
ARM GAS  C:\Users\Elis\AppData\Local\Temp\ccYRzfvc.s 			page 36


 1986 0262 0400     		.2byte	0x4
 1987 0264 F3       		.byte	0xf3
 1988 0265 01       		.uleb128 0x1
 1989 0266 51       		.byte	0x51
 1990 0267 9F       		.byte	0x9f
 1991 0268 00000000 		.4byte	0
 1992 026c 00000000 		.4byte	0
 1993              	.LLST23:
 1994 0270 0C000000 		.4byte	.LVL35
 1995 0274 0F000000 		.4byte	.LVL36-1
 1996 0278 0100     		.2byte	0x1
 1997 027a 53       		.byte	0x53
 1998 027b 00000000 		.4byte	0
 1999 027f 00000000 		.4byte	0
 2000              	.LLST24:
 2001 0283 22000000 		.4byte	.LVL40
 2002 0287 24000000 		.4byte	.LFE124
 2003 028b 0100     		.2byte	0x1
 2004 028d 53       		.byte	0x53
 2005 028e 00000000 		.4byte	0
 2006 0292 00000000 		.4byte	0
 2007              		.section	.debug_aranges,"",%progbits
 2008 0000 4C000000 		.4byte	0x4c
 2009 0004 0200     		.2byte	0x2
 2010 0006 00000000 		.4byte	.Ldebug_info0
 2011 000a 04       		.byte	0x4
 2012 000b 00       		.byte	0
 2013 000c 0000     		.2byte	0
 2014 000e 0000     		.2byte	0
 2015 0010 00000000 		.4byte	.LFB118
 2016 0014 04000000 		.4byte	.LFE118-.LFB118
 2017 0018 00000000 		.4byte	.LFB119
 2018 001c 0A000000 		.4byte	.LFE119-.LFB119
 2019 0020 00000000 		.4byte	.LFB120
 2020 0024 2C000000 		.4byte	.LFE120-.LFB120
 2021 0028 00000000 		.4byte	.LFB121
 2022 002c 24000000 		.4byte	.LFE121-.LFB121
 2023 0030 00000000 		.4byte	.LFB122
 2024 0034 26000000 		.4byte	.LFE122-.LFB122
 2025 0038 00000000 		.4byte	.LFB123
 2026 003c 28000000 		.4byte	.LFE123-.LFB123
 2027 0040 00000000 		.4byte	.LFB124
 2028 0044 24000000 		.4byte	.LFE124-.LFB124
 2029 0048 00000000 		.4byte	0
 2030 004c 00000000 		.4byte	0
 2031              		.section	.debug_ranges,"",%progbits
 2032              	.Ldebug_ranges0:
 2033 0000 02000000 		.4byte	.LBB4
 2034 0004 04000000 		.4byte	.LBE4
 2035 0008 06000000 		.4byte	.LBB5
 2036 000c 0A000000 		.4byte	.LBE5
 2037 0010 00000000 		.4byte	0
 2038 0014 00000000 		.4byte	0
 2039 0018 02000000 		.4byte	.LBB9
 2040 001c 04000000 		.4byte	.LBE9
 2041 0020 0A000000 		.4byte	.LBB10
 2042 0024 0E000000 		.4byte	.LBE10
ARM GAS  C:\Users\Elis\AppData\Local\Temp\ccYRzfvc.s 			page 37


 2043 0028 00000000 		.4byte	0
 2044 002c 00000000 		.4byte	0
 2045 0030 00000000 		.4byte	.LFB118
 2046 0034 04000000 		.4byte	.LFE118
 2047 0038 00000000 		.4byte	.LFB119
 2048 003c 0A000000 		.4byte	.LFE119
 2049 0040 00000000 		.4byte	.LFB120
 2050 0044 2C000000 		.4byte	.LFE120
 2051 0048 00000000 		.4byte	.LFB121
 2052 004c 24000000 		.4byte	.LFE121
 2053 0050 00000000 		.4byte	.LFB122
 2054 0054 26000000 		.4byte	.LFE122
 2055 0058 00000000 		.4byte	.LFB123
 2056 005c 28000000 		.4byte	.LFE123
 2057 0060 00000000 		.4byte	.LFB124
 2058 0064 24000000 		.4byte	.LFE124
 2059 0068 00000000 		.4byte	0
 2060 006c 00000000 		.4byte	0
 2061              		.section	.debug_line,"",%progbits
 2062              	.Ldebug_line0:
 2063 0000 2F020000 		.section	.debug_str,"MS",%progbits,1
 2063      02009801 
 2063      00000201 
 2063      FB0E0D00 
 2063      01010101 
 2064              	.LASF30:
 2065 0000 43434552 		.ascii	"CCER\000"
 2065      00
 2066              	.LASF61:
 2067 0005 70776D5F 		.ascii	"pwm_lld_stop\000"
 2067      6C6C645F 
 2067      73746F70 
 2067      00
 2068              	.LASF32:
 2069 0012 444D4152 		.ascii	"DMAR\000"
 2069      00
 2070              	.LASF21:
 2071 0017 73746174 		.ascii	"state\000"
 2071      6500
 2072              	.LASF29:
 2073 001d 43434D52 		.ascii	"CCMR2\000"
 2073      3200
 2074              	.LASF33:
 2075 0023 43434D52 		.ascii	"CCMR3\000"
 2075      3300
 2076              	.LASF3:
 2077 0029 73686F72 		.ascii	"short int\000"
 2077      7420696E 
 2077      7400
 2078              	.LASF39:
 2079 0033 70776D63 		.ascii	"pwmcnt_t\000"
 2079      6E745F74 
 2079      00
 2080              	.LASF14:
 2081 003c 73697A65 		.ascii	"sizetype\000"
 2081      74797065 
 2081      00
ARM GAS  C:\Users\Elis\AppData\Local\Temp\ccYRzfvc.s 			page 38


 2082              	.LASF67:
 2083 0045 70776D5F 		.ascii	"pwm_lld_disable_channel\000"
 2083      6C6C645F 
 2083      64697361 
 2083      626C655F 
 2083      6368616E 
 2084              	.LASF38:
 2085 005d 70776D63 		.ascii	"pwmchannel_t\000"
 2085      68616E6E 
 2085      656C5F74 
 2085      00
 2086              	.LASF64:
 2087 006a 2E2E2F2E 		.ascii	"../../chibios/os/hal/src/pwm.c\000"
 2087      2E2F6368 
 2087      6962696F 
 2087      732F6F73 
 2087      2F68616C 
 2088              	.LASF44:
 2089 0089 6368616E 		.ascii	"channels\000"
 2089      6E656C73 
 2089      00
 2090              	.LASF22:
 2091 0092 636F6E66 		.ascii	"config\000"
 2091      696700
 2092              	.LASF48:
 2093 0099 70776D4F 		.ascii	"pwmObjectInit\000"
 2093      626A6563 
 2093      74496E69 
 2093      7400
 2094              	.LASF4:
 2095 00a7 75696E74 		.ascii	"uint8_t\000"
 2095      385F7400 
 2096              	.LASF53:
 2097 00af 70776D45 		.ascii	"pwmEnableChannel\000"
 2097      6E61626C 
 2097      65436861 
 2097      6E6E656C 
 2097      00
 2098              	.LASF55:
 2099 00c0 77696474 		.ascii	"width\000"
 2099      6800
 2100              	.LASF49:
 2101 00c6 70776D53 		.ascii	"pwmStart\000"
 2101      74617274 
 2101      00
 2102              	.LASF11:
 2103 00cf 6C6F6E67 		.ascii	"long long int\000"
 2103      206C6F6E 
 2103      6720696E 
 2103      7400
 2104              	.LASF8:
 2105 00dd 6C6F6E67 		.ascii	"long int\000"
 2105      20696E74 
 2105      00
 2106              	.LASF47:
 2107 00e6 70776D49 		.ascii	"pwmInit\000"
 2107      6E697400 
ARM GAS  C:\Users\Elis\AppData\Local\Temp\ccYRzfvc.s 			page 39


 2108              	.LASF34:
 2109 00ee 43435235 		.ascii	"CCR5\000"
 2109      00
 2110              	.LASF35:
 2111 00f3 43435236 		.ascii	"CCR6\000"
 2111      00
 2112              	.LASF23:
 2113 00f8 70657269 		.ascii	"period\000"
 2113      6F6400
 2114              	.LASF28:
 2115 00ff 43434D52 		.ascii	"CCMR1\000"
 2115      3100
 2116              	.LASF60:
 2117 0105 70776D5F 		.ascii	"pwm_lld_start\000"
 2117      6C6C645F 
 2117      73746172 
 2117      7400
 2118              	.LASF46:
 2119 0113 50574D43 		.ascii	"PWMConfig\000"
 2119      6F6E6669 
 2119      6700
 2120              	.LASF50:
 2121 011d 70776D70 		.ascii	"pwmp\000"
 2121      00
 2122              	.LASF26:
 2123 0122 534D4352 		.ascii	"SMCR\000"
 2123      00
 2124              	.LASF16:
 2125 0127 50574D5F 		.ascii	"PWM_UNINIT\000"
 2125      554E494E 
 2125      495400
 2126              	.LASF2:
 2127 0132 756E7369 		.ascii	"unsigned char\000"
 2127      676E6564 
 2127      20636861 
 2127      7200
 2128              	.LASF62:
 2129 0140 70776D5F 		.ascii	"pwm_lld_enable_channel\000"
 2129      6C6C645F 
 2129      656E6162 
 2129      6C655F63 
 2129      68616E6E 
 2130              	.LASF59:
 2131 0157 6462675F 		.ascii	"dbg_check_unlock\000"
 2131      63686563 
 2131      6B5F756E 
 2131      6C6F636B 
 2131      00
 2132              	.LASF56:
 2133 0168 70776D44 		.ascii	"pwmDisableChannel\000"
 2133      69736162 
 2133      6C654368 
 2133      616E6E65 
 2133      6C00
 2134              	.LASF1:
 2135 017a 7369676E 		.ascii	"signed char\000"
 2135      65642063 
ARM GAS  C:\Users\Elis\AppData\Local\Temp\ccYRzfvc.s 			page 40


 2135      68617200 
 2136              	.LASF58:
 2137 0186 6462675F 		.ascii	"dbg_check_lock\000"
 2137      63686563 
 2137      6B5F6C6F 
 2137      636B00
 2138              	.LASF12:
 2139 0195 6C6F6E67 		.ascii	"long long unsigned int\000"
 2139      206C6F6E 
 2139      6720756E 
 2139      7369676E 
 2139      65642069 
 2140              	.LASF9:
 2141 01ac 75696E74 		.ascii	"uint32_t\000"
 2141      33325F74 
 2141      00
 2142              	.LASF0:
 2143 01b5 756E7369 		.ascii	"unsigned int\000"
 2143      676E6564 
 2143      20696E74 
 2143      00
 2144              	.LASF5:
 2145 01c2 75696E74 		.ascii	"uint16_t\000"
 2145      31365F74 
 2145      00
 2146              	.LASF31:
 2147 01cb 42445452 		.ascii	"BDTR\000"
 2147      00
 2148              	.LASF63:
 2149 01d0 474E5520 		.ascii	"GNU C 4.7.4 20140401 (release) [ARM/embedded-4_7-br"
 2149      4320342E 
 2149      372E3420 
 2149      32303134 
 2149      30343031 
 2150 0203 616E6368 		.ascii	"anch revision 209195]\000"
 2150      20726576 
 2150      6973696F 
 2150      6E203230 
 2150      39313935 
 2151              	.LASF27:
 2152 0219 44494552 		.ascii	"DIER\000"
 2152      00
 2153              	.LASF65:
 2154 021e 433A5C43 		.ascii	"C:\\ChibiStudio\\workspace26\\Mobile_phone\000"
 2154      68696269 
 2154      53747564 
 2154      696F5C77 
 2154      6F726B73 
 2155              	.LASF6:
 2156 0246 73686F72 		.ascii	"short unsigned int\000"
 2156      7420756E 
 2156      7369676E 
 2156      65642069 
 2156      6E7400
 2157              	.LASF57:
 2158 0259 70776D5F 		.ascii	"pwm_lld_init\000"
 2158      6C6C645F 
ARM GAS  C:\Users\Elis\AppData\Local\Temp\ccYRzfvc.s 			page 41


 2158      696E6974 
 2158      00
 2159              	.LASF15:
 2160 0266 63686172 		.ascii	"char\000"
 2160      00
 2161              	.LASF36:
 2162 026b 73746D33 		.ascii	"stm32_tim_t\000"
 2162      325F7469 
 2162      6D5F7400 
 2163              	.LASF20:
 2164 0277 50574D44 		.ascii	"PWMDriver\000"
 2164      72697665 
 2164      7200
 2165              	.LASF7:
 2166 0281 696E7433 		.ascii	"int32_t\000"
 2166      325F7400 
 2167              	.LASF40:
 2168 0289 6D6F6465 		.ascii	"mode\000"
 2168      00
 2169              	.LASF13:
 2170 028e 5F426F6F 		.ascii	"_Bool\000"
 2170      6C00
 2171              	.LASF54:
 2172 0294 6368616E 		.ascii	"channel\000"
 2172      6E656C00 
 2173              	.LASF52:
 2174 029c 70776D43 		.ascii	"pwmChangePeriod\000"
 2174      68616E67 
 2174      65506572 
 2174      696F6400 
 2175              	.LASF10:
 2176 02ac 6C6F6E67 		.ascii	"long unsigned int\000"
 2176      20756E73 
 2176      69676E65 
 2176      6420696E 
 2176      7400
 2177              	.LASF24:
 2178 02be 636C6F63 		.ascii	"clock\000"
 2178      6B00
 2179              	.LASF18:
 2180 02c4 50574D5F 		.ascii	"PWM_READY\000"
 2180      52454144 
 2180      5900
 2181              	.LASF17:
 2182 02ce 50574D5F 		.ascii	"PWM_STOP\000"
 2182      53544F50 
 2182      00
 2183              	.LASF45:
 2184 02d7 64696572 		.ascii	"dier\000"
 2184      00
 2185              	.LASF51:
 2186 02dc 70776D53 		.ascii	"pwmStop\000"
 2186      746F7000 
 2187              	.LASF43:
 2188 02e4 66726571 		.ascii	"frequency\000"
 2188      75656E63 
 2188      7900
ARM GAS  C:\Users\Elis\AppData\Local\Temp\ccYRzfvc.s 			page 42


 2189              	.LASF42:
 2190 02ee 50574D43 		.ascii	"PWMChannelConfig\000"
 2190      68616E6E 
 2190      656C436F 
 2190      6E666967 
 2190      00
 2191              	.LASF37:
 2192 02ff 70776D6D 		.ascii	"pwmmode_t\000"
 2192      6F64655F 
 2192      7400
 2193              	.LASF66:
 2194 0309 49544D5F 		.ascii	"ITM_RxBuffer\000"
 2194      52784275 
 2194      66666572 
 2194      00
 2195              	.LASF19:
 2196 0316 70776D73 		.ascii	"pwmstate_t\000"
 2196      74617465 
 2196      5F7400
 2197              	.LASF25:
 2198 0321 70776D63 		.ascii	"pwmcallback_t\000"
 2198      616C6C62 
 2198      61636B5F 
 2198      7400
 2199              	.LASF41:
 2200 032f 63616C6C 		.ascii	"callback\000"
 2200      6261636B 
 2200      00
 2201              		.ident	"GCC: (GNU Tools for ARM Embedded Processors) 4.7.4 20140401 (release) [ARM/embedded-4_7-br
ARM GAS  C:\Users\Elis\AppData\Local\Temp\ccYRzfvc.s 			page 43


DEFINED SYMBOLS
                            *ABS*:00000000 pwm.c
C:\Users\Elis\AppData\Local\Temp\ccYRzfvc.s:19     .text.pwmInit:00000000 $t
C:\Users\Elis\AppData\Local\Temp\ccYRzfvc.s:25     .text.pwmInit:00000000 pwmInit
C:\Users\Elis\AppData\Local\Temp\ccYRzfvc.s:41     .text.pwmObjectInit:00000000 $t
C:\Users\Elis\AppData\Local\Temp\ccYRzfvc.s:47     .text.pwmObjectInit:00000000 pwmObjectInit
C:\Users\Elis\AppData\Local\Temp\ccYRzfvc.s:68     .text.pwmStart:00000000 $t
C:\Users\Elis\AppData\Local\Temp\ccYRzfvc.s:74     .text.pwmStart:00000000 pwmStart
C:\Users\Elis\AppData\Local\Temp\ccYRzfvc.s:133    .text.pwmStop:00000000 $t
C:\Users\Elis\AppData\Local\Temp\ccYRzfvc.s:139    .text.pwmStop:00000000 pwmStop
C:\Users\Elis\AppData\Local\Temp\ccYRzfvc.s:192    .text.pwmChangePeriod:00000000 $t
C:\Users\Elis\AppData\Local\Temp\ccYRzfvc.s:198    .text.pwmChangePeriod:00000000 pwmChangePeriod
C:\Users\Elis\AppData\Local\Temp\ccYRzfvc.s:250    .text.pwmEnableChannel:00000000 $t
C:\Users\Elis\AppData\Local\Temp\ccYRzfvc.s:256    .text.pwmEnableChannel:00000000 pwmEnableChannel
C:\Users\Elis\AppData\Local\Temp\ccYRzfvc.s:312    .text.pwmDisableChannel:00000000 $t
C:\Users\Elis\AppData\Local\Temp\ccYRzfvc.s:318    .text.pwmDisableChannel:00000000 pwmDisableChannel
                     .debug_frame:00000010 $d

UNDEFINED SYMBOLS
pwm_lld_init
dbg_check_lock
pwm_lld_start
dbg_check_unlock
pwm_lld_stop
pwm_lld_enable_channel
pwm_lld_disable_channel
